# Time-averaged data for fix energyrun
# TimeStep v_U
252000 52.4567
253000 52.4132
254000 52.575
255000 52.5415
256000 52.5417
257000 52.4823
258000 52.4748
259000 52.5398
260000 52.5793
261000 52.6256
262000 52.613
263000 52.6028
264000 52.6136
265000 52.6143
266000 52.624
267000 52.6335
268000 52.6208
269000 52.5939
270000 52.6001
271000 52.5876
272000 52.6079
273000 52.5811
274000 52.5903
275000 52.5904
276000 52.5936
277000 52.5755
278000 52.5668
279000 52.574
280000 52.5838
281000 52.579
282000 52.5797
283000 52.5913
284000 52.5901
285000 52.5801
286000 52.5821
287000 52.5732
288000 52.5687
289000 52.5583
290000 52.5497
291000 52.5537
292000 52.557
293000 52.5658
294000 52.5568
295000 52.5551
296000 52.5632
297000 52.5607
298000 52.5623
299000 52.5514
300000 52.5411
301000 52.5451
302000 52.5401
303000 52.5398
304000 52.5459
305000 52.5462
306000 52.54
307000 52.5397
308000 52.5339
309000 52.5272
310000 52.528
311000 52.5312
312000 52.5354
313000 52.5383
314000 52.5362
315000 52.5397
316000 52.539
317000 52.5309
318000 52.5414
319000 52.5405
320000 52.5453
321000 52.5419
322000 52.544
323000 52.541
324000 52.5373
325000 52.544
326000 52.5422
327000 52.5468
328000 52.5506
329000 52.5479
330000 52.5481
331000 52.5492
332000 52.5545
333000 52.5499
334000 52.5458
335000 52.5427
336000 52.5412
337000 52.5433
338000 52.5472
339000 52.5464
340000 52.542
341000 52.5421
342000 52.5439
343000 52.5438
344000 52.5447
345000 52.5447
346000 52.5453
347000 52.5408
348000 52.5425
349000 52.5413
350000 52.5433
351000 52.5424
352000 52.5413
353000 52.5439
354000 52.5446
355000 52.541
356000 52.5414
357000 52.5466
358000 52.5433
359000 52.5433
360000 52.5445
361000 52.5398
362000 52.539
363000 52.5371
364000 52.5389
365000 52.5364
366000 52.5356
367000 52.5318
368000 52.5285
369000 52.5275
370000 52.5252
371000 52.5282
372000 52.5295
373000 52.5337
374000 52.5325
375000 52.531
376000 52.5328
377000 52.5306
378000 52.5301
379000 52.5283
380000 52.5272
381000 52.5238
382000 52.523
383000 52.5237
384000 52.5214
385000 52.5234
386000 52.524
387000 52.5243
388000 52.5223
389000 52.5226
390000 52.5242
391000 52.527
392000 52.5273
393000 52.5258
394000 52.5267
395000 52.528
396000 52.5283
397000 52.5298
398000 52.5329
399000 52.5324
400000 52.5291
401000 52.5345
402000 52.5341
403000 52.5343
404000 52.5344
405000 52.533
406000 52.5306
407000 52.5284
408000 52.5305
409000 52.5342
410000 52.5347
411000 52.5337
412000 52.5346
413000 52.5342
414000 52.5342
415000 52.5328
416000 52.5332
417000 52.5326
418000 52.5361
419000 52.5354
420000 52.5346
421000 52.5316
422000 52.531
423000 52.5332
424000 52.5277
425000 52.527
426000 52.5266
427000 52.5281
428000 52.5267
429000 52.5266
430000 52.5259
431000 52.5266
432000 52.5278
433000 52.528
434000 52.5264
435000 52.5278
436000 52.5257
437000 52.5262
438000 52.5255
439000 52.5266
440000 52.5247
441000 52.5272
442000 52.5281
443000 52.5289
444000 52.5288
445000 52.5278
446000 52.5297
447000 52.5263
448000 52.527
449000 52.5254
450000 52.5258
451000 52.5283
452000 52.5262
453000 52.526
454000 52.5273
455000 52.526
456000 52.5254
457000 52.5281
458000 52.5277
459000 52.529
460000 52.5288
461000 52.529
462000 52.5291
463000 52.5305
464000 52.53
465000 52.5299
466000 52.5288
467000 52.53
468000 52.5284
469000 52.5292
470000 52.5316
471000 52.5304
472000 52.5308
473000 52.5287
474000 52.5287
475000 52.5282
476000 52.5274
477000 52.5291
478000 52.5306
479000 52.5313
480000 52.5319
481000 52.5318
482000 52.5311
483000 52.5304
484000 52.5321
485000 52.5315
486000 52.5324
487000 52.5316
488000 52.5324
489000 52.5311
490000 52.5305
491000 52.5291
492000 52.5302
493000 52.5299
494000 52.5275
495000 52.5259
496000 52.5255
497000 52.5251
498000 52.5255
499000 52.5265
500000 52.5267
501000 52.527
502000 52.5296
503000 52.5292
504000 52.5274
505000 52.5286
506000 52.5283
507000 52.5273
508000 52.5278
509000 52.5284
510000 52.5264
511000 52.5255
512000 52.5258
513000 52.5266
514000 52.5261
515000 52.5263
516000 52.5284
517000 52.5277
518000 52.527
519000 52.5261
520000 52.5261
521000 52.525
522000 52.5257
523000 52.5259
524000 52.5257
525000 52.5243
526000 52.5235
527000 52.5234
528000 52.5226
529000 52.5215
530000 52.5226
531000 52.5232
532000 52.5225
533000 52.5231
534000 52.5237
535000 52.5225
536000 52.5221
537000 52.5229
538000 52.5237
539000 52.5235
540000 52.5241
541000 52.5238
542000 52.5229
543000 52.5228
544000 52.5234
545000 52.5234
546000 52.5242
547000 52.5254
548000 52.5248
549000 52.5263
550000 52.525
551000 52.5233
552000 52.5242
553000 52.5254
554000 52.5256
555000 52.5273
556000 52.528
557000 52.5284
558000 52.5282
559000 52.5272
560000 52.5284
561000 52.5281
562000 52.5278
563000 52.5272
564000 52.5262
565000 52.5257
566000 52.525
567000 52.5247
568000 52.5241
569000 52.5243
570000 52.5247
571000 52.5242
572000 52.524
573000 52.5236
574000 52.5244
575000 52.5253
576000 52.5255
577000 52.5267
578000 52.5254
579000 52.5251
580000 52.5256
581000 52.5252
582000 52.5243
583000 52.5228
584000 52.5242
585000 52.523
586000 52.5241
587000 52.5253
588000 52.5262
589000 52.5272
590000 52.5278
591000 52.5274
592000 52.528
593000 52.5277
594000 52.5287
595000 52.5287
596000 52.5285
597000 52.5276
598000 52.5265
599000 52.5282
600000 52.5262
601000 52.5261
602000 52.5269
603000 52.5266
604000 52.5275
605000 52.5269
606000 52.527
607000 52.5268
608000 52.5278
609000 52.5266
610000 52.5254
611000 52.5266
612000 52.5269
613000 52.5267
614000 52.527
615000 52.5274
616000 52.5281
617000 52.5279
618000 52.5289
619000 52.5294
620000 52.5286
621000 52.5291
622000 52.5291
623000 52.5283
624000 52.5282
625000 52.5284
626000 52.5281
627000 52.5268
628000 52.5264
629000 52.5259
630000 52.5258
631000 52.5258
632000 52.5273
633000 52.528
634000 52.5286
635000 52.5289
636000 52.529
637000 52.5296
638000 52.5309
639000 52.5311
640000 52.5306
641000 52.5333
642000 52.533
643000 52.5319
644000 52.5317
645000 52.5325
646000 52.5328
647000 52.5331
648000 52.5334
649000 52.5339
650000 52.5344
651000 52.5338
652000 52.534
653000 52.5347
654000 52.5345
655000 52.5351
656000 52.535
657000 52.534
658000 52.5349
659000 52.5347
660000 52.535
661000 52.5359
662000 52.5358
663000 52.535
664000 52.5353
665000 52.5354
666000 52.5355
667000 52.5357
668000 52.536
669000 52.5358
670000 52.5343
671000 52.5338
672000 52.5335
673000 52.5334
674000 52.5334
675000 52.533
676000 52.533
677000 52.5321
678000 52.5323
679000 52.5313
680000 52.5324
681000 52.5321
682000 52.5328
683000 52.5324
684000 52.532
685000 52.5326
686000 52.5339
687000 52.5342
688000 52.5326
689000 52.5317
690000 52.5317
691000 52.5321
692000 52.5314
693000 52.5307
694000 52.5317
695000 52.5317
696000 52.5306
697000 52.5304
698000 52.5309
699000 52.5308
700000 52.532
701000 52.5324
702000 52.5324
703000 52.5334
704000 52.5342
705000 52.5342
706000 52.5335
707000 52.534
708000 52.5343
709000 52.5342
710000 52.5341
711000 52.5341
712000 52.5331
713000 52.5335
714000 52.5326
715000 52.5335
716000 52.5343
717000 52.5338
718000 52.5344
719000 52.534
720000 52.5334
721000 52.533
722000 52.5337
723000 52.534
724000 52.5342
725000 52.5346
726000 52.534
727000 52.5334
728000 52.5329
729000 52.5327
730000 52.533
731000 52.5338
732000 52.534
733000 52.5337
734000 52.533
735000 52.5319
736000 52.5318
737000 52.531
738000 52.5319
739000 52.5324
740000 52.5332
741000 52.5324
742000 52.5324
743000 52.5319
744000 52.5327
745000 52.5334
746000 52.5327
747000 52.5328
748000 52.5321
749000 52.5319
750000 52.5315
751000 52.5321
752000 52.532
753000 52.5319
754000 52.5317
755000 52.532
756000 52.5318
757000 52.532
758000 52.5312
759000 52.5316
760000 52.5321
761000 52.5319
762000 52.5322
763000 52.5325
764000 52.5323
765000 52.5318
766000 52.5323
767000 52.5318
768000 52.532
769000 52.531
770000 52.5308
771000 52.5305
772000 52.5298
773000 52.5298
774000 52.5296
775000 52.5295
776000 52.529
777000 52.5291
778000 52.5288
779000 52.5288
780000 52.529
781000 52.5291
782000 52.5294
783000 52.5286
784000 52.529
785000 52.5295
786000 52.5288
787000 52.5286
788000 52.5279
789000 52.5285
790000 52.5278
791000 52.5279
792000 52.5274
793000 52.5267
794000 52.5257
795000 52.5255
796000 52.5253
797000 52.5262
798000 52.5266
799000 52.5268
800000 52.5264
801000 52.5263
802000 52.5261
803000 52.5253
804000 52.5255
805000 52.5264
806000 52.5271
807000 52.5271
808000 52.527
809000 52.5266
810000 52.5261
811000 52.5257
812000 52.5264
813000 52.5265
814000 52.526
815000 52.5254
816000 52.5264
817000 52.526
818000 52.5257
819000 52.5257
820000 52.5266
821000 52.5263
822000 52.5262
823000 52.5265
824000 52.5274
825000 52.5276
826000 52.5275
827000 52.5266
828000 52.5268
829000 52.5282
830000 52.528
831000 52.5278
832000 52.5279
833000 52.5278
834000 52.5284
835000 52.5276
836000 52.528
837000 52.5278
838000 52.5274
839000 52.5275
840000 52.5275
841000 52.5284
842000 52.5283
843000 52.5287
844000 52.5286
845000 52.5279
846000 52.5283
847000 52.5273
848000 52.5268
849000 52.5263
850000 52.5271
851000 52.5273
852000 52.527
853000 52.5268
854000 52.5273
855000 52.5273
856000 52.5268
857000 52.5269
858000 52.5266
859000 52.5268
860000 52.5271
861000 52.5277
862000 52.528
863000 52.5289
864000 52.5283
865000 52.5281
866000 52.528
867000 52.5282
868000 52.5279
869000 52.5272
870000 52.5269
871000 52.5268
872000 52.5264
873000 52.5265
874000 52.5268
875000 52.5268
876000 52.527
877000 52.5271
878000 52.5263
879000 52.5268
880000 52.5264
881000 52.5264
882000 52.5267
883000 52.5272
884000 52.5269
885000 52.5267
886000 52.5268
887000 52.5272
888000 52.527
889000 52.5269
890000 52.5264
891000 52.5261
892000 52.5266
893000 52.5265
894000 52.5265
895000 52.5264
896000 52.5274
897000 52.5275
898000 52.5272
899000 52.5267
900000 52.5268
901000 52.5269
902000 52.5261
903000 52.5265
904000 52.5263
905000 52.5258
906000 52.5264
907000 52.5255
908000 52.5268
909000 52.5264
910000 52.5267
911000 52.5264
912000 52.5266
913000 52.5267
914000 52.5265
915000 52.5262
916000 52.5273
917000 52.527
918000 52.5274
919000 52.5274
920000 52.5274
921000 52.5275
922000 52.5267
923000 52.5269
924000 52.5271
925000 52.5278
926000 52.5277
927000 52.5285
928000 52.5286
929000 52.5292
930000 52.5287
931000 52.5286
932000 52.5288
933000 52.5289
934000 52.5289
935000 52.5291
936000 52.5287
937000 52.5286
938000 52.5287
939000 52.5289
940000 52.5293
941000 52.5298
942000 52.5295
943000 52.5291
944000 52.5298
945000 52.5303
946000 52.5297
947000 52.5296
948000 52.5293
949000 52.5297
950000 52.5294
951000 52.5289
952000 52.5293
953000 52.5294
954000 52.5294
955000 52.5294
956000 52.5291
957000 52.5292
958000 52.5291
959000 52.5283
960000 52.5283
961000 52.528
962000 52.5284
963000 52.528
964000 52.528
965000 52.5284
966000 52.5283
967000 52.5286
968000 52.5289
969000 52.5286
970000 52.529
971000 52.5294
972000 52.5292
973000 52.5295
974000 52.5299
975000 52.5302
976000 52.5297
977000 52.5303
978000 52.53
979000 52.5299
980000 52.53
981000 52.5294
982000 52.529
983000 52.5289
984000 52.5292
985000 52.529
986000 52.5291
987000 52.5293
988000 52.5291
989000 52.53
990000 52.5302
991000 52.5302
992000 52.5305
993000 52.5304
994000 52.531
995000 52.531
996000 52.5308
997000 52.5312
998000 52.5309
999000 52.5304
1000000 52.5308
1001000 52.5306
1002000 52.5304
1003000 52.5305
1004000 52.5308
1005000 52.5309
1006000 52.5307
1007000 52.5307
1008000 52.5305
1009000 52.5307
1010000 52.5302
1011000 52.5298
1012000 52.5305
1013000 52.531
1014000 52.5309
1015000 52.5312
1016000 52.5314
1017000 52.5314
1018000 52.5319
1019000 52.5316
1020000 52.5314
1021000 52.5308
1022000 52.5309
1023000 52.5308
1024000 52.5307
1025000 52.5308
1026000 52.531
1027000 52.5302
1028000 52.5301
1029000 52.5297
1030000 52.53
1031000 52.5305
1032000 52.5305
1033000 52.5306
1034000 52.531
1035000 52.5308
1036000 52.531
1037000 52.5313
1038000 52.5315
1039000 52.5307
1040000 52.5311
1041000 52.5313
1042000 52.5314
1043000 52.531
1044000 52.5306
1045000 52.531
1046000 52.531
1047000 52.5308
1048000 52.5307
1049000 52.5306
1050000 52.5305
1051000 52.5301
1052000 52.5301
1053000 52.5299
1054000 52.5296
1055000 52.5292
1056000 52.529
1057000 52.5291
1058000 52.5292
1059000 52.5294
1060000 52.5296
1061000 52.5298
1062000 52.5296
1063000 52.5297
1064000 52.5296
1065000 52.5297
1066000 52.5294
1067000 52.5297
1068000 52.5298
1069000 52.5298
1070000 52.5302
1071000 52.5302
1072000 52.5303
1073000 52.5306
1074000 52.5307
1075000 52.5315
1076000 52.5317
1077000 52.5316
1078000 52.5315
1079000 52.5319
1080000 52.5315
1081000 52.531
1082000 52.5306
1083000 52.53
1084000 52.5299
1085000 52.5298
1086000 52.5293
1087000 52.5291
1088000 52.5292
1089000 52.5291
1090000 52.5291
1091000 52.5288
1092000 52.5284
1093000 52.5291
1094000 52.5297
1095000 52.5299
1096000 52.5299
1097000 52.5295
1098000 52.5297
1099000 52.5293
1100000 52.5292
1101000 52.5292
1102000 52.5295
1103000 52.53
1104000 52.5301
1105000 52.5298
1106000 52.5296
1107000 52.5294
1108000 52.53
1109000 52.5299
1110000 52.5295
1111000 52.5293
1112000 52.5289
1113000 52.5291
1114000 52.5287
1115000 52.5291
1116000 52.5297
1117000 52.5298
1118000 52.5293
1119000 52.5293
1120000 52.5295
1121000 52.5294
1122000 52.5291
1123000 52.5295
1124000 52.5292
1125000 52.5289
1126000 52.5288
1127000 52.5286
1128000 52.5285
1129000 52.5281
1130000 52.528
1131000 52.5277
1132000 52.5274
1133000 52.5267
1134000 52.5264
1135000 52.5266
1136000 52.5266
1137000 52.5266
1138000 52.5265
1139000 52.5262
1140000 52.526
1141000 52.5257
1142000 52.5258
1143000 52.526
1144000 52.5261
1145000 52.5262
1146000 52.5262
1147000 52.526
1148000 52.5258
1149000 52.5259
1150000 52.5259
1151000 52.5264
1152000 52.5258
1153000 52.5262
1154000 52.5259
1155000 52.5257
1156000 52.5258
1157000 52.5261
1158000 52.526
1159000 52.5256
1160000 52.5257
1161000 52.5261
1162000 52.527
1163000 52.5267
1164000 52.5267
1165000 52.5267
1166000 52.5269
1167000 52.5272
1168000 52.5268
1169000 52.5265
1170000 52.5268
1171000 52.5266
1172000 52.5268
1173000 52.5268
1174000 52.527
1175000 52.5271
1176000 52.527
1177000 52.527
1178000 52.5271
1179000 52.5268
1180000 52.5267
1181000 52.5267
1182000 52.5266
1183000 52.5271
1184000 52.527
1185000 52.5268
1186000 52.5271
1187000 52.5274
1188000 52.5275
1189000 52.5272
1190000 52.5266
1191000 52.5267
1192000 52.5266
1193000 52.527
1194000 52.5271
1195000 52.5271
1196000 52.5265
1197000 52.5266
1198000 52.5264
1199000 52.5261
1200000 52.526
1201000 52.5266
1202000 52.5266
1203000 52.5267
1204000 52.5268
1205000 52.5268
1206000 52.5273
1207000 52.527
1208000 52.5268
1209000 52.5268
1210000 52.527
1211000 52.5274
1212000 52.5274
1213000 52.5273
1214000 52.5275
1215000 52.528
1216000 52.5277
1217000 52.5276
1218000 52.5272
1219000 52.5271
1220000 52.5268
1221000 52.527
1222000 52.5269
1223000 52.5267
1224000 52.5266
1225000 52.527
1226000 52.5272
1227000 52.5272
1228000 52.527
1229000 52.5268
1230000 52.5265
1231000 52.5271
1232000 52.5271
1233000 52.527
1234000 52.5276
1235000 52.5277
1236000 52.5281
1237000 52.528
1238000 52.5278
1239000 52.5273
1240000 52.5275
1241000 52.527
1242000 52.5274
1243000 52.5277
1244000 52.528
1245000 52.5277
1246000 52.5275
1247000 52.5276
1248000 52.527
1249000 52.527
1250000 52.527
1251000 52.5268
1252000 52.5271
1253000 52.5269
1254000 52.5269
1255000 52.527
1256000 52.5269
1257000 52.527
1258000 52.5271
1259000 52.5271
1260000 52.5269
1261000 52.527
1262000 52.5274
1263000 52.527
1264000 52.5265
1265000 52.5266
1266000 52.5263
1267000 52.5258
1268000 52.5264
1269000 52.5263
1270000 52.5261
1271000 52.526
1272000 52.5263
1273000 52.5264
1274000 52.5262
1275000 52.5263
1276000 52.5266
1277000 52.5262
1278000 52.5264
1279000 52.5264
1280000 52.5262
1281000 52.5263
1282000 52.5262
1283000 52.5262
1284000 52.526
1285000 52.5261
1286000 52.5262
1287000 52.5265
1288000 52.5265
1289000 52.5262
1290000 52.5257
1291000 52.5261
1292000 52.5262
1293000 52.5263
1294000 52.5266
1295000 52.5266
1296000 52.5265
1297000 52.5268
1298000 52.5266
1299000 52.5266
1300000 52.5266
1301000 52.5266
1302000 52.5266
1303000 52.5263
1304000 52.5264
1305000 52.5261
1306000 52.5259
1307000 52.5265
1308000 52.5268
1309000 52.5265
1310000 52.5263
1311000 52.5261
1312000 52.5261
1313000 52.5262
1314000 52.5261
1315000 52.5264
1316000 52.5264
1317000 52.5264
1318000 52.5262
1319000 52.5263
1320000 52.5264
1321000 52.5267
1322000 52.5265
1323000 52.5263
1324000 52.5262
1325000 52.5259
1326000 52.5255
1327000 52.5254
1328000 52.5252
1329000 52.5253
1330000 52.5251
1331000 52.5252
1332000 52.5251
1333000 52.5255
1334000 52.5253
1335000 52.525
1336000 52.5253
1337000 52.5259
1338000 52.5258
1339000 52.5261
1340000 52.5258
1341000 52.5255
1342000 52.5253
1343000 52.5251
1344000 52.5248
1345000 52.5247
1346000 52.5246
1347000 52.5243
1348000 52.5243
1349000 52.5247
1350000 52.5247
1351000 52.5247
1352000 52.5249
1353000 52.5252
1354000 52.5254
1355000 52.5252
1356000 52.5252
1357000 52.5255
1358000 52.5259
1359000 52.5258
1360000 52.5256
1361000 52.5258
1362000 52.526
1363000 52.5262
1364000 52.5262
1365000 52.5265
1366000 52.5262
1367000 52.526
1368000 52.5264
1369000 52.5262
1370000 52.5262
1371000 52.5259
1372000 52.526
1373000 52.5261
1374000 52.5258
1375000 52.5259
1376000 52.5258
1377000 52.5257
1378000 52.5261
1379000 52.5261
1380000 52.526
1381000 52.5262
1382000 52.5261
1383000 52.5263
1384000 52.5265
1385000 52.5264
1386000 52.5264
1387000 52.5259
1388000 52.5256
1389000 52.5258
1390000 52.5255
1391000 52.5255
1392000 52.5257
1393000 52.5257
1394000 52.5256
1395000 52.5251
1396000 52.5254
1397000 52.5257
1398000 52.5255
1399000 52.5252
1400000 52.5252
1401000 52.5249
1402000 52.5251
1403000 52.5246
1404000 52.5247
1405000 52.525
1406000 52.525
1407000 52.5248
1408000 52.5246
1409000 52.525
1410000 52.5249
1411000 52.5253
1412000 52.5252
1413000 52.5252
1414000 52.525
1415000 52.5252
1416000 52.5252
1417000 52.5253
1418000 52.5254
1419000 52.5257
1420000 52.5256
1421000 52.5256
1422000 52.5254
1423000 52.5255
1424000 52.5253
1425000 52.5253
1426000 52.5253
1427000 52.5252
1428000 52.5246
1429000 52.5246
1430000 52.5244
1431000 52.5242
1432000 52.5241
1433000 52.5244
1434000 52.5244
1435000 52.5249
1436000 52.5251
1437000 52.525
1438000 52.525
1439000 52.5255
1440000 52.5254
1441000 52.5257
1442000 52.5261
1443000 52.5262
1444000 52.5259
1445000 52.5261
1446000 52.5259
1447000 52.5255
1448000 52.5257
1449000 52.5258
1450000 52.526
1451000 52.5259
1452000 52.5261
1453000 52.5261
1454000 52.5263
1455000 52.5264
1456000 52.5263
1457000 52.5264
1458000 52.5262
1459000 52.526
1460000 52.5258
1461000 52.5258
1462000 52.5255
1463000 52.5252
1464000 52.5253
1465000 52.5252
1466000 52.5254
1467000 52.5254
1468000 52.5255
1469000 52.5257
1470000 52.5255
1471000 52.5253
1472000 52.525
1473000 52.5252
1474000 52.5256
1475000 52.5255
1476000 52.5257
1477000 52.5257
1478000 52.5263
1479000 52.5267
1480000 52.527
1481000 52.527
1482000 52.5271
1483000 52.5274
1484000 52.5276
1485000 52.5273
1486000 52.5274
1487000 52.5274
1488000 52.5273
1489000 52.5274
1490000 52.5274
1491000 52.5268
1492000 52.5267
1493000 52.5265
1494000 52.5261
1495000 52.5261
1496000 52.5263
1497000 52.5263
1498000 52.5262
1499000 52.526
1500000 52.5263
1501000 52.526
1502000 52.526
1503000 52.5259
1504000 52.5262
1505000 52.5267
1506000 52.5268
1507000 52.5268
1508000 52.5267
1509000 52.5267
1510000 52.5265
1511000 52.527
1512000 52.5267
1513000 52.5269
1514000 52.5272
1515000 52.5272
1516000 52.527
1517000 52.5267
1518000 52.5264
1519000 52.5261
1520000 52.5262
1521000 52.5262
1522000 52.5261
1523000 52.5261
1524000 52.5261
1525000 52.5261
1526000 52.526
1527000 52.5259
1528000 52.526
1529000 52.526
1530000 52.5258
1531000 52.526
1532000 52.5258
1533000 52.5259
1534000 52.5261
1535000 52.5262
1536000 52.5262
1537000 52.5257
1538000 52.5256
1539000 52.5257
1540000 52.5256
1541000 52.5254
1542000 52.5256
1543000 52.5257
1544000 52.5254
1545000 52.5258
1546000 52.5257
1547000 52.5257
1548000 52.5259
1549000 52.5261
1550000 52.5259
1551000 52.5258
1552000 52.5257
1553000 52.5254
1554000 52.5256
1555000 52.5253
1556000 52.5252
1557000 52.5251
1558000 52.5255
1559000 52.525
1560000 52.5251
1561000 52.5255
1562000 52.5254
1563000 52.5255
1564000 52.5252
1565000 52.5257
1566000 52.5259
1567000 52.526
1568000 52.5262
1569000 52.5265
1570000 52.5267
1571000 52.5266
1572000 52.5265
1573000 52.5266
1574000 52.5265
1575000 52.5264
1576000 52.526
1577000 52.5262
1578000 52.5261
1579000 52.5259
1580000 52.5261
1581000 52.5263
1582000 52.5263
1583000 52.5259
1584000 52.5262
1585000 52.5262
1586000 52.526
1587000 52.5263
1588000 52.526
1589000 52.526
1590000 52.5263
1591000 52.5264
1592000 52.526
1593000 52.5262
1594000 52.5265
1595000 52.5267
1596000 52.5265
1597000 52.5268
1598000 52.5269
1599000 52.5267
1600000 52.5265
1601000 52.5265
1602000 52.5268
1603000 52.5267
1604000 52.5266
1605000 52.5266
1606000 52.5266
1607000 52.5267
1608000 52.5269
1609000 52.527
1610000 52.5268
1611000 52.5268
1612000 52.527
1613000 52.5268
1614000 52.5269
1615000 52.5268
1616000 52.5271
1617000 52.5271
1618000 52.5269
1619000 52.5271
1620000 52.5268
1621000 52.5269
1622000 52.5271
1623000 52.5268
1624000 52.5267
1625000 52.5268
1626000 52.5267
1627000 52.5266
1628000 52.5266
1629000 52.5268
1630000 52.5268
1631000 52.5268
1632000 52.527
1633000 52.5268
1634000 52.5267
1635000 52.5269
1636000 52.5266
1637000 52.5264
1638000 52.5265
1639000 52.5267
1640000 52.5267
1641000 52.5265
1642000 52.5263
1643000 52.5264
1644000 52.5261
1645000 52.5261
1646000 52.5259
1647000 52.5259
1648000 52.5259
1649000 52.5256
1650000 52.5254
1651000 52.5254
1652000 52.5257
1653000 52.5259
1654000 52.526
1655000 52.5262
1656000 52.5262
1657000 52.5259
1658000 52.5257
1659000 52.5255
1660000 52.5253
1661000 52.5251
1662000 52.5254
1663000 52.5252
1664000 52.5254
1665000 52.5257
1666000 52.5256
1667000 52.5255
1668000 52.5253
1669000 52.5254
1670000 52.5253
1671000 52.5254
1672000 52.5257
1673000 52.5257
1674000 52.5255
1675000 52.5252
1676000 52.5256
1677000 52.5255
1678000 52.5257
1679000 52.5256
1680000 52.5258
1681000 52.5256
1682000 52.5255
1683000 52.5256
1684000 52.5255
1685000 52.5253
1686000 52.5256
1687000 52.5255
1688000 52.5252
1689000 52.5252
1690000 52.5253
1691000 52.5253
1692000 52.5254
1693000 52.5255
1694000 52.5257
1695000 52.5256
1696000 52.5256
1697000 52.5255
1698000 52.5255
1699000 52.5255
1700000 52.5256
1701000 52.5254
1702000 52.5251
1703000 52.5249
1704000 52.5251
1705000 52.5249
1706000 52.5252
1707000 52.5254
1708000 52.5257
1709000 52.5258
1710000 52.5257
1711000 52.5258
1712000 52.5258
1713000 52.526
1714000 52.5261
1715000 52.5261
1716000 52.526
1717000 52.5259
1718000 52.5257
1719000 52.5253
1720000 52.5252
1721000 52.5254
1722000 52.5254
1723000 52.5253
1724000 52.5253
1725000 52.5254
1726000 52.5256
1727000 52.5255
1728000 52.5257
1729000 52.5256
1730000 52.5255
1731000 52.5258
1732000 52.5258
1733000 52.5258
1734000 52.5261
1735000 52.5261
1736000 52.5257
1737000 52.5258
1738000 52.5259
1739000 52.5257
1740000 52.5254
1741000 52.5253
1742000 52.5256
1743000 52.5255
1744000 52.5255
1745000 52.5256
1746000 52.5255
1747000 52.5253
1748000 52.5251
1749000 52.5251
1750000 52.525
1751000 52.5251
1752000 52.5251
1753000 52.5251
1754000 52.525
1755000 52.5251
1756000 52.5252
1757000 52.5254
1758000 52.5256
1759000 52.5255
1760000 52.5255
1761000 52.5254
1762000 52.5253
1763000 52.5251
1764000 52.5253
1765000 52.5252
1766000 52.5253
1767000 52.5253
1768000 52.5253
1769000 52.5251
1770000 52.525
1771000 52.525
1772000 52.5253
1773000 52.5257
1774000 52.5256
1775000 52.5256
1776000 52.5258
1777000 52.5261
1778000 52.5264
1779000 52.5265
1780000 52.5266
1781000 52.5264
1782000 52.5266
1783000 52.5267
1784000 52.5269
1785000 52.527
1786000 52.5272
1787000 52.5273
1788000 52.5273
1789000 52.5271
1790000 52.5273
1791000 52.5272
1792000 52.5274
1793000 52.5273
1794000 52.5275
1795000 52.5274
1796000 52.5277
1797000 52.5274
1798000 52.5277
1799000 52.5278
1800000 52.5276
1801000 52.5275
1802000 52.5274
1803000 52.5275
1804000 52.5273
1805000 52.5274
1806000 52.5272
1807000 52.527
1808000 52.527
1809000 52.5273
1810000 52.5272
1811000 52.5271
1812000 52.5272
1813000 52.527
1814000 52.5271
1815000 52.5269
1816000 52.5267
1817000 52.5267
1818000 52.5269
1819000 52.5269
1820000 52.5271
1821000 52.5272
1822000 52.5272
1823000 52.5268
1824000 52.5269
1825000 52.5272
1826000 52.5271
1827000 52.5269
1828000 52.527
1829000 52.527
1830000 52.5269
1831000 52.5271
1832000 52.5268
1833000 52.5273
1834000 52.5272
1835000 52.5272
1836000 52.5271
1837000 52.5269
1838000 52.5268
1839000 52.5268
1840000 52.5267
1841000 52.5267
1842000 52.5265
1843000 52.5265
1844000 52.5264
1845000 52.5266
1846000 52.5266
1847000 52.5264
1848000 52.5265
1849000 52.5268
1850000 52.5268
1851000 52.5269
1852000 52.5266
1853000 52.5265
1854000 52.5264
1855000 52.5265
1856000 52.5266
1857000 52.5268
1858000 52.5265
1859000 52.5263
1860000 52.5264
1861000 52.526
1862000 52.5265
1863000 52.5266
1864000 52.5264
1865000 52.5263
1866000 52.5263
1867000 52.5263
1868000 52.5265
1869000 52.5266
1870000 52.5266
1871000 52.5269
1872000 52.5265
1873000 52.5266
1874000 52.5266
1875000 52.5264
1876000 52.5268
1877000 52.5271
1878000 52.527
1879000 52.5271
1880000 52.527
1881000 52.5271
1882000 52.5269
1883000 52.5271
1884000 52.5269
1885000 52.5268
1886000 52.5268
1887000 52.5266
1888000 52.5269
1889000 52.5268
1890000 52.5268
1891000 52.527
1892000 52.5271
1893000 52.527
1894000 52.5272
1895000 52.5272
1896000 52.5271
1897000 52.5273
1898000 52.5271
1899000 52.5271
1900000 52.527
1901000 52.5268
1902000 52.5269
1903000 52.527
1904000 52.5271
1905000 52.5272
1906000 52.527
1907000 52.527
1908000 52.5268
1909000 52.5268
1910000 52.527
1911000 52.5269
1912000 52.5268
1913000 52.527
1914000 52.5269
1915000 52.5272
1916000 52.527
1917000 52.5273
1918000 52.5271
1919000 52.5271
1920000 52.5272
1921000 52.5273
1922000 52.5274
1923000 52.5274
1924000 52.5273
1925000 52.5275
1926000 52.5275
1927000 52.5274
1928000 52.5274
1929000 52.5273
1930000 52.5273
1931000 52.5274
1932000 52.5274
1933000 52.5273
1934000 52.5273
1935000 52.5271
1936000 52.527
1937000 52.5271
1938000 52.5271
1939000 52.5272
1940000 52.5274
1941000 52.5271
1942000 52.5271
1943000 52.5272
1944000 52.5272
1945000 52.5274
1946000 52.5272
1947000 52.5273
1948000 52.5271
1949000 52.5272
1950000 52.527
1951000 52.5272
1952000 52.5274
1953000 52.5275
1954000 52.5276
1955000 52.5275
1956000 52.5273
1957000 52.5276
1958000 52.5278
1959000 52.5277
1960000 52.5274
1961000 52.5274
1962000 52.5272
1963000 52.5272
1964000 52.5273
1965000 52.5274
1966000 52.5274
1967000 52.5275
1968000 52.5274
1969000 52.5274
1970000 52.5272
1971000 52.527
1972000 52.5271
1973000 52.5272
1974000 52.5272
1975000 52.527
1976000 52.5271
1977000 52.5273
1978000 52.5272
1979000 52.5275
1980000 52.5275
1981000 52.5275
1982000 52.5278
1983000 52.5279
1984000 52.5281
1985000 52.5284
1986000 52.5285
1987000 52.5285
1988000 52.5288
1989000 52.5285
1990000 52.5286
1991000 52.5287
1992000 52.5288
1993000 52.5289
1994000 52.5286
1995000 52.5289
1996000 52.5288
1997000 52.529
1998000 52.5291
1999000 52.529
2000000 52.5289
2001000 52.5288
2002000 52.5289
2003000 52.5289
2004000 52.529
2005000 52.5289
2006000 52.5293
2007000 52.5294
2008000 52.5296
2009000 52.5295
2010000 52.5293
2011000 52.5294
2012000 52.5292
2013000 52.529
2014000 52.5288
2015000 52.529
2016000 52.5288
2017000 52.5288
2018000 52.5291
2019000 52.5292
2020000 52.5294
2021000 52.5293
2022000 52.5292
2023000 52.5292
2024000 52.5292
2025000 52.5294
2026000 52.5294
2027000 52.5294
2028000 52.5295
2029000 52.5294
2030000 52.5292
2031000 52.5293
2032000 52.5292
2033000 52.529
2034000 52.5292
2035000 52.5293
2036000 52.5294
2037000 52.5291
2038000 52.5292
2039000 52.5297
2040000 52.5295
2041000 52.5293
2042000 52.5291
2043000 52.5291
2044000 52.5295
2045000 52.5298
2046000 52.5297
2047000 52.5295
2048000 52.5298
2049000 52.5299
2050000 52.5297
2051000 52.5296
2052000 52.5298
2053000 52.5298
2054000 52.53
2055000 52.5302
2056000 52.5302
2057000 52.5302
2058000 52.5301
2059000 52.53
2060000 52.5302
2061000 52.5299
2062000 52.53
2063000 52.5301
2064000 52.5299
2065000 52.5301
2066000 52.53
2067000 52.5298
2068000 52.5297
2069000 52.5298
2070000 52.53
2071000 52.5302
2072000 52.5302
2073000 52.5304
2074000 52.5304
2075000 52.5303
2076000 52.5302
2077000 52.5301
2078000 52.5302
2079000 52.5302
2080000 52.5303
2081000 52.5304
2082000 52.5304
2083000 52.5303
2084000 52.5303
2085000 52.53
2086000 52.5303
2087000 52.5303
2088000 52.5303
2089000 52.5304
2090000 52.5305
2091000 52.5303
2092000 52.5302
2093000 52.5305
2094000 52.5305
2095000 52.5306
2096000 52.5309
2097000 52.5304
2098000 52.5303
2099000 52.5304
2100000 52.5302
2101000 52.5302
2102000 52.5301
2103000 52.53
2104000 52.5295
2105000 52.5296
2106000 52.5295
2107000 52.5296
2108000 52.5297
2109000 52.5294
2110000 52.5295
2111000 52.5296
2112000 52.5298
2113000 52.5297
2114000 52.5297
2115000 52.5297
2116000 52.53
2117000 52.5302
2118000 52.5304
2119000 52.5303
2120000 52.5304
2121000 52.5305
2122000 52.5306
2123000 52.5305
2124000 52.5303
2125000 52.5303
2126000 52.5303
2127000 52.5299
2128000 52.5301
2129000 52.5303
2130000 52.53
2131000 52.5301
2132000 52.5302
2133000 52.5299
2134000 52.53
2135000 52.5298
2136000 52.5295
2137000 52.5295
2138000 52.5295
2139000 52.5294
2140000 52.5295
2141000 52.5294
2142000 52.5292
2143000 52.529
2144000 52.529
2145000 52.5291
2146000 52.5287
2147000 52.5285
2148000 52.5286
2149000 52.5287
2150000 52.5288
2151000 52.5288
2152000 52.5287
2153000 52.5287
2154000 52.5287
2155000 52.5286
2156000 52.5287
2157000 52.529
2158000 52.5289
2159000 52.5288
2160000 52.5289
2161000 52.5288
2162000 52.5288
2163000 52.5288
2164000 52.5287
2165000 52.529
2166000 52.5289
2167000 52.5288
2168000 52.5289
2169000 52.5291
2170000 52.529
2171000 52.5291
2172000 52.529
2173000 52.5292
2174000 52.529
2175000 52.5289
2176000 52.5289
2177000 52.5288
2178000 52.5287
2179000 52.5286
2180000 52.5285
2181000 52.5285
2182000 52.5285
2183000 52.5285
2184000 52.5285
2185000 52.5285
2186000 52.5286
2187000 52.5284
2188000 52.5285
2189000 52.5286
2190000 52.5287
2191000 52.5288
2192000 52.5285
2193000 52.5284
2194000 52.5286
2195000 52.5287
2196000 52.5289
2197000 52.5289
2198000 52.5289
2199000 52.5289
2200000 52.5289
2201000 52.5289
2202000 52.5289
2203000 52.5289
2204000 52.5289
2205000 52.5289
2206000 52.5288
2207000 52.5288
2208000 52.5292
2209000 52.5294
2210000 52.5292
2211000 52.5293
2212000 52.5293
2213000 52.5294
2214000 52.5294
2215000 52.5296
2216000 52.5293
2217000 52.5293
2218000 52.5292
2219000 52.5293
2220000 52.5292
2221000 52.5291
2222000 52.529
2223000 52.5288
2224000 52.5287
2225000 52.5286
2226000 52.5287
2227000 52.5287
2228000 52.5289
2229000 52.5289
2230000 52.5289
2231000 52.5287
2232000 52.5287
2233000 52.5288
2234000 52.5286
2235000 52.5287
2236000 52.5287
2237000 52.5288
2238000 52.529
2239000 52.529
2240000 52.5291
2241000 52.5292
2242000 52.5293
2243000 52.5291
2244000 52.529
2245000 52.5291
2246000 52.5292
2247000 52.5292
2248000 52.5292
2249000 52.5292
2250000 52.5292
