# Time-averaged data for fix energyrun
# TimeStep v_U
202000 -28.8641
203000 -28.5407
204000 -28.1193
205000 -28.072
206000 -28.17
207000 -28.1083
208000 -28.1261
209000 -28.2306
210000 -28.3729
211000 -28.4361
212000 -28.4716
213000 -28.4942
214000 -28.4853
215000 -28.5194
216000 -28.5444
217000 -28.5636
218000 -28.6108
219000 -28.6399
220000 -28.6207
221000 -28.5815
222000 -28.5428
223000 -28.5269
224000 -28.5359
225000 -28.5305
226000 -28.5439
227000 -28.5424
228000 -28.5042
229000 -28.4799
230000 -28.466
231000 -28.4623
232000 -28.4615
233000 -28.4557
234000 -28.4592
235000 -28.4569
236000 -28.4485
237000 -28.4323
238000 -28.4098
239000 -28.3801
240000 -28.3625
241000 -28.3438
242000 -28.346
243000 -28.3461
244000 -28.3461
245000 -28.3379
246000 -28.3382
247000 -28.3373
248000 -28.3271
249000 -28.3155
250000 -28.3198
251000 -28.3213
252000 -28.3263
253000 -28.3357
254000 -28.3408
255000 -28.3417
256000 -28.3499
257000 -28.3624
258000 -28.3709
259000 -28.3803
260000 -28.3849
261000 -28.3954
262000 -28.3976
263000 -28.3933
264000 -28.3871
265000 -28.3846
266000 -28.385
267000 -28.3826
268000 -28.3802
269000 -28.3765
270000 -28.3799
271000 -28.3716
272000 -28.3654
273000 -28.3652
274000 -28.3623
275000 -28.3602
276000 -28.354
277000 -28.3426
278000 -28.3424
279000 -28.3378
280000 -28.328
281000 -28.3221
282000 -28.3136
283000 -28.3094
284000 -28.307
285000 -28.3113
286000 -28.3169
287000 -28.3231
288000 -28.3202
289000 -28.3182
290000 -28.3175
291000 -28.317
292000 -28.3171
293000 -28.3231
294000 -28.3279
295000 -28.3364
296000 -28.344
297000 -28.3516
298000 -28.3576
299000 -28.3609
300000 -28.3639
301000 -28.3788
302000 -28.3892
303000 -28.3977
304000 -28.4044
305000 -28.4155
306000 -28.4215
307000 -28.4342
308000 -28.4431
309000 -28.4479
310000 -28.4518
311000 -28.4554
312000 -28.4528
313000 -28.4565
314000 -28.4579
315000 -28.458
316000 -28.4572
317000 -28.4636
318000 -28.4622
319000 -28.4595
320000 -28.4616
321000 -28.4593
322000 -28.4634
323000 -28.4652
324000 -28.4661
325000 -28.4653
326000 -28.4667
327000 -28.4652
328000 -28.4638
329000 -28.4633
330000 -28.4607
331000 -28.4595
332000 -28.4637
333000 -28.4662
334000 -28.4683
335000 -28.4665
336000 -28.4683
337000 -28.4757
338000 -28.4837
339000 -28.4901
340000 -28.4924
341000 -28.4916
342000 -28.4923
343000 -28.4937
344000 -28.4937
345000 -28.4913
346000 -28.4883
347000 -28.4862
348000 -28.4865
349000 -28.4885
350000 -28.4848
351000 -28.4766
352000 -28.4686
353000 -28.4666
354000 -28.4633
355000 -28.4612
356000 -28.457
357000 -28.4545
358000 -28.4489
359000 -28.4522
360000 -28.4522
361000 -28.4485
362000 -28.4431
363000 -28.4415
364000 -28.4423
365000 -28.4437
366000 -28.4461
367000 -28.4496
368000 -28.4544
369000 -28.4584
370000 -28.4635
371000 -28.4663
372000 -28.4672
373000 -28.4671
374000 -28.4675
375000 -28.4713
376000 -28.4729
377000 -28.479
378000 -28.4895
379000 -28.4989
380000 -28.5061
381000 -28.5089
382000 -28.5067
383000 -28.5029
384000 -28.4975
385000 -28.4887
386000 -28.4807
387000 -28.476
388000 -28.4689
389000 -28.4665
390000 -28.4664
391000 -28.4632
392000 -28.4607
393000 -28.4627
394000 -28.4656
395000 -28.4643
396000 -28.4613
397000 -28.4563
398000 -28.4502
399000 -28.4473
400000 -28.4456
401000 -28.4414
402000 -28.4376
403000 -28.4369
404000 -28.4357
405000 -28.4329
406000 -28.4322
407000 -28.4345
408000 -28.4367
409000 -28.4359
410000 -28.4348
411000 -28.4334
412000 -28.4335
413000 -28.4337
414000 -28.4304
415000 -28.4285
416000 -28.4296
417000 -28.4286
418000 -28.426
419000 -28.4212
420000 -28.4167
421000 -28.4146
422000 -28.4142
423000 -28.4131
424000 -28.4152
425000 -28.4164
426000 -28.4232
427000 -28.4282
428000 -28.4273
429000 -28.4282
430000 -28.4289
431000 -28.4264
432000 -28.4248
433000 -28.4259
434000 -28.4226
435000 -28.4199
436000 -28.4142
437000 -28.4108
438000 -28.4108
439000 -28.4091
440000 -28.4083
441000 -28.4106
442000 -28.4134
443000 -28.4143
444000 -28.4131
445000 -28.4109
446000 -28.4132
447000 -28.4125
448000 -28.4115
449000 -28.4097
450000 -28.4061
451000 -28.4033
452000 -28.4047
453000 -28.4046
454000 -28.4065
455000 -28.4036
456000 -28.404
457000 -28.4039
458000 -28.4047
459000 -28.4056
460000 -28.4037
461000 -28.4045
462000 -28.4034
463000 -28.4026
464000 -28.4033
465000 -28.4031
466000 -28.4003
467000 -28.401
468000 -28.4031
469000 -28.405
470000 -28.4042
471000 -28.4043
472000 -28.4025
473000 -28.4002
474000 -28.4003
475000 -28.3991
476000 -28.3975
477000 -28.3966
478000 -28.396
479000 -28.3972
480000 -28.3975
481000 -28.3956
482000 -28.3931
483000 -28.3934
484000 -28.393
485000 -28.3922
486000 -28.3897
487000 -28.3879
488000 -28.3854
489000 -28.3853
490000 -28.3843
491000 -28.3819
492000 -28.3833
493000 -28.3844
494000 -28.3848
495000 -28.3861
496000 -28.3851
497000 -28.3841
498000 -28.3871
499000 -28.3914
500000 -28.395
501000 -28.3985
502000 -28.4014
503000 -28.4033
504000 -28.4052
505000 -28.4085
506000 -28.4073
507000 -28.4043
508000 -28.4025
509000 -28.4013
510000 -28.402
511000 -28.4008
512000 -28.3995
513000 -28.3984
514000 -28.4009
515000 -28.4028
516000 -28.4051
517000 -28.4075
518000 -28.4077
519000 -28.4066
520000 -28.4064
521000 -28.4046
522000 -28.4054
523000 -28.4079
524000 -28.4117
525000 -28.415
526000 -28.4188
527000 -28.4199
528000 -28.4188
529000 -28.4176
530000 -28.4158
531000 -28.4153
532000 -28.415
533000 -28.4139
534000 -28.4133
535000 -28.4125
536000 -28.4131
537000 -28.4144
538000 -28.4154
539000 -28.4172
540000 -28.4192
541000 -28.4199
542000 -28.4202
543000 -28.418
544000 -28.4173
545000 -28.4158
546000 -28.4138
547000 -28.414
548000 -28.413
549000 -28.4122
550000 -28.4118
551000 -28.4101
552000 -28.4082
553000 -28.4062
554000 -28.4059
555000 -28.4057
556000 -28.4062
557000 -28.4067
558000 -28.4082
559000 -28.407
560000 -28.4069
561000 -28.4053
562000 -28.4051
563000 -28.4048
564000 -28.4054
565000 -28.4067
566000 -28.4063
567000 -28.4052
568000 -28.4057
569000 -28.4051
570000 -28.4038
571000 -28.4031
572000 -28.4035
573000 -28.4048
574000 -28.4028
575000 -28.403
576000 -28.4027
577000 -28.4011
578000 -28.3999
579000 -28.3991
580000 -28.3978
581000 -28.3983
582000 -28.3966
583000 -28.3963
584000 -28.3953
585000 -28.3953
586000 -28.3955
587000 -28.3944
588000 -28.3926
589000 -28.3927
590000 -28.3914
591000 -28.3916
592000 -28.3919
593000 -28.3945
594000 -28.396
595000 -28.3972
596000 -28.3986
597000 -28.3986
598000 -28.399
599000 -28.3977
600000 -28.3973
601000 -28.3973
602000 -28.3978
603000 -28.3967
604000 -28.394
605000 -28.3928
606000 -28.3919
607000 -28.3908
608000 -28.3893
609000 -28.3886
610000 -28.3883
611000 -28.3876
612000 -28.3881
613000 -28.3895
614000 -28.3915
615000 -28.3931
616000 -28.3933
617000 -28.3921
618000 -28.3907
619000 -28.39
620000 -28.3903
621000 -28.3911
622000 -28.39
623000 -28.3885
624000 -28.3869
625000 -28.3851
626000 -28.383
627000 -28.3815
628000 -28.3791
629000 -28.3764
630000 -28.3742
631000 -28.3724
632000 -28.3714
633000 -28.3714
634000 -28.3709
635000 -28.3709
636000 -28.3695
637000 -28.3694
638000 -28.37
639000 -28.3698
640000 -28.3699
641000 -28.3685
642000 -28.3685
643000 -28.369
644000 -28.3678
645000 -28.3663
646000 -28.3649
647000 -28.3624
648000 -28.3613
649000 -28.3604
650000 -28.3606
651000 -28.3608
652000 -28.3598
653000 -28.3602
654000 -28.3611
655000 -28.3622
656000 -28.3634
657000 -28.364
658000 -28.3651
659000 -28.3683
660000 -28.3698
661000 -28.3721
662000 -28.3731
663000 -28.3737
664000 -28.3748
665000 -28.3762
666000 -28.3774
667000 -28.3768
668000 -28.3782
669000 -28.3792
670000 -28.3802
671000 -28.3811
672000 -28.3812
673000 -28.3832
674000 -28.3846
675000 -28.385
676000 -28.3852
677000 -28.3853
678000 -28.385
679000 -28.3848
680000 -28.3843
681000 -28.3836
682000 -28.3842
683000 -28.3848
684000 -28.3856
685000 -28.3858
686000 -28.3861
687000 -28.3848
688000 -28.3843
689000 -28.3843
690000 -28.384
691000 -28.3827
692000 -28.381
693000 -28.379
694000 -28.3779
695000 -28.3786
696000 -28.3794
697000 -28.3798
698000 -28.3801
699000 -28.381
700000 -28.3808
701000 -28.3797
702000 -28.3804
703000 -28.3807
704000 -28.3818
705000 -28.3823
706000 -28.3821
707000 -28.3813
708000 -28.3817
709000 -28.3819
710000 -28.3825
711000 -28.3832
712000 -28.3833
713000 -28.3828
714000 -28.3817
715000 -28.3807
716000 -28.3799
717000 -28.3779
718000 -28.3769
719000 -28.3762
720000 -28.3746
721000 -28.3743
722000 -28.373
723000 -28.371
724000 -28.3691
725000 -28.3675
726000 -28.3675
727000 -28.3686
728000 -28.3691
729000 -28.3695
730000 -28.3703
731000 -28.3708
732000 -28.3707
733000 -28.3703
734000 -28.3701
735000 -28.3698
736000 -28.3689
737000 -28.3686
738000 -28.3685
739000 -28.3684
740000 -28.3673
741000 -28.3665
742000 -28.3666
743000 -28.3664
744000 -28.3667
745000 -28.3667
746000 -28.3662
747000 -28.3655
748000 -28.366
749000 -28.3664
750000 -28.3663
751000 -28.3669
752000 -28.3676
753000 -28.3676
754000 -28.3682
755000 -28.368
756000 -28.3675
757000 -28.3678
758000 -28.368
759000 -28.3682
760000 -28.3688
761000 -28.3695
762000 -28.3701
763000 -28.3701
764000 -28.3709
765000 -28.371
766000 -28.3719
767000 -28.3729
768000 -28.3732
769000 -28.3725
770000 -28.3711
771000 -28.3709
772000 -28.3707
773000 -28.3701
774000 -28.3709
775000 -28.3719
776000 -28.3727
777000 -28.3741
778000 -28.3749
779000 -28.3747
780000 -28.3748
781000 -28.3751
782000 -28.3756
783000 -28.3755
784000 -28.3742
785000 -28.3723
786000 -28.3714
787000 -28.3706
788000 -28.3692
789000 -28.3692
790000 -28.3682
791000 -28.3679
792000 -28.3675
793000 -28.3675
794000 -28.3674
795000 -28.3671
796000 -28.3666
797000 -28.3656
798000 -28.3655
799000 -28.3659
800000 -28.3666
801000 -28.3668
802000 -28.3664
803000 -28.3659
804000 -28.3654
805000 -28.3656
806000 -28.365
807000 -28.3647
808000 -28.3645
809000 -28.3655
810000 -28.3664
811000 -28.3665
812000 -28.3658
813000 -28.366
814000 -28.365
815000 -28.3645
816000 -28.3642
817000 -28.3638
818000 -28.3641
819000 -28.363
820000 -28.3622
821000 -28.3618
822000 -28.3622
823000 -28.3624
824000 -28.3628
825000 -28.3626
826000 -28.3611
827000 -28.3598
828000 -28.3586
829000 -28.3567
830000 -28.3574
831000 -28.357
832000 -28.3566
833000 -28.3567
834000 -28.3564
835000 -28.3577
836000 -28.358
837000 -28.3586
838000 -28.3587
839000 -28.3586
840000 -28.3572
841000 -28.3557
842000 -28.3546
843000 -28.354
844000 -28.354
845000 -28.3536
846000 -28.3532
847000 -28.3535
848000 -28.3543
849000 -28.3541
850000 -28.3535
851000 -28.3532
852000 -28.354
853000 -28.3548
854000 -28.3548
855000 -28.3544
856000 -28.3545
857000 -28.3548
858000 -28.355
859000 -28.3546
860000 -28.3548
861000 -28.3553
862000 -28.3551
863000 -28.3547
864000 -28.3533
865000 -28.3523
866000 -28.3523
867000 -28.3524
868000 -28.3528
869000 -28.3529
870000 -28.3542
871000 -28.3564
872000 -28.3577
873000 -28.3592
874000 -28.3592
875000 -28.359
876000 -28.3594
877000 -28.3606
878000 -28.361
879000 -28.3605
880000 -28.3604
881000 -28.3615
882000 -28.3614
883000 -28.3618
884000 -28.361
885000 -28.3608
886000 -28.3604
887000 -28.3599
888000 -28.3599
889000 -28.3596
890000 -28.3584
891000 -28.3566
892000 -28.3556
893000 -28.3556
894000 -28.3556
895000 -28.3561
896000 -28.3568
897000 -28.3571
898000 -28.3573
899000 -28.3577
900000 -28.3577
901000 -28.3576
902000 -28.3574
903000 -28.3572
904000 -28.3569
905000 -28.3564
906000 -28.3552
907000 -28.3547
908000 -28.3549
909000 -28.3544
910000 -28.354
911000 -28.3532
912000 -28.3522
913000 -28.3516
914000 -28.3516
915000 -28.3512
916000 -28.3504
917000 -28.3501
918000 -28.3505
919000 -28.3505
920000 -28.3499
921000 -28.3491
922000 -28.3483
923000 -28.3469
924000 -28.3458
925000 -28.3459
926000 -28.3459
927000 -28.3458
928000 -28.3451
929000 -28.3449
930000 -28.3439
931000 -28.3428
932000 -28.342
933000 -28.3412
934000 -28.3404
935000 -28.3391
936000 -28.3378
937000 -28.3366
938000 -28.3346
939000 -28.3345
940000 -28.3343
941000 -28.3341
942000 -28.3329
943000 -28.3322
944000 -28.3317
945000 -28.3302
946000 -28.329
947000 -28.3285
948000 -28.3285
949000 -28.3284
950000 -28.3278
951000 -28.3285
952000 -28.3295
953000 -28.3307
954000 -28.3312
955000 -28.3313
956000 -28.3316
957000 -28.3314
958000 -28.3313
959000 -28.3316
960000 -28.3311
961000 -28.3305
962000 -28.3297
963000 -28.3285
964000 -28.3269
965000 -28.3263
966000 -28.3252
967000 -28.3243
968000 -28.3239
969000 -28.3237
970000 -28.3234
971000 -28.3225
972000 -28.3219
973000 -28.322
974000 -28.3236
975000 -28.3241
976000 -28.3253
977000 -28.326
978000 -28.327
979000 -28.3277
980000 -28.3278
981000 -28.3276
982000 -28.327
983000 -28.3262
984000 -28.3262
985000 -28.3252
986000 -28.3242
987000 -28.323
988000 -28.322
989000 -28.321
990000 -28.3209
991000 -28.3204
992000 -28.3201
993000 -28.3195
994000 -28.3193
995000 -28.3191
996000 -28.3189
997000 -28.3193
998000 -28.3191
999000 -28.3188
1000000 -28.3192
1001000 -28.3189
1002000 -28.3191
1003000 -28.3186
1004000 -28.3178
1005000 -28.3166
1006000 -28.3153
1007000 -28.3151
1008000 -28.3142
1009000 -28.3137
1010000 -28.313
1011000 -28.3127
1012000 -28.3128
1013000 -28.3125
1014000 -28.3114
1015000 -28.3111
1016000 -28.3107
1017000 -28.3104
1018000 -28.309
1019000 -28.3085
1020000 -28.3088
1021000 -28.3092
1022000 -28.3087
1023000 -28.3086
1024000 -28.309
1025000 -28.3096
1026000 -28.3101
1027000 -28.3104
1028000 -28.3104
1029000 -28.3095
1030000 -28.3088
1031000 -28.3086
1032000 -28.3079
1033000 -28.3081
1034000 -28.3084
1035000 -28.3082
1036000 -28.3077
1037000 -28.3073
1038000 -28.307
1039000 -28.3073
1040000 -28.3072
1041000 -28.3067
1042000 -28.3065
1043000 -28.3061
1044000 -28.3064
1045000 -28.3062
1046000 -28.3064
1047000 -28.307
1048000 -28.3068
1049000 -28.3075
1050000 -28.3078
1051000 -28.308
1052000 -28.3074
1053000 -28.3065
1054000 -28.305
1055000 -28.3037
1056000 -28.3037
1057000 -28.3038
1058000 -28.303
1059000 -28.3027
1060000 -28.3025
1061000 -28.3021
1062000 -28.3018
1063000 -28.3024
1064000 -28.3025
1065000 -28.3026
1066000 -28.3023
1067000 -28.3023
1068000 -28.3021
1069000 -28.3015
1070000 -28.3011
1071000 -28.301
1072000 -28.3013
1073000 -28.3007
1074000 -28.3005
1075000 -28.3003
1076000 -28.3003
1077000 -28.2995
1078000 -28.2991
1079000 -28.2984
1080000 -28.2977
1081000 -28.297
1082000 -28.2963
1083000 -28.2953
1084000 -28.2942
1085000 -28.2936
1086000 -28.2928
1087000 -28.2922
1088000 -28.2926
1089000 -28.2922
1090000 -28.2916
1091000 -28.2919
1092000 -28.2912
1093000 -28.2908
1094000 -28.2899
1095000 -28.2894
1096000 -28.289
1097000 -28.2884
1098000 -28.2883
1099000 -28.2877
1100000 -28.2868
1101000 -28.286
1102000 -28.2852
1103000 -28.2844
1104000 -28.2838
1105000 -28.2832
1106000 -28.2825
1107000 -28.2817
1108000 -28.2811
1109000 -28.2808
1110000 -28.2805
1111000 -28.2802
1112000 -28.2794
1113000 -28.2789
1114000 -28.2788
1115000 -28.2793
1116000 -28.2799
1117000 -28.2797
1118000 -28.2796
1119000 -28.2804
1120000 -28.2806
1121000 -28.281
1122000 -28.2812
1123000 -28.2808
1124000 -28.2808
1125000 -28.2808
1126000 -28.2812
1127000 -28.2813
1128000 -28.2827
1129000 -28.2833
1130000 -28.2838
1131000 -28.284
1132000 -28.284
1133000 -28.284
1134000 -28.2835
1135000 -28.2826
1136000 -28.2823
1137000 -28.2818
1138000 -28.2816
1139000 -28.2826
1140000 -28.2829
1141000 -28.2831
1142000 -28.2836
1143000 -28.284
1144000 -28.2838
1145000 -28.2841
1146000 -28.2845
1147000 -28.2846
1148000 -28.2846
1149000 -28.2845
1150000 -28.2843
1151000 -28.2843
1152000 -28.2845
1153000 -28.2841
1154000 -28.2842
1155000 -28.2831
1156000 -28.2826
1157000 -28.2821
1158000 -28.2816
1159000 -28.2812
1160000 -28.2809
1161000 -28.2806
1162000 -28.2807
1163000 -28.2812
1164000 -28.2822
1165000 -28.2826
1166000 -28.283
1167000 -28.2828
1168000 -28.2826
1169000 -28.2832
1170000 -28.2845
1171000 -28.2857
1172000 -28.2858
1173000 -28.2851
1174000 -28.2853
1175000 -28.2853
1176000 -28.2844
1177000 -28.2837
1178000 -28.2834
1179000 -28.2832
1180000 -28.2825
1181000 -28.2822
1182000 -28.2825
1183000 -28.2821
1184000 -28.2821
1185000 -28.2818
1186000 -28.2815
1187000 -28.282
1188000 -28.2819
1189000 -28.2812
1190000 -28.2807
1191000 -28.2805
1192000 -28.2802
1193000 -28.2799
1194000 -28.2804
1195000 -28.2804
1196000 -28.2801
1197000 -28.2796
1198000 -28.2796
1199000 -28.28
1200000 -28.2803
1201000 -28.2812
1202000 -28.2824
1203000 -28.2831
1204000 -28.2832
1205000 -28.2831
1206000 -28.2829
1207000 -28.282
1208000 -28.2813
1209000 -28.2811
1210000 -28.281
1211000 -28.281
1212000 -28.2812
1213000 -28.2814
1214000 -28.2822
1215000 -28.2821
1216000 -28.2829
1217000 -28.2839
1218000 -28.2843
1219000 -28.2849
1220000 -28.2861
1221000 -28.2872
1222000 -28.2877
1223000 -28.2877
1224000 -28.2874
1225000 -28.2876
1226000 -28.2884
1227000 -28.2891
1228000 -28.2897
1229000 -28.2904
1230000 -28.2913
1231000 -28.2915
1232000 -28.2916
1233000 -28.2919
1234000 -28.2917
1235000 -28.2918
1236000 -28.2921
1237000 -28.2925
1238000 -28.2928
1239000 -28.2929
1240000 -28.2931
1241000 -28.293
1242000 -28.2927
1243000 -28.2925
1244000 -28.2923
1245000 -28.2933
1246000 -28.2939
1247000 -28.2944
1248000 -28.2956
1249000 -28.2964
1250000 -28.2971
1251000 -28.2974
1252000 -28.2976
1253000 -28.2974
1254000 -28.2967
1255000 -28.2974
1256000 -28.2976
1257000 -28.2977
1258000 -28.2978
1259000 -28.2981
1260000 -28.2986
1261000 -28.2992
1262000 -28.2997
1263000 -28.3001
1264000 -28.3005
1265000 -28.3006
1266000 -28.3008
1267000 -28.3013
1268000 -28.3014
1269000 -28.3022
1270000 -28.3033
1271000 -28.3044
1272000 -28.3049
1273000 -28.3047
1274000 -28.305
1275000 -28.3052
1276000 -28.305
1277000 -28.3054
1278000 -28.3053
1279000 -28.3056
1280000 -28.3055
1281000 -28.3056
1282000 -28.306
1283000 -28.306
1284000 -28.3062
1285000 -28.3065
1286000 -28.3068
1287000 -28.3069
1288000 -28.3066
1289000 -28.3072
1290000 -28.3078
1291000 -28.3082
1292000 -28.3083
1293000 -28.3088
1294000 -28.309
1295000 -28.309
1296000 -28.3092
1297000 -28.3089
1298000 -28.3084
1299000 -28.3088
1300000 -28.3086
1301000 -28.3085
1302000 -28.3086
1303000 -28.3085
1304000 -28.3089
1305000 -28.3096
1306000 -28.3102
1307000 -28.3103
1308000 -28.3105
1309000 -28.3105
1310000 -28.3106
1311000 -28.3103
1312000 -28.3103
1313000 -28.3103
1314000 -28.3102
1315000 -28.31
1316000 -28.3102
1317000 -28.3099
1318000 -28.3103
1319000 -28.3109
1320000 -28.3109
1321000 -28.3105
1322000 -28.3102
1323000 -28.3105
1324000 -28.3101
1325000 -28.31
1326000 -28.3104
1327000 -28.3107
1328000 -28.3103
1329000 -28.3101
1330000 -28.3103
1331000 -28.3104
1332000 -28.3104
1333000 -28.3106
1334000 -28.3102
1335000 -28.3104
1336000 -28.3099
1337000 -28.3096
1338000 -28.3091
1339000 -28.3094
1340000 -28.3095
1341000 -28.3094
1342000 -28.3099
1343000 -28.3103
1344000 -28.311
1345000 -28.3118
1346000 -28.3128
1347000 -28.3133
1348000 -28.3141
1349000 -28.3145
1350000 -28.315
1351000 -28.316
1352000 -28.3169
1353000 -28.3174
1354000 -28.3182
1355000 -28.3191
1356000 -28.3203
1357000 -28.3215
1358000 -28.3219
1359000 -28.3225
1360000 -28.3231
1361000 -28.3238
1362000 -28.3238
1363000 -28.3232
1364000 -28.3229
1365000 -28.3223
1366000 -28.3217
1367000 -28.3216
1368000 -28.3212
1369000 -28.3218
1370000 -28.3222
1371000 -28.3225
1372000 -28.3225
1373000 -28.3229
1374000 -28.3229
1375000 -28.323
1376000 -28.3234
1377000 -28.3238
1378000 -28.3243
1379000 -28.3249
1380000 -28.3255
1381000 -28.3265
1382000 -28.327
1383000 -28.3276
1384000 -28.3279
1385000 -28.3283
1386000 -28.3283
1387000 -28.328
1388000 -28.3279
1389000 -28.328
1390000 -28.3281
1391000 -28.3285
1392000 -28.329
1393000 -28.3293
1394000 -28.33
1395000 -28.3306
1396000 -28.3313
1397000 -28.3321
1398000 -28.3326
1399000 -28.3329
1400000 -28.3338
1401000 -28.3345
1402000 -28.3348
1403000 -28.3357
1404000 -28.3367
1405000 -28.3378
1406000 -28.3383
1407000 -28.3378
1408000 -28.3377
1409000 -28.3382
1410000 -28.339
1411000 -28.3394
1412000 -28.3394
1413000 -28.3393
1414000 -28.3393
1415000 -28.3393
1416000 -28.3389
1417000 -28.339
1418000 -28.3396
1419000 -28.3402
1420000 -28.3403
1421000 -28.3403
1422000 -28.3399
1423000 -28.3401
1424000 -28.3392
1425000 -28.3387
1426000 -28.338
1427000 -28.338
1428000 -28.3384
1429000 -28.3385
1430000 -28.339
1431000 -28.3399
1432000 -28.3408
1433000 -28.3415
1434000 -28.3417
1435000 -28.3426
1436000 -28.344
1437000 -28.3447
1438000 -28.3454
1439000 -28.3458
1440000 -28.3463
1441000 -28.3465
1442000 -28.3465
1443000 -28.3469
1444000 -28.3471
1445000 -28.3474
1446000 -28.3468
1447000 -28.3463
1448000 -28.3459
1449000 -28.345
1450000 -28.3446
1451000 -28.3441
1452000 -28.3443
1453000 -28.3445
1454000 -28.3448
1455000 -28.3454
1456000 -28.3455
1457000 -28.3458
1458000 -28.3459
1459000 -28.3463
1460000 -28.3466
1461000 -28.3461
1462000 -28.3454
1463000 -28.3448
1464000 -28.3446
1465000 -28.3447
1466000 -28.3453
1467000 -28.3457
1468000 -28.3457
1469000 -28.346
1470000 -28.3458
1471000 -28.3459
1472000 -28.3461
1473000 -28.3463
1474000 -28.3464
1475000 -28.3463
1476000 -28.3465
1477000 -28.3467
1478000 -28.3464
1479000 -28.3466
1480000 -28.3466
1481000 -28.3467
1482000 -28.3467
1483000 -28.347
1484000 -28.347
1485000 -28.347
1486000 -28.3469
1487000 -28.347
1488000 -28.3468
1489000 -28.3468
1490000 -28.3467
1491000 -28.3463
1492000 -28.346
1493000 -28.3459
1494000 -28.3464
1495000 -28.3463
1496000 -28.3458
1497000 -28.346
1498000 -28.346
1499000 -28.346
1500000 -28.3461
1501000 -28.3459
1502000 -28.3457
1503000 -28.3454
1504000 -28.3453
1505000 -28.345
1506000 -28.3447
1507000 -28.3442
1508000 -28.3441
1509000 -28.3436
1510000 -28.3434
1511000 -28.3429
1512000 -28.343
1513000 -28.3428
1514000 -28.3429
1515000 -28.3427
1516000 -28.3427
1517000 -28.3424
1518000 -28.3423
1519000 -28.3418
1520000 -28.3413
1521000 -28.3405
1522000 -28.3402
1523000 -28.3402
1524000 -28.3401
1525000 -28.3393
1526000 -28.3389
1527000 -28.339
1528000 -28.3384
1529000 -28.3382
1530000 -28.3379
1531000 -28.3375
1532000 -28.3373
1533000 -28.3369
1534000 -28.3368
1535000 -28.3366
1536000 -28.3367
1537000 -28.3364
1538000 -28.3366
1539000 -28.3369
1540000 -28.337
1541000 -28.3371
1542000 -28.3371
1543000 -28.3374
1544000 -28.3377
1545000 -28.3376
1546000 -28.3382
1547000 -28.3384
1548000 -28.3386
1549000 -28.3386
1550000 -28.3386
1551000 -28.3383
1552000 -28.3381
1553000 -28.3382
1554000 -28.3383
1555000 -28.3387
1556000 -28.3393
1557000 -28.3393
1558000 -28.339
1559000 -28.3387
1560000 -28.3387
1561000 -28.3395
1562000 -28.3396
1563000 -28.3398
1564000 -28.3397
1565000 -28.3396
1566000 -28.3391
1567000 -28.3389
1568000 -28.3383
1569000 -28.3374
1570000 -28.337
1571000 -28.3364
1572000 -28.3356
1573000 -28.3353
1574000 -28.3349
1575000 -28.3342
1576000 -28.3334
1577000 -28.3327
1578000 -28.3326
1579000 -28.3319
1580000 -28.3318
1581000 -28.3319
1582000 -28.3322
1583000 -28.3327
1584000 -28.3329
1585000 -28.3335
1586000 -28.3339
1587000 -28.3344
1588000 -28.335
1589000 -28.3354
1590000 -28.3358
1591000 -28.3361
1592000 -28.3362
1593000 -28.3356
1594000 -28.3348
1595000 -28.3343
1596000 -28.3341
1597000 -28.3344
1598000 -28.3341
1599000 -28.3339
1600000 -28.3341
1601000 -28.3342
1602000 -28.3337
1603000 -28.3338
1604000 -28.3341
1605000 -28.3344
1606000 -28.3342
1607000 -28.3346
1608000 -28.3348
1609000 -28.3349
1610000 -28.3352
1611000 -28.3353
1612000 -28.3352
1613000 -28.3351
1614000 -28.3346
1615000 -28.3341
1616000 -28.3339
1617000 -28.3337
1618000 -28.3332
1619000 -28.333
1620000 -28.3331
1621000 -28.3333
1622000 -28.3333
1623000 -28.3329
1624000 -28.3324
1625000 -28.3323
1626000 -28.3318
1627000 -28.3311
1628000 -28.3306
1629000 -28.3299
1630000 -28.33
1631000 -28.3304
1632000 -28.3306
1633000 -28.3304
1634000 -28.3304
1635000 -28.3303
1636000 -28.3299
1637000 -28.3301
1638000 -28.3298
1639000 -28.3294
1640000 -28.3293
1641000 -28.3289
1642000 -28.3286
1643000 -28.329
1644000 -28.3291
1645000 -28.329
1646000 -28.329
1647000 -28.3292
1648000 -28.3295
1649000 -28.3295
1650000 -28.3298
1651000 -28.3302
1652000 -28.3306
1653000 -28.3312
1654000 -28.3313
1655000 -28.3315
1656000 -28.3318
1657000 -28.3314
1658000 -28.3312
1659000 -28.3312
1660000 -28.3308
1661000 -28.3308
1662000 -28.3305
1663000 -28.3302
1664000 -28.3297
1665000 -28.3295
1666000 -28.3296
1667000 -28.3297
1668000 -28.3296
1669000 -28.3296
1670000 -28.3297
1671000 -28.3291
1672000 -28.3289
1673000 -28.3289
1674000 -28.3284
1675000 -28.3283
1676000 -28.328
1677000 -28.3278
1678000 -28.3279
1679000 -28.3282
1680000 -28.3283
1681000 -28.3284
1682000 -28.3286
1683000 -28.3286
1684000 -28.3289
1685000 -28.3291
1686000 -28.3291
1687000 -28.3293
1688000 -28.3294
1689000 -28.329
1690000 -28.3289
1691000 -28.3288
1692000 -28.3287
1693000 -28.3288
1694000 -28.3287
1695000 -28.3286
1696000 -28.3287
1697000 -28.3292
1698000 -28.3295
1699000 -28.3298
1700000 -28.3296
1701000 -28.3293
1702000 -28.3295
1703000 -28.3293
1704000 -28.3291
1705000 -28.3288
1706000 -28.3287
1707000 -28.3284
1708000 -28.3283
1709000 -28.3278
1710000 -28.3278
1711000 -28.3281
1712000 -28.3285
1713000 -28.3285
1714000 -28.3287
1715000 -28.329
1716000 -28.3291
1717000 -28.3287
1718000 -28.3285
1719000 -28.3287
1720000 -28.3288
1721000 -28.3288
1722000 -28.3287
1723000 -28.3289
1724000 -28.3283
1725000 -28.3278
1726000 -28.3276
1727000 -28.3274
1728000 -28.3274
1729000 -28.327
1730000 -28.3263
1731000 -28.3257
1732000 -28.3256
1733000 -28.3251
1734000 -28.3246
1735000 -28.3239
1736000 -28.3237
1737000 -28.323
1738000 -28.3224
1739000 -28.3216
1740000 -28.3213
1741000 -28.3214
1742000 -28.3213
1743000 -28.321
1744000 -28.321
1745000 -28.3208
1746000 -28.3211
1747000 -28.3213
1748000 -28.3215
1749000 -28.3216
1750000 -28.3213
1751000 -28.3214
1752000 -28.3212
1753000 -28.3213
1754000 -28.3215
1755000 -28.3214
1756000 -28.3213
1757000 -28.3218
1758000 -28.3223
1759000 -28.3224
1760000 -28.3226
1761000 -28.3226
1762000 -28.3227
1763000 -28.3224
1764000 -28.3221
1765000 -28.3216
1766000 -28.321
1767000 -28.3207
1768000 -28.3205
1769000 -28.3203
1770000 -28.3205
1771000 -28.3202
1772000 -28.3196
1773000 -28.3195
1774000 -28.3197
1775000 -28.3198
1776000 -28.32
1777000 -28.3201
1778000 -28.32
1779000 -28.32
1780000 -28.3204
1781000 -28.3208
1782000 -28.3205
1783000 -28.3203
1784000 -28.3206
1785000 -28.3204
1786000 -28.3204
1787000 -28.3207
1788000 -28.321
1789000 -28.3212
1790000 -28.3211
1791000 -28.3208
1792000 -28.3203
1793000 -28.3197
1794000 -28.319
1795000 -28.3189
1796000 -28.3189
1797000 -28.3188
1798000 -28.3188
1799000 -28.319
1800000 -28.3198
1801000 -28.3206
1802000 -28.3208
1803000 -28.3217
1804000 -28.3225
1805000 -28.3231
1806000 -28.3235
1807000 -28.324
1808000 -28.3247
1809000 -28.3258
1810000 -28.3265
1811000 -28.3272
1812000 -28.3281
1813000 -28.329
1814000 -28.3292
1815000 -28.3301
1816000 -28.3303
1817000 -28.3304
1818000 -28.3303
1819000 -28.33
1820000 -28.3296
1821000 -28.3291
1822000 -28.3288
1823000 -28.3286
1824000 -28.3283
1825000 -28.3285
1826000 -28.3284
1827000 -28.3281
1828000 -28.3281
1829000 -28.3278
1830000 -28.3275
1831000 -28.3276
1832000 -28.3276
1833000 -28.3279
1834000 -28.3282
1835000 -28.3281
1836000 -28.3281
1837000 -28.328
1838000 -28.3282
1839000 -28.3281
1840000 -28.3279
1841000 -28.3279
1842000 -28.3281
1843000 -28.3283
1844000 -28.3286
1845000 -28.3287
1846000 -28.3289
1847000 -28.3292
1848000 -28.3294
1849000 -28.3296
1850000 -28.3299
1851000 -28.33
1852000 -28.3301
1853000 -28.3304
1854000 -28.3309
1855000 -28.3312
1856000 -28.3313
1857000 -28.3316
1858000 -28.3318
1859000 -28.3317
1860000 -28.3321
1861000 -28.3319
1862000 -28.3318
1863000 -28.3316
1864000 -28.3317
1865000 -28.3318
1866000 -28.3313
1867000 -28.3306
1868000 -28.3307
1869000 -28.3304
1870000 -28.3302
1871000 -28.3305
1872000 -28.3302
1873000 -28.3301
1874000 -28.3302
1875000 -28.3299
1876000 -28.3296
1877000 -28.3297
1878000 -28.3299
1879000 -28.3298
1880000 -28.3304
1881000 -28.3307
1882000 -28.331
1883000 -28.331
1884000 -28.3309
1885000 -28.3309
1886000 -28.3304
1887000 -28.33
1888000 -28.3297
1889000 -28.3294
1890000 -28.3292
1891000 -28.329
1892000 -28.3287
1893000 -28.3287
1894000 -28.3291
1895000 -28.3291
1896000 -28.3287
1897000 -28.3287
1898000 -28.3286
1899000 -28.3289
1900000 -28.3285
1901000 -28.3284
1902000 -28.328
1903000 -28.3277
1904000 -28.3278
1905000 -28.3277
1906000 -28.3274
1907000 -28.327
1908000 -28.3269
1909000 -28.3265
1910000 -28.3261
1911000 -28.3258
1912000 -28.3259
1913000 -28.3257
1914000 -28.3257
1915000 -28.3255
1916000 -28.3252
1917000 -28.325
1918000 -28.3248
1919000 -28.3248
1920000 -28.3252
1921000 -28.3256
1922000 -28.326
1923000 -28.3264
1924000 -28.3265
1925000 -28.3267
1926000 -28.3265
1927000 -28.3266
1928000 -28.3263
1929000 -28.3262
1930000 -28.3263
1931000 -28.3265
1932000 -28.3266
1933000 -28.3265
1934000 -28.3268
1935000 -28.3268
1936000 -28.3269
1937000 -28.327
1938000 -28.327
1939000 -28.3271
1940000 -28.3274
1941000 -28.3273
1942000 -28.3272
1943000 -28.3268
1944000 -28.3265
1945000 -28.326
1946000 -28.3258
1947000 -28.3256
1948000 -28.3255
1949000 -28.3257
1950000 -28.326
1951000 -28.3264
1952000 -28.3267
1953000 -28.3269
1954000 -28.3268
1955000 -28.3263
1956000 -28.3261
1957000 -28.326
1958000 -28.3258
1959000 -28.3254
1960000 -28.3252
1961000 -28.3253
1962000 -28.3255
1963000 -28.3256
1964000 -28.3256
1965000 -28.3249
1966000 -28.3246
1967000 -28.324
1968000 -28.3238
1969000 -28.3235
1970000 -28.3233
1971000 -28.3232
1972000 -28.3234
1973000 -28.3234
1974000 -28.3233
1975000 -28.3232
1976000 -28.3234
1977000 -28.3233
1978000 -28.3236
1979000 -28.3241
1980000 -28.3246
1981000 -28.3245
1982000 -28.3246
1983000 -28.3249
1984000 -28.325
1985000 -28.3252
1986000 -28.325
1987000 -28.3251
1988000 -28.325
1989000 -28.325
1990000 -28.3248
1991000 -28.3245
1992000 -28.3244
1993000 -28.3244
1994000 -28.3246
1995000 -28.3245
1996000 -28.3245
1997000 -28.3244
1998000 -28.3241
1999000 -28.3242
2000000 -28.324
2001000 -28.3238
2002000 -28.3236
2003000 -28.3234
2004000 -28.3231
2005000 -28.3229
2006000 -28.3224
2007000 -28.3223
2008000 -28.3223
2009000 -28.3223
2010000 -28.3223
2011000 -28.3218
2012000 -28.3217
2013000 -28.3219
2014000 -28.3218
2015000 -28.3217
2016000 -28.3218
2017000 -28.3223
2018000 -28.3224
2019000 -28.3226
2020000 -28.3227
2021000 -28.323
2022000 -28.3228
2023000 -28.3228
2024000 -28.3228
2025000 -28.323
2026000 -28.3232
2027000 -28.3235
2028000 -28.3235
2029000 -28.3237
2030000 -28.3238
2031000 -28.3241
2032000 -28.3246
2033000 -28.3245
2034000 -28.3248
2035000 -28.3249
2036000 -28.3253
2037000 -28.3252
2038000 -28.3252
2039000 -28.3253
2040000 -28.3255
2041000 -28.3257
2042000 -28.3258
2043000 -28.3262
2044000 -28.3264
2045000 -28.3269
2046000 -28.3272
2047000 -28.3275
2048000 -28.3276
2049000 -28.3279
2050000 -28.3282
2051000 -28.3285
2052000 -28.3286
2053000 -28.3288
2054000 -28.3291
2055000 -28.3294
2056000 -28.3297
2057000 -28.3302
2058000 -28.3305
2059000 -28.3307
2060000 -28.3309
2061000 -28.3309
2062000 -28.3307
2063000 -28.3308
2064000 -28.3313
2065000 -28.3316
2066000 -28.3322
2067000 -28.3328
2068000 -28.3333
2069000 -28.3336
2070000 -28.3339
2071000 -28.3345
2072000 -28.3344
2073000 -28.3344
2074000 -28.3344
2075000 -28.3342
2076000 -28.3338
2077000 -28.3333
2078000 -28.3332
2079000 -28.3327
2080000 -28.3323
2081000 -28.3322
2082000 -28.3316
2083000 -28.3312
2084000 -28.3309
2085000 -28.3307
2086000 -28.3308
2087000 -28.331
2088000 -28.331
2089000 -28.3308
2090000 -28.3306
2091000 -28.3305
2092000 -28.3308
2093000 -28.3311
2094000 -28.3312
2095000 -28.3313
2096000 -28.3314
2097000 -28.3314
2098000 -28.3312
2099000 -28.3311
2100000 -28.3311
2101000 -28.331
2102000 -28.3308
2103000 -28.3308
2104000 -28.3308
2105000 -28.3311
2106000 -28.331
2107000 -28.3306
2108000 -28.3305
2109000 -28.3305
2110000 -28.3303
2111000 -28.3301
2112000 -28.3302
2113000 -28.3303
2114000 -28.3301
2115000 -28.3301
2116000 -28.3301
2117000 -28.3306
2118000 -28.3308
2119000 -28.331
2120000 -28.3312
2121000 -28.3312
2122000 -28.3309
2123000 -28.3306
2124000 -28.3304
2125000 -28.3301
2126000 -28.3305
2127000 -28.3306
2128000 -28.3308
2129000 -28.3309
2130000 -28.3314
2131000 -28.3313
2132000 -28.3316
2133000 -28.3321
2134000 -28.3329
2135000 -28.3339
2136000 -28.3342
2137000 -28.3347
2138000 -28.3349
2139000 -28.3348
2140000 -28.3346
2141000 -28.3343
2142000 -28.3341
2143000 -28.3341
2144000 -28.3345
2145000 -28.335
2146000 -28.3355
2147000 -28.3362
2148000 -28.3367
2149000 -28.337
2150000 -28.3373
2151000 -28.3379
2152000 -28.338
2153000 -28.3385
2154000 -28.339
2155000 -28.3395
2156000 -28.3395
2157000 -28.3392
2158000 -28.3392
2159000 -28.3394
2160000 -28.3398
2161000 -28.3399
2162000 -28.3401
2163000 -28.3404
2164000 -28.3408
2165000 -28.3412
2166000 -28.3417
2167000 -28.3422
2168000 -28.3428
2169000 -28.3431
2170000 -28.343
2171000 -28.3434
2172000 -28.3435
2173000 -28.3436
2174000 -28.3438
2175000 -28.344
2176000 -28.3441
2177000 -28.3439
2178000 -28.3439
2179000 -28.3439
2180000 -28.3444
2181000 -28.3452
2182000 -28.3455
2183000 -28.346
2184000 -28.3461
2185000 -28.3462
2186000 -28.3465
2187000 -28.3465
2188000 -28.3465
2189000 -28.3459
2190000 -28.3458
2191000 -28.3458
2192000 -28.3457
2193000 -28.3456
2194000 -28.3456
2195000 -28.3454
2196000 -28.3453
2197000 -28.3454
2198000 -28.3455
2199000 -28.3457
2200000 -28.3456
2201000 -28.3454
