# Time-averaged data for fix pressrun
# TimeStep v_P
202000 79.9544
203000 75.7992
204000 73.1628
205000 66.0409
206000 64.0226
207000 64.7428
208000 64.7403
209000 65.6048
210000 67.1456
211000 68.1407
212000 67.4551
213000 67.1845
214000 67.8732
215000 67.7322
216000 67.2729
217000 67.1211
218000 67
219000 67.5087
220000 66.8351
221000 66.976
222000 66.9738
223000 66.9225
224000 66.2732
225000 65.8684
226000 64.9178
227000 64.2343
228000 64.4829
229000 64.5972
230000 64.5899
231000 64.2218
232000 64.1732
233000 64.1353
234000 64.1058
235000 64.0448
236000 63.7433
237000 63.9859
238000 63.5707
239000 63.8812
240000 63.6465
241000 63.6732
242000 63.8114
243000 63.6078
244000 63.7296
245000 63.5147
246000 63.7322
247000 63.8173
248000 63.4495
249000 63.5075
250000 63.4331
251000 63.723
252000 63.7501
253000 63.5619
254000 63.3137
255000 63.5263
256000 63.5379
257000 63.6084
258000 63.8298
259000 63.7064
260000 63.2149
261000 62.8582
262000 63.0008
263000 62.7564
264000 62.6885
265000 62.7646
266000 63.0201
267000 62.737
268000 62.7629
269000 62.6346
270000 62.4826
271000 62.3742
272000 62.4036
273000 62.6512
274000 62.586
275000 62.5348
276000 62.4465
277000 62.4642
278000 62.2097
279000 62.0918
280000 62.0622
281000 62.2814
282000 62.4725
283000 62.2492
284000 62.5245
285000 62.4122
286000 62.368
287000 62.2689
288000 62.1892
289000 61.9431
290000 61.9465
291000 61.9152
292000 61.7332
293000 61.745
294000 61.7353
295000 61.4886
296000 61.696
297000 61.6781
298000 61.4922
299000 61.4714
300000 61.5543
301000 61.5461
302000 61.6838
303000 61.7145
304000 61.8636
305000 61.9909
306000 62.1893
307000 62.3282
308000 62.3259
309000 62.3673
310000 62.4531
311000 62.6335
312000 62.6757
313000 62.6666
314000 62.6393
315000 62.5763
316000 62.6413
317000 62.5788
318000 62.4965
319000 62.4583
320000 62.4636
321000 62.517
322000 62.5347
323000 62.4822
324000 62.362
325000 62.2928
326000 62.1968
327000 62.223
328000 62.2524
329000 62.325
330000 62.3061
331000 62.3171
332000 62.1559
333000 62.1974
334000 62.0492
335000 61.9328
336000 61.9063
337000 61.9949
338000 61.9441
339000 62.1503
340000 62.2524
341000 62.3559
342000 62.4938
343000 62.4938
344000 62.5587
345000 62.634
346000 62.7255
347000 62.6595
348000 62.5305
349000 62.5734
350000 62.6813
351000 62.663
352000 62.7326
353000 62.648
354000 62.694
355000 62.6275
356000 62.6395
357000 62.6251
358000 62.6533
359000 62.6387
360000 62.6079
361000 62.5373
362000 62.5797
363000 62.6955
364000 62.6791
365000 62.8854
366000 62.9839
367000 63.1372
368000 63.0969
369000 63.1449
370000 63.2916
371000 63.279
372000 63.3299
373000 63.1866
374000 63.1541
375000 63.1121
376000 63.1004
377000 63.0862
378000 63.1266
379000 63.334
380000 63.3776
381000 63.4428
382000 63.3999
383000 63.2657
384000 63.2239
385000 63.0897
386000 63.0956
387000 63.1553
388000 63.2378
389000 63.2736
390000 63.2979
391000 63.4083
392000 63.3978
393000 63.4423
394000 63.499
395000 63.4061
396000 63.4211
397000 63.4246
398000 63.4246
399000 63.4352
400000 63.3357
401000 63.2935
402000 63.3038
403000 63.2998
404000 63.2194
405000 63.2878
406000 63.2752
407000 63.2707
408000 63.2621
409000 63.2785
410000 63.2235
411000 63.2466
412000 63.2236
413000 63.2318
414000 63.2561
415000 63.2087
416000 63.1791
417000 63.1375
418000 63.1414
419000 63.0595
420000 63.0141
421000 63.0388
422000 63.0192
423000 62.9389
424000 62.9459
425000 62.9677
426000 62.9793
427000 62.8945
428000 62.9768
429000 63.0133
430000 62.9782
431000 63.0284
432000 63.1206
433000 63.0314
434000 63.1578
435000 63.0867
436000 63.1172
437000 63.1779
438000 63.1139
439000 63.1427
440000 63.1311
441000 63.0915
442000 63.0374
443000 63.0765
444000 63.0265
445000 63.107
446000 63.0821
447000 63.0159
448000 62.9416
449000 62.9021
450000 62.9071
451000 62.9616
452000 62.9576
453000 62.9931
454000 63.0248
455000 63.0327
456000 62.9924
457000 63.011
458000 62.9966
459000 62.9429
460000 62.9371
461000 62.9135
462000 62.9212
463000 62.9405
464000 62.9102
465000 62.9466
466000 63.0096
467000 63.0163
468000 62.997
469000 62.9946
470000 63.026
471000 63.0513
472000 63.0165
473000 63.0491
474000 63.0047
475000 63.0324
476000 62.9908
477000 63.0067
478000 63.0143
479000 62.9115
480000 62.9634
481000 62.909
482000 62.9406
483000 62.9121
484000 62.9949
485000 62.9668
486000 62.9254
487000 62.9089
488000 62.9393
489000 62.9678
490000 62.9954
491000 63.0076
492000 62.9532
493000 62.9587
494000 62.9332
495000 62.884
496000 62.9503
497000 62.9446
498000 62.9177
499000 62.9785
500000 62.9751
501000 62.9854
502000 62.9744
503000 63.0358
504000 63.1124
505000 63.101
506000 63.1549
507000 63.1602
508000 63.1719
509000 63.2036
510000 63.1945
511000 63.233
512000 63.2202
513000 63.2495
514000 63.1838
515000 63.1467
516000 63.149
517000 63.1643
518000 63.1193
519000 63.1141
520000 63.1242
521000 63.1104
522000 63.1189
523000 63.125
524000 63.1206
525000 63.1297
526000 63.1029
527000 63.1324
528000 63.1013
529000 63.0358
530000 63.0418
531000 63.0838
532000 63.0671
533000 63.1116
534000 63.1044
535000 63.0598
536000 63.1163
537000 63.0999
538000 63.0676
539000 63.129
540000 63.159
541000 63.1935
542000 63.2113
543000 63.2213
544000 63.2262
545000 63.2475
546000 63.2331
547000 63.2067
548000 63.2501
549000 63.248
550000 63.268
551000 63.2937
552000 63.3321
553000 63.3004
554000 63.3285
555000 63.3409
556000 63.3118
557000 63.3486
558000 63.3257
559000 63.3278
560000 63.3154
561000 63.3058
562000 63.3273
563000 63.3094
564000 63.2983
565000 63.309
566000 63.2999
567000 63.3053
568000 63.3325
569000 63.3774
570000 63.4389
571000 63.4398
572000 63.4242
573000 63.3367
574000 63.3863
575000 63.3772
576000 63.4205
577000 63.4311
578000 63.4135
579000 63.4556
580000 63.5013
581000 63.4573
582000 63.4642
583000 63.4809
584000 63.4992
585000 63.4647
586000 63.492
587000 63.5335
588000 63.5776
589000 63.5491
590000 63.5319
591000 63.5392
592000 63.5966
593000 63.6403
594000 63.6487
595000 63.646
596000 63.6077
597000 63.5691
598000 63.5571
599000 63.5952
600000 63.5473
601000 63.5521
602000 63.5589
603000 63.5659
604000 63.555
605000 63.59
606000 63.6107
607000 63.6092
608000 63.5762
609000 63.547
610000 63.5454
611000 63.5382
612000 63.5655
613000 63.525
614000 63.5622
615000 63.5916
616000 63.5201
617000 63.531
618000 63.5486
619000 63.532
620000 63.5371
621000 63.5409
622000 63.5314
623000 63.4961
624000 63.5282
625000 63.5099
626000 63.4886
627000 63.4631
628000 63.438
629000 63.4399
630000 63.432
631000 63.4858
632000 63.4794
633000 63.4987
634000 63.5161
635000 63.5416
636000 63.5159
637000 63.5106
638000 63.483
639000 63.4857
640000 63.4724
641000 63.4827
642000 63.489
643000 63.4745
644000 63.4554
645000 63.439
646000 63.4155
647000 63.4144
648000 63.3825
649000 63.3821
650000 63.4333
651000 63.4285
652000 63.4581
653000 63.4858
654000 63.4806
655000 63.4698
656000 63.491
657000 63.5284
658000 63.548
659000 63.5391
660000 63.5714
661000 63.5789
662000 63.6165
663000 63.645
664000 63.6809
665000 63.6946
666000 63.7
667000 63.7245
668000 63.7705
669000 63.7555
670000 63.7468
671000 63.7446
672000 63.7547
673000 63.7707
674000 63.8153
675000 63.8599
676000 63.8783
677000 63.8725
678000 63.8451
679000 63.8587
680000 63.879
681000 63.8863
682000 63.8821
683000 63.9059
684000 63.9322
685000 63.9634
686000 63.9882
687000 63.9812
688000 63.9578
689000 63.9802
690000 63.9608
691000 63.9213
692000 63.8766
693000 63.8699
694000 63.8431
695000 63.8346
696000 63.8723
697000 63.9171
698000 63.93
699000 63.9726
700000 63.9913
701000 63.9894
702000 63.9791
703000 63.9805
704000 63.9492
705000 63.9364
706000 63.9487
707000 63.9818
708000 63.9382
709000 63.9472
710000 63.9585
711000 64.0038
712000 63.9476
713000 63.929
714000 63.9654
715000 63.9266
716000 63.9129
717000 63.9446
718000 63.9507
719000 63.9301
720000 63.937
721000 63.9134
722000 63.926
723000 63.9303
724000 63.9183
725000 63.9409
726000 63.9357
727000 63.9011
728000 63.8639
729000 63.8714
730000 63.8384
731000 63.8269
732000 63.8181
733000 63.7934
734000 63.8151
735000 63.7974
736000 63.8439
737000 63.8291
738000 63.8408
739000 63.8412
740000 63.8472
741000 63.8398
742000 63.8369
743000 63.842
744000 63.8538
745000 63.8178
746000 63.8139
747000 63.7686
748000 63.7652
749000 63.7654
750000 63.8194
751000 63.8301
752000 63.8414
753000 63.8321
754000 63.8134
755000 63.8201
756000 63.8501
757000 63.8367
758000 63.878
759000 63.8604
760000 63.8424
761000 63.7998
762000 63.7849
763000 63.8136
764000 63.8021
765000 63.7817
766000 63.7746
767000 63.7854
768000 63.7761
769000 63.7661
770000 63.7634
771000 63.7782
772000 63.7832
773000 63.7773
774000 63.7725
775000 63.7656
776000 63.7644
777000 63.7528
778000 63.7426
779000 63.7609
780000 63.758
781000 63.7651
782000 63.7738
783000 63.7664
784000 63.771
785000 63.7566
786000 63.7429
787000 63.7423
788000 63.7591
789000 63.7287
790000 63.7583
791000 63.7316
792000 63.7017
793000 63.7074
794000 63.7504
795000 63.7269
796000 63.7203
797000 63.7359
798000 63.7379
799000 63.7792
800000 63.7835
801000 63.7861
802000 63.77
803000 63.7536
804000 63.7487
805000 63.7
806000 63.7066
807000 63.7581
808000 63.7427
809000 63.7278
810000 63.7421
811000 63.7712
812000 63.7693
813000 63.7471
814000 63.7514
815000 63.7803
816000 63.812
817000 63.8285
818000 63.8545
819000 63.8268
820000 63.8095
821000 63.8117
822000 63.8348
823000 63.8574
824000 63.8726
825000 63.8682
826000 63.8812
827000 63.8817
828000 63.8819
829000 63.9146
830000 63.859
831000 63.8602
832000 63.8043
833000 63.8039
834000 63.8139
835000 63.8337
836000 63.8444
837000 63.8443
838000 63.8471
839000 63.8744
840000 63.8713
841000 63.8546
842000 63.8524
843000 63.8613
844000 63.8386
845000 63.8363
846000 63.8445
847000 63.8376
848000 63.8302
849000 63.8222
850000 63.8311
851000 63.8484
852000 63.8592
853000 63.8511
854000 63.868
855000 63.8671
856000 63.87
857000 63.8741
858000 63.8476
859000 63.846
860000 63.8205
861000 63.8131
862000 63.8055
863000 63.7917
864000 63.7948
865000 63.7846
866000 63.7864
867000 63.7601
868000 63.7688
869000 63.7627
870000 63.7465
871000 63.7253
872000 63.7201
873000 63.7055
874000 63.7492
875000 63.7531
876000 63.7431
877000 63.7623
878000 63.783
879000 63.7632
880000 63.7997
881000 63.7953
882000 63.7906
883000 63.7723
884000 63.7907
885000 63.7785
886000 63.8018
887000 63.7807
888000 63.7804
889000 63.7607
890000 63.755
891000 63.7344
892000 63.7327
893000 63.7485
894000 63.7241
895000 63.7089
896000 63.716
897000 63.6946
898000 63.6858
899000 63.6785
900000 63.653
901000 63.6384
902000 63.636
903000 63.6266
904000 63.6482
905000 63.6378
906000 63.6424
907000 63.648
908000 63.6421
909000 63.6456
910000 63.6691
911000 63.6666
912000 63.6398
913000 63.6537
914000 63.6664
915000 63.6687
916000 63.6794
917000 63.671
918000 63.7109
919000 63.6942
920000 63.6953
921000 63.6626
922000 63.6418
923000 63.6379
924000 63.6621
925000 63.6573
926000 63.6462
927000 63.6546
928000 63.6317
929000 63.6153
930000 63.6037
931000 63.5996
932000 63.6047
933000 63.6004
934000 63.5909
935000 63.6056
936000 63.6082
937000 63.6052
938000 63.6131
939000 63.5964
940000 63.5696
941000 63.5516
942000 63.5383
943000 63.5178
944000 63.5651
945000 63.5845
946000 63.5701
947000 63.5431
948000 63.5421
949000 63.5683
950000 63.6141
951000 63.5852
952000 63.5926
953000 63.5888
954000 63.5909
955000 63.5904
956000 63.5873
957000 63.5894
958000 63.5691
959000 63.5638
960000 63.5723
961000 63.5604
962000 63.5636
963000 63.536
964000 63.539
965000 63.5397
966000 63.5748
967000 63.5629
968000 63.5599
969000 63.5349
970000 63.5615
971000 63.563
972000 63.5651
973000 63.5555
974000 63.5452
975000 63.5241
976000 63.5206
977000 63.5265
978000 63.5424
979000 63.5354
980000 63.5393
981000 63.5182
982000 63.5393
983000 63.5394
984000 63.5396
985000 63.5307
986000 63.525
987000 63.5252
988000 63.534
989000 63.5412
990000 63.5352
991000 63.5669
992000 63.5834
993000 63.6111
994000 63.6162
995000 63.6353
996000 63.6303
997000 63.6305
998000 63.6269
999000 63.6173
1000000 63.6224
1001000 63.6189
1002000 63.6082
1003000 63.5965
1004000 63.6047
1005000 63.6018
1006000 63.6021
1007000 63.6126
1008000 63.6137
1009000 63.6254
1010000 63.6329
1011000 63.6341
1012000 63.6338
1013000 63.6419
1014000 63.645
1015000 63.6339
1016000 63.6627
1017000 63.6528
1018000 63.6344
1019000 63.6113
1020000 63.6219
1021000 63.6403
1022000 63.6531
1023000 63.6335
1024000 63.6404
1025000 63.644
1026000 63.6568
1027000 63.6807
1028000 63.6682
1029000 63.6574
1030000 63.666
1031000 63.6676
1032000 63.6633
1033000 63.6283
1034000 63.6394
1035000 63.6693
1036000 63.6685
1037000 63.6532
1038000 63.6619
1039000 63.6219
1040000 63.6303
1041000 63.633
1042000 63.6128
1043000 63.6191
1044000 63.6152
1045000 63.606
1046000 63.597
1047000 63.5878
1048000 63.5872
1049000 63.5909
1050000 63.5799
1051000 63.5631
1052000 63.5547
1053000 63.5446
1054000 63.5178
1055000 63.5258
1056000 63.5053
1057000 63.5132
1058000 63.5304
1059000 63.5282
1060000 63.5223
1061000 63.5189
1062000 63.5465
1063000 63.514
1064000 63.5251
1065000 63.5312
1066000 63.5174
1067000 63.5229
1068000 63.5118
1069000 63.5246
1070000 63.5321
1071000 63.5245
1072000 63.5052
1073000 63.5199
1074000 63.5198
1075000 63.5434
1076000 63.5306
1077000 63.5392
1078000 63.5472
1079000 63.5637
1080000 63.5499
1081000 63.5492
1082000 63.5512
1083000 63.5648
1084000 63.5328
1085000 63.5176
1086000 63.5236
1087000 63.5388
1088000 63.5417
1089000 63.5515
1090000 63.5476
1091000 63.5403
1092000 63.5571
1093000 63.5518
1094000 63.557
1095000 63.5477
1096000 63.5448
1097000 63.5475
1098000 63.5521
1099000 63.55
1100000 63.5213
1101000 63.5218
1102000 63.5117
1103000 63.5216
1104000 63.4991
1105000 63.5054
1106000 63.5097
1107000 63.5125
1108000 63.5043
1109000 63.5052
1110000 63.4868
1111000 63.4759
1112000 63.4923
1113000 63.5109
1114000 63.5312
1115000 63.5222
1116000 63.5096
1117000 63.4861
1118000 63.4837
1119000 63.4933
1120000 63.4789
1121000 63.4658
1122000 63.4576
1123000 63.4686
1124000 63.463
1125000 63.4725
1126000 63.48
1127000 63.4747
1128000 63.4928
1129000 63.4774
1130000 63.4731
1131000 63.4792
1132000 63.4821
1133000 63.4775
1134000 63.4738
1135000 63.476
1136000 63.4727
1137000 63.4769
1138000 63.4823
1139000 63.4924
1140000 63.4927
1141000 63.4742
1142000 63.4693
1143000 63.4594
1144000 63.4647
1145000 63.4672
1146000 63.4509
1147000 63.4472
1148000 63.445
1149000 63.4342
1150000 63.4287
1151000 63.4282
1152000 63.4209
1153000 63.4126
1154000 63.4169
1155000 63.4291
1156000 63.4113
1157000 63.3961
1158000 63.4055
1159000 63.4295
1160000 63.4317
1161000 63.4264
1162000 63.4383
1163000 63.4499
1164000 63.444
1165000 63.4357
1166000 63.4309
1167000 63.4648
1168000 63.4594
1169000 63.4664
1170000 63.4744
1171000 63.4689
1172000 63.4802
1173000 63.4832
1174000 63.4751
1175000 63.4631
1176000 63.4555
1177000 63.4556
1178000 63.4554
1179000 63.4529
1180000 63.4569
1181000 63.4771
1182000 63.4747
1183000 63.4749
1184000 63.4694
1185000 63.4475
1186000 63.4461
1187000 63.4618
1188000 63.4351
1189000 63.448
1190000 63.4423
1191000 63.4273
1192000 63.4311
1193000 63.4137
1194000 63.411
1195000 63.4272
1196000 63.4148
1197000 63.4181
1198000 63.4119
1199000 63.414
1200000 63.4253
1201000 63.437
1202000 63.4611
1203000 63.4613
1204000 63.4565
1205000 63.4464
1206000 63.4331
1207000 63.4325
1208000 63.4342
1209000 63.4289
1210000 63.4186
1211000 63.4345
1212000 63.4545
1213000 63.4717
1214000 63.4505
1215000 63.4738
1216000 63.4637
1217000 63.4612
1218000 63.4826
1219000 63.4766
1220000 63.4662
1221000 63.468
1222000 63.4597
1223000 63.4557
1224000 63.4661
1225000 63.4387
1226000 63.4368
1227000 63.4611
1228000 63.4612
1229000 63.4697
1230000 63.4609
1231000 63.4791
1232000 63.4661
1233000 63.4704
1234000 63.4777
1235000 63.4618
1236000 63.4627
1237000 63.469
1238000 63.4815
1239000 63.4788
1240000 63.4775
1241000 63.4659
1242000 63.4757
1243000 63.4877
1244000 63.4936
1245000 63.4904
1246000 63.4948
1247000 63.5011
1248000 63.5071
1249000 63.5091
1250000 63.5124
1251000 63.512
1252000 63.5214
1253000 63.5319
1254000 63.5452
1255000 63.5272
1256000 63.5206
1257000 63.5097
1258000 63.4996
1259000 63.5102
1260000 63.513
1261000 63.518
1262000 63.5054
1263000 63.5141
1264000 63.5153
1265000 63.4945
1266000 63.4895
1267000 63.4981
1268000 63.5187
1269000 63.5298
1270000 63.5156
1271000 63.5305
1272000 63.5304
1273000 63.5196
1274000 63.5205
1275000 63.5142
1276000 63.5116
1277000 63.4821
1278000 63.4848
1279000 63.4881
1280000 63.4854
1281000 63.4927
1282000 63.5003
1283000 63.5025
1284000 63.5087
1285000 63.5119
1286000 63.5283
1287000 63.5308
1288000 63.5401
1289000 63.5573
1290000 63.5536
1291000 63.5522
1292000 63.5421
1293000 63.5654
1294000 63.5717
1295000 63.5703
1296000 63.5679
1297000 63.5697
1298000 63.5952
1299000 63.5938
1300000 63.5961
1301000 63.5834
1302000 63.5787
1303000 63.5874
1304000 63.5988
1305000 63.5877
1306000 63.6006
1307000 63.5913
1308000 63.5763
1309000 63.5751
1310000 63.5607
1311000 63.5875
1312000 63.5991
1313000 63.5945
1314000 63.6144
1315000 63.6171
1316000 63.5916
1317000 63.5858
1318000 63.5847
1319000 63.5825
1320000 63.5699
1321000 63.5799
1322000 63.5771
1323000 63.5668
1324000 63.5822
1325000 63.5896
1326000 63.6025
1327000 63.5981
1328000 63.5946
1329000 63.5923
1330000 63.5838
1331000 63.5765
1332000 63.585
1333000 63.5789
1334000 63.5771
1335000 63.5786
1336000 63.5648
1337000 63.5587
1338000 63.5487
1339000 63.5581
1340000 63.5459
1341000 63.5468
1342000 63.5507
1343000 63.5557
1344000 63.5586
1345000 63.5751
1346000 63.5827
1347000 63.5942
1348000 63.5951
1349000 63.5901
1350000 63.5977
1351000 63.5948
1352000 63.612
1353000 63.6189
1354000 63.6215
1355000 63.6176
1356000 63.6019
1357000 63.5991
1358000 63.5956
1359000 63.5851
1360000 63.5741
1361000 63.5797
1362000 63.5901
1363000 63.5933
1364000 63.5841
1365000 63.576
1366000 63.5717
1367000 63.5497
1368000 63.5554
1369000 63.5536
1370000 63.5515
1371000 63.5541
1372000 63.5507
1373000 63.5324
1374000 63.5395
1375000 63.5371
1376000 63.5183
1377000 63.5321
1378000 63.5426
1379000 63.5442
1380000 63.5574
1381000 63.5501
1382000 63.5389
1383000 63.5381
1384000 63.5389
1385000 63.5278
1386000 63.5456
1387000 63.5574
1388000 63.5529
1389000 63.5426
1390000 63.5375
1391000 63.5548
1392000 63.5623
1393000 63.5662
1394000 63.5391
1395000 63.5527
1396000 63.566
1397000 63.5626
1398000 63.5575
1399000 63.5639
1400000 63.5588
1401000 63.5484
1402000 63.5794
1403000 63.5793
1404000 63.5723
1405000 63.5697
1406000 63.5673
1407000 63.5783
1408000 63.5928
1409000 63.591
1410000 63.5913
1411000 63.5868
1412000 63.598
1413000 63.6017
1414000 63.5952
1415000 63.6007
1416000 63.6103
1417000 63.6022
1418000 63.5871
1419000 63.5901
1420000 63.5951
1421000 63.5945
1422000 63.607
1423000 63.6004
1424000 63.5995
1425000 63.5937
1426000 63.5826
1427000 63.5578
1428000 63.5576
1429000 63.5634
1430000 63.5795
1431000 63.5844
1432000 63.5946
1433000 63.6002
1434000 63.6038
1435000 63.6086
1436000 63.6089
1437000 63.6159
1438000 63.6109
1439000 63.6097
1440000 63.6274
1441000 63.6262
1442000 63.6299
1443000 63.6398
1444000 63.6537
1445000 63.6441
1446000 63.6425
1447000 63.6343
1448000 63.6232
1449000 63.6319
1450000 63.6154
1451000 63.6058
1452000 63.5844
1453000 63.5699
1454000 63.5605
1455000 63.5766
1456000 63.5976
1457000 63.5901
1458000 63.5846
1459000 63.5749
1460000 63.5645
1461000 63.5686
1462000 63.5547
1463000 63.5473
1464000 63.5336
1465000 63.533
1466000 63.5412
1467000 63.5415
1468000 63.5528
1469000 63.5418
1470000 63.5364
1471000 63.5497
1472000 63.5623
1473000 63.562
1474000 63.5581
1475000 63.5564
1476000 63.552
1477000 63.5432
1478000 63.5416
1479000 63.5334
1480000 63.5388
1481000 63.5371
1482000 63.5387
1483000 63.5402
1484000 63.5456
1485000 63.5398
1486000 63.5382
1487000 63.5326
1488000 63.5382
1489000 63.5279
1490000 63.5201
1491000 63.5201
1492000 63.5191
1493000 63.5192
1494000 63.5198
1495000 63.512
1496000 63.5285
1497000 63.5366
1498000 63.5536
1499000 63.5621
1500000 63.5689
1501000 63.5874
1502000 63.5862
1503000 63.584
1504000 63.5727
1505000 63.571
1506000 63.5683
1507000 63.5667
1508000 63.5718
1509000 63.58
1510000 63.5735
1511000 63.5872
1512000 63.5823
1513000 63.5798
1514000 63.5767
1515000 63.5719
1516000 63.5727
1517000 63.5694
1518000 63.565
1519000 63.5462
1520000 63.5406
1521000 63.5422
1522000 63.5459
1523000 63.549
1524000 63.5481
1525000 63.5453
1526000 63.5383
1527000 63.5341
1528000 63.5372
1529000 63.5449
1530000 63.5365
1531000 63.5359
1532000 63.5331
1533000 63.5349
1534000 63.5365
1535000 63.5326
1536000 63.5218
1537000 63.5339
1538000 63.5232
1539000 63.5159
1540000 63.5332
1541000 63.5324
1542000 63.5375
1543000 63.5434
1544000 63.5635
1545000 63.5782
1546000 63.5816
1547000 63.6058
1548000 63.6131
1549000 63.6246
1550000 63.6126
1551000 63.6058
1552000 63.6133
1553000 63.6162
1554000 63.6219
1555000 63.6339
1556000 63.6233
1557000 63.6272
1558000 63.621
1559000 63.6014
1560000 63.6022
1561000 63.6158
1562000 63.6141
1563000 63.601
1564000 63.5962
1565000 63.579
1566000 63.5836
1567000 63.5754
1568000 63.576
1569000 63.5749
1570000 63.567
1571000 63.5708
1572000 63.5561
1573000 63.5529
1574000 63.5621
1575000 63.5693
1576000 63.5813
1577000 63.5904
1578000 63.5868
1579000 63.5907
1580000 63.5836
1581000 63.5754
1582000 63.5733
1583000 63.5822
1584000 63.5872
1585000 63.5951
1586000 63.6102
1587000 63.6145
1588000 63.6136
1589000 63.6017
1590000 63.6049
1591000 63.5995
1592000 63.5905
1593000 63.5901
1594000 63.5957
1595000 63.5959
1596000 63.5994
1597000 63.5892
1598000 63.6036
1599000 63.6008
1600000 63.5992
1601000 63.5965
1602000 63.6041
1603000 63.5935
1604000 63.5976
1605000 63.5946
1606000 63.5926
1607000 63.5913
1608000 63.5889
1609000 63.5772
1610000 63.5632
1611000 63.5809
1612000 63.5879
1613000 63.5837
1614000 63.5803
1615000 63.5815
1616000 63.5812
1617000 63.5743
1618000 63.5722
1619000 63.5667
1620000 63.5613
1621000 63.5604
1622000 63.5502
1623000 63.5436
1624000 63.5424
1625000 63.5486
1626000 63.55
1627000 63.5542
1628000 63.554
1629000 63.5623
1630000 63.5591
1631000 63.5694
1632000 63.5682
1633000 63.5654
1634000 63.5623
1635000 63.5686
1636000 63.5634
1637000 63.556
1638000 63.5558
1639000 63.5503
1640000 63.5469
1641000 63.5619
1642000 63.5636
1643000 63.5519
1644000 63.5522
1645000 63.548
1646000 63.5509
1647000 63.5478
1648000 63.5519
1649000 63.5333
1650000 63.5342
1651000 63.5319
1652000 63.5469
1653000 63.5381
1654000 63.5334
1655000 63.5284
1656000 63.516
1657000 63.5116
1658000 63.5104
1659000 63.5167
1660000 63.5075
1661000 63.5034
1662000 63.5139
1663000 63.5201
1664000 63.5151
1665000 63.5266
1666000 63.5334
1667000 63.5344
1668000 63.5389
1669000 63.5486
1670000 63.5338
1671000 63.5341
1672000 63.5163
1673000 63.5045
1674000 63.5161
1675000 63.5191
1676000 63.5138
1677000 63.5209
1678000 63.5283
1679000 63.5471
1680000 63.557
1681000 63.572
1682000 63.5649
1683000 63.5632
1684000 63.5689
1685000 63.56
1686000 63.5594
1687000 63.5598
1688000 63.5667
1689000 63.5587
1690000 63.5608
1691000 63.563
1692000 63.566
1693000 63.5557
1694000 63.5658
1695000 63.5835
1696000 63.5959
1697000 63.5942
1698000 63.6029
1699000 63.6098
1700000 63.6022
1701000 63.6064
1702000 63.5887
1703000 63.5894
1704000 63.5889
1705000 63.5849
1706000 63.5787
1707000 63.5758
1708000 63.5752
1709000 63.5842
1710000 63.596
1711000 63.601
1712000 63.6077
1713000 63.6186
1714000 63.6261
1715000 63.6261
1716000 63.6322
1717000 63.6398
1718000 63.6377
1719000 63.6354
1720000 63.6425
1721000 63.6318
1722000 63.6369
1723000 63.6425
1724000 63.6518
1725000 63.6482
1726000 63.6434
1727000 63.6366
1728000 63.6285
1729000 63.6336
1730000 63.6356
1731000 63.6469
1732000 63.6444
1733000 63.6602
1734000 63.66
1735000 63.6701
1736000 63.6635
1737000 63.6532
1738000 63.6532
1739000 63.65
1740000 63.654
1741000 63.6463
1742000 63.6473
1743000 63.6565
1744000 63.6589
1745000 63.6717
1746000 63.6753
1747000 63.6718
1748000 63.6743
1749000 63.6802
1750000 63.6875
1751000 63.6828
1752000 63.6752
1753000 63.6787
1754000 63.673
1755000 63.6868
1756000 63.6843
1757000 63.6907
1758000 63.6848
1759000 63.6857
1760000 63.6827
1761000 63.6768
1762000 63.6698
1763000 63.66
1764000 63.6555
1765000 63.6668
1766000 63.6672
1767000 63.664
1768000 63.6525
1769000 63.6472
1770000 63.6555
1771000 63.6528
1772000 63.6501
1773000 63.6462
1774000 63.65
1775000 63.6611
1776000 63.6576
1777000 63.6582
1778000 63.6592
1779000 63.6539
1780000 63.6489
1781000 63.6489
1782000 63.6526
1783000 63.6476
1784000 63.6359
1785000 63.6284
1786000 63.6295
1787000 63.629
1788000 63.6361
1789000 63.6366
1790000 63.6392
1791000 63.6232
1792000 63.6133
1793000 63.6229
1794000 63.6131
1795000 63.5951
1796000 63.593
1797000 63.6092
1798000 63.6095
1799000 63.6125
1800000 63.6118
1801000 63.6049
1802000 63.616
1803000 63.6191
1804000 63.6247
1805000 63.6355
1806000 63.6376
1807000 63.647
1808000 63.6471
1809000 63.6423
1810000 63.6411
1811000 63.644
1812000 63.6372
1813000 63.6386
1814000 63.6431
1815000 63.6377
1816000 63.6522
1817000 63.6559
1818000 63.6499
1819000 63.6429
1820000 63.6443
1821000 63.6583
1822000 63.6609
1823000 63.6646
1824000 63.6707
1825000 63.6633
1826000 63.6754
1827000 63.6817
1828000 63.6794
1829000 63.6898
1830000 63.7018
1831000 63.7092
1832000 63.7086
1833000 63.7095
1834000 63.7158
1835000 63.7154
1836000 63.7149
1837000 63.7295
1838000 63.7204
1839000 63.728
1840000 63.741
1841000 63.7441
1842000 63.7354
1843000 63.7326
1844000 63.7273
1845000 63.7306
1846000 63.7135
1847000 63.727
1848000 63.7366
1849000 63.7473
1850000 63.7404
1851000 63.7291
1852000 63.7341
1853000 63.7293
1854000 63.731
1855000 63.7379
1856000 63.7438
1857000 63.7324
1858000 63.7188
1859000 63.7231
1860000 63.7221
1861000 63.7107
1862000 63.7105
1863000 63.706
1864000 63.7105
1865000 63.6948
1866000 63.6925
1867000 63.7102
1868000 63.7004
1869000 63.6988
1870000 63.7081
1871000 63.699
1872000 63.7074
1873000 63.6942
1874000 63.699
1875000 63.6872
1876000 63.6932
1877000 63.6857
1878000 63.6921
1879000 63.6928
1880000 63.6914
1881000 63.6989
1882000 63.7114
1883000 63.718
1884000 63.7143
1885000 63.7111
1886000 63.7154
1887000 63.7179
1888000 63.7095
1889000 63.7089
1890000 63.7022
1891000 63.6879
1892000 63.6879
1893000 63.6874
1894000 63.6958
1895000 63.7017
1896000 63.6999
1897000 63.6956
1898000 63.6947
1899000 63.6936
1900000 63.6947
1901000 63.6971
1902000 63.7057
1903000 63.7135
1904000 63.714
1905000 63.7161
1906000 63.7084
1907000 63.7112
1908000 63.7166
1909000 63.7218
1910000 63.7165
1911000 63.7245
1912000 63.7194
1913000 63.7199
1914000 63.7236
1915000 63.7205
1916000 63.7182
1917000 63.717
1918000 63.7163
1919000 63.716
1920000 63.714
1921000 63.7159
1922000 63.7182
1923000 63.7078
1924000 63.7098
1925000 63.708
1926000 63.7102
1927000 63.7166
1928000 63.7115
1929000 63.7194
1930000 63.7296
1931000 63.729
1932000 63.7184
1933000 63.7108
1934000 63.7122
1935000 63.7302
1936000 63.7221
1937000 63.7252
1938000 63.7288
1939000 63.7402
1940000 63.7368
1941000 63.7383
1942000 63.7458
1943000 63.7425
1944000 63.7465
1945000 63.7435
1946000 63.738
1947000 63.7278
1948000 63.7221
1949000 63.7256
1950000 63.7228
1951000 63.7238
1952000 63.7281
1953000 63.7311
1954000 63.7286
1955000 63.7286
1956000 63.7207
1957000 63.7161
1958000 63.7178
1959000 63.7129
1960000 63.7045
1961000 63.6949
1962000 63.6834
1963000 63.701
1964000 63.6906
1965000 63.6946
1966000 63.7023
1967000 63.7031
1968000 63.6921
1969000 63.6898
1970000 63.6897
1971000 63.6847
1972000 63.6798
1973000 63.6772
1974000 63.6785
1975000 63.6832
1976000 63.6746
1977000 63.6738
1978000 63.6724
1979000 63.6681
1980000 63.6785
1981000 63.6854
1982000 63.6788
1983000 63.6818
1984000 63.6862
1985000 63.6843
1986000 63.6968
1987000 63.6957
1988000 63.682
1989000 63.6852
1990000 63.6773
1991000 63.6862
1992000 63.689
1993000 63.6854
1994000 63.6866
1995000 63.6874
1996000 63.6939
1997000 63.7011
1998000 63.6951
1999000 63.6949
2000000 63.7037
2001000 63.7174
2002000 63.7176
2003000 63.7012
2004000 63.6893
2005000 63.683
2006000 63.6792
2007000 63.6695
2008000 63.6776
2009000 63.674
2010000 63.6853
2011000 63.689
2012000 63.6829
2013000 63.6795
2014000 63.6802
2015000 63.6787
2016000 63.6884
2017000 63.6866
2018000 63.7034
2019000 63.7131
2020000 63.7157
2021000 63.7178
2022000 63.7242
2023000 63.7197
2024000 63.7196
2025000 63.7153
2026000 63.7231
2027000 63.727
2028000 63.7392
2029000 63.7403
2030000 63.7491
2031000 63.7556
2032000 63.7486
2033000 63.7349
2034000 63.7238
2035000 63.7275
2036000 63.7304
2037000 63.7171
2038000 63.7123
2039000 63.7161
2040000 63.7034
2041000 63.6973
2042000 63.7018
2043000 63.6962
2044000 63.6994
2045000 63.7082
2046000 63.7139
2047000 63.7139
2048000 63.7135
2049000 63.7121
2050000 63.7142
2051000 63.7121
2052000 63.715
2053000 63.7179
2054000 63.7106
2055000 63.7151
2056000 63.7086
2057000 63.7047
2058000 63.6998
2059000 63.7021
2060000 63.6922
2061000 63.6829
2062000 63.6814
2063000 63.6822
2064000 63.6887
2065000 63.6873
2066000 63.6873
2067000 63.6858
2068000 63.6849
2069000 63.694
2070000 63.6992
2071000 63.7164
2072000 63.7195
2073000 63.7194
2074000 63.7181
2075000 63.7247
2076000 63.7152
2077000 63.7215
2078000 63.7257
2079000 63.7271
2080000 63.7256
2081000 63.7179
2082000 63.7193
2083000 63.7152
2084000 63.7102
2085000 63.7084
2086000 63.7093
2087000 63.7055
2088000 63.6945
2089000 63.6971
2090000 63.7007
2091000 63.7062
2092000 63.7098
2093000 63.715
2094000 63.7246
2095000 63.7175
2096000 63.7106
2097000 63.7088
2098000 63.7105
2099000 63.7127
2100000 63.7156
2101000 63.7224
2102000 63.7217
2103000 63.7165
2104000 63.7172
2105000 63.7061
2106000 63.7035
2107000 63.7109
2108000 63.7151
2109000 63.7144
2110000 63.7083
2111000 63.7056
2112000 63.7062
2113000 63.7101
2114000 63.7118
2115000 63.7072
2116000 63.7182
2117000 63.7116
2118000 63.7143
2119000 63.7103
2120000 63.7127
2121000 63.711
2122000 63.7154
2123000 63.7241
2124000 63.7269
2125000 63.7267
2126000 63.7364
2127000 63.7375
2128000 63.737
2129000 63.7377
2130000 63.7436
2131000 63.7504
2132000 63.7529
2133000 63.7618
2134000 63.7643
2135000 63.7658
2136000 63.7743
2137000 63.7734
2138000 63.7687
2139000 63.7745
2140000 63.7695
2141000 63.7611
2142000 63.7556
2143000 63.7519
2144000 63.7565
2145000 63.7669
2146000 63.7736
2147000 63.7716
2148000 63.7725
2149000 63.7742
2150000 63.777
2151000 63.7787
2152000 63.7814
2153000 63.7903
2154000 63.7949
2155000 63.7905
2156000 63.7796
2157000 63.7806
2158000 63.7756
2159000 63.7786
2160000 63.7789
2161000 63.791
2162000 63.7972
2163000 63.8014
2164000 63.7964
2165000 63.7919
2166000 63.7912
2167000 63.7883
2168000 63.7843
2169000 63.7858
2170000 63.7858
2171000 63.7824
2172000 63.7839
2173000 63.7767
2174000 63.779
2175000 63.7798
2176000 63.767
2177000 63.7762
2178000 63.7747
2179000 63.7723
2180000 63.7764
2181000 63.7792
2182000 63.7839
2183000 63.7829
2184000 63.7811
2185000 63.7809
2186000 63.7696
2187000 63.7736
2188000 63.7705
2189000 63.7827
2190000 63.781
2191000 63.7818
2192000 63.7741
2193000 63.7685
2194000 63.7657
2195000 63.7588
2196000 63.7506
2197000 63.7546
2198000 63.7529
2199000 63.7639
2200000 63.7694
2201000 63.773
