# Time-averaged data for fix pressrun
# TimeStep v_P
202000 362.547
203000 366.436
204000 365.237
205000 363.293
206000 362.924
207000 361.999
208000 362.407
209000 362.896
210000 363.054
211000 363.778
212000 363.664
213000 363.331
214000 362.622
215000 362.799
216000 362.715
217000 362.947
218000 363.094
219000 363.578
220000 363.666
221000 363.872
222000 363.167
223000 363.102
224000 363.116
225000 363.002
226000 363.225
227000 363.071
228000 362.896
229000 362.917
230000 362.976
231000 362.9
232000 362.903
233000 362.874
234000 362.587
235000 362.542
236000 362.544
237000 362.357
238000 362.412
239000 362.39
240000 362.325
241000 362.208
242000 362.074
243000 361.959
244000 361.939
245000 361.982
246000 361.983
247000 362.057
248000 361.904
249000 361.882
250000 362.021
251000 362.085
252000 362.072
253000 362.215
254000 362.186
255000 362.111
256000 362.045
257000 362.052
258000 362.015
259000 362.079
260000 362.069
261000 362.066
262000 362.14
263000 362.18
264000 362.124
265000 362.103
266000 362.064
267000 362.075
268000 361.98
269000 362.02
270000 361.985
271000 362.042
272000 362.043
273000 362.095
274000 362.107
275000 362.113
276000 362.095
277000 361.981
278000 361.891
279000 361.957
280000 361.979
281000 361.966
282000 362.028
283000 361.986
284000 362.006
285000 362.047
286000 361.993
287000 362.03
288000 361.965
289000 361.936
290000 361.946
291000 361.904
292000 361.945
293000 361.89
294000 361.912
295000 361.859
296000 361.83
297000 361.841
298000 361.902
299000 361.919
300000 361.89
301000 361.987
302000 361.915
303000 361.859
304000 361.881
305000 361.891
306000 361.845
307000 361.78
308000 361.811
309000 361.859
310000 361.817
311000 361.88
312000 361.889
313000 361.862
314000 361.919
315000 361.957
316000 361.942
317000 361.911
318000 361.872
319000 361.861
320000 361.926
321000 361.941
322000 361.924
323000 361.937
324000 361.951
325000 361.906
326000 361.894
327000 361.851
328000 361.823
329000 361.801
330000 361.845
331000 361.827
332000 361.811
333000 361.797
334000 361.791
335000 361.769
336000 361.751
337000 361.807
338000 361.795
339000 361.805
340000 361.837
341000 361.82
342000 361.814
343000 361.78
344000 361.783
345000 361.781
346000 361.796
347000 361.798
348000 361.8
349000 361.78
350000 361.831
351000 361.84
352000 361.868
353000 361.898
354000 361.861
355000 361.879
356000 361.883
357000 361.891
358000 361.949
359000 361.95
360000 361.938
361000 361.913
362000 361.862
363000 361.841
364000 361.801
365000 361.741
366000 361.767
367000 361.796
368000 361.801
369000 361.84
370000 361.848
371000 361.793
372000 361.797
373000 361.777
374000 361.766
375000 361.776
376000 361.811
377000 361.829
378000 361.834
379000 361.839
380000 361.81
381000 361.829
382000 361.825
383000 361.868
384000 361.895
385000 361.878
386000 361.872
387000 361.895
388000 361.896
389000 361.899
390000 361.898
391000 361.906
392000 361.921
393000 361.943
394000 361.91
395000 361.904
396000 361.905
397000 361.945
398000 361.977
399000 361.98
400000 361.945
401000 361.958
402000 361.975
403000 361.973
404000 361.982
405000 361.968
406000 361.947
407000 361.916
408000 361.898
409000 361.904
410000 361.93
411000 361.966
412000 361.987
413000 361.951
414000 361.966
415000 361.963
416000 361.952
417000 361.932
418000 361.914
419000 361.896
420000 361.907
421000 361.897
422000 361.892
423000 361.895
424000 361.889
425000 361.932
426000 361.912
427000 361.914
428000 361.932
429000 361.944
430000 361.935
431000 361.911
432000 361.92
433000 361.93
434000 361.934
435000 361.917
436000 361.938
437000 361.923
438000 361.935
439000 361.95
440000 361.957
441000 361.949
442000 361.967
443000 361.98
444000 361.971
445000 361.984
446000 361.98
447000 361.967
448000 361.979
449000 361.973
450000 362.009
451000 361.995
452000 362.013
453000 362.035
454000 362.055
455000 362.046
456000 362.04
457000 362.053
458000 362.061
459000 362.073
460000 362.045
461000 362.068
462000 362.077
463000 362.092
464000 362.074
465000 362.072
466000 362.067
467000 362.063
468000 362.022
469000 361.994
470000 361.974
471000 361.943
472000 361.933
473000 361.936
474000 361.934
475000 361.925
476000 361.942
477000 361.95
478000 361.944
479000 361.932
480000 361.949
481000 361.945
482000 361.958
483000 361.969
484000 361.978
485000 361.96
486000 361.949
487000 361.947
488000 361.932
489000 361.926
490000 361.945
491000 361.956
492000 361.946
493000 361.952
494000 361.964
495000 361.953
496000 361.928
497000 361.954
498000 361.971
499000 361.991
500000 361.975
501000 361.99
502000 361.977
503000 361.988
504000 361.99
505000 361.991
506000 362.003
507000 362.015
508000 362.004
509000 362.008
510000 362
511000 362.004
512000 361.999
513000 361.968
514000 361.979
515000 361.98
516000 361.987
517000 362.006
518000 361.997
519000 361.974
520000 361.973
521000 361.966
522000 361.992
523000 361.98
524000 361.966
525000 361.981
526000 361.972
527000 361.986
528000 362.002
529000 362.018
530000 362.004
531000 361.997
532000 362.004
533000 361.991
534000 361.993
535000 361.981
536000 361.981
537000 361.976
538000 361.972
539000 361.974
540000 361.973
541000 361.97
542000 361.955
543000 361.943
544000 361.934
545000 361.927
546000 361.915
547000 361.875
548000 361.897
549000 361.907
550000 361.915
551000 361.917
552000 361.904
553000 361.916
554000 361.913
555000 361.917
556000 361.925
557000 361.929
558000 361.935
559000 361.94
560000 361.943
561000 361.956
562000 361.941
563000 361.94
564000 361.948
565000 361.938
566000 361.942
567000 361.949
568000 361.954
569000 361.939
570000 361.948
571000 361.955
572000 361.963
573000 361.959
574000 361.942
575000 361.93
576000 361.941
577000 361.93
578000 361.946
579000 361.953
580000 361.961
581000 361.96
582000 361.957
583000 361.959
584000 361.959
585000 361.96
586000 361.95
587000 361.972
588000 361.96
589000 361.959
590000 361.947
591000 361.935
592000 361.959
593000 361.965
594000 361.944
595000 361.938
596000 361.942
597000 361.947
598000 361.951
599000 361.954
600000 361.961
601000 361.956
602000 361.947
603000 361.935
604000 361.927
605000 361.929
606000 361.934
607000 361.932
608000 361.957
609000 361.938
610000 361.945
611000 361.951
612000 361.955
613000 361.945
614000 361.935
615000 361.941
616000 361.941
617000 361.93
618000 361.939
619000 361.938
620000 361.951
621000 361.943
622000 361.951
623000 361.949
624000 361.947
625000 361.951
626000 361.971
627000 361.985
628000 361.981
629000 361.984
630000 361.99
631000 361.988
632000 361.971
633000 361.969
634000 361.956
635000 361.949
636000 361.93
637000 361.96
638000 361.962
639000 361.959
640000 361.955
641000 361.964
642000 361.972
643000 361.964
644000 361.962
645000 361.969
646000 361.975
647000 361.976
648000 361.974
649000 361.975
650000 361.986
651000 361.971
652000 361.96
653000 361.95
654000 361.953
655000 361.947
656000 361.951
657000 361.948
658000 361.951
659000 361.952
660000 361.941
661000 361.95
662000 361.957
663000 361.948
664000 361.945
665000 361.942
666000 361.955
667000 361.956
668000 361.956
669000 361.943
670000 361.928
671000 361.925
672000 361.913
673000 361.922
674000 361.925
675000 361.926
676000 361.919
677000 361.923
678000 361.923
679000 361.929
680000 361.936
681000 361.94
682000 361.941
683000 361.946
684000 361.943
685000 361.933
686000 361.92
687000 361.918
688000 361.918
689000 361.922
690000 361.919
691000 361.936
692000 361.923
693000 361.922
694000 361.944
695000 361.936
696000 361.935
697000 361.94
698000 361.943
699000 361.95
700000 361.947
701000 361.935
702000 361.923
703000 361.937
704000 361.941
705000 361.938
706000 361.945
707000 361.93
708000 361.927
709000 361.945
710000 361.954
711000 361.948
712000 361.94
713000 361.936
714000 361.944
715000 361.947
716000 361.954
717000 361.949
718000 361.938
719000 361.924
720000 361.919
721000 361.921
722000 361.924
723000 361.924
724000 361.924
725000 361.923
726000 361.925
727000 361.925
728000 361.923
729000 361.933
730000 361.947
731000 361.94
732000 361.933
733000 361.94
734000 361.935
735000 361.935
736000 361.928
737000 361.928
738000 361.931
739000 361.933
740000 361.939
741000 361.92
742000 361.929
743000 361.936
744000 361.945
745000 361.956
746000 361.951
747000 361.951
748000 361.947
749000 361.954
750000 361.96
751000 361.947
752000 361.941
753000 361.925
754000 361.923
755000 361.926
756000 361.931
757000 361.927
758000 361.919
759000 361.923
760000 361.929
761000 361.932
762000 361.925
763000 361.927
764000 361.945
765000 361.954
766000 361.947
767000 361.94
768000 361.932
769000 361.934
770000 361.934
771000 361.943
772000 361.948
773000 361.943
774000 361.946
775000 361.95
776000 361.946
777000 361.956
778000 361.95
779000 361.962
780000 361.97
781000 361.987
782000 361.988
783000 362
784000 361.99
785000 361.988
786000 361.978
787000 361.963
788000 361.962
789000 361.968
790000 361.961
791000 361.962
792000 361.969
793000 361.971
794000 361.977
795000 361.982
796000 361.981
797000 361.969
798000 361.955
799000 361.943
800000 361.939
801000 361.931
802000 361.923
803000 361.92
804000 361.922
805000 361.918
806000 361.912
807000 361.908
808000 361.906
809000 361.905
810000 361.897
811000 361.897
812000 361.887
813000 361.888
814000 361.888
815000 361.895
816000 361.891
817000 361.887
818000 361.883
819000 361.89
820000 361.888
821000 361.893
822000 361.894
823000 361.89
824000 361.891
825000 361.907
826000 361.909
827000 361.908
828000 361.907
829000 361.911
830000 361.902
831000 361.907
832000 361.897
833000 361.893
834000 361.902
835000 361.904
836000 361.909
837000 361.9
838000 361.903
839000 361.915
840000 361.927
841000 361.928
842000 361.934
843000 361.939
844000 361.934
845000 361.938
846000 361.951
847000 361.946
848000 361.936
849000 361.932
850000 361.928
851000 361.926
852000 361.935
853000 361.935
854000 361.941
855000 361.939
856000 361.942
857000 361.944
858000 361.952
859000 361.946
860000 361.952
861000 361.945
862000 361.95
863000 361.948
864000 361.946
865000 361.955
866000 361.959
867000 361.964
868000 361.977
869000 361.971
870000 361.973
871000 361.971
872000 361.962
873000 361.964
874000 361.967
875000 361.971
876000 361.968
877000 361.962
878000 361.959
879000 361.949
880000 361.954
881000 361.944
882000 361.947
883000 361.953
884000 361.941
885000 361.952
886000 361.941
887000 361.931
888000 361.938
889000 361.947
890000 361.953
891000 361.957
892000 361.961
893000 361.959
894000 361.957
895000 361.955
896000 361.957
897000 361.958
898000 361.952
899000 361.961
900000 361.954
901000 361.943
902000 361.94
903000 361.947
904000 361.952
905000 361.947
906000 361.956
907000 361.963
908000 361.969
909000 361.969
910000 361.975
911000 361.973
912000 361.963
913000 361.963
914000 361.966
915000 361.969
916000 361.972
917000 361.972
918000 361.971
919000 361.978
920000 361.979
921000 361.976
922000 361.975
923000 361.983
924000 361.98
925000 361.971
926000 361.973
927000 361.97
928000 361.973
929000 361.966
930000 361.964
931000 361.961
932000 361.959
933000 361.954
934000 361.955
935000 361.955
936000 361.943
937000 361.949
938000 361.943
939000 361.943
940000 361.943
941000 361.943
942000 361.943
943000 361.955
944000 361.95
945000 361.947
946000 361.94
947000 361.941
948000 361.937
949000 361.925
950000 361.921
951000 361.91
952000 361.908
953000 361.902
954000 361.906
955000 361.907
956000 361.906
957000 361.902
958000 361.901
959000 361.909
960000 361.907
961000 361.906
962000 361.919
963000 361.926
964000 361.927
965000 361.929
966000 361.933
967000 361.938
968000 361.921
969000 361.92
970000 361.912
971000 361.917
972000 361.907
973000 361.907
974000 361.911
975000 361.915
976000 361.918
977000 361.911
978000 361.916
979000 361.923
980000 361.913
981000 361.915
982000 361.918
983000 361.916
984000 361.916
985000 361.918
986000 361.923
987000 361.931
988000 361.936
989000 361.932
990000 361.929
991000 361.925
992000 361.92
993000 361.928
994000 361.934
995000 361.931
996000 361.936
997000 361.938
998000 361.938
999000 361.939
1000000 361.95
1001000 361.956
1002000 361.953
1003000 361.949
1004000 361.948
1005000 361.956
1006000 361.949
1007000 361.954
1008000 361.956
1009000 361.958
1010000 361.955
1011000 361.961
1012000 361.955
1013000 361.958
1014000 361.96
1015000 361.966
1016000 361.957
1017000 361.963
1018000 361.959
1019000 361.952
1020000 361.942
1021000 361.944
1022000 361.951
1023000 361.948
1024000 361.946
1025000 361.944
1026000 361.944
1027000 361.942
1028000 361.938
1029000 361.939
1030000 361.935
1031000 361.937
1032000 361.937
1033000 361.939
1034000 361.937
1035000 361.936
1036000 361.936
1037000 361.936
1038000 361.937
1039000 361.942
1040000 361.943
1041000 361.942
1042000 361.946
1043000 361.948
1044000 361.948
1045000 361.946
1046000 361.948
1047000 361.947
1048000 361.949
1049000 361.952
1050000 361.952
1051000 361.941
1052000 361.945
1053000 361.949
1054000 361.957
1055000 361.967
1056000 361.97
1057000 361.98
1058000 361.988
1059000 361.995
1060000 361.999
1061000 362.002
1062000 362.007
1063000 362.002
1064000 362.002
1065000 362.009
1066000 362
1067000 362
1068000 362.002
1069000 362.005
1070000 362.016
1071000 362.013
1072000 362.016
1073000 362.012
1074000 362.016
1075000 362.012
1076000 362.016
1077000 362.018
1078000 362.013
1079000 362.006
1080000 362.015
1081000 362.023
1082000 362.019
1083000 362.018
1084000 362.02
1085000 362.014
1086000 362.008
1087000 362.011
1088000 362.01
1089000 362.012
1090000 362.004
1091000 362.006
1092000 362.004
1093000 362.01
1094000 362.006
1095000 362.008
1096000 362.007
1097000 362.007
1098000 362.005
1099000 362.008
1100000 362.008
1101000 362.004
1102000 362.004
1103000 362.005
1104000 362.002
1105000 361.992
1106000 361.998
1107000 361.998
1108000 361.993
1109000 361.992
1110000 361.994
1111000 361.995
1112000 361.999
1113000 362.001
1114000 361.999
1115000 361.997
1116000 361.999
1117000 362.003
1118000 362.008
1119000 362.003
1120000 362.003
1121000 362.009
1122000 362.012
1123000 362.018
1124000 362.018
1125000 362.018
1126000 362.008
1127000 362.005
1128000 362.002
1129000 362.003
1130000 361.995
1131000 361.994
1132000 361.999
1133000 361.997
1134000 361.991
1135000 361.991
1136000 361.998
1137000 361.987
1138000 361.991
1139000 361.991
1140000 361.991
1141000 361.979
1142000 361.978
1143000 361.982
1144000 361.986
1145000 361.982
1146000 361.98
1147000 361.977
1148000 361.98
1149000 361.987
1150000 361.997
1151000 362
1152000 362.003
1153000 362.009
1154000 362.011
1155000 362.007
1156000 362.004
1157000 362.004
1158000 362.004
1159000 362.013
1160000 362.011
1161000 362.01
1162000 362.013
1163000 362.016
1164000 362.016
1165000 362.021
1166000 362.023
1167000 362.021
1168000 362.015
1169000 362.006
1170000 362.006
1171000 362.008
1172000 362.017
1173000 362.016
1174000 362.012
1175000 362.022
1176000 362.029
1177000 362.035
1178000 362.036
1179000 362.037
1180000 362.037
1181000 362.038
1182000 362.043
1183000 362.045
1184000 362.045
1185000 362.045
1186000 362.049
1187000 362.059
1188000 362.055
1189000 362.058
1190000 362.056
1191000 362.054
1192000 362.052
1193000 362.05
1194000 362.043
1195000 362.04
1196000 362.041
1197000 362.045
1198000 362.046
1199000 362.038
1200000 362.042
1201000 362.043
1202000 362.041
1203000 362.04
1204000 362.036
1205000 362.036
1206000 362.033
1207000 362.03
1208000 362.023
1209000 362.026
1210000 362.021
1211000 362.02
1212000 362.018
1213000 362.016
1214000 362.012
1215000 362.003
1216000 362
1217000 362.007
1218000 362.007
1219000 362.011
1220000 362.001
1221000 362.009
1222000 362.011
1223000 362.009
1224000 362.01
1225000 362.021
1226000 362.027
1227000 362.022
1228000 362.024
1229000 362.025
1230000 362.028
1231000 362.027
1232000 362.026
1233000 362.03
1234000 362.034
1235000 362.031
1236000 362.032
1237000 362.032
1238000 362.033
1239000 362.022
1240000 362.021
1241000 362.017
1242000 362.022
1243000 362.021
1244000 362.024
1245000 362.024
1246000 362.023
1247000 362.022
1248000 362.02
1249000 362.021
1250000 362.02
1251000 362.021
1252000 362.021
1253000 362.021
1254000 362.018
1255000 362.017
1256000 362.018
1257000 362.028
1258000 362.03
1259000 362.033
1260000 362.028
1261000 362.035
1262000 362.027
1263000 362.027
1264000 362.028
1265000 362.027
1266000 362.039
1267000 362.037
1268000 362.038
1269000 362.04
1270000 362.047
1271000 362.051
1272000 362.05
1273000 362.051
1274000 362.058
1275000 362.055
1276000 362.058
1277000 362.058
1278000 362.05
1279000 362.059
1280000 362.052
1281000 362.043
1282000 362.04
1283000 362.049
1284000 362.044
1285000 362.049
1286000 362.055
1287000 362.055
1288000 362.052
1289000 362.044
1290000 362.039
1291000 362.041
1292000 362.039
1293000 362.041
1294000 362.047
1295000 362.05
1296000 362.046
1297000 362.049
1298000 362.045
1299000 362.038
1300000 362.037
1301000 362.041
1302000 362.044
1303000 362.044
1304000 362.047
1305000 362.055
1306000 362.059
1307000 362.056
1308000 362.054
1309000 362.057
1310000 362.064
1311000 362.058
1312000 362.062
1313000 362.063
1314000 362.064
1315000 362.069
1316000 362.068
1317000 362.062
1318000 362.068
1319000 362.067
1320000 362.065
1321000 362.067
1322000 362.071
1323000 362.066
1324000 362.068
1325000 362.065
1326000 362.061
1327000 362.054
1328000 362.051
1329000 362.053
1330000 362.054
1331000 362.053
1332000 362.058
1333000 362.06
1334000 362.059
1335000 362.058
1336000 362.061
1337000 362.068
1338000 362.071
1339000 362.069
1340000 362.073
1341000 362.073
1342000 362.075
1343000 362.079
1344000 362.077
1345000 362.077
1346000 362.078
1347000 362.079
1348000 362.082
1349000 362.08
1350000 362.079
1351000 362.082
1352000 362.082
1353000 362.088
1354000 362.086
1355000 362.089
1356000 362.093
1357000 362.096
1358000 362.098
1359000 362.1
1360000 362.101
1361000 362.106
1362000 362.106
1363000 362.107
1364000 362.106
1365000 362.099
1366000 362.095
1367000 362.09
1368000 362.09
1369000 362.089
1370000 362.086
1371000 362.092
1372000 362.09
1373000 362.089
1374000 362.083
1375000 362.087
1376000 362.085
1377000 362.088
1378000 362.083
1379000 362.076
1380000 362.078
1381000 362.081
1382000 362.081
1383000 362.077
1384000 362.075
1385000 362.081
1386000 362.081
1387000 362.079
1388000 362.08
1389000 362.078
1390000 362.078
1391000 362.083
1392000 362.082
1393000 362.089
1394000 362.08
1395000 362.083
1396000 362.085
1397000 362.087
1398000 362.083
1399000 362.082
1400000 362.082
1401000 362.089
1402000 362.087
1403000 362.081
1404000 362.078
1405000 362.079
1406000 362.075
1407000 362.072
1408000 362.072
1409000 362.073
1410000 362.071
1411000 362.068
1412000 362.076
1413000 362.077
1414000 362.075
1415000 362.075
1416000 362.072
1417000 362.072
1418000 362.074
1419000 362.074
1420000 362.075
1421000 362.076
1422000 362.071
1423000 362.071
1424000 362.067
1425000 362.062
1426000 362.064
1427000 362.065
1428000 362.063
1429000 362.062
1430000 362.062
1431000 362.061
1432000 362.057
1433000 362.057
1434000 362.052
1435000 362.05
1436000 362.053
1437000 362.054
1438000 362.059
1439000 362.054
1440000 362.057
1441000 362.064
1442000 362.065
1443000 362.067
1444000 362.069
1445000 362.071
1446000 362.07
1447000 362.069
1448000 362.073
1449000 362.067
1450000 362.074
1451000 362.071
1452000 362.074
1453000 362.076
1454000 362.073
1455000 362.079
1456000 362.079
1457000 362.085
1458000 362.091
1459000 362.09
1460000 362.096
1461000 362.095
1462000 362.101
1463000 362.099
1464000 362.098
1465000 362.098
1466000 362.106
1467000 362.105
1468000 362.106
1469000 362.106
1470000 362.102
1471000 362.104
1472000 362.108
1473000 362.109
1474000 362.113
1475000 362.113
1476000 362.113
1477000 362.113
1478000 362.114
1479000 362.113
1480000 362.113
1481000 362.108
1482000 362.106
1483000 362.109
1484000 362.109
1485000 362.11
1486000 362.106
1487000 362.106
1488000 362.106
1489000 362.106
1490000 362.109
1491000 362.105
1492000 362.102
1493000 362.103
1494000 362.101
1495000 362.1
1496000 362.106
1497000 362.103
1498000 362.101
1499000 362.097
1500000 362.096
1501000 362.093
1502000 362.089
1503000 362.086
1504000 362.084
1505000 362.088
1506000 362.087
1507000 362.085
1508000 362.092
1509000 362.096
1510000 362.095
1511000 362.092
1512000 362.093
1513000 362.099
1514000 362.102
1515000 362.098
1516000 362.108
1517000 362.116
1518000 362.115
1519000 362.114
1520000 362.112
1521000 362.114
1522000 362.116
1523000 362.117
1524000 362.121
1525000 362.123
1526000 362.132
1527000 362.131
1528000 362.132
1529000 362.137
1530000 362.143
1531000 362.143
1532000 362.141
1533000 362.139
1534000 362.137
1535000 362.14
1536000 362.142
1537000 362.131
1538000 362.133
1539000 362.13
1540000 362.128
1541000 362.125
1542000 362.126
1543000 362.128
1544000 362.126
1545000 362.13
1546000 362.133
1547000 362.13
1548000 362.129
1549000 362.131
1550000 362.133
1551000 362.135
1552000 362.136
1553000 362.14
1554000 362.14
1555000 362.139
1556000 362.143
1557000 362.14
1558000 362.137
1559000 362.136
1560000 362.136
1561000 362.136
1562000 362.136
1563000 362.129
1564000 362.127
1565000 362.126
1566000 362.118
1567000 362.121
1568000 362.121
1569000 362.124
1570000 362.123
1571000 362.125
1572000 362.126
1573000 362.124
1574000 362.125
1575000 362.127
1576000 362.129
1577000 362.127
1578000 362.126
1579000 362.127
1580000 362.126
1581000 362.126
1582000 362.13
1583000 362.122
1584000 362.123
1585000 362.129
1586000 362.128
1587000 362.131
1588000 362.132
1589000 362.133
1590000 362.134
1591000 362.133
1592000 362.134
1593000 362.136
1594000 362.135
1595000 362.132
1596000 362.134
1597000 362.133
1598000 362.133
1599000 362.13
1600000 362.13
1601000 362.133
1602000 362.134
1603000 362.14
1604000 362.138
1605000 362.138
1606000 362.137
1607000 362.136
1608000 362.138
1609000 362.132
1610000 362.132
1611000 362.133
1612000 362.138
1613000 362.138
1614000 362.134
1615000 362.135
1616000 362.136
1617000 362.137
1618000 362.136
1619000 362.134
1620000 362.134
1621000 362.129
1622000 362.128
1623000 362.124
1624000 362.125
1625000 362.126
1626000 362.122
1627000 362.123
1628000 362.126
1629000 362.129
1630000 362.12
1631000 362.115
1632000 362.121
1633000 362.121
1634000 362.121
1635000 362.119
1636000 362.117
1637000 362.112
1638000 362.11
1639000 362.112
1640000 362.115
1641000 362.119
1642000 362.114
1643000 362.115
1644000 362.115
1645000 362.108
1646000 362.105
1647000 362.107
1648000 362.11
1649000 362.111
1650000 362.112
1651000 362.108
1652000 362.11
1653000 362.114
1654000 362.116
1655000 362.113
1656000 362.114
1657000 362.114
1658000 362.117
1659000 362.117
1660000 362.118
1661000 362.117
1662000 362.114
1663000 362.115
1664000 362.115
1665000 362.115
1666000 362.109
1667000 362.109
1668000 362.107
1669000 362.106
1670000 362.104
1671000 362.106
1672000 362.108
1673000 362.105
1674000 362.107
1675000 362.103
1676000 362.101
1677000 362.1
1678000 362.102
1679000 362.102
1680000 362.102
1681000 362.102
1682000 362.103
1683000 362.108
1684000 362.108
1685000 362.107
1686000 362.106
1687000 362.109
1688000 362.109
1689000 362.111
1690000 362.107
1691000 362.104
1692000 362.105
1693000 362.11
1694000 362.109
1695000 362.105
1696000 362.105
1697000 362.103
1698000 362.108
1699000 362.106
1700000 362.104
1701000 362.103
1702000 362.098
1703000 362.094
1704000 362.096
1705000 362.097
1706000 362.098
1707000 362.101
1708000 362.099
1709000 362.102
1710000 362.102
1711000 362.101
1712000 362.102
1713000 362.103
1714000 362.104
1715000 362.106
1716000 362.106
1717000 362.107
1718000 362.109
1719000 362.111
1720000 362.11
1721000 362.106
1722000 362.105
1723000 362.106
1724000 362.104
1725000 362.102
1726000 362.102
1727000 362.1
1728000 362.098
1729000 362.1
1730000 362.095
1731000 362.093
1732000 362.095
1733000 362.095
1734000 362.091
1735000 362.096
1736000 362.095
1737000 362.093
1738000 362.093
1739000 362.094
1740000 362.097
1741000 362.096
1742000 362.097
1743000 362.102
1744000 362.1
1745000 362.097
1746000 362.098
1747000 362.1
1748000 362.098
1749000 362.099
1750000 362.096
1751000 362.093
1752000 362.094
1753000 362.097
1754000 362.101
1755000 362.1
1756000 362.1
1757000 362.104
1758000 362.104
1759000 362.104
1760000 362.106
1761000 362.107
1762000 362.111
1763000 362.109
1764000 362.113
1765000 362.113
1766000 362.112
1767000 362.112
1768000 362.115
1769000 362.116
1770000 362.117
1771000 362.122
1772000 362.119
1773000 362.121
1774000 362.119
1775000 362.124
1776000 362.119
1777000 362.116
1778000 362.12
1779000 362.119
1780000 362.12
1781000 362.123
1782000 362.123
1783000 362.124
1784000 362.123
1785000 362.12
1786000 362.122
1787000 362.119
1788000 362.117
1789000 362.116
1790000 362.117
1791000 362.117
1792000 362.118
1793000 362.115
1794000 362.118
1795000 362.121
1796000 362.117
1797000 362.113
1798000 362.115
1799000 362.115
1800000 362.111
1801000 362.114
1802000 362.112
1803000 362.111
1804000 362.112
1805000 362.109
1806000 362.109
1807000 362.107
1808000 362.106
1809000 362.105
1810000 362.101
1811000 362.098
1812000 362.098
1813000 362.097
1814000 362.095
1815000 362.091
1816000 362.098
1817000 362.098
1818000 362.097
1819000 362.099
1820000 362.101
1821000 362.098
1822000 362.102
1823000 362.102
1824000 362.1
1825000 362.097
1826000 362.094
1827000 362.093
1828000 362.093
1829000 362.097
1830000 362.099
1831000 362.104
1832000 362.11
1833000 362.112
1834000 362.11
1835000 362.113
1836000 362.112
1837000 362.109
1838000 362.107
1839000 362.108
1840000 362.111
1841000 362.115
1842000 362.115
1843000 362.108
1844000 362.113
1845000 362.113
1846000 362.112
1847000 362.11
1848000 362.111
1849000 362.115
1850000 362.114
1851000 362.113
1852000 362.113
1853000 362.114
1854000 362.113
1855000 362.109
1856000 362.11
1857000 362.111
1858000 362.109
1859000 362.107
1860000 362.112
1861000 362.111
1862000 362.109
1863000 362.107
1864000 362.106
1865000 362.107
1866000 362.109
1867000 362.107
1868000 362.11
1869000 362.108
1870000 362.105
1871000 362.109
1872000 362.11
1873000 362.113
1874000 362.115
1875000 362.119
1876000 362.121
1877000 362.119
1878000 362.119
1879000 362.122
1880000 362.123
1881000 362.122
1882000 362.125
1883000 362.126
1884000 362.122
1885000 362.124
1886000 362.124
1887000 362.128
1888000 362.124
1889000 362.122
1890000 362.121
1891000 362.121
1892000 362.121
1893000 362.119
1894000 362.119
1895000 362.12
1896000 362.125
1897000 362.125
1898000 362.13
1899000 362.132
1900000 362.125
1901000 362.12
1902000 362.121
1903000 362.117
1904000 362.117
1905000 362.121
1906000 362.122
1907000 362.123
1908000 362.127
1909000 362.129
1910000 362.129
1911000 362.125
1912000 362.128
1913000 362.126
1914000 362.124
1915000 362.126
1916000 362.126
1917000 362.127
1918000 362.13
1919000 362.127
1920000 362.122
1921000 362.119
1922000 362.118
1923000 362.111
1924000 362.109
1925000 362.108
1926000 362.105
1927000 362.103
1928000 362.109
1929000 362.107
1930000 362.112
1931000 362.111
1932000 362.11
1933000 362.107
1934000 362.108
1935000 362.106
1936000 362.107
1937000 362.102
1938000 362.104
1939000 362.103
1940000 362.106
1941000 362.106
1942000 362.105
1943000 362.104
1944000 362.104
1945000 362.104
1946000 362.104
1947000 362.107
1948000 362.108
1949000 362.108
1950000 362.108
1951000 362.109
1952000 362.109
1953000 362.108
1954000 362.108
1955000 362.106
1956000 362.106
1957000 362.103
1958000 362.107
1959000 362.11
1960000 362.107
1961000 362.104
1962000 362.101
1963000 362.098
1964000 362.1
1965000 362.101
1966000 362.098
1967000 362.098
1968000 362.094
1969000 362.09
1970000 362.089
1971000 362.09
1972000 362.09
1973000 362.089
1974000 362.089
1975000 362.09
1976000 362.093
1977000 362.094
1978000 362.091
1979000 362.094
1980000 362.096
1981000 362.098
1982000 362.097
1983000 362.098
1984000 362.099
1985000 362.097
1986000 362.097
1987000 362.103
1988000 362.105
1989000 362.106
1990000 362.108
1991000 362.111
1992000 362.112
1993000 362.117
1994000 362.12
1995000 362.122
1996000 362.126
1997000 362.128
1998000 362.123
1999000 362.125
2000000 362.124
2001000 362.121
2002000 362.121
2003000 362.122
2004000 362.123
2005000 362.126
2006000 362.121
2007000 362.117
2008000 362.114
2009000 362.114
2010000 362.113
2011000 362.112
2012000 362.113
2013000 362.112
2014000 362.11
2015000 362.111
2016000 362.11
2017000 362.112
2018000 362.11
2019000 362.113
2020000 362.111
2021000 362.109
2022000 362.105
2023000 362.104
2024000 362.099
2025000 362.097
2026000 362.097
2027000 362.097
2028000 362.097
2029000 362.095
2030000 362.093
2031000 362.094
2032000 362.093
2033000 362.095
2034000 362.1
2035000 362.102
2036000 362.101
2037000 362.096
2038000 362.099
2039000 362.098
2040000 362.097
2041000 362.095
2042000 362.095
2043000 362.094
2044000 362.091
2045000 362.091
2046000 362.088
2047000 362.088
2048000 362.085
2049000 362.083
2050000 362.085
2051000 362.084
2052000 362.082
2053000 362.077
2054000 362.077
2055000 362.08
2056000 362.077
2057000 362.081
2058000 362.078
2059000 362.075
2060000 362.072
2061000 362.068
2062000 362.068
2063000 362.069
2064000 362.062
2065000 362.059
2066000 362.059
2067000 362.059
2068000 362.058
2069000 362.055
2070000 362.054
2071000 362.053
2072000 362.057
2073000 362.056
2074000 362.06
2075000 362.058
2076000 362.062
2077000 362.065
2078000 362.065
2079000 362.07
2080000 362.069
2081000 362.071
2082000 362.069
2083000 362.069
2084000 362.069
2085000 362.072
2086000 362.07
2087000 362.068
2088000 362.069
2089000 362.066
2090000 362.067
2091000 362.064
2092000 362.06
2093000 362.059
2094000 362.058
2095000 362.06
2096000 362.061
2097000 362.06
2098000 362.06
2099000 362.059
2100000 362.061
2101000 362.058
2102000 362.062
2103000 362.058
2104000 362.061
2105000 362.061
2106000 362.06
2107000 362.058
2108000 362.058
2109000 362.06
2110000 362.064
2111000 362.063
2112000 362.068
2113000 362.069
2114000 362.073
2115000 362.074
2116000 362.074
2117000 362.072
2118000 362.074
2119000 362.071
2120000 362.071
2121000 362.07
2122000 362.07
2123000 362.073
2124000 362.078
2125000 362.079
2126000 362.084
2127000 362.08
2128000 362.077
2129000 362.08
2130000 362.078
2131000 362.078
2132000 362.075
2133000 362.07
2134000 362.071
2135000 362.07
2136000 362.07
2137000 362.069
2138000 362.071
2139000 362.069
2140000 362.069
2141000 362.065
2142000 362.067
2143000 362.068
2144000 362.068
2145000 362.068
2146000 362.065
2147000 362.066
2148000 362.065
2149000 362.066
2150000 362.066
2151000 362.064
2152000 362.064
2153000 362.062
2154000 362.061
2155000 362.063
2156000 362.062
2157000 362.061
2158000 362.06
2159000 362.057
2160000 362.056
2161000 362.054
2162000 362.059
2163000 362.061
2164000 362.06
2165000 362.06
2166000 362.059
2167000 362.061
2168000 362.062
2169000 362.067
2170000 362.066
2171000 362.063
2172000 362.062
2173000 362.064
2174000 362.062
2175000 362.062
2176000 362.063
2177000 362.062
2178000 362.063
2179000 362.063
2180000 362.065
2181000 362.067
2182000 362.064
2183000 362.064
2184000 362.066
2185000 362.067
2186000 362.069
2187000 362.072
2188000 362.077
2189000 362.073
2190000 362.071
2191000 362.071
2192000 362.07
2193000 362.069
2194000 362.066
2195000 362.061
2196000 362.062
2197000 362.063
2198000 362.062
2199000 362.062
2200000 362.062
