# Time-averaged data for fix pressrun
# TimeStep v_P
202000 46.0262
203000 44.937
204000 44.7781
205000 45.3173
206000 45.3164
207000 45.6844
208000 45.4086
209000 45.3251
210000 45.6232
211000 45.8383
212000 45.7842
213000 45.733
214000 45.813
215000 45.7363
216000 45.837
217000 45.8403
218000 45.8332
219000 45.8492
220000 45.901
221000 45.8486
222000 45.7919
223000 45.8679
224000 45.76
225000 45.8112
226000 45.764
227000 45.8026
228000 45.8174
229000 45.8005
230000 45.7797
231000 45.8319
232000 45.7339
233000 45.8193
234000 45.7762
235000 45.7653
236000 45.7153
237000 45.7232
238000 45.7174
239000 45.8152
240000 45.7912
241000 45.8234
242000 45.7895
243000 45.8224
244000 45.8057
245000 45.8582
246000 45.8547
247000 45.837
248000 45.8012
249000 45.7622
250000 45.7737
251000 45.7789
252000 45.7837
253000 45.7734
254000 45.7949
255000 45.7618
256000 45.7439
257000 45.7587
258000 45.769
259000 45.7835
260000 45.7765
261000 45.7799
262000 45.7888
263000 45.7432
264000 45.7302
265000 45.7404
266000 45.7472
267000 45.8003
268000 45.8081
269000 45.8384
270000 45.8629
271000 45.8519
272000 45.8728
273000 45.8763
274000 45.8566
275000 45.8849
276000 45.8402
277000 45.8458
278000 45.8576
279000 45.8515
280000 45.8474
281000 45.8485
282000 45.8469
283000 45.8581
284000 45.8803
285000 45.8904
286000 45.8892
287000 45.8975
288000 45.894
289000 45.8951
290000 45.8713
291000 45.8663
292000 45.8606
293000 45.8642
294000 45.868
295000 45.8437
296000 45.8358
297000 45.8474
298000 45.8519
299000 45.8715
300000 45.8654
301000 45.8622
302000 45.846
303000 45.8207
304000 45.8189
305000 45.807
306000 45.8015
307000 45.8059
308000 45.8032
309000 45.811
310000 45.7966
311000 45.8013
312000 45.815
313000 45.8085
314000 45.8279
315000 45.8146
316000 45.81
317000 45.8212
318000 45.826
319000 45.8115
320000 45.8148
321000 45.8168
322000 45.8091
323000 45.8052
324000 45.8179
325000 45.8229
326000 45.8007
327000 45.8153
328000 45.7985
329000 45.8038
330000 45.7963
331000 45.8177
332000 45.8217
333000 45.8131
334000 45.8012
335000 45.799
336000 45.7876
337000 45.7827
338000 45.789
339000 45.7729
340000 45.7799
341000 45.7908
342000 45.7839
343000 45.7736
344000 45.7644
345000 45.7617
346000 45.7682
347000 45.7624
348000 45.7626
349000 45.7563
350000 45.757
351000 45.7619
352000 45.7475
353000 45.7564
354000 45.7564
355000 45.7608
356000 45.7661
357000 45.7625
358000 45.7658
359000 45.7631
360000 45.7598
361000 45.7472
362000 45.751
363000 45.7472
364000 45.7391
365000 45.738
366000 45.7506
367000 45.7473
368000 45.7466
369000 45.7605
370000 45.7483
371000 45.7435
372000 45.7328
373000 45.7293
374000 45.7226
375000 45.7273
376000 45.7261
377000 45.7243
378000 45.7166
379000 45.711
380000 45.7117
381000 45.7083
382000 45.6969
383000 45.6914
384000 45.6978
385000 45.7002
386000 45.688
387000 45.6891
388000 45.6796
389000 45.669
390000 45.6638
391000 45.6627
392000 45.6631
393000 45.6625
394000 45.6712
395000 45.6715
396000 45.6691
397000 45.6731
398000 45.6764
399000 45.6847
400000 45.6762
401000 45.6904
402000 45.6879
403000 45.6887
404000 45.6902
405000 45.7023
406000 45.7138
407000 45.7196
408000 45.7213
409000 45.7119
410000 45.7082
411000 45.7127
412000 45.7183
413000 45.716
414000 45.7223
415000 45.7349
416000 45.733
417000 45.7325
418000 45.7203
419000 45.7301
420000 45.7349
421000 45.7377
422000 45.7453
423000 45.754
424000 45.7407
425000 45.7374
426000 45.7399
427000 45.7499
428000 45.7586
429000 45.7514
430000 45.7432
431000 45.7438
432000 45.7318
433000 45.7265
434000 45.728
435000 45.7266
436000 45.7363
437000 45.7389
438000 45.7432
439000 45.7446
440000 45.7457
441000 45.7473
442000 45.748
443000 45.7459
444000 45.7411
445000 45.7447
446000 45.7536
447000 45.7626
448000 45.7699
449000 45.7679
450000 45.768
451000 45.769
452000 45.7673
453000 45.762
454000 45.7615
455000 45.7585
456000 45.7715
457000 45.7801
458000 45.7774
459000 45.7767
460000 45.7729
461000 45.7821
462000 45.7798
463000 45.7744
464000 45.7776
465000 45.7829
466000 45.7707
467000 45.7672
468000 45.7705
469000 45.7642
470000 45.7634
471000 45.7566
472000 45.7535
473000 45.7425
474000 45.7363
475000 45.732
476000 45.7277
477000 45.7309
478000 45.7394
479000 45.7385
480000 45.7519
481000 45.7477
482000 45.7433
483000 45.7465
484000 45.7442
485000 45.7488
486000 45.7438
487000 45.7452
488000 45.7423
489000 45.7402
490000 45.7361
491000 45.7382
492000 45.7339
493000 45.7297
494000 45.7298
495000 45.728
496000 45.7285
497000 45.7277
498000 45.7294
499000 45.7297
500000 45.7358
501000 45.7315
502000 45.7297
503000 45.7218
504000 45.7208
505000 45.7232
506000 45.7249
507000 45.7242
508000 45.7202
509000 45.7226
510000 45.7227
511000 45.7197
512000 45.7262
513000 45.7258
514000 45.7182
515000 45.7168
516000 45.718
517000 45.7176
518000 45.7162
519000 45.7187
520000 45.7198
521000 45.7196
522000 45.7245
523000 45.7211
524000 45.7273
525000 45.729
526000 45.731
527000 45.7252
528000 45.7289
529000 45.726
530000 45.7228
531000 45.7188
532000 45.7227
533000 45.7231
534000 45.7252
535000 45.7238
536000 45.7319
537000 45.7278
538000 45.7234
539000 45.7328
540000 45.7308
541000 45.7278
542000 45.7238
543000 45.7242
544000 45.7195
545000 45.7143
546000 45.713
547000 45.7237
548000 45.7195
549000 45.7191
550000 45.716
551000 45.7179
552000 45.7175
553000 45.717
554000 45.718
555000 45.7221
556000 45.7215
557000 45.7225
558000 45.7248
559000 45.729
560000 45.7305
561000 45.7344
562000 45.733
563000 45.7324
564000 45.7336
565000 45.7333
566000 45.728
567000 45.732
568000 45.7351
569000 45.7394
570000 45.7394
571000 45.7421
572000 45.743
573000 45.7431
574000 45.7436
575000 45.7425
576000 45.7419
577000 45.7484
578000 45.739
579000 45.7435
580000 45.7426
581000 45.7314
582000 45.7328
583000 45.7289
584000 45.7283
585000 45.7293
586000 45.7256
587000 45.7305
588000 45.7347
589000 45.7352
590000 45.737
591000 45.7346
592000 45.7339
593000 45.729
594000 45.7327
595000 45.7218
596000 45.7192
597000 45.719
598000 45.7137
599000 45.7147
600000 45.7125
601000 45.7126
602000 45.71
603000 45.7127
604000 45.719
605000 45.7176
606000 45.7229
607000 45.7214
608000 45.7158
609000 45.7175
610000 45.7205
611000 45.7195
612000 45.7228
613000 45.7234
614000 45.7245
615000 45.7208
616000 45.7177
617000 45.7174
618000 45.7188
619000 45.7133
620000 45.7104
621000 45.7152
622000 45.7167
623000 45.7111
624000 45.7078
625000 45.7005
626000 45.6946
627000 45.6896
628000 45.6844
629000 45.6768
630000 45.675
631000 45.6775
632000 45.6739
633000 45.6733
634000 45.6717
635000 45.6687
636000 45.668
637000 45.6668
638000 45.6662
639000 45.6653
640000 45.6656
641000 45.6711
642000 45.6664
643000 45.6636
644000 45.6589
645000 45.6543
646000 45.657
647000 45.6559
648000 45.6552
649000 45.6561
650000 45.6577
651000 45.6612
652000 45.6599
653000 45.661
654000 45.6602
655000 45.6614
656000 45.6604
657000 45.6569
658000 45.6614
659000 45.6581
660000 45.6564
661000 45.6509
662000 45.6563
663000 45.6571
664000 45.655
665000 45.6586
666000 45.6603
667000 45.6606
668000 45.6614
669000 45.6581
670000 45.6559
671000 45.6569
672000 45.653
673000 45.6531
674000 45.6563
675000 45.6514
676000 45.6529
677000 45.656
678000 45.6502
679000 45.6537
680000 45.6546
681000 45.6571
682000 45.6576
683000 45.6613
684000 45.6646
685000 45.6659
686000 45.664
687000 45.6642
688000 45.6675
689000 45.6705
690000 45.6683
691000 45.6699
692000 45.6708
693000 45.6711
694000 45.6726
695000 45.6717
696000 45.6707
697000 45.67
698000 45.6781
699000 45.6795
700000 45.6796
701000 45.6838
702000 45.6822
703000 45.6806
704000 45.6792
705000 45.6795
706000 45.679
707000 45.6795
708000 45.68
709000 45.6826
710000 45.68
711000 45.6828
712000 45.6819
713000 45.6827
714000 45.6846
715000 45.6866
716000 45.6877
717000 45.6895
718000 45.6898
719000 45.6902
720000 45.691
721000 45.6923
722000 45.6907
723000 45.6928
724000 45.689
725000 45.6922
726000 45.6888
727000 45.685
728000 45.6837
729000 45.6857
730000 45.6835
731000 45.6791
732000 45.6829
733000 45.6846
734000 45.6838
735000 45.6818
736000 45.682
737000 45.6841
738000 45.685
739000 45.6836
740000 45.6817
741000 45.6845
742000 45.6851
743000 45.6902
744000 45.6915
745000 45.6874
746000 45.6857
747000 45.6853
748000 45.684
749000 45.6853
750000 45.6848
751000 45.6819
752000 45.6821
753000 45.685
754000 45.6859
755000 45.6809
756000 45.6794
757000 45.6812
758000 45.6803
759000 45.6754
760000 45.6741
761000 45.6701
762000 45.6701
763000 45.6687
764000 45.6689
765000 45.6665
766000 45.6693
767000 45.6673
768000 45.6687
769000 45.669
770000 45.6686
771000 45.6726
772000 45.6706
773000 45.67
774000 45.6679
775000 45.6681
776000 45.6692
777000 45.6681
778000 45.6672
779000 45.6652
780000 45.663
781000 45.6654
782000 45.6688
783000 45.6679
784000 45.6702
785000 45.6702
786000 45.6718
787000 45.6718
788000 45.6731
789000 45.6706
790000 45.6704
791000 45.6692
792000 45.6726
793000 45.6719
794000 45.6696
795000 45.6681
796000 45.6654
797000 45.6627
798000 45.6621
799000 45.6601
800000 45.661
801000 45.6616
802000 45.6603
803000 45.6571
804000 45.6584
805000 45.6569
806000 45.6558
807000 45.6552
808000 45.6544
809000 45.6572
810000 45.6552
811000 45.6539
812000 45.652
813000 45.6507
814000 45.6511
815000 45.6528
816000 45.649
817000 45.6504
818000 45.6523
819000 45.6531
820000 45.6563
821000 45.6574
822000 45.6575
823000 45.6557
824000 45.6573
825000 45.6556
826000 45.654
827000 45.654
828000 45.6539
829000 45.6586
830000 45.6597
831000 45.6634
832000 45.6624
833000 45.6618
834000 45.6614
835000 45.6606
836000 45.661
837000 45.66
838000 45.657
839000 45.659
840000 45.662
841000 45.6635
842000 45.6613
843000 45.6627
844000 45.6647
845000 45.6641
846000 45.6629
847000 45.6613
848000 45.6587
849000 45.6581
850000 45.658
851000 45.6582
852000 45.658
853000 45.6521
854000 45.6531
855000 45.6545
856000 45.6517
857000 45.6512
858000 45.6538
859000 45.6531
860000 45.6525
861000 45.6534
862000 45.6515
863000 45.6505
864000 45.6518
865000 45.6539
866000 45.6505
867000 45.6487
868000 45.6455
869000 45.6471
870000 45.6451
871000 45.6459
872000 45.6422
873000 45.6398
874000 45.6378
875000 45.6348
876000 45.6321
877000 45.6329
878000 45.6334
879000 45.6309
880000 45.6289
881000 45.6278
882000 45.6258
883000 45.6252
884000 45.6265
885000 45.623
886000 45.6218
887000 45.6189
888000 45.6203
889000 45.6204
890000 45.6219
891000 45.6237
892000 45.6229
893000 45.6215
894000 45.6237
895000 45.6221
896000 45.6223
897000 45.6191
898000 45.6207
899000 45.6191
900000 45.6186
901000 45.6205
902000 45.6222
903000 45.6208
904000 45.6196
905000 45.6169
906000 45.6156
907000 45.6132
908000 45.6159
909000 45.6146
910000 45.6144
911000 45.6136
912000 45.6172
913000 45.6166
914000 45.6134
915000 45.6124
916000 45.6142
917000 45.6155
918000 45.6137
919000 45.613
920000 45.6104
921000 45.6081
922000 45.6079
923000 45.6062
924000 45.6056
925000 45.6063
926000 45.6063
927000 45.6054
928000 45.6046
929000 45.6043
930000 45.6049
931000 45.6016
932000 45.5994
933000 45.5948
934000 45.5919
935000 45.5925
936000 45.5892
937000 45.5852
938000 45.5822
939000 45.581
940000 45.5812
941000 45.5811
942000 45.5808
943000 45.5758
944000 45.5772
945000 45.5781
946000 45.5784
947000 45.576
948000 45.5758
949000 45.5741
950000 45.572
951000 45.5725
952000 45.5691
953000 45.5678
954000 45.5677
955000 45.5634
956000 45.564
957000 45.5606
958000 45.56
959000 45.5588
960000 45.5567
961000 45.5626
962000 45.5606
963000 45.5629
964000 45.5613
965000 45.5591
966000 45.5584
967000 45.5587
968000 45.5577
969000 45.5556
970000 45.5555
971000 45.5565
972000 45.5551
973000 45.5583
974000 45.5583
975000 45.5572
976000 45.5581
977000 45.5605
978000 45.5583
979000 45.5583
980000 45.5554
981000 45.5598
982000 45.5595
983000 45.5623
984000 45.5639
985000 45.5639
986000 45.564
987000 45.5637
988000 45.5645
989000 45.5634
990000 45.5613
991000 45.5608
992000 45.5593
993000 45.5609
994000 45.5587
995000 45.5575
996000 45.5563
997000 45.5567
998000 45.556
999000 45.5547
1000000 45.5529
1001000 45.5532
1002000 45.5511
1003000 45.5496
1004000 45.5493
1005000 45.5494
1006000 45.5488
1007000 45.5508
1008000 45.5473
1009000 45.5468
1010000 45.5498
1011000 45.5484
1012000 45.5466
1013000 45.5472
1014000 45.5485
1015000 45.5498
1016000 45.549
1017000 45.5502
1018000 45.5528
1019000 45.5536
1020000 45.5539
1021000 45.554
1022000 45.5529
1023000 45.5558
1024000 45.5564
1025000 45.5555
1026000 45.5531
1027000 45.5532
1028000 45.5549
1029000 45.5547
1030000 45.5537
1031000 45.5549
1032000 45.5536
1033000 45.5547
1034000 45.5547
1035000 45.555
1036000 45.5554
1037000 45.5561
1038000 45.5563
1039000 45.558
1040000 45.5558
1041000 45.5564
1042000 45.5572
1043000 45.5595
1044000 45.5595
1045000 45.5555
1046000 45.5557
1047000 45.553
1048000 45.5521
1049000 45.55
1050000 45.5487
1051000 45.5465
1052000 45.545
1053000 45.5442
1054000 45.5453
1055000 45.5456
1056000 45.5443
1057000 45.5429
1058000 45.5405
1059000 45.5426
1060000 45.5405
1061000 45.5434
1062000 45.5422
1063000 45.5389
1064000 45.5401
1065000 45.5396
1066000 45.5379
1067000 45.5369
1068000 45.5368
1069000 45.5371
1070000 45.5395
1071000 45.5367
1072000 45.5341
1073000 45.5356
1074000 45.5338
1075000 45.5347
1076000 45.535
1077000 45.5382
1078000 45.5373
1079000 45.5341
1080000 45.534
1081000 45.5344
1082000 45.5332
1083000 45.5299
1084000 45.5303
1085000 45.5291
1086000 45.5293
1087000 45.5274
1088000 45.5267
1089000 45.5279
1090000 45.5279
1091000 45.5298
1092000 45.5292
1093000 45.5286
1094000 45.5327
1095000 45.5312
1096000 45.5311
1097000 45.5305
1098000 45.5297
1099000 45.5285
1100000 45.5277
1101000 45.5271
1102000 45.5255
1103000 45.5267
1104000 45.5265
1105000 45.5281
1106000 45.5298
1107000 45.5293
1108000 45.5307
1109000 45.5312
1110000 45.529
1111000 45.5307
1112000 45.5293
1113000 45.5282
1114000 45.5288
1115000 45.5277
1116000 45.5289
1117000 45.5265
1118000 45.5267
1119000 45.5271
1120000 45.5261
1121000 45.5244
1122000 45.5239
1123000 45.5245
1124000 45.5243
1125000 45.5265
1126000 45.5293
1127000 45.5303
1128000 45.5311
1129000 45.533
1130000 45.5335
1131000 45.5311
1132000 45.5333
1133000 45.5344
1134000 45.5342
1135000 45.5368
1136000 45.5389
1137000 45.5385
1138000 45.5382
1139000 45.5382
1140000 45.5389
1141000 45.5419
1142000 45.5416
1143000 45.5452
1144000 45.545
1145000 45.5443
1146000 45.5463
1147000 45.5477
1148000 45.5497
1149000 45.5474
1150000 45.5471
1151000 45.5466
1152000 45.5484
1153000 45.5492
1154000 45.5484
1155000 45.5478
1156000 45.549
1157000 45.5497
1158000 45.5515
1159000 45.5521
1160000 45.5524
1161000 45.5525
1162000 45.5508
1163000 45.5527
1164000 45.5505
1165000 45.551
1166000 45.5519
1167000 45.5545
1168000 45.5535
1169000 45.5543
1170000 45.554
1171000 45.5531
1172000 45.5523
1173000 45.5508
1174000 45.5535
1175000 45.5541
1176000 45.5512
1177000 45.5551
1178000 45.5548
1179000 45.5529
1180000 45.5546
1181000 45.5544
1182000 45.5563
1183000 45.5559
1184000 45.5585
1185000 45.5584
1186000 45.56
1187000 45.559
1188000 45.5588
1189000 45.5601
1190000 45.5588
1191000 45.5568
1192000 45.5585
1193000 45.5578
1194000 45.5603
1195000 45.5607
1196000 45.5641
1197000 45.5638
1198000 45.5621
1199000 45.5626
1200000 45.5626
1201000 45.5624
1202000 45.5636
1203000 45.5636
1204000 45.5631
1205000 45.5636
1206000 45.5623
1207000 45.5635
1208000 45.563
1209000 45.5628
1210000 45.5648
1211000 45.5647
1212000 45.565
1213000 45.5666
1214000 45.5674
1215000 45.5684
1216000 45.57
1217000 45.5714
1218000 45.5702
1219000 45.5675
1220000 45.5687
1221000 45.5672
1222000 45.5672
1223000 45.5694
1224000 45.5695
1225000 45.5699
1226000 45.5709
1227000 45.5705
1228000 45.5703
1229000 45.5695
1230000 45.5705
1231000 45.572
1232000 45.5738
1233000 45.5719
1234000 45.572
1235000 45.5733
1236000 45.5721
1237000 45.5743
1238000 45.5729
1239000 45.5755
1240000 45.5754
1241000 45.5757
1242000 45.5775
1243000 45.5774
1244000 45.5767
1245000 45.5759
1246000 45.5762
1247000 45.5782
1248000 45.5791
1249000 45.5785
1250000 45.5779
1251000 45.5786
1252000 45.5805
1253000 45.581
1254000 45.5801
1255000 45.5835
1256000 45.5835
1257000 45.5839
1258000 45.5822
1259000 45.5834
1260000 45.5828
1261000 45.5825
1262000 45.5835
1263000 45.5835
1264000 45.5843
1265000 45.5828
1266000 45.5822
1267000 45.5807
1268000 45.5813
1269000 45.5798
1270000 45.5766
1271000 45.5775
1272000 45.5778
1273000 45.577
1274000 45.5762
1275000 45.5771
1276000 45.5791
1277000 45.5805
1278000 45.5815
1279000 45.581
1280000 45.5819
1281000 45.5803
1282000 45.5793
1283000 45.5818
1284000 45.5817
1285000 45.5818
1286000 45.5818
1287000 45.58
1288000 45.5808
1289000 45.5827
1290000 45.5828
1291000 45.5807
1292000 45.5827
1293000 45.5823
1294000 45.5811
1295000 45.5804
1296000 45.581
1297000 45.58
1298000 45.5803
1299000 45.5807
1300000 45.58
1301000 45.5798
1302000 45.5829
1303000 45.5837
1304000 45.5857
1305000 45.5882
1306000 45.59
1307000 45.5912
1308000 45.594
1309000 45.5934
1310000 45.5946
1311000 45.5958
1312000 45.5976
1313000 45.6002
1314000 45.601
1315000 45.6015
1316000 45.6031
1317000 45.6021
1318000 45.6059
1319000 45.6064
1320000 45.6072
1321000 45.6083
1322000 45.6093
1323000 45.6096
1324000 45.6094
1325000 45.6089
1326000 45.6091
1327000 45.6089
1328000 45.6084
1329000 45.6092
1330000 45.6089
1331000 45.6093
1332000 45.6076
1333000 45.6081
1334000 45.609
1335000 45.6069
1336000 45.6055
1337000 45.6046
1338000 45.6026
1339000 45.6006
1340000 45.6
1341000 45.5998
1342000 45.5981
1343000 45.598
1344000 45.5992
1345000 45.5974
1346000 45.599
1347000 45.5986
1348000 45.5983
1349000 45.5962
1350000 45.596
1351000 45.5964
1352000 45.5985
1353000 45.5976
1354000 45.5975
1355000 45.5975
1356000 45.5972
1357000 45.5951
1358000 45.5935
1359000 45.5954
1360000 45.5949
1361000 45.5955
1362000 45.5956
1363000 45.5958
1364000 45.598
1365000 45.5982
1366000 45.597
1367000 45.5964
1368000 45.5969
1369000 45.5972
1370000 45.5963
1371000 45.5961
1372000 45.595
1373000 45.596
1374000 45.5963
1375000 45.5947
1376000 45.5943
1377000 45.5955
1378000 45.5943
1379000 45.5962
1380000 45.5947
1381000 45.596
1382000 45.5953
1383000 45.5947
1384000 45.5946
1385000 45.5943
1386000 45.5945
1387000 45.5929
1388000 45.5946
1389000 45.5959
1390000 45.5956
1391000 45.596
1392000 45.5969
1393000 45.5965
1394000 45.5951
1395000 45.5958
1396000 45.5966
1397000 45.5965
1398000 45.5963
1399000 45.5969
1400000 45.599
1401000 45.5988
1402000 45.5997
1403000 45.6017
1404000 45.6028
1405000 45.6036
1406000 45.6045
1407000 45.6058
1408000 45.6076
1409000 45.6071
1410000 45.608
1411000 45.6075
1412000 45.6085
1413000 45.6082
1414000 45.6087
1415000 45.6097
1416000 45.6092
1417000 45.6103
1418000 45.6106
1419000 45.614
1420000 45.6152
1421000 45.6138
1422000 45.6135
1423000 45.613
1424000 45.6144
1425000 45.6143
1426000 45.614
1427000 45.6145
1428000 45.6134
1429000 45.6126
1430000 45.6142
1431000 45.6129
1432000 45.6144
1433000 45.6137
1434000 45.6146
1435000 45.6133
1436000 45.612
1437000 45.6111
1438000 45.6122
1439000 45.6116
1440000 45.6096
1441000 45.6103
1442000 45.6088
1443000 45.607
1444000 45.6058
1445000 45.6077
1446000 45.6078
1447000 45.6093
1448000 45.6097
1449000 45.6096
1450000 45.6106
1451000 45.6111
1452000 45.6128
1453000 45.6129
1454000 45.6136
1455000 45.6156
1456000 45.6155
1457000 45.6147
1458000 45.6145
1459000 45.6122
1460000 45.6102
1461000 45.6129
1462000 45.6127
1463000 45.613
1464000 45.6118
1465000 45.6099
1466000 45.608
1467000 45.6091
1468000 45.6079
1469000 45.6071
1470000 45.6066
1471000 45.6075
1472000 45.6058
1473000 45.6057
1474000 45.6048
1475000 45.6043
1476000 45.6055
1477000 45.6065
1478000 45.606
1479000 45.6052
1480000 45.6036
1481000 45.6031
1482000 45.6014
1483000 45.6001
1484000 45.6004
1485000 45.6002
1486000 45.5976
1487000 45.5994
1488000 45.5988
1489000 45.5978
1490000 45.5977
1491000 45.5998
1492000 45.6024
1493000 45.6018
1494000 45.6014
1495000 45.6023
1496000 45.6019
1497000 45.6018
1498000 45.6014
1499000 45.6014
1500000 45.6019
1501000 45.6022
1502000 45.6015
1503000 45.6011
1504000 45.599
1505000 45.5986
1506000 45.5974
1507000 45.5981
1508000 45.5981
1509000 45.598
1510000 45.599
1511000 45.5988
1512000 45.5987
1513000 45.5978
1514000 45.5986
1515000 45.5988
1516000 45.5963
1517000 45.5951
1518000 45.5959
1519000 45.5962
1520000 45.5948
1521000 45.5945
1522000 45.5944
1523000 45.5934
1524000 45.5951
1525000 45.5944
1526000 45.5936
1527000 45.5936
1528000 45.5928
1529000 45.5934
1530000 45.5935
1531000 45.5939
1532000 45.5949
1533000 45.5956
1534000 45.5941
1535000 45.5934
1536000 45.5924
1537000 45.5925
1538000 45.5902
1539000 45.5895
1540000 45.5914
1541000 45.5917
1542000 45.5921
1543000 45.5918
1544000 45.592
1545000 45.5917
1546000 45.5908
1547000 45.5891
1548000 45.5875
1549000 45.5879
1550000 45.5887
1551000 45.5885
1552000 45.588
1553000 45.5891
1554000 45.5904
1555000 45.5904
1556000 45.59
1557000 45.5889
1558000 45.5891
1559000 45.5879
1560000 45.5858
1561000 45.5873
1562000 45.5877
1563000 45.5881
1564000 45.5899
1565000 45.5884
1566000 45.5876
1567000 45.5888
1568000 45.5872
1569000 45.5875
1570000 45.5878
1571000 45.5879
1572000 45.588
1573000 45.5873
1574000 45.5865
1575000 45.587
1576000 45.5856
1577000 45.5871
1578000 45.5873
1579000 45.5884
1580000 45.5867
1581000 45.5852
1582000 45.586
1583000 45.5857
1584000 45.5842
1585000 45.5845
1586000 45.5823
1587000 45.5819
1588000 45.5816
1589000 45.582
1590000 45.5809
1591000 45.5791
1592000 45.5802
1593000 45.58
1594000 45.5792
1595000 45.5794
1596000 45.5795
1597000 45.5785
1598000 45.5778
1599000 45.5771
1600000 45.5775
1601000 45.5774
1602000 45.5783
1603000 45.58
1604000 45.5783
1605000 45.5778
1606000 45.5781
1607000 45.5785
1608000 45.579
1609000 45.5788
1610000 45.5801
1611000 45.5802
1612000 45.5799
1613000 45.5798
1614000 45.5793
1615000 45.5808
1616000 45.5791
1617000 45.5795
1618000 45.579
1619000 45.5778
1620000 45.5793
1621000 45.5793
1622000 45.579
1623000 45.5784
1624000 45.5782
1625000 45.5785
1626000 45.5791
1627000 45.578
1628000 45.5781
1629000 45.5777
1630000 45.5771
1631000 45.5777
1632000 45.5763
1633000 45.5736
1634000 45.5721
1635000 45.5704
1636000 45.57
1637000 45.5689
1638000 45.5675
1639000 45.5679
1640000 45.5675
1641000 45.5666
1642000 45.5677
1643000 45.5651
1644000 45.5635
1645000 45.5629
1646000 45.5624
1647000 45.5636
1648000 45.5631
1649000 45.5643
1650000 45.563
1651000 45.5636
1652000 45.5636
1653000 45.5626
1654000 45.5635
1655000 45.5647
1656000 45.5633
1657000 45.5649
1658000 45.5648
1659000 45.5648
1660000 45.5632
1661000 45.563
1662000 45.5631
1663000 45.5631
1664000 45.5612
1665000 45.5604
1666000 45.5598
1667000 45.5594
1668000 45.558
1669000 45.5577
1670000 45.5573
1671000 45.5565
1672000 45.5578
1673000 45.5571
1674000 45.5553
1675000 45.5535
1676000 45.5537
1677000 45.5525
1678000 45.554
1679000 45.553
1680000 45.5523
1681000 45.5519
1682000 45.5522
1683000 45.552
1684000 45.5509
1685000 45.5506
1686000 45.5486
1687000 45.5485
1688000 45.5496
1689000 45.5501
1690000 45.5514
1691000 45.5516
1692000 45.5512
1693000 45.5491
1694000 45.5481
1695000 45.5483
1696000 45.547
1697000 45.5464
1698000 45.5459
1699000 45.5447
1700000 45.5435
1701000 45.5432
1702000 45.5422
1703000 45.5409
1704000 45.5406
1705000 45.5399
1706000 45.5404
1707000 45.5401
1708000 45.5407
1709000 45.5412
1710000 45.5414
1711000 45.5422
1712000 45.5415
1713000 45.5424
1714000 45.5421
1715000 45.5402
1716000 45.5379
1717000 45.5384
1718000 45.5365
1719000 45.5367
1720000 45.5357
1721000 45.534
1722000 45.5354
1723000 45.5339
1724000 45.5346
1725000 45.5346
1726000 45.5345
1727000 45.5339
1728000 45.5344
1729000 45.5336
1730000 45.5341
1731000 45.5354
1732000 45.5368
1733000 45.5375
1734000 45.5384
1735000 45.5389
1736000 45.5394
1737000 45.5396
1738000 45.5405
1739000 45.5409
1740000 45.5396
1741000 45.5398
1742000 45.5377
1743000 45.5379
1744000 45.5369
1745000 45.5375
1746000 45.5373
1747000 45.5385
1748000 45.5376
1749000 45.5384
1750000 45.5394
1751000 45.5386
1752000 45.5387
1753000 45.5402
1754000 45.5391
1755000 45.5398
1756000 45.5413
1757000 45.5426
1758000 45.5426
1759000 45.5439
1760000 45.5438
1761000 45.5436
1762000 45.5446
1763000 45.5455
1764000 45.5457
1765000 45.5456
1766000 45.5458
1767000 45.5465
1768000 45.5474
1769000 45.547
1770000 45.5461
1771000 45.5458
1772000 45.546
1773000 45.5463
1774000 45.5459
1775000 45.5462
1776000 45.5454
1777000 45.5456
1778000 45.5437
1779000 45.5434
1780000 45.5428
1781000 45.5443
1782000 45.5438
1783000 45.5452
1784000 45.5444
1785000 45.5456
1786000 45.5466
1787000 45.5465
1788000 45.5475
1789000 45.5481
1790000 45.549
1791000 45.5487
1792000 45.5483
1793000 45.5506
1794000 45.5501
1795000 45.5505
1796000 45.5505
1797000 45.55
1798000 45.5499
1799000 45.5488
1800000 45.5487
1801000 45.5482
1802000 45.549
1803000 45.5504
1804000 45.5507
1805000 45.5498
1806000 45.549
1807000 45.5488
1808000 45.5493
1809000 45.5505
1810000 45.5515
1811000 45.5521
1812000 45.5516
1813000 45.5516
1814000 45.5534
1815000 45.5537
1816000 45.5549
1817000 45.5551
1818000 45.5543
1819000 45.5536
1820000 45.5543
1821000 45.5547
1822000 45.5568
1823000 45.557
1824000 45.5587
1825000 45.5586
1826000 45.5592
1827000 45.5591
1828000 45.5592
1829000 45.5606
1830000 45.5605
1831000 45.5606
1832000 45.5629
1833000 45.5626
1834000 45.5632
1835000 45.563
1836000 45.5634
1837000 45.5638
1838000 45.5641
1839000 45.5637
1840000 45.5652
1841000 45.5662
1842000 45.5662
1843000 45.566
1844000 45.5661
1845000 45.5647
1846000 45.5641
1847000 45.563
1848000 45.5649
1849000 45.5647
1850000 45.5641
1851000 45.564
1852000 45.5643
1853000 45.5643
1854000 45.5643
1855000 45.5657
1856000 45.5651
1857000 45.5653
1858000 45.5662
1859000 45.5669
1860000 45.5681
1861000 45.5682
1862000 45.5683
1863000 45.5689
1864000 45.5688
1865000 45.5694
1866000 45.571
1867000 45.57
1868000 45.5699
1869000 45.5699
1870000 45.5701
1871000 45.5708
1872000 45.5716
1873000 45.571
1874000 45.5708
1875000 45.5711
1876000 45.5706
1877000 45.57
1878000 45.5682
1879000 45.5677
1880000 45.5696
1881000 45.5694
1882000 45.5693
1883000 45.5683
1884000 45.5686
1885000 45.5682
1886000 45.5678
1887000 45.5676
1888000 45.5671
1889000 45.5668
1890000 45.5663
1891000 45.5655
1892000 45.5654
1893000 45.5645
1894000 45.5643
1895000 45.5643
1896000 45.5644
1897000 45.5635
1898000 45.5639
1899000 45.5636
1900000 45.5637
1901000 45.562
1902000 45.5605
1903000 45.5617
1904000 45.5638
1905000 45.5639
1906000 45.5624
1907000 45.5641
1908000 45.5639
1909000 45.5642
1910000 45.565
1911000 45.5644
1912000 45.5642
1913000 45.565
1914000 45.5644
1915000 45.5641
1916000 45.5647
1917000 45.5634
1918000 45.5648
1919000 45.5647
1920000 45.5643
1921000 45.5642
1922000 45.5636
1923000 45.5629
1924000 45.5625
1925000 45.5625
1926000 45.5621
1927000 45.5612
1928000 45.5611
1929000 45.5615
1930000 45.5619
1931000 45.5626
1932000 45.5627
1933000 45.5617
1934000 45.5629
1935000 45.564
1936000 45.5631
1937000 45.5624
1938000 45.5631
1939000 45.5626
1940000 45.5637
1941000 45.5642
1942000 45.5641
1943000 45.5644
1944000 45.5659
1945000 45.5648
1946000 45.5633
1947000 45.5634
1948000 45.5634
1949000 45.5631
1950000 45.5634
1951000 45.5638
1952000 45.563
1953000 45.5638
1954000 45.5654
1955000 45.5649
1956000 45.5645
1957000 45.5649
1958000 45.5654
1959000 45.565
1960000 45.5651
1961000 45.5656
1962000 45.5662
1963000 45.5663
1964000 45.5662
1965000 45.5668
1966000 45.5671
1967000 45.567
1968000 45.5693
1969000 45.5699
1970000 45.5694
1971000 45.5694
1972000 45.5688
1973000 45.5697
1974000 45.57
1975000 45.5703
1976000 45.5718
1977000 45.5715
1978000 45.5724
1979000 45.5723
1980000 45.5734
1981000 45.5741
1982000 45.5752
1983000 45.5757
1984000 45.5761
1985000 45.5766
1986000 45.5781
1987000 45.5776
1988000 45.5778
1989000 45.577
1990000 45.5775
1991000 45.5787
1992000 45.5791
1993000 45.5797
1994000 45.5794
1995000 45.5803
1996000 45.5807
1997000 45.5813
1998000 45.5812
1999000 45.5804
2000000 45.5807
2001000 45.5812
2002000 45.5819
2003000 45.582
2004000 45.5822
2005000 45.5836
2006000 45.5854
2007000 45.5851
2008000 45.5864
2009000 45.5863
2010000 45.5873
2011000 45.5871
2012000 45.5864
2013000 45.5859
2014000 45.5845
2015000 45.5851
2016000 45.5855
2017000 45.5849
2018000 45.5844
2019000 45.5848
2020000 45.5849
2021000 45.5843
2022000 45.5852
2023000 45.5859
2024000 45.586
2025000 45.586
2026000 45.5869
2027000 45.5864
2028000 45.5861
2029000 45.5873
2030000 45.5889
2031000 45.5896
2032000 45.5903
2033000 45.5906
2034000 45.5904
2035000 45.5903
2036000 45.5904
2037000 45.5905
2038000 45.5895
2039000 45.5902
2040000 45.5904
2041000 45.5912
2042000 45.5911
2043000 45.5916
2044000 45.5919
2045000 45.5922
2046000 45.5931
2047000 45.5911
2048000 45.5921
2049000 45.5918
2050000 45.5904
2051000 45.5902
2052000 45.5911
2053000 45.5914
2054000 45.5914
2055000 45.5905
2056000 45.5905
2057000 45.5894
2058000 45.5896
2059000 45.5905
2060000 45.5899
2061000 45.5896
2062000 45.5896
2063000 45.589
2064000 45.5887
2065000 45.5884
2066000 45.5883
2067000 45.5881
2068000 45.5876
2069000 45.5868
2070000 45.5861
2071000 45.5862
2072000 45.5859
2073000 45.5861
2074000 45.5863
2075000 45.5867
2076000 45.586
2077000 45.5852
2078000 45.5848
2079000 45.5851
2080000 45.5848
2081000 45.5846
2082000 45.5845
2083000 45.5856
2084000 45.5851
2085000 45.5832
2086000 45.584
2087000 45.5853
2088000 45.5839
2089000 45.5843
2090000 45.5845
2091000 45.5838
2092000 45.5829
2093000 45.5828
2094000 45.5833
2095000 45.5826
2096000 45.5829
2097000 45.581
2098000 45.5811
2099000 45.5809
2100000 45.5799
2101000 45.5802
2102000 45.5793
2103000 45.5792
2104000 45.5794
2105000 45.5797
2106000 45.5792
2107000 45.5786
2108000 45.5788
2109000 45.5789
2110000 45.5789
2111000 45.5786
2112000 45.5789
2113000 45.5783
2114000 45.5776
2115000 45.5771
2116000 45.5757
2117000 45.5759
2118000 45.5763
2119000 45.5755
2120000 45.576
2121000 45.5772
2122000 45.5788
2123000 45.5795
2124000 45.5796
2125000 45.581
2126000 45.5804
2127000 45.5798
2128000 45.5815
2129000 45.5817
2130000 45.5821
2131000 45.582
2132000 45.5836
2133000 45.5837
2134000 45.5833
2135000 45.5823
2136000 45.5826
2137000 45.5821
2138000 45.5818
2139000 45.5814
2140000 45.5803
2141000 45.5801
2142000 45.5811
2143000 45.5803
2144000 45.5805
2145000 45.5805
2146000 45.5807
2147000 45.5804
2148000 45.5819
2149000 45.5829
2150000 45.5831
2151000 45.5844
2152000 45.585
2153000 45.5853
2154000 45.5859
2155000 45.5853
2156000 45.5869
2157000 45.5875
2158000 45.5879
2159000 45.5882
2160000 45.589
2161000 45.5905
2162000 45.5912
2163000 45.5903
2164000 45.5906
2165000 45.5903
2166000 45.5906
2167000 45.5904
2168000 45.5899
2169000 45.5899
2170000 45.5901
2171000 45.5894
2172000 45.5902
2173000 45.5902
2174000 45.5909
2175000 45.5921
2176000 45.5925
2177000 45.5919
2178000 45.5915
2179000 45.5926
2180000 45.5931
2181000 45.5937
2182000 45.5928
2183000 45.5922
2184000 45.5929
2185000 45.5929
2186000 45.5928
2187000 45.5927
2188000 45.5924
2189000 45.5929
2190000 45.5931
2191000 45.5932
2192000 45.5931
2193000 45.5926
2194000 45.593
2195000 45.5925
2196000 45.5936
2197000 45.5928
2198000 45.5925
2199000 45.592
2200000 45.5926
2201000 45.5919
