# Time-averaged data for fix pressrun
# TimeStep v_P
202000 301.393
203000 301.576
204000 303.821
205000 304.238
206000 302.705
207000 301.361
208000 301.02
209000 300.653
210000 300.295
211000 300.431
212000 300.32
213000 300.476
214000 300.951
215000 301.013
216000 300.701
217000 300.592
218000 300.522
219000 300.627
220000 300.515
221000 300.871
222000 300.919
223000 301.29
224000 301.669
225000 301.773
226000 301.893
227000 301.713
228000 301.794
229000 301.57
230000 301.447
231000 301.471
232000 301.527
233000 301.563
234000 301.719
235000 301.691
236000 301.697
237000 301.66
238000 301.643
239000 301.621
240000 301.778
241000 301.754
242000 301.796
243000 301.845
244000 301.885
245000 301.906
246000 301.762
247000 301.749
248000 301.688
249000 301.679
250000 301.68
251000 301.613
252000 301.642
253000 301.548
254000 301.586
255000 301.59
256000 301.608
257000 301.663
258000 301.509
259000 301.419
260000 301.445
261000 301.506
262000 301.531
263000 301.545
264000 301.479
265000 301.57
266000 301.606
267000 301.638
268000 301.703
269000 301.784
270000 301.775
271000 301.714
272000 301.663
273000 301.579
274000 301.594
275000 301.675
276000 301.636
277000 301.671
278000 301.622
279000 301.65
280000 301.638
281000 301.697
282000 301.702
283000 301.696
284000 301.709
285000 301.717
286000 301.716
287000 301.691
288000 301.678
289000 301.644
290000 301.621
291000 301.672
292000 301.644
293000 301.636
294000 301.634
295000 301.624
296000 301.684
297000 301.703
298000 301.735
299000 301.762
300000 301.808
301000 301.809
302000 301.784
303000 301.777
304000 301.818
305000 301.808
306000 301.863
307000 301.767
308000 301.814
309000 301.804
310000 301.852
311000 301.831
312000 301.813
313000 301.786
314000 301.741
315000 301.747
316000 301.729
317000 301.727
318000 301.694
319000 301.643
320000 301.64
321000 301.617
322000 301.581
323000 301.6
324000 301.572
325000 301.541
326000 301.529
327000 301.49
328000 301.477
329000 301.438
330000 301.465
331000 301.463
332000 301.482
333000 301.497
334000 301.496
335000 301.522
336000 301.518
337000 301.516
338000 301.5
339000 301.522
340000 301.53
341000 301.576
342000 301.601
343000 301.585
344000 301.57
345000 301.584
346000 301.587
347000 301.582
348000 301.599
349000 301.576
350000 301.614
351000 301.649
352000 301.685
353000 301.676
354000 301.667
355000 301.652
356000 301.687
357000 301.723
358000 301.711
359000 301.708
360000 301.749
361000 301.758
362000 301.784
363000 301.779
364000 301.777
365000 301.774
366000 301.776
367000 301.802
368000 301.777
369000 301.78
370000 301.777
371000 301.804
372000 301.797
373000 301.788
374000 301.788
375000 301.863
376000 301.879
377000 301.885
378000 301.885
379000 301.876
380000 301.891
381000 301.912
382000 301.888
383000 301.921
384000 301.944
385000 301.947
386000 301.963
387000 301.955
388000 301.933
389000 301.938
390000 301.928
391000 301.915
392000 301.907
393000 301.935
394000 301.947
395000 301.978
396000 301.996
397000 302
398000 302.046
399000 302.039
400000 302.036
401000 302.015
402000 302.005
403000 302.022
404000 302.007
405000 302.012
406000 302.014
407000 302.004
408000 301.996
409000 301.958
410000 301.96
411000 301.944
412000 301.943
413000 301.939
414000 301.921
415000 301.905
416000 301.91
417000 301.933
418000 301.923
419000 301.926
420000 301.951
421000 301.966
422000 301.962
423000 301.966
424000 301.959
425000 301.956
426000 301.943
427000 301.961
428000 301.952
429000 301.949
430000 301.976
431000 301.966
432000 301.976
433000 301.971
434000 301.987
435000 301.977
436000 301.97
437000 301.981
438000 301.986
439000 301.974
440000 301.992
441000 301.968
442000 301.981
443000 301.974
444000 301.947
445000 301.94
446000 301.938
447000 301.929
448000 301.932
449000 301.924
450000 301.91
451000 301.905
452000 301.895
453000 301.89
454000 301.872
455000 301.879
456000 301.871
457000 301.87
458000 301.889
459000 301.885
460000 301.897
461000 301.889
462000 301.89
463000 301.886
464000 301.885
465000 301.873
466000 301.874
467000 301.881
468000 301.891
469000 301.904
470000 301.893
471000 301.885
472000 301.906
473000 301.9
474000 301.889
475000 301.905
476000 301.905
477000 301.91
478000 301.911
479000 301.913
480000 301.944
481000 301.938
482000 301.952
483000 301.94
484000 301.958
485000 301.957
486000 301.955
487000 301.957
488000 301.953
489000 301.95
490000 301.944
491000 301.928
492000 301.92
493000 301.891
494000 301.887
495000 301.884
496000 301.868
497000 301.862
498000 301.84
499000 301.818
500000 301.816
501000 301.803
502000 301.803
503000 301.795
504000 301.787
505000 301.782
506000 301.786
507000 301.802
508000 301.807
509000 301.818
510000 301.789
511000 301.775
512000 301.773
513000 301.782
514000 301.785
515000 301.774
516000 301.782
517000 301.774
518000 301.783
519000 301.805
520000 301.821
521000 301.823
522000 301.811
523000 301.809
524000 301.799
525000 301.817
526000 301.827
527000 301.823
528000 301.817
529000 301.824
530000 301.834
531000 301.844
532000 301.845
533000 301.833
534000 301.824
535000 301.814
536000 301.806
537000 301.809
538000 301.821
539000 301.835
540000 301.833
541000 301.826
542000 301.829
543000 301.834
544000 301.826
545000 301.842
546000 301.867
547000 301.858
548000 301.862
549000 301.859
550000 301.856
551000 301.863
552000 301.862
553000 301.867
554000 301.87
555000 301.864
556000 301.858
557000 301.859
558000 301.862
559000 301.858
560000 301.864
561000 301.872
562000 301.864
563000 301.866
564000 301.852
565000 301.84
566000 301.84
567000 301.839
568000 301.83
569000 301.835
570000 301.821
571000 301.828
572000 301.826
573000 301.824
574000 301.83
575000 301.832
576000 301.835
577000 301.85
578000 301.839
579000 301.844
580000 301.841
581000 301.843
582000 301.845
583000 301.839
584000 301.841
585000 301.832
586000 301.822
587000 301.812
588000 301.822
589000 301.814
590000 301.824
591000 301.811
592000 301.836
593000 301.857
594000 301.867
595000 301.878
596000 301.884
597000 301.878
598000 301.871
599000 301.889
600000 301.909
601000 301.912
602000 301.91
603000 301.902
604000 301.902
605000 301.91
606000 301.912
607000 301.896
608000 301.884
609000 301.885
610000 301.887
611000 301.893
612000 301.889
613000 301.896
614000 301.899
615000 301.893
616000 301.893
617000 301.898
618000 301.899
619000 301.896
620000 301.892
621000 301.9
622000 301.906
623000 301.917
624000 301.907
625000 301.908
626000 301.914
627000 301.903
628000 301.906
629000 301.912
630000 301.924
631000 301.931
632000 301.942
633000 301.94
634000 301.933
635000 301.951
636000 301.95
637000 301.951
638000 301.962
639000 301.952
640000 301.937
641000 301.945
642000 301.955
643000 301.96
644000 301.969
645000 301.97
646000 301.968
647000 301.963
648000 301.953
649000 301.954
650000 301.951
651000 301.958
652000 301.957
653000 301.963
654000 301.975
655000 301.981
656000 301.973
657000 301.983
658000 301.974
659000 301.992
660000 301.994
661000 301.984
662000 301.988
663000 301.996
664000 301.994
665000 302.006
666000 302.002
667000 301.998
668000 302.003
669000 302.01
670000 302.02
671000 302.02
672000 302.031
673000 302.021
674000 302.021
675000 302.026
676000 302.013
677000 302.025
678000 302.019
679000 302.028
680000 302.019
681000 302.029
682000 302.024
683000 302.009
684000 301.998
685000 302.004
686000 302.014
687000 302.019
688000 302.004
689000 301.998
690000 302.007
691000 302.004
692000 302.004
693000 301.993
694000 301.996
695000 301.997
696000 301.999
697000 302.002
698000 302.008
699000 302.021
700000 302.024
701000 302.032
702000 302.019
703000 302.019
704000 302.017
705000 302.017
706000 302.012
707000 302.019
708000 302.024
709000 302.032
710000 302.037
711000 302.043
712000 302.04
713000 302.038
714000 302.029
715000 302.019
716000 302.006
717000 302.003
718000 302.008
719000 302.01
720000 302.011
721000 302.014
722000 302.005
723000 302.013
724000 302.005
725000 302.005
726000 302.001
727000 302.002
728000 302.013
729000 302.02
730000 302.027
731000 302.02
732000 302.017
733000 302.014
734000 302.021
735000 302.024
736000 302.029
737000 302.03
738000 302.037
739000 302.028
740000 302.03
741000 302.028
742000 302.024
743000 302.02
744000 302.022
745000 302.023
746000 302.026
747000 302.029
748000 302.028
749000 302.014
750000 302.019
751000 302.033
752000 302.028
753000 302.029
754000 302.038
755000 302.033
756000 302.028
757000 302.025
758000 302.023
759000 302.02
760000 302.025
761000 302.025
762000 302.018
763000 302.014
764000 302.008
765000 302
766000 301.996
767000 301.995
768000 301.999
769000 302.007
770000 302.003
771000 301.997
772000 301.985
773000 301.981
774000 301.978
775000 301.966
776000 301.969
777000 301.964
778000 301.96
779000 301.962
780000 301.969
781000 301.965
782000 301.976
783000 301.973
784000 301.967
785000 301.964
786000 301.95
787000 301.961
788000 301.959
789000 301.97
790000 301.977
791000 301.975
792000 301.964
793000 301.967
794000 301.958
795000 301.95
796000 301.958
797000 301.957
798000 301.95
799000 301.955
800000 301.962
801000 301.966
802000 301.965
803000 301.964
804000 301.97
805000 301.97
806000 301.956
807000 301.957
808000 301.954
809000 301.958
810000 301.961
811000 301.959
812000 301.954
813000 301.967
814000 301.966
815000 301.969
816000 301.959
817000 301.949
818000 301.953
819000 301.952
820000 301.946
821000 301.945
822000 301.944
823000 301.946
824000 301.944
825000 301.948
826000 301.954
827000 301.952
828000 301.963
829000 301.968
830000 301.962
831000 301.968
832000 301.972
833000 301.972
834000 301.972
835000 301.966
836000 301.957
837000 301.948
838000 301.956
839000 301.953
840000 301.956
841000 301.961
842000 301.961
843000 301.953
844000 301.948
845000 301.956
846000 301.953
847000 301.951
848000 301.961
849000 301.96
850000 301.965
851000 301.958
852000 301.954
853000 301.945
854000 301.945
855000 301.942
856000 301.952
857000 301.945
858000 301.948
859000 301.945
860000 301.937
861000 301.939
862000 301.94
863000 301.928
864000 301.931
865000 301.924
866000 301.929
867000 301.933
868000 301.927
869000 301.929
870000 301.932
871000 301.931
872000 301.941
873000 301.946
874000 301.949
875000 301.949
876000 301.948
877000 301.946
878000 301.946
879000 301.95
880000 301.946
881000 301.95
882000 301.955
883000 301.96
884000 301.964
885000 301.971
886000 301.97
887000 301.967
888000 301.965
889000 301.97
890000 301.966
891000 301.97
892000 301.977
893000 301.982
894000 301.99
895000 301.997
896000 301.999
897000 301.995
898000 302.005
899000 302.004
900000 301.999
901000 302
902000 302.006
903000 302.009
904000 302.003
905000 302.007
906000 301.999
907000 301.992
908000 301.989
909000 301.992
910000 301.991
911000 301.979
912000 301.977
913000 301.967
914000 301.964
915000 301.974
916000 301.985
917000 301.993
918000 301.993
919000 301.981
920000 301.982
921000 301.979
922000 301.974
923000 301.977
924000 301.978
925000 301.974
926000 301.965
927000 301.963
928000 301.967
929000 301.966
930000 301.96
931000 301.959
932000 301.967
933000 301.961
934000 301.957
935000 301.959
936000 301.958
937000 301.959
938000 301.961
939000 301.957
940000 301.961
941000 301.964
942000 301.967
943000 301.97
944000 301.97
945000 301.979
946000 301.981
947000 301.98
948000 301.979
949000 301.974
950000 301.969
951000 301.961
952000 301.958
953000 301.953
954000 301.952
955000 301.948
956000 301.936
957000 301.934
958000 301.938
959000 301.935
960000 301.94
961000 301.94
962000 301.939
963000 301.934
964000 301.941
965000 301.948
966000 301.949
967000 301.948
968000 301.945
969000 301.945
970000 301.949
971000 301.951
972000 301.943
973000 301.947
974000 301.949
975000 301.948
976000 301.955
977000 301.955
978000 301.957
979000 301.962
980000 301.965
981000 301.966
982000 301.959
983000 301.96
984000 301.955
985000 301.95
986000 301.95
987000 301.95
988000 301.938
989000 301.943
990000 301.945
991000 301.936
992000 301.941
993000 301.936
994000 301.933
995000 301.937
996000 301.951
997000 301.946
998000 301.95
999000 301.953
1000000 301.951
1001000 301.952
1002000 301.942
1003000 301.947
1004000 301.949
1005000 301.952
1006000 301.95
1007000 301.95
1008000 301.947
1009000 301.945
1010000 301.945
1011000 301.947
1012000 301.946
1013000 301.946
1014000 301.944
1015000 301.947
1016000 301.943
1017000 301.941
1018000 301.938
1019000 301.939
1020000 301.939
1021000 301.944
1022000 301.947
1023000 301.948
1024000 301.958
1025000 301.959
1026000 301.956
1027000 301.962
1028000 301.961
1029000 301.967
1030000 301.974
1031000 301.979
1032000 301.975
1033000 301.978
1034000 301.976
1035000 301.969
1036000 301.962
1037000 301.966
1038000 301.961
1039000 301.961
1040000 301.964
1041000 301.968
1042000 301.961
1043000 301.961
1044000 301.96
1045000 301.965
1046000 301.962
1047000 301.957
1048000 301.959
1049000 301.963
1050000 301.97
1051000 301.969
1052000 301.964
1053000 301.969
1054000 301.968
1055000 301.958
1056000 301.957
1057000 301.957
1058000 301.951
1059000 301.949
1060000 301.949
1061000 301.955
1062000 301.957
1063000 301.954
1064000 301.956
1065000 301.958
1066000 301.952
1067000 301.944
1068000 301.944
1069000 301.947
1070000 301.947
1071000 301.951
1072000 301.953
1073000 301.95
1074000 301.944
1075000 301.941
1076000 301.947
1077000 301.939
1078000 301.936
1079000 301.935
1080000 301.933
1081000 301.933
1082000 301.929
1083000 301.928
1084000 301.927
1085000 301.929
1086000 301.929
1087000 301.926
1088000 301.932
1089000 301.931
1090000 301.924
1091000 301.929
1092000 301.932
1093000 301.928
1094000 301.926
1095000 301.925
1096000 301.917
1097000 301.917
1098000 301.918
1099000 301.919
1100000 301.924
1101000 301.923
1102000 301.933
1103000 301.927
1104000 301.926
1105000 301.926
1106000 301.93
1107000 301.936
1108000 301.941
1109000 301.942
1110000 301.947
1111000 301.947
1112000 301.944
1113000 301.942
1114000 301.94
1115000 301.939
1116000 301.942
1117000 301.94
1118000 301.938
1119000 301.934
1120000 301.939
1121000 301.941
1122000 301.938
1123000 301.938
1124000 301.944
1125000 301.942
1126000 301.934
1127000 301.935
1128000 301.94
1129000 301.938
1130000 301.937
1131000 301.933
1132000 301.936
1133000 301.938
1134000 301.941
1135000 301.937
1136000 301.941
1137000 301.938
1138000 301.938
1139000 301.941
1140000 301.935
1141000 301.932
1142000 301.929
1143000 301.935
1144000 301.936
1145000 301.937
1146000 301.936
1147000 301.942
1148000 301.939
1149000 301.938
1150000 301.938
1151000 301.94
1152000 301.942
1153000 301.941
1154000 301.939
1155000 301.942
1156000 301.948
1157000 301.944
1158000 301.946
1159000 301.945
1160000 301.947
1161000 301.95
1162000 301.948
1163000 301.943
1164000 301.943
1165000 301.94
1166000 301.947
1167000 301.95
1168000 301.952
1169000 301.952
1170000 301.96
1171000 301.962
1172000 301.971
1173000 301.973
1174000 301.971
1175000 301.97
1176000 301.97
1177000 301.976
1178000 301.977
1179000 301.978
1180000 301.972
1181000 301.973
1182000 301.968
1183000 301.967
1184000 301.972
1185000 301.971
1186000 301.962
1187000 301.97
1188000 301.966
1189000 301.964
1190000 301.961
1191000 301.962
1192000 301.962
1193000 301.964
1194000 301.972
1195000 301.968
1196000 301.974
1197000 301.976
1198000 301.975
1199000 301.971
1200000 301.974
1201000 301.978
1202000 301.979
1203000 301.972
1204000 301.977
1205000 301.977
1206000 301.972
1207000 301.972
1208000 301.968
1209000 301.969
1210000 301.969
1211000 301.972
1212000 301.975
1213000 301.973
1214000 301.967
1215000 301.965
1216000 301.959
1217000 301.962
1218000 301.963
1219000 301.96
1220000 301.962
1221000 301.961
1222000 301.963
1223000 301.97
1224000 301.969
1225000 301.964
1226000 301.967
1227000 301.968
1228000 301.968
1229000 301.971
1230000 301.968
1231000 301.966
1232000 301.962
1233000 301.96
1234000 301.961
1235000 301.958
1236000 301.954
1237000 301.958
1238000 301.959
1239000 301.96
1240000 301.96
1241000 301.954
1242000 301.951
1243000 301.957
1244000 301.956
1245000 301.952
1246000 301.952
1247000 301.948
1248000 301.948
1249000 301.944
1250000 301.948
1251000 301.947
1252000 301.948
1253000 301.944
1254000 301.943
1255000 301.944
1256000 301.945
1257000 301.941
1258000 301.935
1259000 301.928
1260000 301.93
1261000 301.932
1262000 301.935
1263000 301.937
1264000 301.94
1265000 301.936
1266000 301.935
1267000 301.935
1268000 301.939
1269000 301.935
1270000 301.941
1271000 301.941
1272000 301.933
1273000 301.932
1274000 301.935
1275000 301.937
1276000 301.937
1277000 301.938
1278000 301.94
1279000 301.942
1280000 301.941
1281000 301.943
1282000 301.946
1283000 301.95
1284000 301.951
1285000 301.952
1286000 301.955
1287000 301.956
1288000 301.96
1289000 301.961
1290000 301.966
1291000 301.969
1292000 301.968
1293000 301.97
1294000 301.97
1295000 301.969
1296000 301.972
1297000 301.971
1298000 301.962
1299000 301.965
1300000 301.967
1301000 301.963
1302000 301.966
1303000 301.965
1304000 301.967
1305000 301.972
1306000 301.974
1307000 301.974
1308000 301.972
1309000 301.975
1310000 301.977
1311000 301.975
1312000 301.972
1313000 301.972
1314000 301.967
1315000 301.962
1316000 301.965
1317000 301.967
1318000 301.968
1319000 301.97
1320000 301.972
1321000 301.97
1322000 301.974
1323000 301.971
1324000 301.972
1325000 301.973
1326000 301.975
1327000 301.979
1328000 301.983
1329000 301.989
1330000 301.985
1331000 301.983
1332000 301.979
1333000 301.983
1334000 301.982
1335000 301.983
1336000 301.983
1337000 301.99
1338000 301.986
1339000 301.984
1340000 301.988
1341000 301.986
1342000 301.985
1343000 301.983
1344000 301.989
1345000 301.987
1346000 301.989
1347000 301.995
1348000 301.995
1349000 301.995
1350000 301.992
1351000 301.986
1352000 301.99
1353000 301.992
1354000 301.989
1355000 301.992
1356000 301.991
1357000 301.993
1358000 301.994
1359000 301.992
1360000 301.992
1361000 301.991
1362000 301.997
1363000 301.998
1364000 301.998
1365000 301.998
1366000 302.002
1367000 302.004
1368000 302.007
1369000 302.006
1370000 302
1371000 301.998
1372000 302.002
1373000 302.003
1374000 302.001
1375000 302.002
1376000 302.002
1377000 302.001
1378000 301.995
1379000 301.996
1380000 301.997
1381000 301.999
1382000 301.998
1383000 302.001
1384000 302.001
1385000 301.997
1386000 302.003
1387000 302
1388000 301.998
1389000 302
1390000 301.997
1391000 301.998
1392000 301.999
1393000 302
1394000 302.006
1395000 302.006
1396000 302.006
1397000 302.008
1398000 302.008
1399000 302.007
1400000 302.003
1401000 302
1402000 302.005
1403000 302.007
1404000 302.005
1405000 302.002
1406000 302.004
1407000 302.002
1408000 302.002
1409000 302.01
1410000 302.01
1411000 302.008
1412000 302.012
1413000 302.008
1414000 302.007
1415000 302.003
1416000 302.001
1417000 302.004
1418000 302.001
1419000 302.004
1420000 302.003
1421000 302.004
1422000 302.004
1423000 302.006
1424000 302.004
1425000 302.005
1426000 302.003
1427000 302.003
1428000 302.003
1429000 302.001
1430000 301.997
1431000 301.995
1432000 301.999
1433000 301.995
1434000 301.994
1435000 301.995
1436000 301.994
1437000 301.997
1438000 301.998
1439000 302.001
1440000 302.004
1441000 302.006
1442000 302.007
1443000 302.009
1444000 302.002
1445000 302.004
1446000 302.007
1447000 302.005
1448000 302.002
1449000 301.998
1450000 301.997
1451000 301.997
1452000 301.998
1453000 302.001
1454000 302.003
1455000 302.005
1456000 302.003
1457000 302.007
1458000 302.006
1459000 302.003
1460000 302.005
1461000 302.005
1462000 302.004
1463000 302.001
1464000 302.003
1465000 302.001
1466000 302.002
1467000 302.001
1468000 302.002
1469000 302.008
1470000 302.004
1471000 302.002
1472000 302.003
1473000 302
1474000 301.997
1475000 301.996
1476000 301.997
1477000 301.994
1478000 301.997
1479000 301.997
1480000 302.006
1481000 302.008
1482000 302.009
1483000 302.004
1484000 302.008
1485000 302.005
1486000 302.008
1487000 302.007
1488000 302.009
1489000 302.008
1490000 302.003
1491000 302.002
1492000 302.002
1493000 302.002
1494000 302.001
1495000 302.003
1496000 302.002
1497000 302.002
1498000 302.002
1499000 302
1500000 302
1501000 302
1502000 301.997
1503000 302
1504000 301.998
1505000 301.998
1506000 301.997
1507000 302.001
1508000 302.006
1509000 302
1510000 301.999
1511000 301.999
1512000 301.995
1513000 301.994
1514000 301.993
1515000 301.997
1516000 301.995
1517000 301.995
1518000 301.993
1519000 301.992
1520000 301.992
1521000 301.994
1522000 301.996
1523000 301.998
1524000 301.999
1525000 302
1526000 301.993
1527000 301.996
1528000 301.991
1529000 301.99
1530000 301.99
1531000 301.99
1532000 301.99
1533000 301.992
1534000 301.992
1535000 301.995
1536000 301.996
1537000 301.993
1538000 301.989
1539000 301.989
1540000 301.987
1541000 301.983
1542000 301.987
1543000 301.986
1544000 301.984
1545000 301.986
1546000 301.984
1547000 301.987
1548000 301.981
1549000 301.978
1550000 301.981
1551000 301.982
1552000 301.984
1553000 301.983
1554000 301.983
1555000 301.985
1556000 301.984
1557000 301.985
1558000 301.985
1559000 301.984
1560000 301.985
1561000 301.982
1562000 301.978
1563000 301.982
1564000 301.984
1565000 301.982
1566000 301.982
1567000 301.978
1568000 301.975
1569000 301.975
1570000 301.972
1571000 301.974
1572000 301.976
1573000 301.977
1574000 301.984
1575000 301.984
1576000 301.983
1577000 301.983
1578000 301.982
1579000 301.983
1580000 301.985
1581000 301.981
1582000 301.978
1583000 301.98
1584000 301.979
1585000 301.985
1586000 301.985
1587000 301.985
1588000 301.987
1589000 301.984
1590000 301.985
1591000 301.986
1592000 301.985
1593000 301.986
1594000 301.986
1595000 301.982
1596000 301.983
1597000 301.989
1598000 301.99
1599000 301.987
1600000 301.99
1601000 301.985
1602000 301.986
1603000 301.982
1604000 301.987
1605000 301.986
1606000 301.988
1607000 301.985
1608000 301.985
1609000 301.981
1610000 301.984
1611000 301.982
1612000 301.984
1613000 301.984
1614000 301.984
1615000 301.984
1616000 301.983
1617000 301.981
1618000 301.981
1619000 301.984
1620000 301.985
1621000 301.985
1622000 301.985
1623000 301.986
1624000 301.986
1625000 301.985
1626000 301.984
1627000 301.98
1628000 301.98
1629000 301.98
1630000 301.98
1631000 301.978
1632000 301.976
1633000 301.977
1634000 301.981
1635000 301.983
1636000 301.983
1637000 301.981
1638000 301.982
1639000 301.983
1640000 301.983
1641000 301.984
1642000 301.986
1643000 301.983
1644000 301.986
1645000 301.986
1646000 301.986
1647000 301.988
1648000 301.994
1649000 301.991
1650000 301.99
1651000 301.987
1652000 301.985
1653000 301.983
1654000 301.985
1655000 301.981
1656000 301.981
1657000 301.979
1658000 301.983
1659000 301.983
1660000 301.987
1661000 301.988
1662000 301.988
1663000 301.989
1664000 301.986
1665000 301.984
1666000 301.982
1667000 301.979
1668000 301.981
1669000 301.982
1670000 301.983
1671000 301.982
1672000 301.984
1673000 301.984
1674000 301.982
1675000 301.984
1676000 301.981
1677000 301.983
1678000 301.982
1679000 301.978
1680000 301.976
1681000 301.978
1682000 301.978
1683000 301.978
1684000 301.979
1685000 301.978
1686000 301.979
1687000 301.98
1688000 301.979
1689000 301.978
1690000 301.978
1691000 301.977
1692000 301.972
1693000 301.972
1694000 301.973
1695000 301.973
1696000 301.976
1697000 301.979
1698000 301.98
1699000 301.98
1700000 301.983
1701000 301.979
1702000 301.975
1703000 301.973
1704000 301.973
1705000 301.976
1706000 301.976
1707000 301.973
1708000 301.973
1709000 301.978
1710000 301.979
1711000 301.974
1712000 301.969
1713000 301.969
1714000 301.97
1715000 301.97
1716000 301.969
1717000 301.969
1718000 301.97
1719000 301.968
1720000 301.974
1721000 301.974
1722000 301.976
1723000 301.976
1724000 301.975
1725000 301.975
1726000 301.975
1727000 301.975
1728000 301.975
1729000 301.977
1730000 301.974
1731000 301.972
1732000 301.975
1733000 301.97
1734000 301.97
1735000 301.972
1736000 301.969
1737000 301.967
1738000 301.972
1739000 301.973
1740000 301.976
1741000 301.973
1742000 301.97
1743000 301.966
1744000 301.968
1745000 301.968
1746000 301.97
1747000 301.965
1748000 301.965
1749000 301.964
1750000 301.963
1751000 301.963
1752000 301.966
1753000 301.967
1754000 301.97
1755000 301.968
1756000 301.97
1757000 301.971
1758000 301.968
1759000 301.973
1760000 301.973
1761000 301.978
1762000 301.979
1763000 301.978
1764000 301.976
1765000 301.975
1766000 301.972
1767000 301.97
1768000 301.968
1769000 301.97
1770000 301.968
1771000 301.973
1772000 301.974
1773000 301.977
1774000 301.981
1775000 301.982
1776000 301.981
1777000 301.984
1778000 301.985
1779000 301.987
1780000 301.988
1781000 301.992
1782000 301.991
1783000 301.992
1784000 301.993
1785000 301.993
1786000 301.994
1787000 301.993
1788000 301.991
1789000 301.99
1790000 301.99
1791000 301.986
1792000 301.984
1793000 301.979
1794000 301.975
1795000 301.973
1796000 301.969
1797000 301.969
1798000 301.968
1799000 301.968
1800000 301.97
1801000 301.972
1802000 301.972
1803000 301.971
1804000 301.971
1805000 301.97
1806000 301.973
1807000 301.98
1808000 301.975
1809000 301.976
1810000 301.975
1811000 301.973
1812000 301.974
1813000 301.972
1814000 301.975
1815000 301.973
1816000 301.971
1817000 301.97
1818000 301.968
1819000 301.971
1820000 301.967
1821000 301.968
1822000 301.965
1823000 301.968
1824000 301.967
1825000 301.967
1826000 301.972
1827000 301.974
1828000 301.974
1829000 301.975
1830000 301.973
1831000 301.974
1832000 301.976
1833000 301.976
1834000 301.977
1835000 301.975
1836000 301.976
1837000 301.974
1838000 301.973
1839000 301.974
1840000 301.976
1841000 301.978
1842000 301.983
1843000 301.983
1844000 301.984
1845000 301.985
1846000 301.983
1847000 301.984
1848000 301.982
1849000 301.98
1850000 301.984
1851000 301.985
1852000 301.985
1853000 301.984
1854000 301.982
1855000 301.984
1856000 301.985
1857000 301.984
1858000 301.983
1859000 301.983
1860000 301.984
1861000 301.987
1862000 301.989
1863000 301.991
1864000 301.994
1865000 301.994
1866000 301.995
1867000 301.997
1868000 301.994
1869000 301.994
1870000 301.995
1871000 301.997
1872000 301.995
1873000 301.992
1874000 301.989
1875000 301.984
1876000 301.985
1877000 301.984
1878000 301.983
1879000 301.986
1880000 301.987
1881000 301.985
1882000 301.984
1883000 301.986
1884000 301.984
1885000 301.985
1886000 301.987
1887000 301.986
1888000 301.984
1889000 301.982
1890000 301.982
1891000 301.981
1892000 301.981
1893000 301.98
1894000 301.982
1895000 301.978
1896000 301.976
1897000 301.977
1898000 301.976
1899000 301.973
1900000 301.972
1901000 301.973
1902000 301.972
1903000 301.972
1904000 301.977
1905000 301.977
1906000 301.977
1907000 301.977
1908000 301.978
1909000 301.976
1910000 301.977
1911000 301.974
1912000 301.977
1913000 301.978
1914000 301.977
1915000 301.98
1916000 301.98
1917000 301.98
1918000 301.98
1919000 301.981
1920000 301.981
1921000 301.983
1922000 301.986
1923000 301.987
1924000 301.987
1925000 301.988
1926000 301.984
1927000 301.986
1928000 301.985
1929000 301.989
1930000 301.987
1931000 301.989
1932000 301.992
1933000 301.992
1934000 301.99
1935000 301.989
1936000 301.989
1937000 301.984
1938000 301.985
1939000 301.984
1940000 301.982
1941000 301.979
1942000 301.976
1943000 301.978
1944000 301.979
1945000 301.979
1946000 301.979
1947000 301.984
1948000 301.985
1949000 301.985
1950000 301.985
1951000 301.985
1952000 301.983
1953000 301.982
1954000 301.982
1955000 301.981
1956000 301.98
1957000 301.982
1958000 301.98
1959000 301.983
1960000 301.983
1961000 301.984
1962000 301.983
1963000 301.983
1964000 301.982
1965000 301.979
1966000 301.979
1967000 301.976
1968000 301.978
1969000 301.976
1970000 301.975
1971000 301.975
1972000 301.976
1973000 301.974
1974000 301.977
1975000 301.978
1976000 301.977
1977000 301.978
1978000 301.98
1979000 301.977
1980000 301.98
1981000 301.976
1982000 301.974
1983000 301.976
1984000 301.977
1985000 301.974
1986000 301.973
1987000 301.972
1988000 301.973
1989000 301.972
1990000 301.973
1991000 301.973
1992000 301.974
1993000 301.975
1994000 301.972
1995000 301.972
1996000 301.97
1997000 301.969
1998000 301.967
1999000 301.964
2000000 301.965
2001000 301.962
2002000 301.964
2003000 301.966
2004000 301.968
2005000 301.968
2006000 301.969
2007000 301.971
2008000 301.969
2009000 301.969
2010000 301.966
2011000 301.963
2012000 301.963
2013000 301.963
2014000 301.963
2015000 301.964
2016000 301.962
2017000 301.962
2018000 301.964
2019000 301.963
2020000 301.963
2021000 301.962
2022000 301.964
2023000 301.96
2024000 301.959
2025000 301.959
2026000 301.96
2027000 301.955
2028000 301.956
2029000 301.958
2030000 301.964
2031000 301.964
2032000 301.961
2033000 301.959
2034000 301.958
2035000 301.957
2036000 301.957
2037000 301.958
2038000 301.96
2039000 301.961
2040000 301.962
2041000 301.961
2042000 301.963
2043000 301.963
2044000 301.963
2045000 301.962
2046000 301.961
2047000 301.961
2048000 301.961
2049000 301.959
2050000 301.959
2051000 301.955
2052000 301.952
2053000 301.954
2054000 301.955
2055000 301.959
2056000 301.961
2057000 301.958
2058000 301.956
2059000 301.954
2060000 301.956
2061000 301.955
2062000 301.956
2063000 301.955
2064000 301.954
2065000 301.955
2066000 301.953
2067000 301.954
2068000 301.957
2069000 301.96
2070000 301.961
2071000 301.962
2072000 301.964
2073000 301.963
2074000 301.962
2075000 301.964
2076000 301.965
2077000 301.967
2078000 301.965
2079000 301.967
2080000 301.969
2081000 301.968
2082000 301.966
2083000 301.968
2084000 301.967
2085000 301.967
2086000 301.964
2087000 301.962
2088000 301.963
2089000 301.966
2090000 301.965
2091000 301.966
2092000 301.967
2093000 301.967
2094000 301.969
2095000 301.969
2096000 301.968
2097000 301.963
2098000 301.967
2099000 301.968
2100000 301.969
2101000 301.969
2102000 301.969
2103000 301.968
2104000 301.968
2105000 301.965
2106000 301.967
2107000 301.97
2108000 301.968
2109000 301.967
2110000 301.969
2111000 301.97
2112000 301.969
2113000 301.968
2114000 301.969
2115000 301.966
2116000 301.962
2117000 301.962
2118000 301.96
2119000 301.959
2120000 301.959
2121000 301.956
2122000 301.955
2123000 301.953
2124000 301.953
2125000 301.952
2126000 301.954
2127000 301.951
2128000 301.952
2129000 301.953
2130000 301.953
2131000 301.956
2132000 301.959
2133000 301.959
2134000 301.959
2135000 301.96
2136000 301.962
2137000 301.964
2138000 301.966
2139000 301.965
2140000 301.964
2141000 301.964
2142000 301.962
2143000 301.964
2144000 301.963
2145000 301.965
2146000 301.964
2147000 301.963
2148000 301.963
2149000 301.963
2150000 301.963
2151000 301.96
2152000 301.962
2153000 301.965
2154000 301.963
2155000 301.961
2156000 301.964
2157000 301.964
2158000 301.963
2159000 301.963
2160000 301.963
2161000 301.963
2162000 301.966
2163000 301.965
2164000 301.965
2165000 301.963
2166000 301.963
2167000 301.963
2168000 301.963
2169000 301.966
2170000 301.968
2171000 301.97
2172000 301.967
2173000 301.968
2174000 301.963
2175000 301.963
2176000 301.961
2177000 301.96
2178000 301.959
2179000 301.958
2180000 301.961
2181000 301.96
2182000 301.962
2183000 301.963
2184000 301.961
2185000 301.959
2186000 301.957
2187000 301.956
2188000 301.955
2189000 301.958
2190000 301.956
2191000 301.956
2192000 301.954
2193000 301.955
2194000 301.957
2195000 301.956
2196000 301.957
2197000 301.958
2198000 301.959
2199000 301.959
2200000 301.956
