# Time-averaged data for fix energyrun
# TimeStep v_U
202000 30.8203
203000 30.8362
204000 30.9538
205000 30.9426
206000 31.0695
207000 31.0038
208000 30.9914
209000 30.9772
210000 30.9937
211000 31.0539
212000 31.078
213000 31.0549
214000 31.0148
215000 31.0014
216000 30.9817
217000 30.9443
218000 30.9461
219000 30.9328
220000 30.8904
221000 30.8605
222000 30.8349
223000 30.8261
224000 30.8085
225000 30.7802
226000 30.7727
227000 30.7825
228000 30.7737
229000 30.7763
230000 30.7675
231000 30.7545
232000 30.7476
233000 30.7314
234000 30.7135
235000 30.7027
236000 30.6889
237000 30.6923
238000 30.6827
239000 30.6788
240000 30.6837
241000 30.6792
242000 30.6903
243000 30.7014
244000 30.7163
245000 30.7167
246000 30.7164
247000 30.716
248000 30.7036
249000 30.6927
250000 30.6854
251000 30.6831
252000 30.6921
253000 30.709
254000 30.7223
255000 30.7279
256000 30.7182
257000 30.7054
258000 30.6866
259000 30.6654
260000 30.6592
261000 30.6558
262000 30.6521
263000 30.6547
264000 30.6553
265000 30.6514
266000 30.6457
267000 30.6463
268000 30.6507
269000 30.655
270000 30.6552
271000 30.6537
272000 30.6506
273000 30.6489
274000 30.6446
275000 30.6419
276000 30.646
277000 30.6457
278000 30.6468
279000 30.6506
280000 30.6475
281000 30.6464
282000 30.6411
283000 30.6417
284000 30.6422
285000 30.6318
286000 30.6312
287000 30.6267
288000 30.6299
289000 30.6266
290000 30.6237
291000 30.6227
292000 30.6205
293000 30.6158
294000 30.6161
295000 30.6152
296000 30.6169
297000 30.6216
298000 30.6246
299000 30.6283
300000 30.6267
301000 30.6271
302000 30.63
303000 30.6261
304000 30.6268
305000 30.6234
306000 30.6234
307000 30.6263
308000 30.6252
309000 30.6241
310000 30.6217
311000 30.6159
312000 30.618
313000 30.616
314000 30.6183
315000 30.6202
316000 30.619
317000 30.6183
318000 30.6198
319000 30.6195
320000 30.6171
321000 30.6145
322000 30.6152
323000 30.612
324000 30.6146
325000 30.6146
326000 30.6089
327000 30.6067
328000 30.6058
329000 30.6078
330000 30.6104
331000 30.6101
332000 30.6071
333000 30.6081
334000 30.6086
335000 30.6071
336000 30.6083
337000 30.6081
338000 30.6074
339000 30.6062
340000 30.6032
341000 30.6003
342000 30.5965
343000 30.5957
344000 30.5947
345000 30.5908
346000 30.5872
347000 30.5815
348000 30.578
349000 30.5769
350000 30.5758
351000 30.575
352000 30.5698
353000 30.5668
354000 30.565
355000 30.5621
356000 30.5614
357000 30.5643
358000 30.5676
359000 30.5663
360000 30.5646
361000 30.5629
362000 30.5631
363000 30.5614
364000 30.5601
365000 30.5624
366000 30.5631
367000 30.563
368000 30.5603
369000 30.5591
370000 30.5597
371000 30.5589
372000 30.5574
373000 30.5589
374000 30.5597
375000 30.5609
376000 30.5626
377000 30.5643
378000 30.5657
379000 30.5646
380000 30.5649
381000 30.5656
382000 30.565
383000 30.5657
384000 30.5668
385000 30.5663
386000 30.5657
387000 30.5681
388000 30.5676
389000 30.5647
390000 30.5642
391000 30.5625
392000 30.5632
393000 30.5607
394000 30.5585
395000 30.5558
396000 30.5589
397000 30.5593
398000 30.5609
399000 30.5586
400000 30.5582
401000 30.5583
402000 30.5564
403000 30.5543
404000 30.5557
405000 30.5582
406000 30.5628
407000 30.5668
408000 30.5696
409000 30.5749
410000 30.5775
411000 30.5804
412000 30.5824
413000 30.5835
414000 30.5855
415000 30.5865
416000 30.5865
417000 30.5873
418000 30.5886
419000 30.59
420000 30.5887
421000 30.5872
422000 30.5871
423000 30.5889
424000 30.5881
425000 30.5885
426000 30.5893
427000 30.5876
428000 30.5878
429000 30.5859
430000 30.5854
431000 30.5867
432000 30.5856
433000 30.5859
434000 30.5873
435000 30.5889
436000 30.591
437000 30.5953
438000 30.5982
439000 30.6001
440000 30.6012
441000 30.6031
442000 30.6047
443000 30.6052
444000 30.6058
445000 30.6078
446000 30.6077
447000 30.6079
448000 30.61
449000 30.6105
450000 30.6105
451000 30.6104
452000 30.6093
453000 30.6086
454000 30.6083
455000 30.6106
456000 30.6119
457000 30.6122
458000 30.6131
459000 30.6153
460000 30.6166
461000 30.6188
462000 30.6203
463000 30.6212
464000 30.6229
465000 30.6235
466000 30.6253
467000 30.6253
468000 30.6259
469000 30.625
470000 30.624
471000 30.6243
472000 30.6252
473000 30.6262
474000 30.6252
475000 30.6252
476000 30.6251
477000 30.624
478000 30.6256
479000 30.6255
480000 30.6248
481000 30.6228
482000 30.6221
483000 30.6223
484000 30.6211
485000 30.6217
486000 30.6224
487000 30.6223
488000 30.6229
489000 30.6223
490000 30.6211
491000 30.6198
492000 30.62
493000 30.6194
494000 30.6196
495000 30.6187
496000 30.6184
497000 30.619
498000 30.6185
499000 30.6194
500000 30.6212
501000 30.6206
502000 30.6207
503000 30.6205
504000 30.6211
505000 30.6213
506000 30.6201
507000 30.6216
508000 30.6221
509000 30.6221
510000 30.6225
511000 30.6227
512000 30.6208
513000 30.6203
514000 30.6202
515000 30.6192
516000 30.619
517000 30.6178
518000 30.6174
519000 30.6179
520000 30.6166
521000 30.6169
522000 30.6173
523000 30.6184
524000 30.6172
525000 30.6164
526000 30.616
527000 30.6142
528000 30.6135
529000 30.6135
530000 30.6125
531000 30.6113
532000 30.6105
533000 30.6092
534000 30.61
535000 30.6101
536000 30.6091
537000 30.6088
538000 30.6091
539000 30.6093
540000 30.6098
541000 30.6099
542000 30.6103
543000 30.6095
544000 30.6077
545000 30.6076
546000 30.6079
547000 30.6077
548000 30.6069
549000 30.6061
550000 30.605
551000 30.6053
552000 30.6051
553000 30.6049
554000 30.6048
555000 30.6049
556000 30.6037
557000 30.603
558000 30.6031
559000 30.6013
560000 30.6009
561000 30.6007
562000 30.6005
563000 30.5997
564000 30.5985
565000 30.5979
566000 30.5976
567000 30.5977
568000 30.5974
569000 30.5961
570000 30.5957
571000 30.5963
572000 30.5973
573000 30.598
574000 30.5988
575000 30.5991
576000 30.6003
577000 30.601
578000 30.6011
579000 30.6021
580000 30.6016
581000 30.602
582000 30.6016
583000 30.602
584000 30.6016
585000 30.6022
586000 30.6027
587000 30.6037
588000 30.6025
589000 30.601
590000 30.5989
591000 30.5966
592000 30.5956
593000 30.5948
594000 30.5952
595000 30.5944
596000 30.5941
597000 30.5944
598000 30.5951
599000 30.5956
600000 30.5958
601000 30.596
602000 30.5963
603000 30.5957
604000 30.5947
605000 30.5943
606000 30.5935
607000 30.5921
608000 30.5907
609000 30.5892
610000 30.5882
611000 30.5882
612000 30.5877
613000 30.588
614000 30.5875
615000 30.5877
616000 30.5887
617000 30.5883
618000 30.5883
619000 30.5896
620000 30.5899
621000 30.5893
622000 30.5883
623000 30.5874
624000 30.5876
625000 30.5873
626000 30.5878
627000 30.5882
628000 30.5894
629000 30.5899
630000 30.5897
631000 30.5895
632000 30.5902
633000 30.5903
634000 30.5902
635000 30.59
636000 30.5899
637000 30.5894
638000 30.5909
639000 30.5916
640000 30.5916
641000 30.5922
642000 30.5929
643000 30.5936
644000 30.5931
645000 30.5942
646000 30.5945
647000 30.5955
648000 30.5959
649000 30.5963
650000 30.5973
651000 30.5977
652000 30.5986
653000 30.5992
654000 30.6
655000 30.6008
656000 30.6009
657000 30.5999
658000 30.6
659000 30.6003
660000 30.601
661000 30.6012
662000 30.601
663000 30.6003
664000 30.5998
665000 30.6003
666000 30.6004
667000 30.6005
668000 30.6013
669000 30.6018
670000 30.6017
671000 30.6018
672000 30.6027
673000 30.6026
674000 30.6027
675000 30.6028
676000 30.6024
677000 30.6033
678000 30.6045
679000 30.6056
680000 30.6065
681000 30.6064
682000 30.6066
683000 30.6061
684000 30.6051
685000 30.605
686000 30.605
687000 30.6051
688000 30.6056
689000 30.6064
690000 30.6067
691000 30.6069
692000 30.608
693000 30.6088
694000 30.6095
695000 30.6099
696000 30.6108
697000 30.6117
698000 30.6124
699000 30.6117
700000 30.6121
701000 30.6118
702000 30.6119
703000 30.611
704000 30.6116
705000 30.6112
706000 30.6115
707000 30.6111
708000 30.6123
709000 30.6133
710000 30.6136
711000 30.6124
712000 30.6124
713000 30.6122
714000 30.6134
715000 30.6142
716000 30.6132
717000 30.6138
718000 30.6144
719000 30.6145
720000 30.614
721000 30.6142
722000 30.6141
723000 30.6143
724000 30.6129
725000 30.6126
726000 30.6122
727000 30.6123
728000 30.6125
729000 30.6127
730000 30.6126
731000 30.6121
732000 30.6115
733000 30.6106
734000 30.6106
735000 30.611
736000 30.6113
737000 30.6114
738000 30.6102
739000 30.6105
740000 30.6108
741000 30.61
742000 30.6093
743000 30.6091
744000 30.6099
745000 30.6094
746000 30.6095
747000 30.6096
748000 30.6091
749000 30.6092
750000 30.6089
751000 30.609
752000 30.609
753000 30.6089
754000 30.6089
755000 30.6093
756000 30.6093
757000 30.6101
758000 30.6101
759000 30.6105
760000 30.6106
761000 30.6103
762000 30.61
763000 30.6096
764000 30.6098
765000 30.6096
766000 30.61
767000 30.6105
768000 30.6112
769000 30.612
770000 30.6136
771000 30.6153
772000 30.617
773000 30.6175
774000 30.6191
775000 30.6208
776000 30.6223
777000 30.6238
778000 30.625
779000 30.6262
780000 30.6279
781000 30.6293
782000 30.6313
783000 30.632
784000 30.6335
785000 30.6351
786000 30.6359
787000 30.6369
788000 30.637
789000 30.6367
790000 30.6369
791000 30.6376
792000 30.6375
793000 30.6377
794000 30.6379
795000 30.6386
796000 30.639
797000 30.639
798000 30.6383
799000 30.6379
800000 30.638
801000 30.6381
802000 30.6389
803000 30.6394
804000 30.64
805000 30.64
806000 30.6404
807000 30.6402
808000 30.6387
809000 30.6381
810000 30.6378
811000 30.638
812000 30.6379
813000 30.6383
814000 30.6381
815000 30.6386
816000 30.6397
817000 30.6403
818000 30.641
819000 30.6414
820000 30.6424
821000 30.6427
822000 30.6421
823000 30.6419
824000 30.6419
825000 30.6419
826000 30.6419
827000 30.6415
828000 30.6407
829000 30.6402
830000 30.6401
831000 30.6407
832000 30.6412
833000 30.6419
834000 30.6426
835000 30.6435
836000 30.6437
837000 30.6438
838000 30.6443
839000 30.6445
840000 30.645
841000 30.6454
842000 30.6457
843000 30.6458
844000 30.6461
845000 30.6466
846000 30.6473
847000 30.6473
848000 30.648
849000 30.6479
850000 30.6478
851000 30.6483
852000 30.6485
853000 30.649
854000 30.6496
855000 30.6501
856000 30.6502
857000 30.6503
858000 30.6507
859000 30.6509
860000 30.651
861000 30.6511
862000 30.6515
863000 30.6514
864000 30.6513
865000 30.6517
866000 30.6519
867000 30.652
868000 30.6522
869000 30.6514
870000 30.651
871000 30.6508
872000 30.6509
873000 30.6513
874000 30.6516
875000 30.652
876000 30.6523
877000 30.6528
878000 30.6525
879000 30.6528
880000 30.6523
881000 30.6523
882000 30.6518
883000 30.6506
884000 30.65
885000 30.6494
886000 30.6491
887000 30.6493
888000 30.6491
889000 30.6481
890000 30.6477
891000 30.6474
892000 30.6467
893000 30.6466
894000 30.6466
895000 30.6465
896000 30.6461
897000 30.6455
898000 30.6457
899000 30.6452
900000 30.6449
901000 30.6444
902000 30.644
903000 30.6437
904000 30.6436
905000 30.6424
906000 30.6414
907000 30.6404
908000 30.6387
909000 30.6377
910000 30.6373
911000 30.6361
912000 30.6358
913000 30.635
914000 30.6352
915000 30.6352
916000 30.635
917000 30.6353
918000 30.6349
919000 30.6352
920000 30.6352
921000 30.6352
922000 30.635
923000 30.635
924000 30.6351
925000 30.6346
926000 30.634
927000 30.6338
928000 30.6338
929000 30.634
930000 30.634
931000 30.6345
932000 30.6351
933000 30.6354
934000 30.6351
935000 30.6354
936000 30.6357
937000 30.6352
938000 30.6356
939000 30.6358
940000 30.6359
941000 30.6359
942000 30.6359
943000 30.6353
944000 30.6347
945000 30.6338
946000 30.6339
947000 30.6328
948000 30.632
949000 30.6325
950000 30.6325
951000 30.6325
952000 30.6328
953000 30.6326
954000 30.6324
955000 30.6318
956000 30.6317
957000 30.6314
958000 30.6313
959000 30.6313
960000 30.6309
961000 30.6309
962000 30.631
963000 30.6312
964000 30.6313
965000 30.6309
966000 30.6304
967000 30.6298
968000 30.6297
969000 30.6293
970000 30.6295
971000 30.6295
972000 30.6296
973000 30.6301
974000 30.6299
975000 30.6299
976000 30.6303
977000 30.63
978000 30.6294
979000 30.6294
980000 30.6291
981000 30.6286
982000 30.6282
983000 30.6281
984000 30.6277
985000 30.6277
986000 30.6276
987000 30.6271
988000 30.6273
989000 30.6266
990000 30.626
991000 30.6254
992000 30.6252
993000 30.6246
994000 30.6249
995000 30.6246
996000 30.6245
997000 30.6244
998000 30.6242
999000 30.6247
1000000 30.6251
1001000 30.6256
1002000 30.6255
1003000 30.626
1004000 30.6261
1005000 30.626
1006000 30.6259
1007000 30.6264
1008000 30.6261
1009000 30.6257
1010000 30.6257
1011000 30.6254
1012000 30.6253
1013000 30.6256
1014000 30.6255
1015000 30.6254
1016000 30.625
1017000 30.6246
1018000 30.6239
1019000 30.6242
1020000 30.6243
1021000 30.6242
1022000 30.6242
1023000 30.6242
1024000 30.6241
1025000 30.6239
1026000 30.6241
1027000 30.6245
1028000 30.6244
1029000 30.6254
1030000 30.6259
1031000 30.6259
1032000 30.6258
1033000 30.6262
1034000 30.6263
1035000 30.6267
1036000 30.6265
1037000 30.6265
1038000 30.6266
1039000 30.6267
1040000 30.627
1041000 30.6267
1042000 30.6262
1043000 30.6262
1044000 30.6262
1045000 30.6265
1046000 30.6266
1047000 30.6264
1048000 30.626
1049000 30.6259
1050000 30.6255
1051000 30.6252
1052000 30.6254
1053000 30.6251
1054000 30.6248
1055000 30.6251
1056000 30.6251
1057000 30.6249
1058000 30.625
1059000 30.6251
1060000 30.6252
1061000 30.6253
1062000 30.6257
1063000 30.6258
1064000 30.626
1065000 30.6262
1066000 30.6265
1067000 30.6273
1068000 30.6279
1069000 30.6285
1070000 30.629
1071000 30.6293
1072000 30.6297
1073000 30.6302
1074000 30.6299
1075000 30.63
1076000 30.6295
1077000 30.6294
1078000 30.6295
1079000 30.6292
1080000 30.6299
1081000 30.63
1082000 30.6304
1083000 30.6304
1084000 30.6302
1085000 30.6304
1086000 30.6305
1087000 30.6304
1088000 30.6303
1089000 30.6307
1090000 30.631
1091000 30.6312
1092000 30.6311
1093000 30.6312
1094000 30.6313
1095000 30.6314
1096000 30.6321
1097000 30.6325
1098000 30.6328
1099000 30.633
1100000 30.6333
1101000 30.6337
1102000 30.6337
1103000 30.6341
1104000 30.6341
1105000 30.6343
1106000 30.6346
1107000 30.6349
1108000 30.6356
1109000 30.6358
1110000 30.6361
1111000 30.6364
1112000 30.6365
1113000 30.6366
1114000 30.6375
1115000 30.6387
1116000 30.6393
1117000 30.6397
1118000 30.6402
1119000 30.641
1120000 30.6413
1121000 30.6415
1122000 30.6422
1123000 30.6419
1124000 30.6426
1125000 30.6431
1126000 30.643
1127000 30.6433
1128000 30.6427
1129000 30.6425
1130000 30.6422
1131000 30.6422
1132000 30.6421
1133000 30.6419
1134000 30.6417
1135000 30.6417
1136000 30.6413
1137000 30.6417
1138000 30.6414
1139000 30.6411
1140000 30.6409
1141000 30.641
1142000 30.6404
1143000 30.6397
1144000 30.6384
1145000 30.6379
1146000 30.6375
1147000 30.6362
1148000 30.6358
1149000 30.6353
1150000 30.635
1151000 30.6345
1152000 30.634
1153000 30.6335
1154000 30.633
1155000 30.6325
1156000 30.6314
1157000 30.6309
1158000 30.6304
1159000 30.63
1160000 30.6299
1161000 30.6296
1162000 30.6299
1163000 30.6295
1164000 30.6295
1165000 30.63
1166000 30.6305
1167000 30.6309
1168000 30.6313
1169000 30.6315
1170000 30.632
1171000 30.6324
1172000 30.6326
1173000 30.6326
1174000 30.6331
1175000 30.6333
1176000 30.6331
1177000 30.6334
1178000 30.6338
1179000 30.6338
1180000 30.6342
1181000 30.6342
1182000 30.6343
1183000 30.6344
1184000 30.6341
1185000 30.6338
1186000 30.6338
1187000 30.6337
1188000 30.6339
1189000 30.6337
1190000 30.6339
1191000 30.6341
1192000 30.6344
1193000 30.6346
1194000 30.6346
1195000 30.6344
1196000 30.634
1197000 30.6339
1198000 30.634
1199000 30.6337
1200000 30.6333
1201000 30.633
1202000 30.6327
1203000 30.6324
1204000 30.6324
1205000 30.6326
1206000 30.6323
1207000 30.6319
1208000 30.6317
1209000 30.6314
1210000 30.6313
1211000 30.6314
1212000 30.6309
1213000 30.631
1214000 30.6307
1215000 30.6309
1216000 30.6313
1217000 30.6315
1218000 30.6316
1219000 30.6319
1220000 30.6322
1221000 30.6325
1222000 30.6328
1223000 30.6331
1224000 30.6335
1225000 30.6338
1226000 30.6338
1227000 30.634
1228000 30.6345
1229000 30.6349
1230000 30.6352
1231000 30.6356
1232000 30.636
1233000 30.636
1234000 30.6358
1235000 30.6362
1236000 30.6362
1237000 30.6365
1238000 30.6371
1239000 30.6374
1240000 30.6373
1241000 30.6373
1242000 30.6377
1243000 30.6375
1244000 30.6374
1245000 30.6375
1246000 30.6378
1247000 30.6381
1248000 30.6386
1249000 30.6391
1250000 30.6393
1251000 30.6395
1252000 30.6395
1253000 30.6398
1254000 30.64
1255000 30.6398
1256000 30.6399
1257000 30.6401
1258000 30.6405
1259000 30.6405
1260000 30.6409
1261000 30.6414
1262000 30.6413
1263000 30.6419
1264000 30.6417
1265000 30.6422
1266000 30.6424
1267000 30.6427
1268000 30.6427
1269000 30.643
1270000 30.6431
1271000 30.6428
1272000 30.6432
1273000 30.6431
1274000 30.6434
1275000 30.6435
1276000 30.6436
1277000 30.6433
1278000 30.6433
1279000 30.6434
1280000 30.6436
1281000 30.644
1282000 30.6447
1283000 30.645
1284000 30.6457
1285000 30.646
1286000 30.6463
1287000 30.6467
1288000 30.6473
1289000 30.6477
1290000 30.6482
1291000 30.6494
1292000 30.6499
1293000 30.6506
1294000 30.6511
1295000 30.6516
1296000 30.6516
1297000 30.6521
1298000 30.6523
1299000 30.6521
1300000 30.6525
1301000 30.6528
1302000 30.653
1303000 30.6534
1304000 30.6534
1305000 30.6537
1306000 30.6539
1307000 30.6543
1308000 30.6543
1309000 30.6541
1310000 30.6537
1311000 30.6537
1312000 30.654
1313000 30.6539
1314000 30.654
1315000 30.654
1316000 30.6543
1317000 30.6547
1318000 30.6546
1319000 30.6552
1320000 30.6554
1321000 30.6558
1322000 30.6557
1323000 30.6558
1324000 30.6562
1325000 30.6564
1326000 30.6565
1327000 30.6569
1328000 30.6567
1329000 30.6565
1330000 30.6565
1331000 30.6566
1332000 30.6568
1333000 30.6568
1334000 30.6567
1335000 30.657
1336000 30.6571
1337000 30.6567
1338000 30.6566
1339000 30.6563
1340000 30.6559
1341000 30.6557
1342000 30.6554
1343000 30.6551
1344000 30.6551
1345000 30.6546
1346000 30.6546
1347000 30.6546
1348000 30.6543
1349000 30.6539
1350000 30.6538
1351000 30.6535
1352000 30.653
1353000 30.6527
1354000 30.6522
1355000 30.6521
1356000 30.6519
1357000 30.6517
1358000 30.6522
1359000 30.6528
1360000 30.6529
1361000 30.6537
1362000 30.6542
1363000 30.6545
1364000 30.6548
1365000 30.6551
1366000 30.6551
1367000 30.6553
1368000 30.6554
1369000 30.6554
1370000 30.6557
1371000 30.6559
1372000 30.6562
1373000 30.6571
1374000 30.6573
1375000 30.6578
1376000 30.6587
1377000 30.6588
1378000 30.6584
1379000 30.6584
1380000 30.6582
1381000 30.6576
1382000 30.6574
1383000 30.6574
1384000 30.6573
1385000 30.6572
1386000 30.6577
1387000 30.6576
1388000 30.6579
1389000 30.6576
1390000 30.6574
1391000 30.6575
1392000 30.6574
1393000 30.6575
1394000 30.6576
1395000 30.6577
1396000 30.6579
1397000 30.658
1398000 30.6579
1399000 30.658
1400000 30.658
1401000 30.6583
1402000 30.6584
1403000 30.6588
1404000 30.6585
1405000 30.6587
1406000 30.6585
1407000 30.6586
1408000 30.6586
1409000 30.6585
1410000 30.6584
1411000 30.6583
1412000 30.6587
1413000 30.659
1414000 30.6594
1415000 30.6597
1416000 30.6593
1417000 30.6593
1418000 30.6595
1419000 30.6598
1420000 30.6601
1421000 30.6606
1422000 30.661
1423000 30.6614
1424000 30.6615
1425000 30.6616
1426000 30.6619
1427000 30.6618
1428000 30.662
1429000 30.6625
1430000 30.6628
1431000 30.6628
1432000 30.663
1433000 30.6629
1434000 30.6628
1435000 30.6627
1436000 30.6624
1437000 30.6624
1438000 30.6623
1439000 30.6622
1440000 30.6622
1441000 30.6623
1442000 30.6621
1443000 30.6621
1444000 30.6626
1445000 30.6633
1446000 30.6633
1447000 30.6637
1448000 30.6638
1449000 30.6641
1450000 30.664
1451000 30.6638
1452000 30.6638
1453000 30.664
1454000 30.6642
1455000 30.6641
1456000 30.6642
1457000 30.6642
1458000 30.6641
1459000 30.6644
1460000 30.6644
1461000 30.6643
1462000 30.6642
1463000 30.6639
1464000 30.664
1465000 30.6641
1466000 30.6638
1467000 30.664
1468000 30.6641
1469000 30.6641
1470000 30.6639
1471000 30.6637
1472000 30.6638
1473000 30.6636
1474000 30.6635
1475000 30.6634
1476000 30.6633
1477000 30.6633
1478000 30.6634
1479000 30.6635
1480000 30.6635
1481000 30.6633
1482000 30.6632
1483000 30.6628
1484000 30.6626
1485000 30.6625
1486000 30.6621
1487000 30.6616
1488000 30.6609
1489000 30.6603
1490000 30.6599
1491000 30.6599
1492000 30.6594
1493000 30.659
1494000 30.6587
1495000 30.6585
1496000 30.6581
1497000 30.658
1498000 30.6577
1499000 30.6574
1500000 30.657
1501000 30.6564
1502000 30.6565
1503000 30.6565
1504000 30.6567
1505000 30.6563
1506000 30.6563
1507000 30.6557
1508000 30.6552
1509000 30.655
1510000 30.655
1511000 30.6547
1512000 30.6544
1513000 30.6543
1514000 30.654
1515000 30.6538
1516000 30.6538
1517000 30.6539
1518000 30.6541
1519000 30.6539
1520000 30.6538
1521000 30.6535
1522000 30.6535
1523000 30.6535
1524000 30.654
1525000 30.6543
1526000 30.6543
1527000 30.6547
1528000 30.6551
1529000 30.6555
1530000 30.6562
1531000 30.6566
1532000 30.6567
1533000 30.6572
1534000 30.6575
1535000 30.6579
1536000 30.6583
1537000 30.6585
1538000 30.6586
1539000 30.6589
1540000 30.659
1541000 30.6595
1542000 30.6596
1543000 30.6597
1544000 30.66
1545000 30.6601
1546000 30.6605
1547000 30.6606
1548000 30.6607
1549000 30.661
1550000 30.6616
1551000 30.6618
1552000 30.6621
1553000 30.6626
1554000 30.6628
1555000 30.663
1556000 30.6635
1557000 30.6636
1558000 30.6637
1559000 30.6637
1560000 30.6638
1561000 30.6639
1562000 30.664
1563000 30.6641
1564000 30.6643
1565000 30.6645
1566000 30.6649
1567000 30.6653
1568000 30.6657
1569000 30.6659
1570000 30.6663
1571000 30.6663
1572000 30.6663
1573000 30.6667
1574000 30.667
1575000 30.6676
1576000 30.6681
1577000 30.6689
1578000 30.6696
1579000 30.6699
1580000 30.6705
1581000 30.6713
1582000 30.672
1583000 30.6722
1584000 30.6724
1585000 30.6726
1586000 30.6729
1587000 30.6729
1588000 30.6728
1589000 30.6726
1590000 30.6725
1591000 30.672
1592000 30.6718
1593000 30.6717
1594000 30.6713
1595000 30.6714
1596000 30.6715
1597000 30.6716
1598000 30.6716
1599000 30.6715
1600000 30.6714
1601000 30.6718
1602000 30.6719
1603000 30.672
1604000 30.6723
1605000 30.6723
1606000 30.6724
1607000 30.6725
1608000 30.6725
1609000 30.6726
1610000 30.6726
1611000 30.6727
1612000 30.6733
1613000 30.6733
1614000 30.6734
1615000 30.6732
1616000 30.6729
1617000 30.6728
1618000 30.6725
1619000 30.6721
1620000 30.6723
1621000 30.6726
1622000 30.6729
1623000 30.6733
1624000 30.6735
1625000 30.6735
1626000 30.6739
1627000 30.6743
1628000 30.6744
1629000 30.6748
1630000 30.6749
1631000 30.6752
1632000 30.6751
1633000 30.6754
1634000 30.6758
1635000 30.676
1636000 30.6763
1637000 30.6767
1638000 30.6771
1639000 30.6773
1640000 30.6771
1641000 30.6769
1642000 30.6773
1643000 30.6773
1644000 30.677
1645000 30.6772
1646000 30.677
1647000 30.677
1648000 30.6771
1649000 30.6773
1650000 30.6776
1651000 30.6777
1652000 30.6778
1653000 30.6782
1654000 30.6781
1655000 30.6785
1656000 30.6788
1657000 30.6791
1658000 30.6792
1659000 30.6794
1660000 30.6796
1661000 30.68
1662000 30.6802
1663000 30.6804
1664000 30.6802
1665000 30.6803
1666000 30.6806
1667000 30.6808
1668000 30.681
1669000 30.6813
1670000 30.6816
1671000 30.6818
1672000 30.6818
1673000 30.6821
1674000 30.6821
1675000 30.6822
1676000 30.6824
1677000 30.6826
1678000 30.6829
1679000 30.6832
1680000 30.6833
1681000 30.6834
1682000 30.6836
1683000 30.6838
1684000 30.684
1685000 30.6841
1686000 30.6842
1687000 30.6843
1688000 30.6841
1689000 30.684
1690000 30.6839
1691000 30.6844
1692000 30.6843
1693000 30.6843
1694000 30.6844
1695000 30.6846
1696000 30.6844
1697000 30.6842
1698000 30.6846
1699000 30.6849
1700000 30.685
1701000 30.6853
1702000 30.6854
1703000 30.6859
1704000 30.6861
1705000 30.6865
1706000 30.6866
1707000 30.6866
1708000 30.6867
1709000 30.687
1710000 30.6873
1711000 30.6876
1712000 30.6881
1713000 30.6883
1714000 30.6881
1715000 30.688
1716000 30.6879
1717000 30.6879
1718000 30.688
1719000 30.6883
1720000 30.6883
1721000 30.6882
1722000 30.6878
1723000 30.6877
1724000 30.6878
1725000 30.6879
1726000 30.6881
1727000 30.6881
1728000 30.6883
1729000 30.6882
1730000 30.6881
1731000 30.688
1732000 30.6882
1733000 30.6883
1734000 30.6885
1735000 30.6888
1736000 30.689
1737000 30.689
1738000 30.6891
1739000 30.6894
1740000 30.6896
1741000 30.6898
1742000 30.6895
1743000 30.6897
1744000 30.6893
1745000 30.6893
1746000 30.689
1747000 30.6886
1748000 30.6884
1749000 30.6881
1750000 30.688
1751000 30.6879
1752000 30.6879
1753000 30.6877
1754000 30.688
1755000 30.6882
1756000 30.6883
1757000 30.6885
1758000 30.6888
1759000 30.6889
1760000 30.689
1761000 30.6889
1762000 30.6889
1763000 30.6892
1764000 30.6895
1765000 30.6898
1766000 30.6899
1767000 30.6898
1768000 30.6899
1769000 30.6899
1770000 30.6896
1771000 30.6896
1772000 30.6899
1773000 30.6902
1774000 30.6909
1775000 30.6914
1776000 30.6915
1777000 30.6915
1778000 30.6913
1779000 30.6915
1780000 30.6916
1781000 30.6916
1782000 30.6919
1783000 30.6922
1784000 30.6925
1785000 30.6926
1786000 30.6932
1787000 30.6936
1788000 30.6938
1789000 30.6941
1790000 30.6943
1791000 30.6946
1792000 30.6948
1793000 30.695
1794000 30.6952
1795000 30.6953
1796000 30.6951
1797000 30.695
1798000 30.6949
1799000 30.6944
1800000 30.6948
1801000 30.695
1802000 30.6952
1803000 30.6955
1804000 30.6958
1805000 30.6963
1806000 30.6963
1807000 30.6966
1808000 30.697
1809000 30.6974
1810000 30.6977
1811000 30.6977
1812000 30.6976
1813000 30.6973
1814000 30.6971
1815000 30.6972
1816000 30.6974
1817000 30.6973
1818000 30.6972
1819000 30.6973
1820000 30.6974
1821000 30.6979
1822000 30.6985
1823000 30.6988
1824000 30.6991
1825000 30.6991
1826000 30.6992
1827000 30.6995
1828000 30.6999
1829000 30.7
1830000 30.7004
1831000 30.7004
1832000 30.7009
1833000 30.7011
1834000 30.7014
1835000 30.7016
1836000 30.7015
1837000 30.7016
1838000 30.7017
1839000 30.7018
1840000 30.7019
1841000 30.7022
1842000 30.7023
1843000 30.7027
1844000 30.7027
1845000 30.7027
1846000 30.7029
1847000 30.7031
1848000 30.7031
1849000 30.7035
1850000 30.7039
1851000 30.7043
1852000 30.7046
1853000 30.7043
1854000 30.7041
1855000 30.7043
1856000 30.7041
1857000 30.7045
1858000 30.7046
1859000 30.7045
1860000 30.7046
1861000 30.7047
1862000 30.7047
1863000 30.7048
1864000 30.7045
1865000 30.7046
1866000 30.7044
1867000 30.7042
1868000 30.704
1869000 30.7039
1870000 30.7035
1871000 30.7031
1872000 30.7026
1873000 30.7022
1874000 30.7018
1875000 30.7017
1876000 30.7013
1877000 30.7009
1878000 30.7003
1879000 30.7001
1880000 30.7
1881000 30.6996
1882000 30.6993
1883000 30.6989
1884000 30.6985
1885000 30.6982
1886000 30.6979
1887000 30.6975
1888000 30.6974
1889000 30.6975
1890000 30.6975
1891000 30.6972
1892000 30.6966
1893000 30.6965
1894000 30.6962
1895000 30.6961
1896000 30.6962
1897000 30.6961
1898000 30.6959
1899000 30.696
1900000 30.6957
1901000 30.6957
1902000 30.6956
1903000 30.6955
1904000 30.6957
1905000 30.6958
1906000 30.6958
1907000 30.6958
1908000 30.6955
1909000 30.6956
1910000 30.6953
1911000 30.6955
1912000 30.6953
1913000 30.6952
1914000 30.695
1915000 30.695
1916000 30.6951
1917000 30.6949
1918000 30.6949
1919000 30.6951
1920000 30.6951
1921000 30.6952
1922000 30.6952
1923000 30.6949
1924000 30.6953
1925000 30.6954
1926000 30.6955
1927000 30.6954
1928000 30.6956
1929000 30.6956
1930000 30.696
1931000 30.6961
1932000 30.696
1933000 30.6961
1934000 30.6958
1935000 30.6957
1936000 30.6957
1937000 30.6958
1938000 30.6956
1939000 30.6956
1940000 30.6957
1941000 30.6955
1942000 30.6954
1943000 30.6952
1944000 30.695
1945000 30.6947
1946000 30.6947
1947000 30.6944
1948000 30.6945
1949000 30.6941
1950000 30.6942
1951000 30.6942
1952000 30.6944
1953000 30.6944
1954000 30.6942
1955000 30.6942
1956000 30.6943
1957000 30.6943
1958000 30.6941
1959000 30.6939
1960000 30.694
1961000 30.6944
1962000 30.6945
1963000 30.6946
1964000 30.6948
1965000 30.6951
1966000 30.6954
1967000 30.6957
1968000 30.6959
1969000 30.6962
1970000 30.6963
1971000 30.6968
1972000 30.697
1973000 30.6972
1974000 30.6975
1975000 30.6977
1976000 30.6981
1977000 30.6982
1978000 30.6986
1979000 30.6986
1980000 30.6988
1981000 30.6991
1982000 30.6995
1983000 30.6995
1984000 30.6994
1985000 30.6993
1986000 30.6992
1987000 30.6991
1988000 30.6992
1989000 30.6991
1990000 30.6992
1991000 30.6993
1992000 30.6992
1993000 30.6993
1994000 30.6991
1995000 30.6993
1996000 30.6994
1997000 30.6995
1998000 30.6996
1999000 30.6997
2000000 30.6999
2001000 30.7
2002000 30.6998
2003000 30.6997
2004000 30.6996
2005000 30.6995
2006000 30.6992
2007000 30.6995
2008000 30.6998
2009000 30.7
2010000 30.7002
2011000 30.7002
2012000 30.7002
2013000 30.7004
2014000 30.7005
2015000 30.7004
2016000 30.7003
2017000 30.7003
2018000 30.7003
2019000 30.7004
2020000 30.7004
2021000 30.7005
2022000 30.7003
2023000 30.7002
2024000 30.7003
2025000 30.7005
2026000 30.701
2027000 30.7013
2028000 30.7012
2029000 30.7016
2030000 30.7017
2031000 30.702
2032000 30.7023
2033000 30.7025
2034000 30.7027
2035000 30.7028
2036000 30.703
2037000 30.7029
2038000 30.703
2039000 30.7032
2040000 30.7034
2041000 30.7032
2042000 30.7029
2043000 30.7028
2044000 30.7025
2045000 30.7024
2046000 30.7022
2047000 30.7021
2048000 30.7022
2049000 30.7021
2050000 30.7018
2051000 30.7014
2052000 30.7012
2053000 30.7012
2054000 30.701
2055000 30.7009
2056000 30.7011
2057000 30.7011
2058000 30.7012
2059000 30.7011
2060000 30.701
2061000 30.701
2062000 30.701
2063000 30.7009
2064000 30.701
2065000 30.7012
2066000 30.7015
2067000 30.7016
2068000 30.7018
2069000 30.702
2070000 30.7021
2071000 30.7022
2072000 30.702
2073000 30.702
2074000 30.7017
2075000 30.7013
2076000 30.701
2077000 30.701
2078000 30.7009
2079000 30.7007
2080000 30.7004
2081000 30.7002
2082000 30.6999
2083000 30.6999
2084000 30.6996
2085000 30.6995
2086000 30.6994
2087000 30.6994
2088000 30.6993
2089000 30.699
2090000 30.6989
2091000 30.6987
2092000 30.6986
2093000 30.6986
2094000 30.6986
2095000 30.6984
2096000 30.6984
2097000 30.698
2098000 30.6976
2099000 30.6973
2100000 30.697
2101000 30.6966
2102000 30.6963
2103000 30.6964
2104000 30.6965
2105000 30.6962
2106000 30.6962
2107000 30.6962
2108000 30.6961
2109000 30.6963
2110000 30.6967
2111000 30.6967
2112000 30.6966
2113000 30.6965
2114000 30.6966
2115000 30.6966
2116000 30.6965
2117000 30.6967
2118000 30.6967
2119000 30.6967
2120000 30.6967
2121000 30.6966
2122000 30.6966
2123000 30.6965
2124000 30.6964
2125000 30.6963
2126000 30.6965
2127000 30.6965
2128000 30.6967
2129000 30.6969
2130000 30.6969
2131000 30.6969
2132000 30.697
2133000 30.697
2134000 30.6972
2135000 30.6975
2136000 30.6976
2137000 30.6978
2138000 30.698
2139000 30.6981
2140000 30.6982
2141000 30.6981
2142000 30.6983
2143000 30.6984
2144000 30.6983
2145000 30.6986
2146000 30.6987
2147000 30.6991
2148000 30.6991
2149000 30.6991
2150000 30.6991
2151000 30.6993
2152000 30.6995
2153000 30.6996
2154000 30.6996
2155000 30.6996
2156000 30.6998
2157000 30.6998
2158000 30.6999
2159000 30.7
2160000 30.7
2161000 30.6998
2162000 30.6998
2163000 30.6998
2164000 30.6998
2165000 30.6996
2166000 30.6994
2167000 30.6995
2168000 30.6995
2169000 30.6992
2170000 30.6991
2171000 30.6992
2172000 30.6992
2173000 30.6991
2174000 30.699
2175000 30.6989
2176000 30.6987
2177000 30.6985
2178000 30.6984
2179000 30.6982
2180000 30.6981
2181000 30.6978
2182000 30.698
2183000 30.6981
2184000 30.6983
2185000 30.6984
2186000 30.6983
2187000 30.6983
2188000 30.6983
2189000 30.6982
2190000 30.6979
2191000 30.6979
2192000 30.6978
2193000 30.6975
2194000 30.6973
2195000 30.6972
2196000 30.6972
2197000 30.6971
2198000 30.6972
2199000 30.6971
2200000 30.697
2201000 30.6968
