# Time-averaged data for fix pressrun
# TimeStep v_P
252000 1221.99
253000 1234.54
254000 1240.18
255000 1237.88
256000 1237.57
257000 1240.08
258000 1238.28
259000 1236.53
260000 1237.08
261000 1234.95
262000 1233.68
263000 1235.48
264000 1236.29
265000 1237.01
266000 1236.47
267000 1235.54
268000 1236.25
269000 1235.34
270000 1235.16
271000 1236.16
272000 1234.99
273000 1235.35
274000 1235.12
275000 1235
276000 1234.66
277000 1234.78
278000 1234.72
279000 1234.8
280000 1235.13
281000 1234.31
282000 1234.4
283000 1234.86
284000 1234.23
285000 1234.56
286000 1234.66
287000 1235.01
288000 1235.62
289000 1235.42
290000 1235.95
291000 1236.07
292000 1236.14
293000 1236.16
294000 1236.43
295000 1236.59
296000 1236.28
297000 1236.52
298000 1236.76
299000 1236.75
300000 1237.01
301000 1237.33
302000 1237.27
303000 1237.15
304000 1236.65
305000 1236.46
306000 1236.77
307000 1236.72
308000 1236.82
309000 1236.88
310000 1236.74
311000 1237.05
312000 1237.44
313000 1237.75
314000 1237.91
315000 1237.89
316000 1237.92
317000 1237.73
318000 1237.47
319000 1237.28
320000 1237.43
321000 1237.4
322000 1237.42
323000 1237.68
324000 1237.79
325000 1237.91
326000 1237.85
327000 1237.86
328000 1238.04
329000 1238.13
330000 1238.03
331000 1237.97
332000 1237.89
333000 1237.65
334000 1237.69
335000 1237.69
336000 1237.63
337000 1237.63
338000 1237.7
339000 1237.57
340000 1237.66
341000 1237.72
342000 1237.92
343000 1238.08
344000 1238.06
345000 1238.18
346000 1238.22
347000 1237.94
348000 1238.04
349000 1237.9
350000 1237.92
351000 1237.96
352000 1237.99
353000 1237.83
354000 1237.89
355000 1237.93
356000 1237.83
357000 1238.03
358000 1237.97
359000 1237.77
360000 1237.84
361000 1237.9
362000 1238.01
363000 1238.24
364000 1238.24
365000 1238.01
366000 1238.12
367000 1238.08
368000 1238.06
369000 1237.98
370000 1238
371000 1237.99
372000 1237.96
373000 1238.03
374000 1238.07
375000 1238.03
376000 1237.98
377000 1237.94
378000 1237.84
379000 1237.92
380000 1237.93
381000 1237.96
382000 1238
383000 1238.16
384000 1238.29
385000 1238.41
386000 1238.39
387000 1238.51
388000 1238.53
389000 1238.59
390000 1238.79
391000 1238.94
392000 1238.87
393000 1238.94
394000 1239.12
395000 1239.13
396000 1239.05
397000 1239.11
398000 1239.06
399000 1239.01
400000 1238.96
401000 1238.98
402000 1238.89
403000 1238.92
404000 1238.93
405000 1238.94
406000 1238.95
407000 1239
408000 1238.97
409000 1239.01
410000 1239.08
411000 1239.04
412000 1239.02
413000 1239.15
414000 1239.06
415000 1239.06
416000 1239.18
417000 1239.18
418000 1239.2
419000 1239.15
420000 1239.17
421000 1239.16
422000 1239.17
423000 1239.21
424000 1239.13
425000 1239.33
426000 1239.3
427000 1239.22
428000 1239.23
429000 1239.32
430000 1239.42
431000 1239.45
432000 1239.56
433000 1239.46
434000 1239.52
435000 1239.47
436000 1239.44
437000 1239.5
438000 1239.47
439000 1239.45
440000 1239.41
441000 1239.45
442000 1239.42
443000 1239.45
444000 1239.53
445000 1239.5
446000 1239.41
447000 1239.51
448000 1239.53
449000 1239.55
450000 1239.57
451000 1239.58
452000 1239.61
453000 1239.64
454000 1239.53
455000 1239.52
456000 1239.5
457000 1239.44
458000 1239.4
459000 1239.45
460000 1239.52
461000 1239.58
462000 1239.6
463000 1239.58
464000 1239.61
465000 1239.64
466000 1239.62
467000 1239.58
468000 1239.61
469000 1239.61
470000 1239.61
471000 1239.55
472000 1239.52
473000 1239.5
474000 1239.49
475000 1239.47
476000 1239.52
477000 1239.52
478000 1239.55
479000 1239.56
480000 1239.54
481000 1239.59
482000 1239.57
483000 1239.5
484000 1239.57
485000 1239.55
486000 1239.57
487000 1239.59
488000 1239.56
489000 1239.56
490000 1239.57
491000 1239.56
492000 1239.57
493000 1239.59
494000 1239.62
495000 1239.53
496000 1239.5
497000 1239.49
498000 1239.44
499000 1239.4
500000 1239.37
501000 1239.41
502000 1239.54
503000 1239.57
504000 1239.55
505000 1239.53
506000 1239.52
507000 1239.53
508000 1239.52
509000 1239.54
510000 1239.48
511000 1239.45
512000 1239.37
513000 1239.34
514000 1239.33
515000 1239.24
516000 1239.16
517000 1239.17
518000 1239.18
519000 1239.16
520000 1239.18
521000 1239.18
522000 1239.15
523000 1239.09
524000 1239.11
525000 1239.07
526000 1239.01
527000 1239.09
528000 1239.08
529000 1239.08
530000 1239.04
531000 1239.01
532000 1239.03
533000 1239.04
534000 1238.97
535000 1238.98
536000 1239
537000 1239.01
538000 1238.98
539000 1238.95
540000 1238.95
541000 1238.93
542000 1239
543000 1238.98
544000 1239
545000 1239
546000 1239.02
547000 1238.98
548000 1239
549000 1238.98
550000 1238.94
551000 1238.86
552000 1238.76
553000 1238.83
554000 1238.9
555000 1238.85
556000 1238.85
557000 1238.86
558000 1238.82
559000 1238.79
560000 1238.68
561000 1238.7
562000 1238.76
563000 1238.74
564000 1238.78
565000 1238.73
566000 1238.77
567000 1238.82
568000 1238.88
569000 1238.87
570000 1238.85
571000 1238.84
572000 1238.8
573000 1238.8
574000 1238.86
575000 1238.89
576000 1238.96
577000 1238.92
578000 1238.93
579000 1238.92
580000 1238.87
581000 1238.83
582000 1238.81
583000 1238.76
584000 1238.77
585000 1238.77
586000 1238.78
587000 1238.85
588000 1238.87
589000 1238.9
590000 1238.95
591000 1239
592000 1239.01
593000 1239.02
594000 1239.02
595000 1239.02
596000 1239.03
597000 1239
598000 1238.96
599000 1238.97
600000 1238.93
601000 1238.87
602000 1238.88
603000 1238.9
604000 1238.86
605000 1238.86
606000 1238.85
607000 1238.9
608000 1238.93
609000 1238.92
610000 1238.91
611000 1238.87
612000 1238.86
613000 1238.86
614000 1238.86
615000 1238.91
616000 1238.99
617000 1238.99
618000 1238.94
619000 1238.9
620000 1238.86
621000 1238.86
622000 1238.86
623000 1238.8
624000 1238.78
625000 1238.81
626000 1238.85
627000 1238.88
628000 1238.85
629000 1238.86
630000 1238.81
631000 1238.8
632000 1238.82
633000 1238.82
634000 1238.83
635000 1238.86
636000 1238.87
637000 1238.83
638000 1238.84
639000 1238.79
640000 1238.75
641000 1238.72
642000 1238.76
643000 1238.72
644000 1238.73
645000 1238.74
646000 1238.71
647000 1238.74
648000 1238.76
649000 1238.76
650000 1238.74
651000 1238.72
652000 1238.8
653000 1238.79
654000 1238.82
655000 1238.83
656000 1238.83
657000 1238.84
658000 1238.85
659000 1238.8
660000 1238.83
661000 1238.82
662000 1238.83
663000 1238.83
664000 1238.85
665000 1238.82
666000 1238.83
667000 1238.82
668000 1238.79
669000 1238.75
670000 1238.75
671000 1238.74
672000 1238.75
673000 1238.75
674000 1238.74
675000 1238.75
676000 1238.76
677000 1238.73
678000 1238.75
679000 1238.73
680000 1238.69
681000 1238.7
682000 1238.68
683000 1238.69
684000 1238.66
685000 1238.63
686000 1238.64
687000 1238.7
688000 1238.73
689000 1238.76
690000 1238.74
691000 1238.76
692000 1238.78
693000 1238.79
694000 1238.81
695000 1238.84
696000 1238.85
697000 1238.82
698000 1238.82
699000 1238.83
700000 1238.88
701000 1238.9
702000 1238.88
703000 1238.89
704000 1238.9
705000 1238.88
706000 1238.83
707000 1238.84
708000 1238.82
709000 1238.88
710000 1238.87
711000 1238.85
712000 1238.84
713000 1238.84
714000 1238.86
715000 1238.86
716000 1238.88
717000 1238.89
718000 1238.92
719000 1238.96
720000 1238.93
721000 1238.94
722000 1238.89
723000 1238.85
724000 1238.82
725000 1238.85
726000 1238.82
727000 1238.82
728000 1238.85
729000 1238.86
730000 1238.88
731000 1238.91
732000 1238.9
733000 1238.88
734000 1238.88
735000 1238.89
736000 1238.9
737000 1238.9
738000 1238.89
739000 1238.87
740000 1238.85
741000 1238.86
742000 1238.9
743000 1238.91
744000 1238.95
745000 1238.9
746000 1238.89
747000 1238.89
748000 1238.93
749000 1238.92
750000 1238.88
751000 1238.9
752000 1238.92
753000 1238.97
754000 1239
755000 1238.96
756000 1238.98
757000 1238.98
758000 1238.98
759000 1238.99
760000 1238.97
761000 1238.96
762000 1238.91
763000 1238.92
764000 1238.91
765000 1238.92
766000 1238.94
767000 1238.9
768000 1238.91
769000 1238.9
770000 1238.9
771000 1238.92
772000 1238.91
773000 1238.93
774000 1238.95
775000 1238.96
776000 1238.98
777000 1238.97
778000 1238.96
779000 1238.99
780000 1239.02
781000 1239.05
782000 1239.03
783000 1239.02
784000 1239.02
785000 1239.04
786000 1239.05
787000 1239.04
788000 1239.06
789000 1239.04
790000 1239.02
791000 1239.02
792000 1239.04
793000 1239.03
794000 1239.04
795000 1239.06
796000 1239.06
797000 1239.04
798000 1239.03
799000 1239.02
800000 1238.98
801000 1239
802000 1238.99
803000 1239.02
804000 1239.05
805000 1239.02
806000 1239.03
807000 1239.05
808000 1239.02
809000 1239.04
810000 1239.04
811000 1239.08
812000 1239.08
813000 1239.06
814000 1239.04
815000 1239.1
816000 1239.1
817000 1239.09
818000 1239.09
819000 1239.09
820000 1239.08
821000 1239.06
822000 1239.1
823000 1239.12
824000 1239.11
825000 1239.13
826000 1239.1
827000 1239.12
828000 1239.06
829000 1239.06
830000 1239.08
831000 1239.05
832000 1239.06
833000 1239.05
834000 1239.06
835000 1239.05
836000 1239.07
837000 1239.08
838000 1239.08
839000 1239.1
840000 1239.09
841000 1239.03
842000 1239.04
843000 1239.04
844000 1239.04
845000 1239.07
846000 1239.08
847000 1239.08
848000 1239.07
849000 1239.08
850000 1239.07
851000 1239.06
852000 1239.07
853000 1239.08
854000 1239.04
855000 1239.03
856000 1239.07
857000 1239.08
858000 1239.06
859000 1239.09
860000 1239.07
861000 1239.05
862000 1239.02
863000 1239.05
864000 1239.07
865000 1239.08
866000 1239.05
867000 1239.03
868000 1239.04
869000 1239.03
870000 1239.02
871000 1239.05
872000 1239.05
873000 1239.05
874000 1239.04
875000 1239.06
876000 1239.09
877000 1239.05
878000 1239.04
879000 1239.05
880000 1239.06
881000 1239.05
882000 1239.08
883000 1239.05
884000 1239.04
885000 1239.06
886000 1239.06
887000 1239.06
888000 1239.06
889000 1239.02
890000 1238.99
891000 1239
892000 1239.01
893000 1239.01
894000 1239.04
895000 1239.06
896000 1239.09
897000 1239.08
898000 1239.1
899000 1239.08
900000 1239.07
901000 1239.07
902000 1239.06
903000 1239.1
904000 1239.13
905000 1239.12
906000 1239.13
907000 1239.13
908000 1239.09
909000 1239.07
910000 1239.07
911000 1239.06
912000 1239.06
913000 1239.05
914000 1239.05
915000 1239.05
916000 1239.04
917000 1239.04
918000 1239.03
919000 1239.03
920000 1239.03
921000 1239.03
922000 1239.04
923000 1239.04
924000 1239.02
925000 1239.02
926000 1239.01
927000 1239.01
928000 1238.96
929000 1238.94
930000 1238.94
931000 1238.93
932000 1238.92
933000 1238.92
934000 1238.91
935000 1238.89
936000 1238.88
937000 1238.89
938000 1238.91
939000 1238.9
940000 1238.9
941000 1238.9
942000 1238.91
943000 1238.89
944000 1238.89
945000 1238.91
946000 1238.95
947000 1238.96
948000 1238.96
949000 1238.94
950000 1238.93
951000 1238.94
952000 1238.96
953000 1238.99
954000 1239.01
955000 1239.02
956000 1239.02
957000 1239.03
958000 1239.03
959000 1239.02
960000 1239.01
961000 1238.99
962000 1238.99
963000 1239
964000 1238.99
965000 1238.99
966000 1238.99
967000 1239.01
968000 1239.03
969000 1239.02
970000 1238.98
971000 1238.97
972000 1238.94
973000 1238.96
974000 1238.95
975000 1238.95
976000 1238.96
977000 1238.96
978000 1238.94
979000 1238.97
980000 1238.97
981000 1238.97
982000 1238.96
983000 1238.99
984000 1239
985000 1239.01
986000 1239.01
987000 1238.99
988000 1238.98
989000 1238.96
990000 1238.95
991000 1238.94
992000 1238.93
993000 1238.93
994000 1238.95
995000 1238.91
996000 1238.9
997000 1238.92
998000 1238.88
999000 1238.89
1000000 1238.89
1001000 1238.88
1002000 1238.88
1003000 1238.87
1004000 1238.88
1005000 1238.87
1006000 1238.85
1007000 1238.86
1008000 1238.87
1009000 1238.87
1010000 1238.88
1011000 1238.88
1012000 1238.89
1013000 1238.87
1014000 1238.86
1015000 1238.86
1016000 1238.87
1017000 1238.84
1018000 1238.85
1019000 1238.83
1020000 1238.81
1021000 1238.8
1022000 1238.79
1023000 1238.79
1024000 1238.77
1025000 1238.74
1026000 1238.76
1027000 1238.74
1028000 1238.71
1029000 1238.72
1030000 1238.74
1031000 1238.74
1032000 1238.74
1033000 1238.76
1034000 1238.76
1035000 1238.75
1036000 1238.74
1037000 1238.74
1038000 1238.75
1039000 1238.7
1040000 1238.74
1041000 1238.73
1042000 1238.75
1043000 1238.74
1044000 1238.75
1045000 1238.78
1046000 1238.78
1047000 1238.79
1048000 1238.79
1049000 1238.78
1050000 1238.79
1051000 1238.78
1052000 1238.77
1053000 1238.79
1054000 1238.81
1055000 1238.82
1056000 1238.83
1057000 1238.83
1058000 1238.81
1059000 1238.84
1060000 1238.83
1061000 1238.84
1062000 1238.82
1063000 1238.83
1064000 1238.84
1065000 1238.83
1066000 1238.84
1067000 1238.84
1068000 1238.83
1069000 1238.84
1070000 1238.87
1071000 1238.87
1072000 1238.88
1073000 1238.9
1074000 1238.89
1075000 1238.87
1076000 1238.91
1077000 1238.88
1078000 1238.88
1079000 1238.89
1080000 1238.92
1081000 1238.93
1082000 1238.93
1083000 1238.9
1084000 1238.9
1085000 1238.91
1086000 1238.94
1087000 1238.95
1088000 1238.95
1089000 1238.97
1090000 1238.97
1091000 1238.98
1092000 1238.97
1093000 1238.98
1094000 1239
1095000 1238.96
1096000 1238.96
1097000 1238.95
1098000 1238.92
1099000 1238.94
1100000 1238.92
1101000 1238.94
1102000 1238.93
1103000 1238.91
1104000 1238.89
1105000 1238.88
1106000 1238.88
1107000 1238.89
1108000 1238.89
1109000 1238.89
1110000 1238.87
1111000 1238.88
1112000 1238.89
1113000 1238.87
1114000 1238.85
1115000 1238.86
1116000 1238.86
1117000 1238.87
1118000 1238.85
1119000 1238.86
1120000 1238.86
1121000 1238.85
1122000 1238.85
1123000 1238.84
1124000 1238.87
1125000 1238.88
1126000 1238.86
1127000 1238.84
1128000 1238.83
1129000 1238.79
1130000 1238.78
1131000 1238.79
1132000 1238.78
1133000 1238.79
1134000 1238.82
1135000 1238.82
1136000 1238.85
1137000 1238.83
1138000 1238.83
1139000 1238.8
1140000 1238.81
1141000 1238.81
1142000 1238.81
1143000 1238.8
1144000 1238.8
1145000 1238.79
1146000 1238.79
1147000 1238.76
1148000 1238.76
1149000 1238.74
1150000 1238.74
1151000 1238.76
1152000 1238.74
1153000 1238.74
1154000 1238.74
1155000 1238.71
1156000 1238.72
1157000 1238.7
1158000 1238.73
1159000 1238.72
1160000 1238.72
1161000 1238.7
1162000 1238.7
1163000 1238.7
1164000 1238.69
1165000 1238.69
1166000 1238.69
1167000 1238.69
1168000 1238.69
1169000 1238.68
1170000 1238.68
1171000 1238.69
1172000 1238.65
1173000 1238.66
1174000 1238.67
1175000 1238.67
1176000 1238.68
1177000 1238.68
1178000 1238.69
1179000 1238.72
1180000 1238.72
1181000 1238.71
1182000 1238.72
1183000 1238.7
1184000 1238.71
1185000 1238.73
1186000 1238.74
1187000 1238.75
1188000 1238.77
1189000 1238.77
1190000 1238.75
1191000 1238.75
1192000 1238.74
1193000 1238.73
1194000 1238.73
1195000 1238.73
1196000 1238.71
1197000 1238.72
1198000 1238.71
1199000 1238.71
1200000 1238.72
1201000 1238.72
1202000 1238.73
1203000 1238.74
1204000 1238.72
1205000 1238.72
1206000 1238.74
1207000 1238.74
1208000 1238.75
1209000 1238.75
1210000 1238.76
1211000 1238.76
1212000 1238.76
1213000 1238.75
1214000 1238.75
1215000 1238.76
1216000 1238.76
1217000 1238.77
1218000 1238.76
1219000 1238.75
1220000 1238.76
1221000 1238.76
1222000 1238.75
1223000 1238.77
1224000 1238.77
1225000 1238.77
1226000 1238.75
1227000 1238.77
1228000 1238.77
1229000 1238.78
1230000 1238.81
1231000 1238.8
1232000 1238.8
1233000 1238.8
1234000 1238.8
1235000 1238.8
1236000 1238.81
1237000 1238.82
1238000 1238.83
1239000 1238.83
1240000 1238.83
1241000 1238.83
1242000 1238.81
1243000 1238.83
1244000 1238.83
1245000 1238.83
1246000 1238.82
1247000 1238.84
1248000 1238.84
1249000 1238.85
1250000 1238.85
1251000 1238.84
1252000 1238.86
1253000 1238.85
1254000 1238.86
1255000 1238.83
1256000 1238.82
1257000 1238.83
1258000 1238.84
1259000 1238.83
1260000 1238.83
1261000 1238.83
1262000 1238.82
1263000 1238.81
1264000 1238.81
1265000 1238.83
1266000 1238.84
1267000 1238.82
1268000 1238.82
1269000 1238.84
1270000 1238.84
1271000 1238.81
1272000 1238.8
1273000 1238.82
1274000 1238.82
1275000 1238.82
1276000 1238.83
1277000 1238.83
1278000 1238.84
1279000 1238.82
1280000 1238.81
1281000 1238.81
1282000 1238.82
1283000 1238.81
1284000 1238.8
1285000 1238.8
1286000 1238.81
1287000 1238.81
1288000 1238.81
1289000 1238.82
1290000 1238.84
1291000 1238.84
1292000 1238.83
1293000 1238.84
1294000 1238.86
1295000 1238.87
1296000 1238.88
1297000 1238.89
1298000 1238.89
1299000 1238.9
1300000 1238.87
1301000 1238.87
1302000 1238.88
1303000 1238.88
1304000 1238.9
1305000 1238.92
1306000 1238.92
1307000 1238.92
1308000 1238.92
1309000 1238.92
1310000 1238.94
1311000 1238.94
1312000 1238.94
1313000 1238.95
1314000 1238.94
1315000 1238.94
1316000 1238.96
1317000 1238.94
1318000 1238.95
1319000 1238.95
1320000 1238.94
1321000 1238.95
1322000 1238.97
1323000 1238.97
1324000 1238.97
1325000 1238.98
1326000 1238.98
1327000 1239
1328000 1239
1329000 1239.01
1330000 1239.02
1331000 1239.02
1332000 1239
1333000 1238.99
1334000 1239
1335000 1239
1336000 1238.99
1337000 1238.98
1338000 1238.98
1339000 1238.98
1340000 1238.98
1341000 1238.99
1342000 1239
1343000 1238.98
1344000 1238.98
1345000 1238.99
1346000 1239
1347000 1239
1348000 1238.99
1349000 1238.98
1350000 1238.97
1351000 1238.96
1352000 1238.95
1353000 1238.93
1354000 1238.93
1355000 1238.95
1356000 1238.94
1357000 1238.93
1358000 1238.95
1359000 1238.96
1360000 1238.96
1361000 1238.96
1362000 1238.95
1363000 1238.94
1364000 1238.94
1365000 1238.95
1366000 1238.96
1367000 1238.96
1368000 1238.97
1369000 1238.99
1370000 1238.98
1371000 1238.97
1372000 1238.97
1373000 1238.97
1374000 1238.96
1375000 1238.97
1376000 1238.96
1377000 1238.97
1378000 1238.98
1379000 1239
1380000 1238.99
1381000 1239
1382000 1238.99
1383000 1239
1384000 1238.99
1385000 1239
1386000 1238.99
1387000 1238.98
1388000 1238.98
1389000 1238.99
1390000 1238.98
1391000 1238.98
1392000 1238.97
1393000 1238.98
1394000 1238.98
1395000 1238.97
1396000 1238.96
1397000 1238.96
1398000 1238.96
1399000 1238.95
1400000 1238.96
1401000 1238.95
1402000 1238.96
1403000 1238.97
1404000 1238.96
1405000 1238.96
1406000 1238.96
1407000 1238.98
1408000 1238.97
1409000 1238.97
1410000 1238.96
1411000 1238.97
1412000 1238.96
1413000 1238.95
1414000 1238.97
1415000 1238.95
1416000 1238.96
1417000 1238.97
1418000 1238.97
1419000 1238.97
1420000 1238.95
1421000 1238.95
1422000 1238.95
1423000 1238.94
1424000 1238.93
1425000 1238.93
1426000 1238.93
1427000 1238.94
1428000 1238.93
1429000 1238.93
1430000 1238.93
1431000 1238.94
1432000 1238.95
1433000 1238.96
1434000 1238.94
1435000 1238.93
1436000 1238.94
1437000 1238.93
1438000 1238.92
1439000 1238.92
1440000 1238.92
1441000 1238.93
1442000 1238.93
1443000 1238.93
1444000 1238.94
1445000 1238.95
1446000 1238.95
1447000 1238.95
1448000 1238.94
1449000 1238.94
1450000 1238.92
1451000 1238.92
1452000 1238.92
1453000 1238.93
1454000 1238.92
1455000 1238.93
1456000 1238.94
1457000 1238.95
1458000 1238.94
1459000 1238.95
1460000 1238.95
1461000 1238.96
1462000 1238.96
1463000 1238.97
1464000 1238.97
1465000 1238.97
1466000 1238.96
1467000 1238.96
1468000 1238.97
1469000 1238.96
1470000 1238.96
1471000 1238.98
1472000 1238.99
1473000 1239
1474000 1239.01
1475000 1239
1476000 1238.99
1477000 1239
1478000 1239.01
1479000 1239.01
1480000 1239
1481000 1239
1482000 1239.01
1483000 1239.04
1484000 1239.04
1485000 1239.03
1486000 1239.03
1487000 1239.02
1488000 1239.02
1489000 1239.01
1490000 1239.01
1491000 1239.02
1492000 1239.03
1493000 1239.03
1494000 1239.03
1495000 1239.03
1496000 1239.04
1497000 1239.03
1498000 1239.02
1499000 1239.02
1500000 1239.03
1501000 1239.03
1502000 1239.02
1503000 1239.03
1504000 1239
1505000 1239.01
1506000 1239.01
1507000 1239.02
1508000 1239.01
1509000 1239
1510000 1238.99
1511000 1238.98
1512000 1238.99
1513000 1238.99
1514000 1238.99
1515000 1238.98
1516000 1238.96
1517000 1238.95
1518000 1238.97
1519000 1238.97
1520000 1238.97
1521000 1238.96
1522000 1238.97
1523000 1238.97
1524000 1238.97
1525000 1238.97
1526000 1238.96
1527000 1238.95
1528000 1238.95
1529000 1238.95
1530000 1238.95
1531000 1238.94
1532000 1238.94
1533000 1238.93
1534000 1238.92
1535000 1238.92
1536000 1238.93
1537000 1238.95
1538000 1238.97
1539000 1238.96
1540000 1238.97
1541000 1238.98
1542000 1238.99
1543000 1239.01
1544000 1239
1545000 1238.99
1546000 1238.99
1547000 1238.99
1548000 1238.99
1549000 1238.99
1550000 1238.98
1551000 1238.98
1552000 1238.97
1553000 1238.97
1554000 1238.97
1555000 1238.97
1556000 1238.97
1557000 1239
1558000 1238.99
1559000 1239
1560000 1239.02
1561000 1239.01
1562000 1239.01
1563000 1239.01
1564000 1239.01
1565000 1238.99
1566000 1238.98
1567000 1238.97
1568000 1238.96
1569000 1238.97
1570000 1238.98
1571000 1238.98
1572000 1238.99
1573000 1238.98
1574000 1238.98
1575000 1238.98
1576000 1238.97
1577000 1238.97
1578000 1238.97
1579000 1238.96
1580000 1238.96
1581000 1238.96
1582000 1238.96
1583000 1238.97
1584000 1238.96
1585000 1238.96
1586000 1238.96
1587000 1238.97
1588000 1238.97
1589000 1238.98
1590000 1238.97
1591000 1238.98
1592000 1238.96
1593000 1238.97
1594000 1238.96
1595000 1238.97
1596000 1239
1597000 1239
1598000 1239.01
1599000 1239.01
1600000 1239.01
1601000 1239.01
1602000 1239
1603000 1239
1604000 1238.98
1605000 1238.97
1606000 1238.98
1607000 1238.96
1608000 1238.96
1609000 1238.97
1610000 1238.97
1611000 1238.96
1612000 1238.96
1613000 1238.95
1614000 1238.97
1615000 1238.97
1616000 1238.96
1617000 1238.97
1618000 1238.96
1619000 1238.96
1620000 1238.95
1621000 1238.94
1622000 1238.93
1623000 1238.94
1624000 1238.93
1625000 1238.92
1626000 1238.9
1627000 1238.9
1628000 1238.91
1629000 1238.91
1630000 1238.91
1631000 1238.91
1632000 1238.91
1633000 1238.9
1634000 1238.91
1635000 1238.91
1636000 1238.91
1637000 1238.92
1638000 1238.91
1639000 1238.91
1640000 1238.91
1641000 1238.92
1642000 1238.92
1643000 1238.9
1644000 1238.89
1645000 1238.91
1646000 1238.91
1647000 1238.91
1648000 1238.9
1649000 1238.89
1650000 1238.88
1651000 1238.88
1652000 1238.87
1653000 1238.86
1654000 1238.85
1655000 1238.86
1656000 1238.85
1657000 1238.85
1658000 1238.85
1659000 1238.84
1660000 1238.84
1661000 1238.83
1662000 1238.83
1663000 1238.83
1664000 1238.82
1665000 1238.82
1666000 1238.83
1667000 1238.82
1668000 1238.82
1669000 1238.81
1670000 1238.8
1671000 1238.8
1672000 1238.8
1673000 1238.81
1674000 1238.81
1675000 1238.82
1676000 1238.81
1677000 1238.8
1678000 1238.8
1679000 1238.79
1680000 1238.79
1681000 1238.78
1682000 1238.77
1683000 1238.76
1684000 1238.73
1685000 1238.73
1686000 1238.72
1687000 1238.7
1688000 1238.7
1689000 1238.69
1690000 1238.71
1691000 1238.72
1692000 1238.7
1693000 1238.71
1694000 1238.71
1695000 1238.72
1696000 1238.73
1697000 1238.72
1698000 1238.72
1699000 1238.71
1700000 1238.72
1701000 1238.71
1702000 1238.71
1703000 1238.71
1704000 1238.7
1705000 1238.71
1706000 1238.7
1707000 1238.7
1708000 1238.7
1709000 1238.69
1710000 1238.67
1711000 1238.67
1712000 1238.67
1713000 1238.67
1714000 1238.67
1715000 1238.65
1716000 1238.64
1717000 1238.64
1718000 1238.65
1719000 1238.65
1720000 1238.66
1721000 1238.65
1722000 1238.65
1723000 1238.65
1724000 1238.65
1725000 1238.63
1726000 1238.64
1727000 1238.63
1728000 1238.64
1729000 1238.63
1730000 1238.63
1731000 1238.63
1732000 1238.63
1733000 1238.63
1734000 1238.63
1735000 1238.63
1736000 1238.64
1737000 1238.63
1738000 1238.63
1739000 1238.62
1740000 1238.61
1741000 1238.6
1742000 1238.61
1743000 1238.6
1744000 1238.61
1745000 1238.61
1746000 1238.61
1747000 1238.6
1748000 1238.6
1749000 1238.6
1750000 1238.6
1751000 1238.6
1752000 1238.6
1753000 1238.6
1754000 1238.6
1755000 1238.61
1756000 1238.63
1757000 1238.63
1758000 1238.64
1759000 1238.64
1760000 1238.63
1761000 1238.63
1762000 1238.62
1763000 1238.62
1764000 1238.63
1765000 1238.61
1766000 1238.6
1767000 1238.61
1768000 1238.6
1769000 1238.61
1770000 1238.61
1771000 1238.61
1772000 1238.59
1773000 1238.59
1774000 1238.59
1775000 1238.58
1776000 1238.59
1777000 1238.6
1778000 1238.6
1779000 1238.61
1780000 1238.61
1781000 1238.61
1782000 1238.61
1783000 1238.62
1784000 1238.61
1785000 1238.62
1786000 1238.61
1787000 1238.61
1788000 1238.6
1789000 1238.6
1790000 1238.59
1791000 1238.6
1792000 1238.6
1793000 1238.6
1794000 1238.61
1795000 1238.62
1796000 1238.62
1797000 1238.61
1798000 1238.62
1799000 1238.6
1800000 1238.61
1801000 1238.6
1802000 1238.6
1803000 1238.58
1804000 1238.58
1805000 1238.58
1806000 1238.58
1807000 1238.57
1808000 1238.58
1809000 1238.57
1810000 1238.57
1811000 1238.58
1812000 1238.59
1813000 1238.59
1814000 1238.59
1815000 1238.59
1816000 1238.59
1817000 1238.59
1818000 1238.58
1819000 1238.59
1820000 1238.61
1821000 1238.59
1822000 1238.6
1823000 1238.6
1824000 1238.59
1825000 1238.6
1826000 1238.61
1827000 1238.62
1828000 1238.62
1829000 1238.62
1830000 1238.63
1831000 1238.64
1832000 1238.65
1833000 1238.64
1834000 1238.64
1835000 1238.62
1836000 1238.62
1837000 1238.63
1838000 1238.63
1839000 1238.65
1840000 1238.64
1841000 1238.64
1842000 1238.64
1843000 1238.66
1844000 1238.66
1845000 1238.65
1846000 1238.66
1847000 1238.67
1848000 1238.68
1849000 1238.67
1850000 1238.67
1851000 1238.68
1852000 1238.68
1853000 1238.7
1854000 1238.69
1855000 1238.71
1856000 1238.72
1857000 1238.72
1858000 1238.73
1859000 1238.74
1860000 1238.74
1861000 1238.74
1862000 1238.72
1863000 1238.72
1864000 1238.72
1865000 1238.72
1866000 1238.72
1867000 1238.72
1868000 1238.72
1869000 1238.72
1870000 1238.72
1871000 1238.72
1872000 1238.71
1873000 1238.71
1874000 1238.71
1875000 1238.71
1876000 1238.71
1877000 1238.7
1878000 1238.71
1879000 1238.7
1880000 1238.71
1881000 1238.7
1882000 1238.7
1883000 1238.69
1884000 1238.7
1885000 1238.68
1886000 1238.68
1887000 1238.68
1888000 1238.68
1889000 1238.69
1890000 1238.68
1891000 1238.69
1892000 1238.69
1893000 1238.7
1894000 1238.7
1895000 1238.7
1896000 1238.71
1897000 1238.71
1898000 1238.7
1899000 1238.7
1900000 1238.7
1901000 1238.7
1902000 1238.73
1903000 1238.73
1904000 1238.73
1905000 1238.73
1906000 1238.72
1907000 1238.72
1908000 1238.73
1909000 1238.72
1910000 1238.73
1911000 1238.71
1912000 1238.71
1913000 1238.71
1914000 1238.71
1915000 1238.71
1916000 1238.7
1917000 1238.7
1918000 1238.69
1919000 1238.69
1920000 1238.69
1921000 1238.69
1922000 1238.7
1923000 1238.7
1924000 1238.7
1925000 1238.71
1926000 1238.7
1927000 1238.7
1928000 1238.71
1929000 1238.7
1930000 1238.69
1931000 1238.69
1932000 1238.7
1933000 1238.69
1934000 1238.67
1935000 1238.68
1936000 1238.68
1937000 1238.68
1938000 1238.68
1939000 1238.68
1940000 1238.69
1941000 1238.69
1942000 1238.7
1943000 1238.7
1944000 1238.69
1945000 1238.69
1946000 1238.69
1947000 1238.69
1948000 1238.69
1949000 1238.69
1950000 1238.69
1951000 1238.69
1952000 1238.68
1953000 1238.7
1954000 1238.7
1955000 1238.69
1956000 1238.7
1957000 1238.7
1958000 1238.7
1959000 1238.69
1960000 1238.7
1961000 1238.7
1962000 1238.69
1963000 1238.69
1964000 1238.7
1965000 1238.7
1966000 1238.7
1967000 1238.7
1968000 1238.7
1969000 1238.69
1970000 1238.69
1971000 1238.69
1972000 1238.68
1973000 1238.69
1974000 1238.68
1975000 1238.68
1976000 1238.68
1977000 1238.67
1978000 1238.69
1979000 1238.7
1980000 1238.71
1981000 1238.72
1982000 1238.73
1983000 1238.74
1984000 1238.74
1985000 1238.75
1986000 1238.74
1987000 1238.76
1988000 1238.75
1989000 1238.76
1990000 1238.75
1991000 1238.77
1992000 1238.77
1993000 1238.76
1994000 1238.76
1995000 1238.76
1996000 1238.76
1997000 1238.75
1998000 1238.75
1999000 1238.75
2000000 1238.74
2001000 1238.74
2002000 1238.73
2003000 1238.72
2004000 1238.73
2005000 1238.73
2006000 1238.74
2007000 1238.73
2008000 1238.73
2009000 1238.73
2010000 1238.73
2011000 1238.72
2012000 1238.72
2013000 1238.72
2014000 1238.72
2015000 1238.71
2016000 1238.7
2017000 1238.7
2018000 1238.7
2019000 1238.7
2020000 1238.71
2021000 1238.7
2022000 1238.7
2023000 1238.7
2024000 1238.7
2025000 1238.7
2026000 1238.7
2027000 1238.72
2028000 1238.71
2029000 1238.71
2030000 1238.72
2031000 1238.72
2032000 1238.72
2033000 1238.71
2034000 1238.71
2035000 1238.71
2036000 1238.71
2037000 1238.7
2038000 1238.71
2039000 1238.71
2040000 1238.7
2041000 1238.69
2042000 1238.69
2043000 1238.69
2044000 1238.7
2045000 1238.71
2046000 1238.71
2047000 1238.72
2048000 1238.72
2049000 1238.71
2050000 1238.69
2051000 1238.67
2052000 1238.67
2053000 1238.68
2054000 1238.68
2055000 1238.67
2056000 1238.67
2057000 1238.67
2058000 1238.67
2059000 1238.66
2060000 1238.66
2061000 1238.67
2062000 1238.67
2063000 1238.66
2064000 1238.66
2065000 1238.67
2066000 1238.67
2067000 1238.67
2068000 1238.67
2069000 1238.67
2070000 1238.67
2071000 1238.67
2072000 1238.67
2073000 1238.67
2074000 1238.66
2075000 1238.66
2076000 1238.66
2077000 1238.66
2078000 1238.66
2079000 1238.65
2080000 1238.66
2081000 1238.65
2082000 1238.65
2083000 1238.66
2084000 1238.66
2085000 1238.65
2086000 1238.66
2087000 1238.67
2088000 1238.67
2089000 1238.67
2090000 1238.69
2091000 1238.68
2092000 1238.68
2093000 1238.68
2094000 1238.69
2095000 1238.7
2096000 1238.69
2097000 1238.69
2098000 1238.69
2099000 1238.7
2100000 1238.7
2101000 1238.7
2102000 1238.7
2103000 1238.71
2104000 1238.71
2105000 1238.72
2106000 1238.71
2107000 1238.7
2108000 1238.72
2109000 1238.72
2110000 1238.72
2111000 1238.72
2112000 1238.72
2113000 1238.72
2114000 1238.73
2115000 1238.73
2116000 1238.73
2117000 1238.72
2118000 1238.72
2119000 1238.72
2120000 1238.73
2121000 1238.73
2122000 1238.72
2123000 1238.72
2124000 1238.73
2125000 1238.74
2126000 1238.74
2127000 1238.73
2128000 1238.72
2129000 1238.72
2130000 1238.71
2131000 1238.7
2132000 1238.7
2133000 1238.69
2134000 1238.7
2135000 1238.7
2136000 1238.7
2137000 1238.7
2138000 1238.7
2139000 1238.71
2140000 1238.71
2141000 1238.71
2142000 1238.71
2143000 1238.71
2144000 1238.71
2145000 1238.71
2146000 1238.72
2147000 1238.72
2148000 1238.72
2149000 1238.71
2150000 1238.71
2151000 1238.71
2152000 1238.72
2153000 1238.7
2154000 1238.7
2155000 1238.71
2156000 1238.72
2157000 1238.71
2158000 1238.71
2159000 1238.71
2160000 1238.71
2161000 1238.7
2162000 1238.7
2163000 1238.71
2164000 1238.7
2165000 1238.71
2166000 1238.7
2167000 1238.7
2168000 1238.71
2169000 1238.7
2170000 1238.7
2171000 1238.69
2172000 1238.69
2173000 1238.69
2174000 1238.69
2175000 1238.69
2176000 1238.69
2177000 1238.7
2178000 1238.71
2179000 1238.7
2180000 1238.7
2181000 1238.71
2182000 1238.71
2183000 1238.72
2184000 1238.72
2185000 1238.71
2186000 1238.71
2187000 1238.71
2188000 1238.72
2189000 1238.71
2190000 1238.71
2191000 1238.71
2192000 1238.72
2193000 1238.72
2194000 1238.72
2195000 1238.73
2196000 1238.73
2197000 1238.73
2198000 1238.73
2199000 1238.73
2200000 1238.72
2201000 1238.73
2202000 1238.73
2203000 1238.73
2204000 1238.72
2205000 1238.71
2206000 1238.71
2207000 1238.71
2208000 1238.7
2209000 1238.71
2210000 1238.71
2211000 1238.71
2212000 1238.73
2213000 1238.73
2214000 1238.72
2215000 1238.73
2216000 1238.72
2217000 1238.72
2218000 1238.71
2219000 1238.7
2220000 1238.7
2221000 1238.71
2222000 1238.7
2223000 1238.69
2224000 1238.69
2225000 1238.69
2226000 1238.7
2227000 1238.71
2228000 1238.71
2229000 1238.7
2230000 1238.69
2231000 1238.7
2232000 1238.7
2233000 1238.7
2234000 1238.7
2235000 1238.7
2236000 1238.7
2237000 1238.68
2238000 1238.68
2239000 1238.69
2240000 1238.68
2241000 1238.68
2242000 1238.68
2243000 1238.69
2244000 1238.69
2245000 1238.68
2246000 1238.69
2247000 1238.69
2248000 1238.69
2249000 1238.69
2250000 1238.68
