# Time-averaged data for fix energyrun
# TimeStep v_U
202000 -39.9659
203000 -40.3209
204000 -40.3301
205000 -40.3272
206000 -40.3405
207000 -40.3551
208000 -40.4059
209000 -40.5003
210000 -40.5075
211000 -40.523
212000 -40.5196
213000 -40.5234
214000 -40.5167
215000 -40.4754
216000 -40.4478
217000 -40.4295
218000 -40.4416
219000 -40.3979
220000 -40.3891
221000 -40.4245
222000 -40.4234
223000 -40.4448
224000 -40.4469
225000 -40.4533
226000 -40.4739
227000 -40.4648
228000 -40.4443
229000 -40.424
230000 -40.4264
231000 -40.4168
232000 -40.4116
233000 -40.3956
234000 -40.3849
235000 -40.3973
236000 -40.3928
237000 -40.4065
238000 -40.4053
239000 -40.3919
240000 -40.3919
241000 -40.3872
242000 -40.397
243000 -40.4013
244000 -40.3913
245000 -40.3717
246000 -40.3629
247000 -40.3591
248000 -40.3693
249000 -40.3726
250000 -40.3699
251000 -40.37
252000 -40.3753
253000 -40.3779
254000 -40.3875
255000 -40.384
256000 -40.3858
257000 -40.3904
258000 -40.389
259000 -40.3846
260000 -40.3788
261000 -40.3849
262000 -40.3796
263000 -40.3774
264000 -40.3805
265000 -40.3706
266000 -40.3643
267000 -40.3672
268000 -40.3554
269000 -40.3541
270000 -40.3572
271000 -40.356
272000 -40.3508
273000 -40.3582
274000 -40.358
275000 -40.3568
276000 -40.3543
277000 -40.3553
278000 -40.3515
279000 -40.3464
280000 -40.3351
281000 -40.3326
282000 -40.3305
283000 -40.3309
284000 -40.3332
285000 -40.3329
286000 -40.3281
287000 -40.327
288000 -40.3257
289000 -40.3235
290000 -40.3284
291000 -40.3248
292000 -40.3217
293000 -40.3258
294000 -40.326
295000 -40.3292
296000 -40.329
297000 -40.3315
298000 -40.3335
299000 -40.3343
300000 -40.3331
301000 -40.3368
302000 -40.3376
303000 -40.3374
304000 -40.3377
305000 -40.3353
306000 -40.3301
307000 -40.3204
308000 -40.3148
309000 -40.317
310000 -40.3189
311000 -40.322
312000 -40.3215
313000 -40.3178
314000 -40.3133
315000 -40.3136
316000 -40.3131
317000 -40.3171
318000 -40.3173
319000 -40.3198
320000 -40.3268
321000 -40.3258
322000 -40.3277
323000 -40.3271
324000 -40.3254
325000 -40.3263
326000 -40.3236
327000 -40.3243
328000 -40.3207
329000 -40.3289
330000 -40.3294
331000 -40.3315
332000 -40.3336
333000 -40.3327
334000 -40.3318
335000 -40.3272
336000 -40.3268
337000 -40.3301
338000 -40.3305
339000 -40.3325
340000 -40.3304
341000 -40.3236
342000 -40.3208
343000 -40.3211
344000 -40.3218
345000 -40.3176
346000 -40.3176
347000 -40.3165
348000 -40.3164
349000 -40.3199
350000 -40.3239
351000 -40.3265
352000 -40.3262
353000 -40.3294
354000 -40.3273
355000 -40.3249
356000 -40.3258
357000 -40.3278
358000 -40.331
359000 -40.3331
360000 -40.3356
361000 -40.3373
362000 -40.3391
363000 -40.3412
364000 -40.3399
365000 -40.3387
366000 -40.3376
367000 -40.3381
368000 -40.3371
369000 -40.3374
370000 -40.3365
371000 -40.3394
372000 -40.3435
373000 -40.3473
374000 -40.3504
375000 -40.3508
376000 -40.3533
377000 -40.3563
378000 -40.3594
379000 -40.3613
380000 -40.3626
381000 -40.3623
382000 -40.3624
383000 -40.3603
384000 -40.3598
385000 -40.357
386000 -40.3574
387000 -40.3587
388000 -40.3561
389000 -40.3572
390000 -40.3597
391000 -40.3607
392000 -40.3616
393000 -40.3621
394000 -40.3656
395000 -40.3692
396000 -40.3712
397000 -40.3741
398000 -40.3738
399000 -40.3771
400000 -40.3751
401000 -40.3739
402000 -40.3761
403000 -40.3755
404000 -40.3761
405000 -40.3779
406000 -40.3803
407000 -40.3821
408000 -40.384
409000 -40.3855
410000 -40.3868
411000 -40.3883
412000 -40.3907
413000 -40.3917
414000 -40.3922
415000 -40.3929
416000 -40.3953
417000 -40.3956
418000 -40.3974
419000 -40.3988
420000 -40.3998
421000 -40.403
422000 -40.4062
423000 -40.4072
424000 -40.407
425000 -40.4061
426000 -40.4083
427000 -40.4092
428000 -40.4098
429000 -40.4062
430000 -40.4036
431000 -40.403
432000 -40.4043
433000 -40.4066
434000 -40.41
435000 -40.4107
436000 -40.4121
437000 -40.4135
438000 -40.4112
439000 -40.4096
440000 -40.4106
441000 -40.4104
442000 -40.4101
443000 -40.4096
444000 -40.41
445000 -40.4112
446000 -40.4129
447000 -40.4151
448000 -40.4172
449000 -40.4178
450000 -40.4199
451000 -40.4209
452000 -40.4207
453000 -40.4209
454000 -40.4203
455000 -40.4201
456000 -40.4206
457000 -40.4219
458000 -40.4254
459000 -40.4258
460000 -40.4264
461000 -40.4243
462000 -40.4234
463000 -40.4204
464000 -40.4181
465000 -40.4174
466000 -40.414
467000 -40.4127
468000 -40.4117
469000 -40.4122
470000 -40.4123
471000 -40.4134
472000 -40.4163
473000 -40.4178
474000 -40.4184
475000 -40.4177
476000 -40.4189
477000 -40.4198
478000 -40.4195
479000 -40.4175
480000 -40.4151
481000 -40.4121
482000 -40.4109
483000 -40.4118
484000 -40.4115
485000 -40.4114
486000 -40.4105
487000 -40.4119
488000 -40.4133
489000 -40.4137
490000 -40.4136
491000 -40.4145
492000 -40.4144
493000 -40.413
494000 -40.4112
495000 -40.4099
496000 -40.4096
497000 -40.4094
498000 -40.4082
499000 -40.4073
500000 -40.4058
501000 -40.4045
502000 -40.4067
503000 -40.4074
504000 -40.4067
505000 -40.4083
506000 -40.4075
507000 -40.4079
508000 -40.4068
509000 -40.4074
510000 -40.4084
511000 -40.409
512000 -40.4116
513000 -40.4138
514000 -40.4144
515000 -40.4143
516000 -40.4157
517000 -40.4148
518000 -40.4168
519000 -40.4177
520000 -40.4183
521000 -40.4174
522000 -40.4182
523000 -40.42
524000 -40.4217
525000 -40.424
526000 -40.4261
527000 -40.4268
528000 -40.4252
529000 -40.426
530000 -40.4257
531000 -40.4246
532000 -40.4231
533000 -40.4228
534000 -40.4215
535000 -40.4205
536000 -40.4208
537000 -40.4207
538000 -40.4205
539000 -40.4207
540000 -40.4192
541000 -40.421
542000 -40.4222
543000 -40.4238
544000 -40.4241
545000 -40.4246
546000 -40.4245
547000 -40.4261
548000 -40.426
549000 -40.426
550000 -40.4275
551000 -40.4291
552000 -40.4302
553000 -40.4307
554000 -40.4308
555000 -40.4305
556000 -40.4307
557000 -40.4304
558000 -40.4299
559000 -40.4303
560000 -40.4322
561000 -40.4326
562000 -40.4329
563000 -40.4344
564000 -40.4361
565000 -40.4381
566000 -40.4399
567000 -40.4422
568000 -40.4423
569000 -40.4436
570000 -40.4442
571000 -40.444
572000 -40.4429
573000 -40.4425
574000 -40.4417
575000 -40.4408
576000 -40.441
577000 -40.442
578000 -40.4425
579000 -40.4424
580000 -40.4433
581000 -40.4442
582000 -40.4448
583000 -40.4459
584000 -40.4461
585000 -40.4475
586000 -40.4476
587000 -40.4486
588000 -40.4483
589000 -40.4483
590000 -40.4473
591000 -40.4466
592000 -40.4448
593000 -40.444
594000 -40.4443
595000 -40.4433
596000 -40.4416
597000 -40.4408
598000 -40.4405
599000 -40.4405
600000 -40.4405
601000 -40.4417
602000 -40.4423
603000 -40.4426
604000 -40.443
605000 -40.4419
606000 -40.4427
607000 -40.4419
608000 -40.4432
609000 -40.4435
610000 -40.4433
611000 -40.4428
612000 -40.4422
613000 -40.4406
614000 -40.4402
615000 -40.4397
616000 -40.4388
617000 -40.4382
618000 -40.4398
619000 -40.4387
620000 -40.4387
621000 -40.4398
622000 -40.4411
623000 -40.4418
624000 -40.4432
625000 -40.4443
626000 -40.4437
627000 -40.4445
628000 -40.4463
629000 -40.4463
630000 -40.4472
631000 -40.4483
632000 -40.4492
633000 -40.4501
634000 -40.4505
635000 -40.4514
636000 -40.4525
637000 -40.4529
638000 -40.454
639000 -40.4544
640000 -40.4544
641000 -40.4553
642000 -40.4546
643000 -40.4537
644000 -40.4534
645000 -40.4525
646000 -40.4513
647000 -40.4508
648000 -40.4512
649000 -40.4518
650000 -40.4513
651000 -40.4513
652000 -40.4524
653000 -40.4538
654000 -40.4527
655000 -40.4511
656000 -40.4521
657000 -40.4519
658000 -40.4517
659000 -40.4531
660000 -40.4551
661000 -40.4562
662000 -40.4568
663000 -40.459
664000 -40.4599
665000 -40.4624
666000 -40.4654
667000 -40.4665
668000 -40.468
669000 -40.4695
670000 -40.4716
671000 -40.4733
672000 -40.4733
673000 -40.4724
674000 -40.4731
675000 -40.474
676000 -40.4741
677000 -40.475
678000 -40.476
679000 -40.4763
680000 -40.4763
681000 -40.4767
682000 -40.4764
683000 -40.4762
684000 -40.4764
685000 -40.4762
686000 -40.4756
687000 -40.4767
688000 -40.4757
689000 -40.4741
690000 -40.4738
691000 -40.4741
692000 -40.4738
693000 -40.4735
694000 -40.4736
695000 -40.474
696000 -40.4737
697000 -40.4745
698000 -40.4759
699000 -40.4773
700000 -40.4773
701000 -40.4763
702000 -40.4758
703000 -40.4752
704000 -40.4755
705000 -40.4755
706000 -40.4747
707000 -40.4752
708000 -40.4754
709000 -40.4758
710000 -40.4755
711000 -40.4755
712000 -40.4751
713000 -40.4739
714000 -40.4729
715000 -40.4729
716000 -40.4727
717000 -40.4726
718000 -40.4731
719000 -40.4744
720000 -40.4759
721000 -40.4761
722000 -40.4757
723000 -40.4757
724000 -40.476
725000 -40.4772
726000 -40.477
727000 -40.4776
728000 -40.4793
729000 -40.4796
730000 -40.4795
731000 -40.4797
732000 -40.4803
733000 -40.4804
734000 -40.4818
735000 -40.4828
736000 -40.4829
737000 -40.4834
738000 -40.4833
739000 -40.4831
740000 -40.4828
741000 -40.4832
742000 -40.4836
743000 -40.4838
744000 -40.4848
745000 -40.4852
746000 -40.4851
747000 -40.484
748000 -40.4837
749000 -40.4848
750000 -40.4846
751000 -40.4846
752000 -40.4841
753000 -40.4835
754000 -40.4827
755000 -40.4821
756000 -40.4815
757000 -40.4816
758000 -40.4811
759000 -40.4818
760000 -40.4812
761000 -40.4813
762000 -40.481
763000 -40.48
764000 -40.4805
765000 -40.4799
766000 -40.4804
767000 -40.4801
768000 -40.4796
769000 -40.4798
770000 -40.4794
771000 -40.4801
772000 -40.4797
773000 -40.479
774000 -40.4791
775000 -40.4797
776000 -40.4805
777000 -40.4812
778000 -40.4811
779000 -40.4807
780000 -40.4802
781000 -40.4806
782000 -40.4815
783000 -40.4814
784000 -40.4821
785000 -40.483
786000 -40.4823
787000 -40.4822
788000 -40.4817
789000 -40.4814
790000 -40.4807
791000 -40.4807
792000 -40.4805
793000 -40.4805
794000 -40.4807
795000 -40.4804
796000 -40.4804
797000 -40.4804
798000 -40.4803
799000 -40.4785
800000 -40.4775
801000 -40.4774
802000 -40.4775
803000 -40.4769
804000 -40.4763
805000 -40.4751
806000 -40.4743
807000 -40.4746
808000 -40.4738
809000 -40.4727
810000 -40.4718
811000 -40.4716
812000 -40.4721
813000 -40.472
814000 -40.4705
815000 -40.4698
816000 -40.4695
817000 -40.469
818000 -40.4694
819000 -40.4691
820000 -40.469
821000 -40.4696
822000 -40.4699
823000 -40.4698
824000 -40.4697
825000 -40.4694
826000 -40.469
827000 -40.4694
828000 -40.4689
829000 -40.4686
830000 -40.4677
831000 -40.4674
832000 -40.4661
833000 -40.4661
834000 -40.4648
835000 -40.4652
836000 -40.4646
837000 -40.4647
838000 -40.4649
839000 -40.4647
840000 -40.4641
841000 -40.4638
842000 -40.4631
843000 -40.4637
844000 -40.4645
845000 -40.4643
846000 -40.4642
847000 -40.4641
848000 -40.4645
849000 -40.4643
850000 -40.4645
851000 -40.4655
852000 -40.4664
853000 -40.4675
854000 -40.4681
855000 -40.4684
856000 -40.4683
857000 -40.4687
858000 -40.469
859000 -40.469
860000 -40.4693
861000 -40.4702
862000 -40.4699
863000 -40.471
864000 -40.4717
865000 -40.4719
866000 -40.4722
867000 -40.4719
868000 -40.4719
869000 -40.4719
870000 -40.4717
871000 -40.4719
872000 -40.4711
873000 -40.4704
874000 -40.47
875000 -40.4693
876000 -40.469
877000 -40.4681
878000 -40.4688
879000 -40.4688
880000 -40.4689
881000 -40.4687
882000 -40.4693
883000 -40.4699
884000 -40.471
885000 -40.471
886000 -40.4707
887000 -40.4712
888000 -40.4711
889000 -40.4712
890000 -40.4719
891000 -40.4717
892000 -40.4714
893000 -40.4714
894000 -40.4723
895000 -40.4727
896000 -40.4715
897000 -40.4716
898000 -40.4723
899000 -40.4732
900000 -40.474
901000 -40.4739
902000 -40.4744
903000 -40.4746
904000 -40.4739
905000 -40.4743
906000 -40.4741
907000 -40.4736
908000 -40.474
909000 -40.4737
910000 -40.4733
911000 -40.4738
912000 -40.474
913000 -40.474
914000 -40.4746
915000 -40.4749
916000 -40.4747
917000 -40.4744
918000 -40.4741
919000 -40.4741
920000 -40.4739
921000 -40.4734
922000 -40.4742
923000 -40.4747
924000 -40.4743
925000 -40.474
926000 -40.4738
927000 -40.4741
928000 -40.4737
929000 -40.4736
930000 -40.4736
931000 -40.4742
932000 -40.4744
933000 -40.4743
934000 -40.4741
935000 -40.4741
936000 -40.4745
937000 -40.475
938000 -40.4752
939000 -40.4753
940000 -40.4748
941000 -40.4745
942000 -40.4743
943000 -40.4746
944000 -40.4747
945000 -40.4749
946000 -40.4761
947000 -40.4767
948000 -40.4766
949000 -40.4763
950000 -40.4766
951000 -40.4766
952000 -40.4763
953000 -40.4763
954000 -40.4759
955000 -40.4758
956000 -40.4758
957000 -40.4756
958000 -40.4752
959000 -40.4748
960000 -40.4747
961000 -40.4747
962000 -40.4741
963000 -40.4746
964000 -40.4744
965000 -40.474
966000 -40.474
967000 -40.4736
968000 -40.4735
969000 -40.473
970000 -40.4729
971000 -40.4733
972000 -40.4733
973000 -40.4731
974000 -40.472
975000 -40.4729
976000 -40.4728
977000 -40.4726
978000 -40.4728
979000 -40.4727
980000 -40.4731
981000 -40.4724
982000 -40.4728
983000 -40.4728
984000 -40.4735
985000 -40.4733
986000 -40.4738
987000 -40.4744
988000 -40.4747
989000 -40.4752
990000 -40.4753
991000 -40.4749
992000 -40.4747
993000 -40.4739
994000 -40.4737
995000 -40.4734
996000 -40.4733
997000 -40.4736
998000 -40.4736
999000 -40.4736
1000000 -40.4746
1001000 -40.4754
1002000 -40.4756
1003000 -40.4753
1004000 -40.476
1005000 -40.4756
1006000 -40.4757
1007000 -40.4754
1008000 -40.4758
1009000 -40.4764
1010000 -40.4772
1011000 -40.477
1012000 -40.4772
1013000 -40.4776
1014000 -40.4776
1015000 -40.4782
1016000 -40.4775
1017000 -40.4776
1018000 -40.4771
1019000 -40.478
1020000 -40.4779
1021000 -40.4782
1022000 -40.4777
1023000 -40.4777
1024000 -40.478
1025000 -40.4778
1026000 -40.4777
1027000 -40.4785
1028000 -40.4787
1029000 -40.4779
1030000 -40.4779
1031000 -40.4778
1032000 -40.4786
1033000 -40.4786
1034000 -40.478
1035000 -40.4775
1036000 -40.477
1037000 -40.4772
1038000 -40.4774
1039000 -40.4773
1040000 -40.4775
1041000 -40.4772
1042000 -40.4775
1043000 -40.4782
1044000 -40.4788
1045000 -40.4789
1046000 -40.4796
1047000 -40.4801
1048000 -40.4794
1049000 -40.4791
1050000 -40.4788
1051000 -40.4787
1052000 -40.4785
1053000 -40.4785
1054000 -40.4788
1055000 -40.4782
1056000 -40.4784
1057000 -40.4784
1058000 -40.4784
1059000 -40.4783
1060000 -40.4778
1061000 -40.478
1062000 -40.4781
1063000 -40.4782
1064000 -40.4773
1065000 -40.4767
1066000 -40.4766
1067000 -40.4764
1068000 -40.4759
1069000 -40.4758
1070000 -40.4755
1071000 -40.4751
1072000 -40.4757
1073000 -40.4757
1074000 -40.4752
1075000 -40.4754
1076000 -40.4759
1077000 -40.4758
1078000 -40.4759
1079000 -40.4753
1080000 -40.4748
1081000 -40.4747
1082000 -40.4745
1083000 -40.4745
1084000 -40.4747
1085000 -40.4753
1086000 -40.4749
1087000 -40.4743
1088000 -40.4732
1089000 -40.4733
1090000 -40.4732
1091000 -40.4726
1092000 -40.472
1093000 -40.472
1094000 -40.4719
1095000 -40.4716
1096000 -40.4716
1097000 -40.4714
1098000 -40.4711
1099000 -40.4713
1100000 -40.4709
1101000 -40.4703
1102000 -40.4703
1103000 -40.4706
1104000 -40.4704
1105000 -40.4702
1106000 -40.4701
1107000 -40.4696
1108000 -40.4693
1109000 -40.469
1110000 -40.468
1111000 -40.4677
1112000 -40.4676
1113000 -40.4669
1114000 -40.4663
1115000 -40.466
1116000 -40.4662
1117000 -40.4661
1118000 -40.466
1119000 -40.4657
1120000 -40.4656
1121000 -40.4653
1122000 -40.4655
1123000 -40.4651
1124000 -40.465
1125000 -40.4647
1126000 -40.4647
1127000 -40.4647
1128000 -40.4649
1129000 -40.4653
1130000 -40.4654
1131000 -40.4655
1132000 -40.4658
1133000 -40.4661
1134000 -40.4666
1135000 -40.4667
1136000 -40.4667
1137000 -40.4665
1138000 -40.4665
1139000 -40.4655
1140000 -40.4656
1141000 -40.4652
1142000 -40.464
1143000 -40.4635
1144000 -40.4633
1145000 -40.4638
1146000 -40.4641
1147000 -40.4649
1148000 -40.4644
1149000 -40.4649
1150000 -40.466
1151000 -40.4668
1152000 -40.4678
1153000 -40.4686
1154000 -40.4679
1155000 -40.4676
1156000 -40.4669
1157000 -40.4669
1158000 -40.4662
1159000 -40.4659
1160000 -40.4654
1161000 -40.4651
1162000 -40.4649
1163000 -40.4652
1164000 -40.4654
1165000 -40.465
1166000 -40.4648
1167000 -40.4644
1168000 -40.4643
1169000 -40.4645
1170000 -40.4649
1171000 -40.4652
1172000 -40.4655
1173000 -40.4658
1174000 -40.4664
1175000 -40.4669
1176000 -40.4675
1177000 -40.468
1178000 -40.4681
1179000 -40.4682
1180000 -40.4687
1181000 -40.4685
1182000 -40.4681
1183000 -40.4675
1184000 -40.4673
1185000 -40.4673
1186000 -40.4675
1187000 -40.4672
1188000 -40.4671
1189000 -40.467
1190000 -40.4667
1191000 -40.467
1192000 -40.4674
1193000 -40.4675
1194000 -40.4672
1195000 -40.4664
1196000 -40.4666
1197000 -40.4668
1198000 -40.4672
1199000 -40.4675
1200000 -40.4677
1201000 -40.4681
1202000 -40.4682
1203000 -40.4687
1204000 -40.4691
1205000 -40.4698
1206000 -40.4702
1207000 -40.4701
1208000 -40.4706
1209000 -40.4709
1210000 -40.4706
1211000 -40.4703
1212000 -40.4696
1213000 -40.4687
1214000 -40.4683
1215000 -40.4682
1216000 -40.4681
1217000 -40.4682
1218000 -40.4686
1219000 -40.4687
1220000 -40.4691
1221000 -40.4693
1222000 -40.47
1223000 -40.4702
1224000 -40.4701
1225000 -40.4695
1226000 -40.4695
1227000 -40.4687
1228000 -40.4681
1229000 -40.4679
1230000 -40.4678
1231000 -40.4678
1232000 -40.4679
1233000 -40.4681
1234000 -40.4688
1235000 -40.4692
1236000 -40.4693
1237000 -40.4694
1238000 -40.4691
1239000 -40.4687
1240000 -40.4686
1241000 -40.4689
1242000 -40.4691
1243000 -40.4687
1244000 -40.4689
1245000 -40.4692
1246000 -40.4694
1247000 -40.4692
1248000 -40.4698
1249000 -40.4699
1250000 -40.4703
1251000 -40.4708
1252000 -40.4706
1253000 -40.4705
1254000 -40.4698
1255000 -40.4695
1256000 -40.4694
1257000 -40.4697
1258000 -40.4698
1259000 -40.4698
1260000 -40.4701
1261000 -40.4706
1262000 -40.4709
1263000 -40.4709
1264000 -40.4708
1265000 -40.4705
1266000 -40.4706
1267000 -40.4701
1268000 -40.4701
1269000 -40.4699
1270000 -40.4703
1271000 -40.4705
1272000 -40.4711
1273000 -40.4712
1274000 -40.471
1275000 -40.4711
1276000 -40.4709
1277000 -40.4709
1278000 -40.4707
1279000 -40.4703
1280000 -40.4696
1281000 -40.4698
1282000 -40.4695
1283000 -40.4692
1284000 -40.4691
1285000 -40.468
1286000 -40.4677
1287000 -40.4676
1288000 -40.4673
1289000 -40.4673
1290000 -40.4675
1291000 -40.4681
1292000 -40.4683
1293000 -40.4678
1294000 -40.4674
1295000 -40.4675
1296000 -40.4667
1297000 -40.4664
1298000 -40.466
1299000 -40.4664
1300000 -40.4662
1301000 -40.4661
1302000 -40.466
1303000 -40.466
1304000 -40.4657
1305000 -40.4658
1306000 -40.466
1307000 -40.4666
1308000 -40.4668
1309000 -40.4674
1310000 -40.4676
1311000 -40.4676
1312000 -40.4683
1313000 -40.4689
1314000 -40.4689
1315000 -40.4694
1316000 -40.4698
1317000 -40.47
1318000 -40.4705
1319000 -40.4703
1320000 -40.4702
1321000 -40.4705
1322000 -40.4704
1323000 -40.4701
1324000 -40.4699
1325000 -40.4692
1326000 -40.4689
1327000 -40.4691
1328000 -40.4698
1329000 -40.4697
1330000 -40.4696
1331000 -40.4693
1332000 -40.4692
1333000 -40.4685
1334000 -40.4683
1335000 -40.4681
1336000 -40.4676
1337000 -40.4675
1338000 -40.4675
1339000 -40.4677
1340000 -40.4679
1341000 -40.4676
1342000 -40.467
1343000 -40.4669
1344000 -40.4664
1345000 -40.466
1346000 -40.4656
1347000 -40.4654
1348000 -40.4653
1349000 -40.465
1350000 -40.4652
1351000 -40.4657
1352000 -40.4654
1353000 -40.4656
1354000 -40.4658
1355000 -40.4657
1356000 -40.4657
1357000 -40.4656
1358000 -40.4654
1359000 -40.4662
1360000 -40.4669
1361000 -40.4673
1362000 -40.468
1363000 -40.4682
1364000 -40.4682
1365000 -40.4685
1366000 -40.4689
1367000 -40.4685
1368000 -40.4687
1369000 -40.4692
1370000 -40.4691
1371000 -40.4692
1372000 -40.4695
1373000 -40.4691
1374000 -40.4689
1375000 -40.4693
1376000 -40.4694
1377000 -40.4691
1378000 -40.4688
1379000 -40.4684
1380000 -40.468
1381000 -40.4679
1382000 -40.4673
1383000 -40.4672
1384000 -40.467
1385000 -40.4666
1386000 -40.4659
1387000 -40.4658
1388000 -40.4658
1389000 -40.4659
1390000 -40.4657
1391000 -40.4656
1392000 -40.4653
1393000 -40.4657
1394000 -40.4657
1395000 -40.4657
1396000 -40.4658
1397000 -40.4659
1398000 -40.466
1399000 -40.4659
1400000 -40.4661
1401000 -40.4662
1402000 -40.466
1403000 -40.4655
1404000 -40.4655
1405000 -40.4658
1406000 -40.466
1407000 -40.4664
1408000 -40.4661
1409000 -40.4658
1410000 -40.4661
1411000 -40.4664
1412000 -40.4664
1413000 -40.4663
1414000 -40.4657
1415000 -40.4656
1416000 -40.4657
1417000 -40.4659
1418000 -40.4661
1419000 -40.4662
1420000 -40.4663
1421000 -40.4668
1422000 -40.467
1423000 -40.4673
1424000 -40.4668
1425000 -40.4672
1426000 -40.4675
1427000 -40.4679
1428000 -40.4674
1429000 -40.4675
1430000 -40.4676
1431000 -40.4679
1432000 -40.4681
1433000 -40.4681
1434000 -40.4682
1435000 -40.4686
1436000 -40.4687
1437000 -40.4687
1438000 -40.4687
1439000 -40.4687
1440000 -40.4684
1441000 -40.4681
1442000 -40.4681
1443000 -40.468
1444000 -40.4681
1445000 -40.4682
1446000 -40.4682
1447000 -40.4681
1448000 -40.468
1449000 -40.4678
1450000 -40.4678
1451000 -40.4678
1452000 -40.4672
1453000 -40.4671
1454000 -40.4668
1455000 -40.4668
1456000 -40.4667
1457000 -40.4666
1458000 -40.4662
1459000 -40.466
1460000 -40.4659
1461000 -40.4658
1462000 -40.4655
1463000 -40.4657
1464000 -40.4657
1465000 -40.4657
1466000 -40.4654
1467000 -40.4657
1468000 -40.4659
1469000 -40.466
1470000 -40.4657
1471000 -40.4657
1472000 -40.4657
1473000 -40.4654
1474000 -40.4655
1475000 -40.4659
1476000 -40.4661
1477000 -40.4658
1478000 -40.4656
1479000 -40.4661
1480000 -40.4661
1481000 -40.4665
1482000 -40.4666
1483000 -40.4667
1484000 -40.4669
1485000 -40.4671
1486000 -40.4676
1487000 -40.4685
1488000 -40.4688
1489000 -40.4686
1490000 -40.4688
1491000 -40.4691
1492000 -40.4693
1493000 -40.4696
1494000 -40.47
1495000 -40.47
1496000 -40.4704
1497000 -40.4701
1498000 -40.4703
1499000 -40.4704
1500000 -40.47
1501000 -40.4698
1502000 -40.4699
1503000 -40.4698
1504000 -40.47
1505000 -40.4702
1506000 -40.4698
1507000 -40.47
1508000 -40.4701
1509000 -40.4702
1510000 -40.47
1511000 -40.4697
1512000 -40.4694
1513000 -40.4694
1514000 -40.4689
1515000 -40.4685
1516000 -40.4687
1517000 -40.4687
1518000 -40.4688
1519000 -40.4688
1520000 -40.4689
1521000 -40.4693
1522000 -40.4695
1523000 -40.4698
1524000 -40.4699
1525000 -40.4698
1526000 -40.4691
1527000 -40.4688
1528000 -40.4682
1529000 -40.468
1530000 -40.4676
1531000 -40.4672
1532000 -40.4667
1533000 -40.4663
1534000 -40.4663
1535000 -40.4658
1536000 -40.4653
1537000 -40.4654
1538000 -40.4653
1539000 -40.4654
1540000 -40.4652
1541000 -40.4652
1542000 -40.4658
1543000 -40.4665
1544000 -40.4664
1545000 -40.4668
1546000 -40.4669
1547000 -40.4668
1548000 -40.4669
1549000 -40.4668
1550000 -40.467
1551000 -40.4672
1552000 -40.4669
1553000 -40.467
1554000 -40.4672
1555000 -40.4674
1556000 -40.4676
1557000 -40.4683
1558000 -40.4688
1559000 -40.4688
1560000 -40.4688
1561000 -40.469
1562000 -40.4692
1563000 -40.469
1564000 -40.4692
1565000 -40.4695
1566000 -40.4696
1567000 -40.4696
1568000 -40.4694
1569000 -40.4693
1570000 -40.4694
1571000 -40.4693
1572000 -40.4691
1573000 -40.4689
1574000 -40.4686
1575000 -40.4681
1576000 -40.4677
1577000 -40.4671
1578000 -40.4671
1579000 -40.4674
1580000 -40.4671
1581000 -40.4669
1582000 -40.4666
1583000 -40.4669
1584000 -40.4666
1585000 -40.4668
1586000 -40.4668
1587000 -40.4671
1588000 -40.4671
1589000 -40.4672
1590000 -40.4674
1591000 -40.4673
1592000 -40.467
1593000 -40.4666
1594000 -40.4662
1595000 -40.4662
1596000 -40.4661
1597000 -40.4662
1598000 -40.4661
1599000 -40.4662
1600000 -40.466
1601000 -40.4655
1602000 -40.4651
1603000 -40.4646
1604000 -40.4644
1605000 -40.4645
1606000 -40.4643
1607000 -40.4643
1608000 -40.4645
1609000 -40.4646
1610000 -40.4644
1611000 -40.464
1612000 -40.4636
1613000 -40.4638
1614000 -40.4633
1615000 -40.4631
1616000 -40.4625
1617000 -40.4622
1618000 -40.4618
1619000 -40.4621
1620000 -40.4621
1621000 -40.4623
1622000 -40.4621
1623000 -40.4624
1624000 -40.4628
1625000 -40.4628
1626000 -40.4631
1627000 -40.4628
1628000 -40.4628
1629000 -40.4627
1630000 -40.4627
1631000 -40.4628
1632000 -40.4629
1633000 -40.4628
1634000 -40.4627
1635000 -40.4633
1636000 -40.4637
1637000 -40.464
1638000 -40.4643
1639000 -40.4643
1640000 -40.464
1641000 -40.4642
1642000 -40.4645
1643000 -40.4644
1644000 -40.4642
1645000 -40.4642
1646000 -40.4645
1647000 -40.4648
1648000 -40.4651
1649000 -40.4656
1650000 -40.4663
1651000 -40.4666
1652000 -40.467
1653000 -40.467
1654000 -40.4674
1655000 -40.4671
1656000 -40.4668
1657000 -40.4673
1658000 -40.4673
1659000 -40.4672
1660000 -40.4675
1661000 -40.468
1662000 -40.468
1663000 -40.4683
1664000 -40.4684
1665000 -40.4682
1666000 -40.4685
1667000 -40.4688
1668000 -40.469
1669000 -40.4691
1670000 -40.4692
1671000 -40.4694
1672000 -40.4696
1673000 -40.4692
1674000 -40.4691
1675000 -40.4696
1676000 -40.4695
1677000 -40.4693
1678000 -40.4694
1679000 -40.4693
1680000 -40.4695
1681000 -40.469
1682000 -40.4691
1683000 -40.4688
1684000 -40.4687
1685000 -40.4693
1686000 -40.4693
1687000 -40.4685
1688000 -40.4681
1689000 -40.4678
1690000 -40.4673
1691000 -40.467
1692000 -40.4666
1693000 -40.4663
1694000 -40.466
1695000 -40.4658
1696000 -40.466
1697000 -40.4658
1698000 -40.4657
1699000 -40.4653
1700000 -40.465
1701000 -40.4651
1702000 -40.4651
1703000 -40.4652
1704000 -40.4655
1705000 -40.4656
1706000 -40.4661
1707000 -40.4662
1708000 -40.4659
1709000 -40.4659
1710000 -40.4659
1711000 -40.4655
1712000 -40.4656
1713000 -40.4657
1714000 -40.4654
1715000 -40.4656
1716000 -40.4655
1717000 -40.4656
1718000 -40.4654
1719000 -40.4652
1720000 -40.4651
1721000 -40.4655
1722000 -40.4655
1723000 -40.4653
1724000 -40.4657
1725000 -40.4657
1726000 -40.4653
1727000 -40.4656
1728000 -40.4655
1729000 -40.4653
1730000 -40.4654
1731000 -40.4654
1732000 -40.4653
1733000 -40.4655
1734000 -40.4653
1735000 -40.4653
1736000 -40.4651
1737000 -40.4651
1738000 -40.4652
1739000 -40.4653
1740000 -40.4652
1741000 -40.4651
1742000 -40.4653
1743000 -40.4651
1744000 -40.4648
1745000 -40.4649
1746000 -40.4647
1747000 -40.4646
1748000 -40.4647
1749000 -40.465
1750000 -40.4653
1751000 -40.4652
1752000 -40.4652
1753000 -40.4655
1754000 -40.4654
1755000 -40.4656
1756000 -40.466
1757000 -40.4664
1758000 -40.4665
1759000 -40.4669
1760000 -40.4672
1761000 -40.4676
1762000 -40.4676
1763000 -40.4678
1764000 -40.468
1765000 -40.4678
1766000 -40.4676
1767000 -40.4678
1768000 -40.4679
1769000 -40.4683
1770000 -40.4682
1771000 -40.4682
1772000 -40.4681
1773000 -40.4678
1774000 -40.4677
1775000 -40.4675
1776000 -40.4672
1777000 -40.4668
1778000 -40.4667
1779000 -40.4666
1780000 -40.4664
1781000 -40.4662
1782000 -40.466
1783000 -40.4663
1784000 -40.4661
1785000 -40.4659
1786000 -40.4659
1787000 -40.466
1788000 -40.4665
1789000 -40.4666
1790000 -40.4669
1791000 -40.4667
1792000 -40.4662
1793000 -40.4661
1794000 -40.4663
1795000 -40.4663
1796000 -40.4668
1797000 -40.4672
1798000 -40.4672
1799000 -40.4675
1800000 -40.4677
1801000 -40.4681
1802000 -40.4683
1803000 -40.4684
1804000 -40.469
1805000 -40.4691
1806000 -40.4696
1807000 -40.4698
1808000 -40.4701
1809000 -40.4706
1810000 -40.4706
1811000 -40.4709
1812000 -40.471
1813000 -40.471
1814000 -40.4711
1815000 -40.4713
1816000 -40.4715
1817000 -40.4717
1818000 -40.472
1819000 -40.4725
1820000 -40.4728
1821000 -40.4729
1822000 -40.4729
1823000 -40.4728
1824000 -40.4726
1825000 -40.4726
1826000 -40.4724
1827000 -40.4723
1828000 -40.4726
1829000 -40.4725
1830000 -40.4726
1831000 -40.4726
1832000 -40.4727
1833000 -40.4727
1834000 -40.4725
1835000 -40.4727
1836000 -40.4727
1837000 -40.4732
1838000 -40.4732
1839000 -40.4734
1840000 -40.4733
1841000 -40.4733
1842000 -40.4735
1843000 -40.4734
1844000 -40.473
1845000 -40.4725
1846000 -40.4722
1847000 -40.4721
1848000 -40.4719
1849000 -40.4717
1850000 -40.4716
1851000 -40.4717
1852000 -40.4714
1853000 -40.4716
1854000 -40.4715
1855000 -40.4716
1856000 -40.4714
1857000 -40.4714
1858000 -40.471
1859000 -40.4709
1860000 -40.4711
1861000 -40.471
1862000 -40.4708
1863000 -40.4708
1864000 -40.4711
1865000 -40.4711
1866000 -40.4712
1867000 -40.471
1868000 -40.4708
1869000 -40.4704
1870000 -40.4703
1871000 -40.4703
1872000 -40.4702
1873000 -40.4703
1874000 -40.4702
1875000 -40.4698
1876000 -40.4698
1877000 -40.4694
1878000 -40.4694
1879000 -40.4692
1880000 -40.4692
1881000 -40.4689
1882000 -40.4688
1883000 -40.4687
1884000 -40.4687
1885000 -40.4688
1886000 -40.4688
1887000 -40.4687
1888000 -40.4686
1889000 -40.4685
1890000 -40.4689
1891000 -40.4692
1892000 -40.4693
1893000 -40.4699
1894000 -40.4702
1895000 -40.4703
1896000 -40.4704
1897000 -40.4703
1898000 -40.4706
1899000 -40.4706
1900000 -40.4707
1901000 -40.471
1902000 -40.4709
1903000 -40.4708
1904000 -40.4705
1905000 -40.4701
1906000 -40.4699
1907000 -40.4696
1908000 -40.4695
1909000 -40.4696
1910000 -40.4695
1911000 -40.4693
1912000 -40.4689
1913000 -40.4688
1914000 -40.469
1915000 -40.4691
1916000 -40.4692
1917000 -40.4694
1918000 -40.4697
1919000 -40.4699
1920000 -40.47
1921000 -40.4701
1922000 -40.47
1923000 -40.4696
1924000 -40.4696
1925000 -40.4693
1926000 -40.4693
1927000 -40.4693
1928000 -40.4692
1929000 -40.4688
1930000 -40.4687
1931000 -40.4686
1932000 -40.4684
1933000 -40.4681
1934000 -40.4678
1935000 -40.4678
1936000 -40.4677
1937000 -40.4673
1938000 -40.4674
1939000 -40.4675
1940000 -40.4678
1941000 -40.468
1942000 -40.4681
1943000 -40.4683
1944000 -40.4685
1945000 -40.4688
1946000 -40.4689
1947000 -40.469
1948000 -40.469
1949000 -40.4692
1950000 -40.469
1951000 -40.4692
1952000 -40.4691
1953000 -40.4691
1954000 -40.4693
1955000 -40.4696
1956000 -40.4695
1957000 -40.4694
1958000 -40.4696
1959000 -40.4696
1960000 -40.4695
1961000 -40.4698
1962000 -40.4697
1963000 -40.4697
1964000 -40.4694
1965000 -40.469
1966000 -40.4688
1967000 -40.4686
1968000 -40.4686
1969000 -40.4686
1970000 -40.4689
1971000 -40.4689
1972000 -40.4688
1973000 -40.4683
1974000 -40.4679
1975000 -40.4679
1976000 -40.4681
1977000 -40.4683
1978000 -40.4686
1979000 -40.4684
1980000 -40.4687
1981000 -40.4686
1982000 -40.4686
1983000 -40.4688
1984000 -40.4688
1985000 -40.4689
1986000 -40.4691
1987000 -40.4694
1988000 -40.4695
1989000 -40.4697
1990000 -40.4696
1991000 -40.4694
1992000 -40.4694
1993000 -40.4694
1994000 -40.4697
1995000 -40.4696
1996000 -40.4697
1997000 -40.4699
1998000 -40.4697
1999000 -40.47
2000000 -40.4699
2001000 -40.47
2002000 -40.4699
2003000 -40.4699
2004000 -40.4698
2005000 -40.4699
2006000 -40.4701
2007000 -40.4706
2008000 -40.4705
2009000 -40.4704
2010000 -40.4704
2011000 -40.4706
2012000 -40.4708
2013000 -40.4711
2014000 -40.4715
2015000 -40.4715
2016000 -40.4711
2017000 -40.4708
2018000 -40.4707
2019000 -40.4706
2020000 -40.4705
2021000 -40.4708
2022000 -40.471
2023000 -40.4713
2024000 -40.4712
2025000 -40.4709
2026000 -40.4711
2027000 -40.4715
2028000 -40.4714
2029000 -40.4716
2030000 -40.4715
2031000 -40.4714
2032000 -40.4718
2033000 -40.4722
2034000 -40.4723
2035000 -40.4724
2036000 -40.4725
2037000 -40.4727
2038000 -40.4731
2039000 -40.473
2040000 -40.4729
2041000 -40.4727
2042000 -40.4725
2043000 -40.4722
2044000 -40.4723
2045000 -40.4722
2046000 -40.4723
2047000 -40.4723
2048000 -40.4726
2049000 -40.4726
2050000 -40.4724
2051000 -40.4725
2052000 -40.4725
2053000 -40.4721
2054000 -40.4718
2055000 -40.472
2056000 -40.4721
2057000 -40.4724
2058000 -40.4726
2059000 -40.4726
2060000 -40.4726
2061000 -40.4724
2062000 -40.472
2063000 -40.4717
2064000 -40.4715
2065000 -40.4716
2066000 -40.4715
2067000 -40.4714
2068000 -40.4714
2069000 -40.4718
2070000 -40.4718
2071000 -40.4716
2072000 -40.4716
2073000 -40.4717
2074000 -40.4716
2075000 -40.4716
2076000 -40.4715
2077000 -40.471
2078000 -40.4707
2079000 -40.4705
2080000 -40.4708
2081000 -40.4711
2082000 -40.4713
2083000 -40.4713
2084000 -40.4711
2085000 -40.4713
2086000 -40.4714
2087000 -40.4714
2088000 -40.4715
2089000 -40.4716
2090000 -40.4718
2091000 -40.4721
2092000 -40.4726
2093000 -40.4729
2094000 -40.4731
2095000 -40.4729
2096000 -40.4729
2097000 -40.4729
2098000 -40.4728
2099000 -40.4728
2100000 -40.4729
2101000 -40.4728
2102000 -40.4728
2103000 -40.4725
2104000 -40.4724
2105000 -40.4727
2106000 -40.4731
2107000 -40.4732
2108000 -40.4732
2109000 -40.4732
2110000 -40.4732
2111000 -40.4731
2112000 -40.473
2113000 -40.473
2114000 -40.4729
2115000 -40.4728
2116000 -40.4728
2117000 -40.4727
2118000 -40.4727
2119000 -40.4727
2120000 -40.4726
2121000 -40.4726
2122000 -40.4726
2123000 -40.4727
2124000 -40.4727
2125000 -40.4729
2126000 -40.473
2127000 -40.4732
2128000 -40.4731
2129000 -40.473
2130000 -40.473
2131000 -40.4732
2132000 -40.4735
2133000 -40.4739
2134000 -40.4739
2135000 -40.4738
2136000 -40.4739
2137000 -40.474
2138000 -40.4745
2139000 -40.4746
2140000 -40.4752
2141000 -40.4752
2142000 -40.4754
2143000 -40.4759
2144000 -40.4761
2145000 -40.4761
2146000 -40.4763
2147000 -40.4766
2148000 -40.4767
2149000 -40.4768
2150000 -40.477
2151000 -40.4772
2152000 -40.4774
2153000 -40.4777
2154000 -40.4777
2155000 -40.4776
2156000 -40.4778
2157000 -40.478
2158000 -40.4781
2159000 -40.4779
2160000 -40.4779
2161000 -40.4777
2162000 -40.4778
2163000 -40.4775
2164000 -40.4774
2165000 -40.4771
2166000 -40.4769
2167000 -40.4768
2168000 -40.4767
2169000 -40.4767
2170000 -40.4762
2171000 -40.476
2172000 -40.4761
2173000 -40.4759
2174000 -40.4755
2175000 -40.4756
2176000 -40.4756
2177000 -40.4753
2178000 -40.4754
2179000 -40.4753
2180000 -40.4752
2181000 -40.4751
2182000 -40.4748
2183000 -40.4747
2184000 -40.4746
2185000 -40.4748
2186000 -40.475
2187000 -40.4751
2188000 -40.4753
2189000 -40.475
2190000 -40.475
2191000 -40.475
2192000 -40.4749
2193000 -40.475
2194000 -40.4753
2195000 -40.4755
2196000 -40.4755
2197000 -40.4751
2198000 -40.4752
2199000 -40.475
2200000 -40.4751
2201000 -40.475
