# Time-averaged data for fix pressrun
# TimeStep v_P
202000 54.6052
203000 55.7117
204000 58.7642
205000 57.9465
206000 57.1776
207000 58.2375
208000 58.2092
209000 58.3717
210000 58.7695
211000 60.0449
212000 59.8529
213000 59.922
214000 59.7557
215000 59.8907
216000 60.1749
217000 60.44
218000 59.9368
219000 60.0074
220000 59.9766
221000 59.9178
222000 59.7961
223000 59.6242
224000 59.4762
225000 59.4864
226000 59.4621
227000 59.2089
228000 59.3246
229000 59.6403
230000 59.5624
231000 59.5196
232000 59.4902
233000 59.2955
234000 59.3899
235000 59.2899
236000 59.2698
237000 59.158
238000 59.3476
239000 59.3518
240000 59.368
241000 59.3018
242000 59.247
243000 59.298
244000 59.3377
245000 59.3488
246000 59.2627
247000 59.2818
248000 59.1544
249000 59.2405
250000 59.2064
251000 59.2364
252000 59.2852
253000 59.142
254000 59.1239
255000 59.147
256000 59.2488
257000 59.1649
258000 59.1728
259000 59.2399
260000 59.1509
261000 59.3647
262000 59.2829
263000 59.2313
264000 59.1326
265000 59.2019
266000 59.2167
267000 59.1433
268000 59.1363
269000 59.1218
270000 58.9685
271000 58.9842
272000 58.8968
273000 58.9569
274000 58.9613
275000 59.0209
276000 58.9181
277000 58.882
278000 58.8277
279000 58.848
280000 58.87
281000 58.8173
282000 58.8075
283000 58.8975
284000 58.8
285000 58.8542
286000 58.8368
287000 58.8111
288000 58.9498
289000 58.8448
290000 58.8149
291000 58.7612
292000 58.7713
293000 58.8025
294000 58.8492
295000 58.7928
296000 58.7826
297000 58.8253
298000 58.8292
299000 58.7773
300000 58.785
301000 58.7431
302000 58.75
303000 58.8795
304000 58.864
305000 58.8639
306000 58.8164
307000 58.7491
308000 58.697
309000 58.7304
310000 58.7309
311000 58.7392
312000 58.7625
313000 58.7281
314000 58.6211
315000 58.6083
316000 58.5696
317000 58.5884
318000 58.5938
319000 58.5223
320000 58.5683
321000 58.6064
322000 58.5741
323000 58.5378
324000 58.538
325000 58.4261
326000 58.5635
327000 58.5443
328000 58.5227
329000 58.5635
330000 58.5497
331000 58.5123
332000 58.5848
333000 58.5646
334000 58.5882
335000 58.6201
336000 58.6608
337000 58.6391
338000 58.6014
339000 58.5823
340000 58.6332
341000 58.5548
342000 58.525
343000 58.5329
344000 58.5393
345000 58.5676
346000 58.5735
347000 58.6035
348000 58.548
349000 58.4838
350000 58.4571
351000 58.4391
352000 58.4725
353000 58.5189
354000 58.5373
355000 58.5497
356000 58.5407
357000 58.4787
358000 58.4723
359000 58.4422
360000 58.4158
361000 58.4371
362000 58.4811
363000 58.4768
364000 58.4695
365000 58.5121
366000 58.4655
367000 58.4513
368000 58.4489
369000 58.4312
370000 58.429
371000 58.4662
372000 58.4868
373000 58.4596
374000 58.4106
375000 58.4434
376000 58.4251
377000 58.4168
378000 58.419
379000 58.4063
380000 58.4237
381000 58.4187
382000 58.3917
383000 58.3966
384000 58.3882
385000 58.4011
386000 58.3965
387000 58.3911
388000 58.3769
389000 58.3933
390000 58.3872
391000 58.3603
392000 58.319
393000 58.3283
394000 58.3254
395000 58.2904
396000 58.2761
397000 58.2836
398000 58.2604
399000 58.2537
400000 58.2375
401000 58.239
402000 58.2604
403000 58.3122
404000 58.3429
405000 58.3034
406000 58.3251
407000 58.3279
408000 58.3455
409000 58.3394
410000 58.3042
411000 58.2771
412000 58.2758
413000 58.2775
414000 58.302
415000 58.2941
416000 58.3311
417000 58.3288
418000 58.306
419000 58.3428
420000 58.3082
421000 58.3481
422000 58.3237
423000 58.2852
424000 58.2523
425000 58.2396
426000 58.2238
427000 58.2397
428000 58.2797
429000 58.2641
430000 58.2489
431000 58.2667
432000 58.292
433000 58.2756
434000 58.2501
435000 58.2648
436000 58.2375
437000 58.2141
438000 58.2337
439000 58.2192
440000 58.2139
441000 58.1968
442000 58.193
443000 58.1662
444000 58.1452
445000 58.1319
446000 58.147
447000 58.1662
448000 58.1591
449000 58.1707
450000 58.1801
451000 58.2117
452000 58.2453
453000 58.2489
454000 58.2516
455000 58.2181
456000 58.2239
457000 58.2112
458000 58.2332
459000 58.2273
460000 58.2353
461000 58.2296
462000 58.2092
463000 58.2071
464000 58.2296
465000 58.2429
466000 58.2214
467000 58.2066
468000 58.2141
469000 58.2059
470000 58.2306
471000 58.2296
472000 58.229
473000 58.1964
474000 58.1854
475000 58.1993
476000 58.2203
477000 58.2289
478000 58.2371
479000 58.2154
480000 58.2089
481000 58.1796
482000 58.2277
483000 58.2397
484000 58.26
485000 58.2816
486000 58.2534
487000 58.2628
488000 58.2347
489000 58.2527
490000 58.2685
491000 58.242
492000 58.2863
493000 58.2901
494000 58.3135
495000 58.3275
496000 58.3086
497000 58.3089
498000 58.3132
499000 58.3043
500000 58.3177
501000 58.3087
502000 58.3064
503000 58.2817
504000 58.233
505000 58.2127
506000 58.2298
507000 58.2285
508000 58.2116
509000 58.2298
510000 58.1957
511000 58.217
512000 58.2064
513000 58.1828
514000 58.1726
515000 58.1573
516000 58.148
517000 58.1518
518000 58.1378
519000 58.1221
520000 58.1567
521000 58.1631
522000 58.14
523000 58.1201
524000 58.1289
525000 58.1393
526000 58.1357
527000 58.1578
528000 58.1189
529000 58.1181
530000 58.1277
531000 58.1246
532000 58.1117
533000 58.0985
534000 58.0956
535000 58.0926
536000 58.0808
537000 58.0739
538000 58.0845
539000 58.1032
540000 58.0992
541000 58.0909
542000 58.0722
543000 58.0687
544000 58.0561
545000 58.0438
546000 58.0432
547000 58.0156
548000 58.0263
549000 58.0157
550000 57.9891
551000 57.9731
552000 57.9698
553000 57.9626
554000 57.9707
555000 57.9601
556000 57.9312
557000 57.9382
558000 57.9467
559000 57.937
560000 57.9195
561000 57.9215
562000 57.9354
563000 57.9454
564000 57.9777
565000 57.9893
566000 58.0089
567000 57.9957
568000 57.9616
569000 57.9422
570000 57.9478
571000 57.9435
572000 57.9452
573000 57.9566
574000 57.9569
575000 57.9785
576000 57.9748
577000 57.9636
578000 57.9792
579000 57.9783
580000 57.9709
581000 57.9897
582000 57.9878
583000 58.0189
584000 58.0188
585000 58.0201
586000 58.0262
587000 58.0319
588000 58.0241
589000 58.0186
590000 58.0208
591000 58.0146
592000 58.0103
593000 58.036
594000 58.0247
595000 58.0097
596000 58.0059
597000 58.0126
598000 58.011
599000 58.0212
600000 58.0149
601000 58.0058
602000 57.9855
603000 57.9954
604000 57.9914
605000 57.9702
606000 57.9725
607000 57.984
608000 57.9668
609000 57.9738
610000 57.9802
611000 58.0028
612000 58.0004
613000 58.0143
614000 58.0165
615000 58.0111
616000 58.0033
617000 57.993
618000 57.9602
619000 57.9726
620000 57.9668
621000 57.9614
622000 57.9523
623000 57.9507
624000 57.9304
625000 57.9455
626000 57.9391
627000 57.953
628000 57.9486
629000 57.9506
630000 57.9423
631000 57.9103
632000 57.9175
633000 57.9191
634000 57.9101
635000 57.9154
636000 57.9329
637000 57.9454
638000 57.9503
639000 57.9548
640000 57.9311
641000 57.9388
642000 57.9442
643000 57.9487
644000 57.9558
645000 57.9562
646000 57.9476
647000 57.9456
648000 57.9618
649000 57.957
650000 57.9508
651000 57.9516
652000 57.9536
653000 57.9596
654000 57.953
655000 57.9651
656000 57.9797
657000 57.9645
658000 57.9721
659000 57.967
660000 57.9585
661000 57.9531
662000 57.95
663000 57.9494
664000 57.9458
665000 57.9381
666000 57.9352
667000 57.9501
668000 57.9621
669000 57.9491
670000 57.9597
671000 57.9652
672000 57.9728
673000 57.9725
674000 57.9828
675000 57.9745
676000 57.9793
677000 57.9907
678000 57.9929
679000 58.0263
680000 58.03
681000 58.0447
682000 58.0298
683000 58.0319
684000 58.0176
685000 58.0254
686000 58.0347
687000 58.0226
688000 58.0317
689000 58.0452
690000 58.0255
691000 58.0288
692000 58.0436
693000 58.0367
694000 58.0449
695000 58.041
696000 58.0366
697000 58.0339
698000 58.0286
699000 58.0262
700000 58.0373
701000 58.0284
702000 58.022
703000 58.0007
704000 57.9983
705000 58.0091
706000 58.0023
707000 58.007
708000 58.0004
709000 57.9857
710000 57.9926
711000 57.9979
712000 58.0005
713000 58.0069
714000 58.0118
715000 58.025
716000 58.0349
717000 58.0182
718000 58.0091
719000 58.0249
720000 58.0198
721000 58.0284
722000 58.0202
723000 58.0211
724000 58.0035
725000 57.9995
726000 58.019
727000 58.0234
728000 58.0412
729000 58.0586
730000 58.0608
731000 58.0556
732000 58.0353
733000 58.0165
734000 58.023
735000 58.0205
736000 58.0182
737000 58.0255
738000 58.0175
739000 58.0215
740000 58.0323
741000 58.0199
742000 58.0265
743000 58.0127
744000 57.9952
745000 57.9893
746000 57.9983
747000 58.0021
748000 58.0062
749000 58.0165
750000 57.9957
751000 58.0068
752000 58.0241
753000 58.0223
754000 58.0305
755000 58.0251
756000 58.0257
757000 58.0211
758000 58.0247
759000 58.0286
760000 58.022
761000 58.0149
762000 58.0104
763000 57.9947
764000 57.9813
765000 57.9759
766000 57.9719
767000 57.982
768000 57.9673
769000 57.9828
770000 57.9955
771000 57.9931
772000 57.9965
773000 58.0002
774000 57.9955
775000 57.9841
776000 57.9788
777000 57.9864
778000 58.0032
779000 58.0073
780000 58.002
781000 58.0086
782000 58.0032
783000 57.9896
784000 57.9912
785000 58.0074
786000 58.0103
787000 57.9958
788000 58.0118
789000 58.0044
790000 58.0018
791000 58.0154
792000 58.0065
793000 58.006
794000 58.0048
795000 58.0082
796000 58.0018
797000 57.9951
798000 57.9925
799000 57.9889
800000 57.9996
801000 58.0046
802000 57.9999
803000 58.0163
804000 58.0054
805000 58.002
806000 58.0135
807000 58.0092
808000 58.022
809000 58.0372
810000 58.0445
811000 58.0447
812000 58.0573
813000 58.0443
814000 58.0462
815000 58.0444
816000 58.0345
817000 58.0296
818000 58.0411
819000 58.0365
820000 58.0383
821000 58.0302
822000 58.0248
823000 58.0388
824000 58.0413
825000 58.0479
826000 58.0425
827000 58.0418
828000 58.0306
829000 58.0361
830000 58.0461
831000 58.037
832000 58.0499
833000 58.0512
834000 58.0518
835000 58.056
836000 58.067
837000 58.0644
838000 58.0675
839000 58.0678
840000 58.0842
841000 58.0768
842000 58.0727
843000 58.0627
844000 58.0571
845000 58.0462
846000 58.0369
847000 58.022
848000 58.0218
849000 58.0292
850000 58.0275
851000 58.0312
852000 58.0306
853000 58.0225
854000 58.0258
855000 58.0157
856000 58.0203
857000 58.0191
858000 58.0232
859000 58.0319
860000 58.0219
861000 58.0161
862000 58.0041
863000 58.0096
864000 58.0135
865000 58.0024
866000 58.0191
867000 58.0226
868000 58.0265
869000 58.0246
870000 58.0157
871000 58.0129
872000 58.0124
873000 58.0196
874000 58.0133
875000 58.0026
876000 57.9895
877000 57.9873
878000 57.9881
879000 57.9854
880000 57.9928
881000 57.9878
882000 57.9834
883000 57.9759
884000 57.9884
885000 57.9882
886000 57.9819
887000 57.9978
888000 57.9961
889000 57.9869
890000 57.985
891000 57.9892
892000 57.97
893000 57.9721
894000 57.9817
895000 57.9667
896000 57.9678
897000 57.9788
898000 57.9705
899000 57.973
900000 57.9684
901000 57.9732
902000 57.9651
903000 57.9704
904000 57.9763
905000 57.9737
906000 57.9889
907000 57.9941
908000 57.9779
909000 57.9745
910000 57.9792
911000 57.9871
912000 57.9933
913000 57.9978
914000 57.9893
915000 57.9912
916000 57.9961
917000 57.9898
918000 57.9823
919000 57.9844
920000 57.9808
921000 57.9683
922000 57.9799
923000 57.9783
924000 57.985
925000 57.9922
926000 57.9867
927000 57.9972
928000 57.9914
929000 57.9875
930000 57.9873
931000 57.9844
932000 57.9864
933000 57.9956
934000 57.9898
935000 57.9902
936000 57.9777
937000 57.9787
938000 57.9704
939000 57.9721
940000 57.9693
941000 57.9638
942000 57.9634
943000 57.9615
944000 57.9618
945000 57.9693
946000 57.9653
947000 57.9637
948000 57.9507
949000 57.9482
950000 57.9656
951000 57.9682
952000 57.9728
953000 57.974
954000 57.9742
955000 57.9597
956000 57.9526
957000 57.9505
958000 57.9383
959000 57.9462
960000 57.9546
961000 57.9482
962000 57.9471
963000 57.9466
964000 57.9478
965000 57.9533
966000 57.9452
967000 57.9296
968000 57.9229
969000 57.9252
970000 57.9268
971000 57.9262
972000 57.9258
973000 57.9253
974000 57.9329
975000 57.9295
976000 57.9326
977000 57.9277
978000 57.927
979000 57.932
980000 57.9245
981000 57.9135
982000 57.9203
983000 57.9213
984000 57.92
985000 57.9242
986000 57.9231
987000 57.9332
988000 57.9319
989000 57.9201
990000 57.927
991000 57.9164
992000 57.9103
993000 57.9175
994000 57.9173
995000 57.9258
996000 57.9294
997000 57.9296
998000 57.9259
999000 57.9277
1000000 57.9252
1001000 57.9214
1002000 57.9122
1003000 57.9179
1004000 57.9133
1005000 57.9033
1006000 57.8975
1007000 57.8894
1008000 57.8866
1009000 57.8909
1010000 57.8966
1011000 57.8924
1012000 57.8868
1013000 57.8919
1014000 57.8953
1015000 57.8967
1016000 57.8932
1017000 57.8976
1018000 57.8986
1019000 57.894
1020000 57.8862
1021000 57.8811
1022000 57.8869
1023000 57.8813
1024000 57.8771
1025000 57.8735
1026000 57.87
1027000 57.8649
1028000 57.8762
1029000 57.8784
1030000 57.8729
1031000 57.8636
1032000 57.8668
1033000 57.8523
1034000 57.8632
1035000 57.8627
1036000 57.8675
1037000 57.8799
1038000 57.8677
1039000 57.8727
1040000 57.8705
1041000 57.8765
1042000 57.8769
1043000 57.8817
1044000 57.8763
1045000 57.8697
1046000 57.8708
1047000 57.8745
1048000 57.8707
1049000 57.872
1050000 57.8696
1051000 57.8613
1052000 57.8622
1053000 57.8568
1054000 57.8564
1055000 57.8605
1056000 57.8677
1057000 57.8647
1058000 57.8632
1059000 57.8585
1060000 57.8682
1061000 57.8779
1062000 57.8798
1063000 57.873
1064000 57.8861
1065000 57.8815
1066000 57.8838
1067000 57.8844
1068000 57.884
1069000 57.8905
1070000 57.8925
1071000 57.8897
1072000 57.8883
1073000 57.8808
1074000 57.8859
1075000 57.8845
1076000 57.8747
1077000 57.8715
1078000 57.8707
1079000 57.8717
1080000 57.876
1081000 57.8733
1082000 57.8743
1083000 57.8668
1084000 57.8683
1085000 57.8607
1086000 57.8598
1087000 57.8656
1088000 57.8706
1089000 57.8709
1090000 57.8721
1091000 57.878
1092000 57.8803
1093000 57.8751
1094000 57.8724
1095000 57.8726
1096000 57.869
1097000 57.8676
1098000 57.8704
1099000 57.8631
1100000 57.8612
1101000 57.8637
1102000 57.8641
1103000 57.8594
1104000 57.853
1105000 57.8557
1106000 57.8574
1107000 57.8541
1108000 57.8551
1109000 57.8519
1110000 57.8432
1111000 57.8453
1112000 57.8515
1113000 57.8514
1114000 57.8507
1115000 57.854
1116000 57.8609
1117000 57.8639
1118000 57.862
1119000 57.8668
1120000 57.8684
1121000 57.8691
1122000 57.8539
1123000 57.8555
1124000 57.8542
1125000 57.8557
1126000 57.8562
1127000 57.8543
1128000 57.8541
1129000 57.8486
1130000 57.8487
1131000 57.8457
1132000 57.8494
1133000 57.8462
1134000 57.8484
1135000 57.8591
1136000 57.8556
1137000 57.8469
1138000 57.8485
1139000 57.8537
1140000 57.8568
1141000 57.8494
1142000 57.8384
1143000 57.8405
1144000 57.8408
1145000 57.8306
1146000 57.8344
1147000 57.8294
1148000 57.8336
1149000 57.8289
1150000 57.8298
1151000 57.8232
1152000 57.8301
1153000 57.8339
1154000 57.8425
1155000 57.8466
1156000 57.8494
1157000 57.8444
1158000 57.8431
1159000 57.8577
1160000 57.8584
1161000 57.8513
1162000 57.854
1163000 57.8516
1164000 57.8517
1165000 57.8475
1166000 57.8509
1167000 57.846
1168000 57.8434
1169000 57.8492
1170000 57.8508
1171000 57.8565
1172000 57.8568
1173000 57.859
1174000 57.8664
1175000 57.8627
1176000 57.8646
1177000 57.8655
1178000 57.8728
1179000 57.8735
1180000 57.8764
1181000 57.8685
1182000 57.8629
1183000 57.8589
1184000 57.8538
1185000 57.8602
1186000 57.8531
1187000 57.8547
1188000 57.8621
1189000 57.8592
1190000 57.8613
1191000 57.8647
1192000 57.8634
1193000 57.8477
1194000 57.8507
1195000 57.8577
1196000 57.8555
1197000 57.8554
1198000 57.8533
1199000 57.8482
1200000 57.8435
1201000 57.8463
1202000 57.848
1203000 57.8475
1204000 57.8555
1205000 57.845
1206000 57.8404
1207000 57.8345
1208000 57.8365
1209000 57.8422
1210000 57.849
1211000 57.8599
1212000 57.8538
1213000 57.8541
1214000 57.8528
1215000 57.855
1216000 57.8438
1217000 57.8459
1218000 57.8396
1219000 57.8382
1220000 57.8411
1221000 57.8396
1222000 57.8393
1223000 57.8322
1224000 57.8401
1225000 57.8368
1226000 57.8334
1227000 57.8333
1228000 57.8339
1229000 57.8331
1230000 57.8372
1231000 57.8414
1232000 57.8327
1233000 57.8314
1234000 57.8382
1235000 57.8361
1236000 57.8318
1237000 57.8365
1238000 57.8339
1239000 57.8331
1240000 57.8306
1241000 57.8248
1242000 57.8283
1243000 57.8119
1244000 57.807
1245000 57.8044
1246000 57.8112
1247000 57.8151
1248000 57.8121
1249000 57.8132
1250000 57.8067
1251000 57.8053
1252000 57.8102
1253000 57.819
1254000 57.8237
1255000 57.816
1256000 57.8217
1257000 57.8204
1258000 57.8173
1259000 57.8173
1260000 57.8074
1261000 57.8143
1262000 57.8104
1263000 57.809
1264000 57.8068
1265000 57.8067
1266000 57.8019
1267000 57.794
1268000 57.7883
1269000 57.7866
1270000 57.7904
1271000 57.7904
1272000 57.7866
1273000 57.7819
1274000 57.7831
1275000 57.7862
1276000 57.7808
1277000 57.7836
1278000 57.7793
1279000 57.7757
1280000 57.7752
1281000 57.7713
1282000 57.7675
1283000 57.771
1284000 57.7677
1285000 57.7661
1286000 57.7678
1287000 57.7688
1288000 57.7711
1289000 57.7609
1290000 57.7604
1291000 57.7701
1292000 57.7683
1293000 57.7712
1294000 57.7564
1295000 57.7539
1296000 57.7483
1297000 57.7447
1298000 57.7441
1299000 57.7389
1300000 57.7405
1301000 57.7434
1302000 57.7448
1303000 57.7401
1304000 57.7371
1305000 57.7307
1306000 57.7258
1307000 57.724
1308000 57.724
1309000 57.7247
1310000 57.7215
1311000 57.7218
1312000 57.7241
1313000 57.7208
1314000 57.7206
1315000 57.7218
1316000 57.7229
1317000 57.7215
1318000 57.7257
1319000 57.7268
1320000 57.7298
1321000 57.7346
1322000 57.7333
1323000 57.7333
1324000 57.7334
1325000 57.7312
1326000 57.7313
1327000 57.7273
1328000 57.7298
1329000 57.727
1330000 57.7256
1331000 57.729
1332000 57.733
1333000 57.7244
1334000 57.7201
1335000 57.7172
1336000 57.7144
1337000 57.7131
1338000 57.7103
1339000 57.7038
1340000 57.7051
1341000 57.7082
1342000 57.7025
1343000 57.7056
1344000 57.7064
1345000 57.703
1346000 57.7027
1347000 57.6968
1348000 57.6978
1349000 57.6927
1350000 57.6921
1351000 57.6963
1352000 57.7007
1353000 57.6982
1354000 57.6952
1355000 57.6942
1356000 57.6902
1357000 57.6867
1358000 57.6902
1359000 57.6881
1360000 57.6827
1361000 57.6776
1362000 57.6745
1363000 57.6821
1364000 57.6904
1365000 57.6957
1366000 57.6941
1367000 57.6924
1368000 57.6944
1369000 57.701
1370000 57.7
1371000 57.7018
1372000 57.7041
1373000 57.7076
1374000 57.7089
1375000 57.7109
1376000 57.7127
1377000 57.7143
1378000 57.7189
1379000 57.72
1380000 57.7139
1381000 57.7132
1382000 57.7141
1383000 57.7124
1384000 57.7066
1385000 57.7067
1386000 57.6977
1387000 57.7057
1388000 57.7094
1389000 57.7075
1390000 57.7135
1391000 57.7088
1392000 57.7041
1393000 57.7081
1394000 57.7045
1395000 57.6979
1396000 57.6947
1397000 57.698
1398000 57.6939
1399000 57.6898
1400000 57.6894
1401000 57.6953
1402000 57.7043
1403000 57.6992
1404000 57.6979
1405000 57.6937
1406000 57.6958
1407000 57.6988
1408000 57.7078
1409000 57.7036
1410000 57.7061
1411000 57.7055
1412000 57.7021
1413000 57.7019
1414000 57.7002
1415000 57.6967
1416000 57.6933
1417000 57.6944
1418000 57.7021
1419000 57.7024
1420000 57.7014
1421000 57.7003
1422000 57.6984
1423000 57.6995
1424000 57.7021
1425000 57.6972
1426000 57.6924
1427000 57.6894
1428000 57.6838
1429000 57.6825
1430000 57.6827
1431000 57.6817
1432000 57.682
1433000 57.6852
1434000 57.689
1435000 57.6877
1436000 57.6848
1437000 57.676
1438000 57.6765
1439000 57.6681
1440000 57.6713
1441000 57.672
1442000 57.67
1443000 57.679
1444000 57.678
1445000 57.6849
1446000 57.6853
1447000 57.6846
1448000 57.6835
1449000 57.6885
1450000 57.6868
1451000 57.6872
1452000 57.6865
1453000 57.6893
1454000 57.6875
1455000 57.6829
1456000 57.6754
1457000 57.6804
1458000 57.6821
1459000 57.6826
1460000 57.6888
1461000 57.6882
1462000 57.6821
1463000 57.6782
1464000 57.6791
1465000 57.6805
1466000 57.6789
1467000 57.6778
1468000 57.6814
1469000 57.6849
1470000 57.6808
1471000 57.6841
1472000 57.6848
1473000 57.6893
1474000 57.6881
1475000 57.6925
1476000 57.6952
1477000 57.6903
1478000 57.696
1479000 57.6945
1480000 57.6948
1481000 57.6895
1482000 57.6818
1483000 57.6819
1484000 57.6801
1485000 57.6833
1486000 57.6815
1487000 57.6798
1488000 57.6841
1489000 57.6826
1490000 57.6819
1491000 57.6769
1492000 57.6765
1493000 57.674
1494000 57.6789
1495000 57.6835
1496000 57.6867
1497000 57.6916
1498000 57.6836
1499000 57.6811
1500000 57.674
1501000 57.6738
1502000 57.6726
1503000 57.6749
1504000 57.6761
1505000 57.6809
1506000 57.6787
1507000 57.6737
1508000 57.6818
1509000 57.6888
1510000 57.682
1511000 57.6799
1512000 57.6767
1513000 57.6811
1514000 57.6784
1515000 57.6789
1516000 57.6801
1517000 57.6824
1518000 57.6805
1519000 57.6834
1520000 57.6888
1521000 57.6894
1522000 57.6866
1523000 57.6808
1524000 57.6786
1525000 57.6772
1526000 57.6781
1527000 57.6746
1528000 57.674
1529000 57.667
1530000 57.6684
1531000 57.67
1532000 57.6611
1533000 57.665
1534000 57.6663
1535000 57.6647
1536000 57.6637
1537000 57.6605
1538000 57.6623
1539000 57.6595
1540000 57.6598
1541000 57.6618
1542000 57.6605
1543000 57.6575
1544000 57.6635
1545000 57.6634
1546000 57.6644
1547000 57.6653
1548000 57.6594
1549000 57.6628
1550000 57.6568
1551000 57.6565
1552000 57.6608
1553000 57.6614
1554000 57.6581
1555000 57.6599
1556000 57.6543
1557000 57.6484
1558000 57.6493
1559000 57.6528
1560000 57.6566
1561000 57.6519
1562000 57.6589
1563000 57.6539
1564000 57.6569
1565000 57.6499
1566000 57.6526
1567000 57.6507
1568000 57.6561
1569000 57.6585
1570000 57.6645
1571000 57.6632
1572000 57.6641
1573000 57.6646
1574000 57.6575
1575000 57.6536
1576000 57.6558
1577000 57.6552
1578000 57.6601
1579000 57.6561
1580000 57.6593
1581000 57.6565
1582000 57.662
1583000 57.654
1584000 57.648
1585000 57.6525
1586000 57.6545
1587000 57.6566
1588000 57.6569
1589000 57.6588
1590000 57.6584
1591000 57.6517
1592000 57.6494
1593000 57.6489
1594000 57.6475
1595000 57.6509
1596000 57.648
1597000 57.6435
1598000 57.6465
1599000 57.6494
1600000 57.651
1601000 57.646
1602000 57.6461
1603000 57.6428
1604000 57.6367
1605000 57.6398
1606000 57.6443
1607000 57.6456
1608000 57.6427
1609000 57.6485
1610000 57.6468
1611000 57.6553
1612000 57.6534
1613000 57.6568
1614000 57.6529
1615000 57.6527
1616000 57.6541
1617000 57.6564
1618000 57.6518
1619000 57.6527
1620000 57.6487
1621000 57.6451
1622000 57.6473
1623000 57.6477
1624000 57.6521
1625000 57.6529
1626000 57.6514
1627000 57.6528
1628000 57.6485
1629000 57.6527
1630000 57.6509
1631000 57.6483
1632000 57.6475
1633000 57.6449
1634000 57.6456
1635000 57.6506
1636000 57.6498
1637000 57.6469
1638000 57.6446
1639000 57.6426
1640000 57.6431
1641000 57.6451
1642000 57.6471
1643000 57.6429
1644000 57.6479
1645000 57.6477
1646000 57.6489
1647000 57.6485
1648000 57.655
1649000 57.6602
1650000 57.6593
1651000 57.6586
1652000 57.6634
1653000 57.6625
1654000 57.6575
1655000 57.6614
1656000 57.6557
1657000 57.6579
1658000 57.656
1659000 57.6535
1660000 57.6563
1661000 57.6574
1662000 57.654
1663000 57.6544
1664000 57.6625
1665000 57.6639
1666000 57.6674
1667000 57.6633
1668000 57.6663
1669000 57.6623
1670000 57.6657
1671000 57.6635
1672000 57.6639
1673000 57.6612
1674000 57.6655
1675000 57.6583
1676000 57.6595
1677000 57.6605
1678000 57.6611
1679000 57.6595
1680000 57.6605
1681000 57.6652
1682000 57.6673
1683000 57.6706
1684000 57.6702
1685000 57.6667
1686000 57.666
1687000 57.6643
1688000 57.6674
1689000 57.6669
1690000 57.6681
1691000 57.6672
1692000 57.6715
1693000 57.6704
1694000 57.6742
1695000 57.6757
1696000 57.6726
1697000 57.6747
1698000 57.6727
1699000 57.6748
1700000 57.6771
1701000 57.6763
1702000 57.6796
1703000 57.682
1704000 57.684
1705000 57.6881
1706000 57.6928
1707000 57.6976
1708000 57.6948
1709000 57.694
1710000 57.692
1711000 57.6924
1712000 57.6924
1713000 57.6908
1714000 57.6866
1715000 57.6835
1716000 57.6834
1717000 57.6798
1718000 57.6767
1719000 57.6814
1720000 57.6778
1721000 57.6734
1722000 57.6753
1723000 57.6782
1724000 57.676
1725000 57.6782
1726000 57.6743
1727000 57.6787
1728000 57.6765
1729000 57.6777
1730000 57.6803
1731000 57.6739
1732000 57.6783
1733000 57.6878
1734000 57.6808
1735000 57.6825
1736000 57.6854
1737000 57.6835
1738000 57.6839
1739000 57.6824
1740000 57.6789
1741000 57.6749
1742000 57.6721
1743000 57.6737
1744000 57.6766
1745000 57.6762
1746000 57.6789
1747000 57.676
1748000 57.6749
1749000 57.6678
1750000 57.6653
1751000 57.6607
1752000 57.665
1753000 57.6663
1754000 57.6591
1755000 57.6594
1756000 57.6573
1757000 57.6595
1758000 57.6625
1759000 57.6637
1760000 57.6677
1761000 57.6642
1762000 57.6637
1763000 57.6576
1764000 57.654
1765000 57.6522
1766000 57.6545
1767000 57.6541
1768000 57.6561
1769000 57.6605
1770000 57.6604
1771000 57.6601
1772000 57.657
1773000 57.6541
1774000 57.6578
1775000 57.6571
1776000 57.6557
1777000 57.6594
1778000 57.6638
1779000 57.6679
1780000 57.6686
1781000 57.6684
1782000 57.6712
1783000 57.6705
1784000 57.6704
1785000 57.673
1786000 57.6742
1787000 57.6814
1788000 57.6777
1789000 57.6803
1790000 57.6737
1791000 57.6705
1792000 57.6732
1793000 57.6717
1794000 57.6708
1795000 57.6695
1796000 57.6728
1797000 57.671
1798000 57.6755
1799000 57.6762
1800000 57.6808
1801000 57.677
1802000 57.6812
1803000 57.6805
1804000 57.6798
1805000 57.6793
1806000 57.6793
1807000 57.679
1808000 57.6842
1809000 57.6821
1810000 57.6808
1811000 57.6796
1812000 57.6777
1813000 57.6816
1814000 57.6801
1815000 57.6794
1816000 57.6796
1817000 57.6844
1818000 57.685
1819000 57.6863
1820000 57.6858
1821000 57.6847
1822000 57.6889
1823000 57.689
1824000 57.6888
1825000 57.6934
1826000 57.6883
1827000 57.693
1828000 57.6947
1829000 57.6944
1830000 57.6975
1831000 57.6991
1832000 57.6997
1833000 57.7011
1834000 57.6992
1835000 57.7021
1836000 57.7011
1837000 57.6985
1838000 57.6916
1839000 57.6925
1840000 57.6896
1841000 57.6868
1842000 57.6834
1843000 57.6864
1844000 57.6863
1845000 57.6856
1846000 57.6819
1847000 57.6858
1848000 57.6907
1849000 57.6869
1850000 57.6868
1851000 57.6858
1852000 57.6877
1853000 57.6915
1854000 57.6887
1855000 57.6878
1856000 57.6851
1857000 57.6853
1858000 57.6835
1859000 57.6857
1860000 57.6865
1861000 57.6881
1862000 57.6857
1863000 57.6806
1864000 57.6806
1865000 57.6866
1866000 57.6872
1867000 57.6924
1868000 57.6952
1869000 57.6968
1870000 57.6936
1871000 57.6911
1872000 57.6936
1873000 57.6943
1874000 57.6912
1875000 57.6898
1876000 57.689
1877000 57.6875
1878000 57.6908
1879000 57.6939
1880000 57.696
1881000 57.6957
1882000 57.6997
1883000 57.6968
1884000 57.6969
1885000 57.6955
1886000 57.6962
1887000 57.6958
1888000 57.6968
1889000 57.698
1890000 57.698
1891000 57.698
1892000 57.7018
1893000 57.7046
1894000 57.7038
1895000 57.6995
1896000 57.6952
1897000 57.6919
1898000 57.6971
1899000 57.6876
1900000 57.687
1901000 57.6877
1902000 57.6894
1903000 57.6871
1904000 57.6877
1905000 57.6939
1906000 57.6979
1907000 57.704
1908000 57.7055
1909000 57.7045
1910000 57.7023
1911000 57.698
1912000 57.6952
1913000 57.6963
1914000 57.6927
1915000 57.6955
1916000 57.6902
1917000 57.6861
1918000 57.6868
1919000 57.693
1920000 57.6921
1921000 57.6929
1922000 57.6943
1923000 57.6911
1924000 57.6965
1925000 57.6991
1926000 57.6964
1927000 57.6931
1928000 57.6884
1929000 57.6913
1930000 57.6937
1931000 57.6926
1932000 57.692
1933000 57.6908
1934000 57.6909
1935000 57.6904
1936000 57.6919
1937000 57.6895
1938000 57.692
1939000 57.6965
1940000 57.6973
1941000 57.6943
1942000 57.6919
1943000 57.6918
1944000 57.6957
1945000 57.6933
1946000 57.6945
1947000 57.6951
1948000 57.6988
1949000 57.6957
1950000 57.6935
1951000 57.6924
1952000 57.6893
1953000 57.6879
1954000 57.6851
1955000 57.688
1956000 57.6896
1957000 57.6934
1958000 57.6909
1959000 57.6914
1960000 57.687
1961000 57.6872
1962000 57.6895
1963000 57.6919
1964000 57.6874
1965000 57.6876
1966000 57.6862
1967000 57.6846
1968000 57.6878
1969000 57.6864
1970000 57.6845
1971000 57.688
1972000 57.6892
1973000 57.6919
1974000 57.6896
1975000 57.6873
1976000 57.6877
1977000 57.6887
1978000 57.6906
1979000 57.6905
1980000 57.6942
1981000 57.6948
1982000 57.6924
1983000 57.6914
1984000 57.6901
1985000 57.6877
1986000 57.6797
1987000 57.6782
1988000 57.6782
1989000 57.6806
1990000 57.6829
1991000 57.681
1992000 57.6811
1993000 57.6808
1994000 57.6811
1995000 57.6811
1996000 57.677
1997000 57.6717
1998000 57.6713
1999000 57.671
2000000 57.6701
2001000 57.6704
2002000 57.6713
2003000 57.6724
2004000 57.6701
2005000 57.6727
2006000 57.6671
2007000 57.6614
2008000 57.6551
2009000 57.6552
2010000 57.6467
2011000 57.6475
2012000 57.646
2013000 57.6516
2014000 57.6594
2015000 57.656
2016000 57.655
2017000 57.6605
2018000 57.6564
2019000 57.6564
2020000 57.6527
2021000 57.6508
2022000 57.653
2023000 57.6552
2024000 57.6539
2025000 57.6545
2026000 57.6554
2027000 57.652
2028000 57.6532
2029000 57.6527
2030000 57.6465
2031000 57.6462
2032000 57.6492
2033000 57.6515
2034000 57.6561
2035000 57.6548
2036000 57.6541
2037000 57.6498
2038000 57.6538
2039000 57.6532
2040000 57.6507
2041000 57.6492
2042000 57.6501
2043000 57.652
2044000 57.6545
2045000 57.6599
2046000 57.6601
2047000 57.6629
2048000 57.6678
2049000 57.6667
2050000 57.6669
2051000 57.6667
2052000 57.6679
2053000 57.6674
2054000 57.6669
2055000 57.6629
2056000 57.6623
2057000 57.6587
2058000 57.6636
2059000 57.6681
2060000 57.6689
2061000 57.6698
2062000 57.6725
2063000 57.6729
2064000 57.6761
2065000 57.6776
2066000 57.6741
2067000 57.6767
2068000 57.6788
2069000 57.6807
2070000 57.6858
2071000 57.6877
2072000 57.6879
2073000 57.6875
2074000 57.6842
2075000 57.6862
2076000 57.6907
2077000 57.6921
2078000 57.6881
2079000 57.6897
2080000 57.6882
2081000 57.6935
2082000 57.6917
2083000 57.6942
2084000 57.6941
2085000 57.6966
2086000 57.6984
2087000 57.697
2088000 57.6985
2089000 57.7023
2090000 57.7057
2091000 57.7084
2092000 57.7064
2093000 57.7034
2094000 57.6963
2095000 57.6945
2096000 57.6951
2097000 57.6943
2098000 57.6912
2099000 57.6902
2100000 57.6923
2101000 57.6884
2102000 57.6885
2103000 57.6876
2104000 57.6834
2105000 57.6862
2106000 57.684
2107000 57.6835
2108000 57.6829
2109000 57.6811
2110000 57.6806
2111000 57.6782
2112000 57.6763
2113000 57.678
2114000 57.6786
2115000 57.6764
2116000 57.6801
2117000 57.6814
2118000 57.6838
2119000 57.6842
2120000 57.6843
2121000 57.6883
2122000 57.6876
2123000 57.685
2124000 57.6861
2125000 57.6896
2126000 57.6943
2127000 57.6926
2128000 57.6938
2129000 57.6931
2130000 57.6956
2131000 57.693
2132000 57.691
2133000 57.6902
2134000 57.6865
2135000 57.6919
2136000 57.6946
2137000 57.6949
2138000 57.6989
2139000 57.6984
2140000 57.697
2141000 57.6933
2142000 57.6942
2143000 57.6939
2144000 57.6946
2145000 57.6965
2146000 57.6974
2147000 57.6959
2148000 57.6963
2149000 57.6926
2150000 57.6931
2151000 57.6969
2152000 57.6984
2153000 57.6988
2154000 57.6994
2155000 57.6964
2156000 57.6997
2157000 57.7001
2158000 57.6985
2159000 57.7004
2160000 57.6975
2161000 57.693
2162000 57.6916
2163000 57.6953
2164000 57.6948
2165000 57.695
2166000 57.6942
2167000 57.6912
2168000 57.6941
2169000 57.695
2170000 57.6957
2171000 57.6926
2172000 57.6896
2173000 57.6893
2174000 57.6893
2175000 57.6893
2176000 57.6857
2177000 57.6893
2178000 57.6893
2179000 57.6916
2180000 57.6907
2181000 57.6925
2182000 57.6964
2183000 57.6996
2184000 57.6989
2185000 57.7021
2186000 57.701
2187000 57.7011
2188000 57.6991
2189000 57.6995
2190000 57.6946
2191000 57.694
2192000 57.6947
2193000 57.6925
2194000 57.6906
2195000 57.689
2196000 57.6899
2197000 57.6914
2198000 57.6943
2199000 57.694
2200000 57.6952
2201000 57.6924
