# Time-averaged data for fix energyrun
# TimeStep v_U
202000 44.1754
203000 44.2466
204000 44.1356
205000 44.0991
206000 44.1042
207000 44.0876
208000 44.071
209000 44.0687
210000 44.0047
211000 43.9806
212000 43.9799
213000 43.9814
214000 43.9832
215000 43.9734
216000 43.9661
217000 43.9744
218000 43.9629
219000 43.9419
220000 43.9272
221000 43.933
222000 43.9361
223000 43.9419
224000 43.9263
225000 43.92
226000 43.9178
227000 43.9123
228000 43.9123
229000 43.92
230000 43.9262
231000 43.9377
232000 43.934
233000 43.9339
234000 43.9476
235000 43.9419
236000 43.9429
237000 43.9481
238000 43.9423
239000 43.9393
240000 43.9382
241000 43.939
242000 43.9369
243000 43.9382
244000 43.9368
245000 43.944
246000 43.9412
247000 43.9363
248000 43.9387
249000 43.9402
250000 43.9333
251000 43.9294
252000 43.924
253000 43.9247
254000 43.9279
255000 43.9267
256000 43.9297
257000 43.9322
258000 43.932
259000 43.9308
260000 43.9266
261000 43.9295
262000 43.9261
263000 43.9257
264000 43.9287
265000 43.9272
266000 43.9243
267000 43.9293
268000 43.9292
269000 43.9281
270000 43.9305
271000 43.9275
272000 43.9314
273000 43.9351
274000 43.9334
275000 43.9342
276000 43.9338
277000 43.9336
278000 43.9355
279000 43.9343
280000 43.9371
281000 43.9434
282000 43.9456
283000 43.9434
284000 43.9413
285000 43.9427
286000 43.9426
287000 43.9427
288000 43.9472
289000 43.9486
290000 43.9512
291000 43.9489
292000 43.9527
293000 43.951
294000 43.9527
295000 43.9486
296000 43.9494
297000 43.9491
298000 43.9501
299000 43.9489
300000 43.9501
301000 43.9522
302000 43.9532
303000 43.9579
304000 43.9584
305000 43.9569
306000 43.9551
307000 43.9505
308000 43.9534
309000 43.9542
310000 43.9535
311000 43.9506
312000 43.9535
313000 43.9519
314000 43.954
315000 43.9545
316000 43.9547
317000 43.9554
318000 43.9534
319000 43.9511
320000 43.9508
321000 43.9502
322000 43.9482
323000 43.949
324000 43.9503
325000 43.9492
326000 43.9507
327000 43.9517
328000 43.95
329000 43.9518
330000 43.9543
331000 43.9536
332000 43.9522
333000 43.9553
334000 43.9533
335000 43.9536
336000 43.9516
337000 43.9537
338000 43.9501
339000 43.9502
340000 43.9496
341000 43.9505
342000 43.9473
343000 43.9483
344000 43.9467
345000 43.9487
346000 43.9512
347000 43.9511
348000 43.9497
349000 43.9503
350000 43.9501
351000 43.9528
352000 43.9526
353000 43.9543
354000 43.9548
355000 43.9525
356000 43.9533
357000 43.9537
358000 43.9535
359000 43.9531
360000 43.9545
361000 43.9527
362000 43.9525
363000 43.9511
364000 43.9501
365000 43.9511
366000 43.9516
367000 43.9507
368000 43.9505
369000 43.9493
370000 43.9491
371000 43.9498
372000 43.9504
373000 43.9502
374000 43.95
375000 43.9505
376000 43.9501
377000 43.9492
378000 43.95
379000 43.949
380000 43.947
381000 43.9482
382000 43.9482
383000 43.9473
384000 43.9494
385000 43.9497
386000 43.9501
387000 43.9503
388000 43.952
389000 43.9528
390000 43.9532
391000 43.9527
392000 43.9546
393000 43.9552
394000 43.9556
395000 43.955
396000 43.9536
397000 43.9551
398000 43.9548
399000 43.9552
400000 43.954
401000 43.9534
402000 43.9527
403000 43.9547
404000 43.9554
405000 43.9535
406000 43.9539
407000 43.9525
408000 43.9534
409000 43.9543
410000 43.9548
411000 43.9546
412000 43.9541
413000 43.9555
414000 43.9554
415000 43.9555
416000 43.9548
417000 43.9542
418000 43.9549
419000 43.9555
420000 43.9546
421000 43.9551
422000 43.9549
423000 43.9562
424000 43.9549
425000 43.9544
426000 43.9545
427000 43.9553
428000 43.9537
429000 43.9549
430000 43.9542
431000 43.9552
432000 43.9556
433000 43.9541
434000 43.9539
435000 43.9558
436000 43.9559
437000 43.9552
438000 43.9557
439000 43.9567
440000 43.9564
441000 43.9553
442000 43.9547
443000 43.9552
444000 43.9551
445000 43.9559
446000 43.9558
447000 43.9559
448000 43.9554
449000 43.9568
450000 43.9567
451000 43.9562
452000 43.9565
453000 43.9564
454000 43.9575
455000 43.9571
456000 43.9563
457000 43.9576
458000 43.9579
459000 43.9582
460000 43.9596
461000 43.9584
462000 43.9587
463000 43.9592
464000 43.9587
465000 43.9589
466000 43.9583
467000 43.9587
468000 43.9587
469000 43.9597
470000 43.9594
471000 43.9603
472000 43.9602
473000 43.9599
474000 43.9604
475000 43.9601
476000 43.9609
477000 43.9607
478000 43.9614
479000 43.9612
480000 43.9615
481000 43.9601
482000 43.9606
483000 43.9598
484000 43.9607
485000 43.9614
486000 43.9613
487000 43.9603
488000 43.9596
489000 43.9597
490000 43.9595
491000 43.9592
492000 43.9595
493000 43.9585
494000 43.9585
495000 43.9582
496000 43.9583
497000 43.9587
498000 43.9585
499000 43.9594
500000 43.9588
501000 43.9595
502000 43.9598
503000 43.9594
504000 43.9593
505000 43.9594
506000 43.9597
507000 43.9597
508000 43.9598
509000 43.9601
510000 43.959
511000 43.9598
512000 43.9593
513000 43.9601
514000 43.9595
515000 43.9591
516000 43.959
517000 43.9593
518000 43.9595
519000 43.9589
520000 43.9583
521000 43.9582
522000 43.9582
523000 43.9575
524000 43.957
525000 43.957
526000 43.9566
527000 43.9562
528000 43.9573
529000 43.9562
530000 43.9552
531000 43.9561
532000 43.9554
533000 43.9552
534000 43.955
535000 43.9541
536000 43.9546
537000 43.9545
538000 43.9554
539000 43.9552
540000 43.9553
541000 43.9546
542000 43.9543
543000 43.9551
544000 43.9544
545000 43.9551
546000 43.954
547000 43.9547
548000 43.9554
549000 43.9563
550000 43.9562
551000 43.957
552000 43.956
553000 43.9554
554000 43.9555
555000 43.9558
556000 43.9553
557000 43.956
558000 43.9564
559000 43.9553
560000 43.9557
561000 43.9559
562000 43.9557
563000 43.9567
564000 43.9561
565000 43.9563
566000 43.9569
567000 43.9567
568000 43.9569
569000 43.9569
570000 43.9582
571000 43.9579
572000 43.9578
573000 43.9587
574000 43.9586
575000 43.9585
576000 43.9576
577000 43.9576
578000 43.9579
579000 43.9579
580000 43.958
581000 43.9579
582000 43.9582
583000 43.9586
584000 43.959
585000 43.9594
586000 43.9594
587000 43.9586
588000 43.9598
589000 43.9597
590000 43.9597
591000 43.9592
592000 43.959
593000 43.9596
594000 43.9586
595000 43.9593
596000 43.9591
597000 43.9582
598000 43.9581
599000 43.9584
600000 43.9587
601000 43.958
602000 43.9584
603000 43.9582
604000 43.9581
605000 43.9579
606000 43.9588
607000 43.9585
608000 43.9583
609000 43.9584
610000 43.9594
611000 43.96
612000 43.9598
613000 43.9601
614000 43.9593
615000 43.9587
616000 43.9588
617000 43.9588
618000 43.958
619000 43.9585
620000 43.9589
621000 43.9593
622000 43.9593
623000 43.9603
624000 43.9606
625000 43.96
626000 43.9591
627000 43.9599
628000 43.9603
629000 43.9601
630000 43.9607
631000 43.9603
632000 43.961
633000 43.9613
634000 43.9612
635000 43.9611
636000 43.9605
637000 43.9611
638000 43.9604
639000 43.9606
640000 43.9597
641000 43.9593
642000 43.9592
643000 43.9596
644000 43.9597
645000 43.96
646000 43.9593
647000 43.9585
648000 43.9586
649000 43.9588
650000 43.9585
651000 43.9588
652000 43.9578
653000 43.9585
654000 43.9582
655000 43.9579
656000 43.958
657000 43.9588
658000 43.9583
659000 43.9585
660000 43.9584
661000 43.9583
662000 43.9577
663000 43.9583
664000 43.9579
665000 43.9579
666000 43.9581
667000 43.9584
668000 43.9588
669000 43.9582
670000 43.9578
671000 43.9584
672000 43.9588
673000 43.9578
674000 43.9583
675000 43.9579
676000 43.9581
677000 43.9579
678000 43.958
679000 43.9587
680000 43.9594
681000 43.959
682000 43.9591
683000 43.9589
684000 43.9591
685000 43.9592
686000 43.9586
687000 43.9593
688000 43.9585
689000 43.9589
690000 43.9588
691000 43.9583
692000 43.9582
693000 43.9581
694000 43.9586
695000 43.9587
696000 43.9587
697000 43.9592
698000 43.9592
699000 43.9594
700000 43.9594
701000 43.9594
702000 43.9586
703000 43.9585
704000 43.9585
705000 43.9584
706000 43.9578
707000 43.9576
708000 43.9579
709000 43.9584
710000 43.9586
711000 43.9589
712000 43.959
713000 43.9584
714000 43.9585
715000 43.9587
716000 43.9591
717000 43.9587
718000 43.9592
719000 43.9596
720000 43.9594
721000 43.9595
722000 43.9589
723000 43.9585
724000 43.9581
725000 43.9585
726000 43.9585
727000 43.9588
728000 43.9587
729000 43.9591
730000 43.959
731000 43.9588
732000 43.9591
733000 43.9594
734000 43.9594
735000 43.9602
736000 43.9601
737000 43.9599
738000 43.9601
739000 43.9595
740000 43.9598
741000 43.9597
742000 43.9596
743000 43.96
744000 43.9598
745000 43.9597
746000 43.9604
747000 43.9598
748000 43.9602
749000 43.9596
750000 43.9593
751000 43.9597
752000 43.9591
753000 43.9593
754000 43.9596
755000 43.9597
756000 43.9599
757000 43.9594
758000 43.9599
759000 43.9597
760000 43.9602
761000 43.9598
762000 43.9594
763000 43.9591
764000 43.9588
765000 43.9585
766000 43.9579
767000 43.9578
768000 43.9574
769000 43.9575
770000 43.9574
771000 43.9573
772000 43.9573
773000 43.958
774000 43.9582
775000 43.958
776000 43.9581
777000 43.958
778000 43.9586
779000 43.9589
780000 43.9592
781000 43.9591
782000 43.9592
783000 43.9598
784000 43.9599
785000 43.9596
786000 43.96
787000 43.96
788000 43.9598
789000 43.96
790000 43.9599
791000 43.9597
792000 43.9603
793000 43.9604
794000 43.9606
795000 43.9605
796000 43.9604
797000 43.9601
798000 43.9602
799000 43.9597
800000 43.9597
801000 43.9598
802000 43.9601
803000 43.9605
804000 43.9604
805000 43.9605
806000 43.9603
807000 43.9601
808000 43.9602
809000 43.9608
810000 43.9604
811000 43.9606
812000 43.9605
813000 43.9607
814000 43.9609
815000 43.9605
816000 43.9605
817000 43.9601
818000 43.9605
819000 43.9608
820000 43.961
821000 43.9611
822000 43.9612
823000 43.9609
824000 43.961
825000 43.9607
826000 43.9611
827000 43.9614
828000 43.9608
829000 43.961
830000 43.9608
831000 43.961
832000 43.9615
833000 43.962
834000 43.9625
835000 43.9625
836000 43.9628
837000 43.9628
838000 43.9624
839000 43.9629
840000 43.9628
841000 43.9631
842000 43.9631
843000 43.9628
844000 43.9629
845000 43.9629
846000 43.963
847000 43.9633
848000 43.9632
849000 43.9632
850000 43.9628
851000 43.9632
852000 43.9627
853000 43.9623
854000 43.9625
855000 43.9621
856000 43.9622
857000 43.9626
858000 43.9623
859000 43.962
860000 43.962
861000 43.9619
862000 43.9622
863000 43.9622
864000 43.962
865000 43.9622
866000 43.9625
867000 43.9625
868000 43.9627
869000 43.9626
870000 43.963
871000 43.9625
872000 43.9623
873000 43.962
874000 43.9617
875000 43.9619
876000 43.9618
877000 43.962
878000 43.9621
879000 43.962
880000 43.9625
881000 43.9626
882000 43.9626
883000 43.9631
884000 43.963
885000 43.9633
886000 43.9634
887000 43.964
888000 43.9638
889000 43.9638
890000 43.9637
891000 43.9632
892000 43.9634
893000 43.9635
894000 43.9634
895000 43.9637
896000 43.9643
897000 43.9641
898000 43.9642
899000 43.9644
900000 43.9644
901000 43.9642
902000 43.9643
903000 43.964
904000 43.9645
905000 43.9646
906000 43.9644
907000 43.9641
908000 43.9637
909000 43.964
910000 43.964
911000 43.964
912000 43.9634
913000 43.9637
914000 43.9638
915000 43.9636
916000 43.9637
917000 43.9635
918000 43.964
919000 43.9636
920000 43.9636
921000 43.9635
922000 43.9635
923000 43.9638
924000 43.9635
925000 43.9638
926000 43.9636
927000 43.9639
928000 43.9637
929000 43.9642
930000 43.9641
931000 43.964
932000 43.9638
933000 43.9639
934000 43.9641
935000 43.9638
936000 43.9639
937000 43.9638
938000 43.9635
939000 43.9636
940000 43.9632
941000 43.9631
942000 43.9631
943000 43.963
944000 43.963
945000 43.9628
946000 43.9625
947000 43.9631
948000 43.9626
949000 43.9624
950000 43.9623
951000 43.9626
952000 43.9622
953000 43.9624
954000 43.9619
955000 43.9619
956000 43.9622
957000 43.9616
958000 43.9617
959000 43.9616
960000 43.9617
961000 43.9613
962000 43.9617
963000 43.9619
964000 43.9619
965000 43.9618
966000 43.962
967000 43.9622
968000 43.9621
969000 43.9625
970000 43.9621
971000 43.9622
972000 43.9628
973000 43.9631
974000 43.9631
975000 43.9632
976000 43.9627
977000 43.9629
978000 43.9626
979000 43.9631
980000 43.963
981000 43.9629
982000 43.9626
983000 43.9627
984000 43.9629
985000 43.9631
986000 43.9632
987000 43.9634
988000 43.963
989000 43.9626
990000 43.9625
991000 43.9627
992000 43.963
993000 43.9633
994000 43.9633
995000 43.9632
996000 43.9633
997000 43.9635
998000 43.9633
999000 43.9634
1000000 43.9631
1001000 43.9631
1002000 43.9632
1003000 43.9628
1004000 43.9627
1005000 43.9626
1006000 43.9622
1007000 43.9621
1008000 43.9617
1009000 43.962
1010000 43.962
1011000 43.9619
1012000 43.9621
1013000 43.9618
1014000 43.962
1015000 43.9617
1016000 43.9619
1017000 43.9618
1018000 43.962
1019000 43.9621
1020000 43.9624
1021000 43.9625
1022000 43.9627
1023000 43.9627
1024000 43.9625
1025000 43.9626
1026000 43.9627
1027000 43.9626
1028000 43.963
1029000 43.9625
1030000 43.9625
1031000 43.9625
1032000 43.9623
1033000 43.9624
1034000 43.962
1035000 43.962
1036000 43.9621
1037000 43.9621
1038000 43.9617
1039000 43.9615
1040000 43.9617
1041000 43.9617
1042000 43.9613
1043000 43.9616
1044000 43.9618
1045000 43.9619
1046000 43.9618
1047000 43.9619
1048000 43.9618
1049000 43.9619
1050000 43.9618
1051000 43.9618
1052000 43.962
1053000 43.9621
1054000 43.9617
1055000 43.9617
1056000 43.9615
1057000 43.9618
1058000 43.9616
1059000 43.9617
1060000 43.9622
1061000 43.9621
1062000 43.9617
1063000 43.9617
1064000 43.9615
1065000 43.9617
1066000 43.9618
1067000 43.9617
1068000 43.9613
1069000 43.9613
1070000 43.9613
1071000 43.9614
1072000 43.9611
1073000 43.9614
1074000 43.9612
1075000 43.9614
1076000 43.961
1077000 43.9613
1078000 43.9613
1079000 43.9611
1080000 43.9612
1081000 43.9614
1082000 43.9611
1083000 43.9611
1084000 43.9612
1085000 43.9614
1086000 43.9614
1087000 43.9614
1088000 43.9615
1089000 43.9613
1090000 43.9616
1091000 43.9614
1092000 43.9619
1093000 43.9621
1094000 43.9621
1095000 43.962
1096000 43.9621
1097000 43.9619
1098000 43.9621
1099000 43.9626
1100000 43.9623
1101000 43.9621
1102000 43.9618
1103000 43.9619
1104000 43.9617
1105000 43.9617
1106000 43.9618
1107000 43.9619
1108000 43.9618
1109000 43.9617
1110000 43.9618
1111000 43.9617
1112000 43.9616
1113000 43.9617
1114000 43.9617
1115000 43.9616
1116000 43.9616
1117000 43.9613
1118000 43.9615
1119000 43.9616
1120000 43.9611
1121000 43.9609
1122000 43.9609
1123000 43.9609
1124000 43.961
1125000 43.9608
1126000 43.9606
1127000 43.9608
1128000 43.9609
1129000 43.9607
1130000 43.9606
1131000 43.9607
1132000 43.9607
1133000 43.961
1134000 43.9609
1135000 43.9607
1136000 43.9609
1137000 43.961
1138000 43.9608
1139000 43.9607
1140000 43.9604
1141000 43.9603
1142000 43.9603
1143000 43.9602
1144000 43.9603
1145000 43.9602
1146000 43.9601
1147000 43.96
1148000 43.9603
1149000 43.9602
1150000 43.9603
1151000 43.9601
1152000 43.9605
1153000 43.9603
1154000 43.9601
1155000 43.9601
1156000 43.9601
1157000 43.9601
1158000 43.96
1159000 43.9602
1160000 43.9603
1161000 43.9603
1162000 43.9603
1163000 43.9602
1164000 43.9602
1165000 43.9604
1166000 43.9606
1167000 43.9608
1168000 43.9608
1169000 43.9608
1170000 43.9608
1171000 43.9605
1172000 43.9607
1173000 43.9604
1174000 43.9605
1175000 43.961
1176000 43.9607
1177000 43.9609
1178000 43.9612
1179000 43.9612
1180000 43.9614
1181000 43.9613
1182000 43.9616
1183000 43.9618
1184000 43.9619
1185000 43.9619
1186000 43.9619
1187000 43.962
1188000 43.962
1189000 43.962
1190000 43.962
1191000 43.9621
1192000 43.9618
1193000 43.9621
1194000 43.9617
1195000 43.9618
1196000 43.9618
1197000 43.9623
1198000 43.9622
1199000 43.9622
1200000 43.9625
1201000 43.9623
1202000 43.9622
1203000 43.9622
1204000 43.9619
1205000 43.9622
1206000 43.9622
1207000 43.9622
1208000 43.9619
1209000 43.9621
1210000 43.962
1211000 43.9621
1212000 43.9618
1213000 43.9621
1214000 43.9621
1215000 43.9619
1216000 43.9622
1217000 43.9618
1218000 43.9618
1219000 43.9618
1220000 43.9616
1221000 43.9615
1222000 43.9615
1223000 43.9616
1224000 43.9616
1225000 43.9616
1226000 43.9614
1227000 43.9613
1228000 43.9614
1229000 43.9612
1230000 43.9608
1231000 43.9611
1232000 43.9612
1233000 43.9616
1234000 43.9616
1235000 43.9621
1236000 43.9623
1237000 43.9622
1238000 43.962
1239000 43.9621
1240000 43.9622
1241000 43.9622
1242000 43.9622
1243000 43.9625
1244000 43.9625
1245000 43.9624
1246000 43.9624
1247000 43.9624
1248000 43.9623
1249000 43.9619
1250000 43.9621
1251000 43.9622
1252000 43.9624
1253000 43.9623
1254000 43.9624
1255000 43.9624
1256000 43.9624
1257000 43.9627
1258000 43.9627
1259000 43.9626
1260000 43.9624
1261000 43.9623
1262000 43.9621
1263000 43.9623
1264000 43.9624
1265000 43.9625
1266000 43.9627
1267000 43.9629
1268000 43.9629
1269000 43.9629
1270000 43.963
1271000 43.9631
1272000 43.9633
1273000 43.9635
1274000 43.9634
1275000 43.9629
1276000 43.9632
1277000 43.9631
1278000 43.9631
1279000 43.9628
1280000 43.9626
1281000 43.9626
1282000 43.9626
1283000 43.963
1284000 43.9629
1285000 43.9629
1286000 43.9631
1287000 43.9632
1288000 43.9632
1289000 43.9631
1290000 43.9632
1291000 43.963
1292000 43.9632
1293000 43.9633
1294000 43.9632
1295000 43.9632
1296000 43.9632
1297000 43.9632
1298000 43.9633
1299000 43.9632
1300000 43.9632
1301000 43.9633
1302000 43.9633
1303000 43.9636
1304000 43.9637
1305000 43.9636
1306000 43.9639
1307000 43.9637
1308000 43.9636
1309000 43.9636
1310000 43.9636
1311000 43.9637
1312000 43.9634
1313000 43.9633
1314000 43.9633
1315000 43.9634
1316000 43.9632
1317000 43.9631
1318000 43.9632
1319000 43.9635
1320000 43.9633
1321000 43.9634
1322000 43.9633
1323000 43.9634
1324000 43.9633
1325000 43.963
1326000 43.9631
1327000 43.9632
1328000 43.9629
1329000 43.9631
1330000 43.9631
1331000 43.963
1332000 43.9631
1333000 43.963
1334000 43.9633
1335000 43.9632
1336000 43.9632
1337000 43.9632
1338000 43.9633
1339000 43.9632
1340000 43.9631
1341000 43.9632
1342000 43.9632
1343000 43.9632
1344000 43.9631
1345000 43.9631
1346000 43.9629
1347000 43.9628
1348000 43.9629
1349000 43.963
1350000 43.9628
1351000 43.9629
1352000 43.963
1353000 43.963
1354000 43.9628
1355000 43.9626
1356000 43.9625
1357000 43.9623
1358000 43.9623
1359000 43.9625
1360000 43.9624
1361000 43.9626
1362000 43.9623
1363000 43.9623
1364000 43.9625
1365000 43.9624
1366000 43.9623
1367000 43.9626
1368000 43.9626
1369000 43.9627
1370000 43.9629
1371000 43.9627
1372000 43.9626
1373000 43.9628
1374000 43.9631
1375000 43.9631
1376000 43.9633
1377000 43.9634
1378000 43.9632
1379000 43.9632
1380000 43.9634
1381000 43.9635
1382000 43.9635
1383000 43.9636
1384000 43.9635
1385000 43.9638
1386000 43.9636
1387000 43.9636
1388000 43.9635
1389000 43.9635
1390000 43.9636
1391000 43.9636
1392000 43.9636
1393000 43.9636
1394000 43.9636
1395000 43.9634
1396000 43.9633
1397000 43.9636
1398000 43.9635
1399000 43.9637
1400000 43.9635
1401000 43.9637
1402000 43.9636
1403000 43.9637
1404000 43.9636
1405000 43.9638
1406000 43.964
1407000 43.9638
1408000 43.9638
1409000 43.9638
1410000 43.9637
1411000 43.9638
1412000 43.964
1413000 43.9638
1414000 43.9638
1415000 43.964
1416000 43.964
1417000 43.9638
1418000 43.9639
1419000 43.9638
1420000 43.964
1421000 43.964
1422000 43.9638
1423000 43.9639
1424000 43.9638
1425000 43.9636
1426000 43.9635
1427000 43.9635
1428000 43.9637
1429000 43.9636
1430000 43.9634
1431000 43.9634
1432000 43.9631
1433000 43.9632
1434000 43.9633
1435000 43.9637
1436000 43.9635
1437000 43.9635
1438000 43.9637
1439000 43.9637
1440000 43.964
1441000 43.964
1442000 43.964
1443000 43.9639
1444000 43.9639
1445000 43.964
1446000 43.9636
1447000 43.9641
1448000 43.9639
1449000 43.9637
1450000 43.9636
1451000 43.9636
1452000 43.9635
1453000 43.9632
1454000 43.9632
1455000 43.9629
1456000 43.9626
1457000 43.9625
1458000 43.9627
1459000 43.9629
1460000 43.9628
1461000 43.963
1462000 43.9628
1463000 43.9629
1464000 43.9627
1465000 43.9626
1466000 43.9625
1467000 43.9623
1468000 43.9625
1469000 43.9622
1470000 43.9624
1471000 43.9621
1472000 43.9622
1473000 43.9623
1474000 43.9625
1475000 43.9623
1476000 43.9622
1477000 43.9622
1478000 43.962
1479000 43.9622
1480000 43.9622
1481000 43.9623
1482000 43.962
1483000 43.9617
1484000 43.9617
1485000 43.962
1486000 43.9622
1487000 43.9623
1488000 43.962
1489000 43.9623
1490000 43.9621
1491000 43.9619
1492000 43.9622
1493000 43.962
1494000 43.962
1495000 43.9622
1496000 43.9622
1497000 43.9622
1498000 43.9621
1499000 43.9621
1500000 43.9624
1501000 43.9625
1502000 43.9623
1503000 43.9624
1504000 43.9623
1505000 43.9625
1506000 43.9622
1507000 43.9622
1508000 43.9624
1509000 43.9622
1510000 43.9621
1511000 43.9621
1512000 43.9621
1513000 43.962
1514000 43.9621
1515000 43.9621
1516000 43.9624
1517000 43.9623
1518000 43.962
1519000 43.9621
1520000 43.962
1521000 43.962
1522000 43.9621
1523000 43.962
1524000 43.9622
1525000 43.9623
1526000 43.9623
1527000 43.9622
1528000 43.9624
1529000 43.9621
1530000 43.9622
1531000 43.9625
1532000 43.9625
1533000 43.9625
1534000 43.9624
1535000 43.9622
1536000 43.9624
1537000 43.9625
1538000 43.9627
1539000 43.9627
1540000 43.9626
1541000 43.9626
1542000 43.9626
1543000 43.9627
1544000 43.9625
1545000 43.9626
1546000 43.9626
1547000 43.9628
1548000 43.9627
1549000 43.9626
1550000 43.9625
1551000 43.9624
1552000 43.9625
1553000 43.9623
1554000 43.9623
1555000 43.9621
1556000 43.9621
1557000 43.962
1558000 43.9624
1559000 43.9625
1560000 43.9627
1561000 43.9626
1562000 43.9629
1563000 43.9628
1564000 43.9629
1565000 43.9625
1566000 43.9626
1567000 43.9624
1568000 43.9622
1569000 43.9622
1570000 43.962
1571000 43.9622
1572000 43.9621
1573000 43.9621
1574000 43.9619
1575000 43.9619
1576000 43.9617
1577000 43.9618
1578000 43.9619
1579000 43.9619
1580000 43.9619
1581000 43.9616
1582000 43.9616
1583000 43.9617
1584000 43.9617
1585000 43.9618
1586000 43.9617
1587000 43.9619
1588000 43.9619
1589000 43.9617
1590000 43.9616
1591000 43.9617
1592000 43.9616
1593000 43.9615
1594000 43.9617
1595000 43.9616
1596000 43.9619
1597000 43.9619
1598000 43.9619
1599000 43.9619
1600000 43.9622
1601000 43.9622
1602000 43.9623
1603000 43.9621
1604000 43.962
1605000 43.9619
1606000 43.9618
1607000 43.9617
1608000 43.9618
1609000 43.9615
1610000 43.9618
1611000 43.9615
1612000 43.9617
1613000 43.9617
1614000 43.9616
1615000 43.9615
1616000 43.9616
1617000 43.9616
1618000 43.9614
1619000 43.9616
1620000 43.9616
1621000 43.9614
1622000 43.9615
1623000 43.9613
1624000 43.9614
1625000 43.9614
1626000 43.9613
1627000 43.9617
1628000 43.962
1629000 43.962
1630000 43.9619
1631000 43.962
1632000 43.962
1633000 43.9621
1634000 43.9621
1635000 43.9621
1636000 43.9621
1637000 43.9623
1638000 43.9623
1639000 43.9623
1640000 43.9623
1641000 43.9625
1642000 43.9622
1643000 43.962
1644000 43.962
1645000 43.9621
1646000 43.9623
1647000 43.9622
1648000 43.9623
1649000 43.9622
1650000 43.9623
1651000 43.9625
1652000 43.9622
1653000 43.9621
1654000 43.962
1655000 43.9622
1656000 43.9623
1657000 43.9624
1658000 43.9624
1659000 43.9622
1660000 43.9624
1661000 43.9624
1662000 43.9621
1663000 43.9621
1664000 43.962
1665000 43.9619
1666000 43.9618
1667000 43.9617
1668000 43.9618
1669000 43.9618
1670000 43.9617
1671000 43.9616
1672000 43.9619
1673000 43.9619
1674000 43.962
1675000 43.9619
1676000 43.9619
1677000 43.9619
1678000 43.9619
1679000 43.9622
1680000 43.9621
1681000 43.962
1682000 43.962
1683000 43.962
1684000 43.962
1685000 43.9621
1686000 43.9622
1687000 43.9621
1688000 43.962
1689000 43.9618
1690000 43.9616
1691000 43.9618
1692000 43.962
1693000 43.9618
1694000 43.9618
1695000 43.9618
1696000 43.9619
1697000 43.9619
1698000 43.9617
1699000 43.962
1700000 43.962
1701000 43.9618
1702000 43.9618
1703000 43.9621
1704000 43.9618
1705000 43.9619
1706000 43.9619
1707000 43.9618
1708000 43.9616
1709000 43.9617
1710000 43.9617
1711000 43.9617
1712000 43.9618
1713000 43.9615
1714000 43.9614
1715000 43.9614
1716000 43.9615
1717000 43.9614
1718000 43.9613
1719000 43.9615
1720000 43.9615
1721000 43.9616
1722000 43.9613
1723000 43.9615
1724000 43.9612
1725000 43.961
1726000 43.961
1727000 43.9612
1728000 43.9611
1729000 43.9611
1730000 43.9611
1731000 43.9611
1732000 43.961
1733000 43.961
1734000 43.961
1735000 43.9612
1736000 43.9612
1737000 43.9612
1738000 43.9613
1739000 43.9614
1740000 43.9614
1741000 43.9613
1742000 43.9615
1743000 43.9617
1744000 43.9614
1745000 43.9615
1746000 43.9614
1747000 43.9615
1748000 43.9614
1749000 43.9614
1750000 43.9615
1751000 43.9615
1752000 43.9615
1753000 43.9613
1754000 43.9613
1755000 43.9611
1756000 43.9611
1757000 43.961
1758000 43.9611
1759000 43.9612
1760000 43.9614
1761000 43.9614
1762000 43.9611
1763000 43.9613
1764000 43.9614
1765000 43.9612
1766000 43.9614
1767000 43.9614
1768000 43.9614
1769000 43.9613
1770000 43.9611
1771000 43.9611
1772000 43.9612
1773000 43.9612
1774000 43.9612
1775000 43.9612
1776000 43.9611
1777000 43.9611
1778000 43.9609
1779000 43.9607
1780000 43.9608
1781000 43.961
1782000 43.9613
1783000 43.9613
1784000 43.9612
1785000 43.9612
1786000 43.9612
1787000 43.9611
1788000 43.9612
1789000 43.9613
1790000 43.9614
1791000 43.9613
1792000 43.9614
1793000 43.9613
1794000 43.9612
1795000 43.9612
1796000 43.9611
1797000 43.9612
1798000 43.9611
1799000 43.9612
1800000 43.9612
1801000 43.9613
1802000 43.9614
1803000 43.9612
1804000 43.9612
1805000 43.9613
1806000 43.9613
1807000 43.9611
1808000 43.9612
1809000 43.9612
1810000 43.9611
1811000 43.961
1812000 43.9608
1813000 43.9609
1814000 43.9609
1815000 43.9609
1816000 43.9608
1817000 43.9607
1818000 43.9606
1819000 43.9605
1820000 43.9606
1821000 43.9605
1822000 43.9604
1823000 43.9604
1824000 43.9602
1825000 43.9601
1826000 43.9602
1827000 43.9603
1828000 43.9603
1829000 43.9604
1830000 43.9604
1831000 43.9604
1832000 43.9603
1833000 43.9604
1834000 43.9605
1835000 43.9604
1836000 43.9605
1837000 43.9605
1838000 43.9605
1839000 43.9603
1840000 43.9604
1841000 43.9602
1842000 43.9603
1843000 43.9603
1844000 43.9602
1845000 43.9602
1846000 43.9601
1847000 43.9603
1848000 43.9603
1849000 43.9603
1850000 43.9603
1851000 43.9603
1852000 43.96
1853000 43.9601
1854000 43.9601
1855000 43.9602
1856000 43.9603
1857000 43.9603
1858000 43.9603
1859000 43.9604
1860000 43.9601
1861000 43.9604
1862000 43.9603
1863000 43.9602
1864000 43.9604
1865000 43.9604
1866000 43.9602
1867000 43.9603
1868000 43.9602
1869000 43.9602
1870000 43.96
1871000 43.96
1872000 43.9603
1873000 43.9604
1874000 43.9605
1875000 43.9604
1876000 43.9605
1877000 43.9604
1878000 43.9606
1879000 43.9606
1880000 43.9605
1881000 43.9607
1882000 43.9606
1883000 43.9604
1884000 43.9606
1885000 43.9605
1886000 43.9605
1887000 43.9604
1888000 43.9604
1889000 43.9605
1890000 43.9604
1891000 43.9604
1892000 43.9603
1893000 43.9603
1894000 43.9603
1895000 43.9601
1896000 43.96
1897000 43.9601
1898000 43.9601
1899000 43.9603
1900000 43.9603
1901000 43.9603
1902000 43.9601
1903000 43.9599
1904000 43.9599
1905000 43.96
1906000 43.9599
1907000 43.9601
1908000 43.9602
1909000 43.9604
1910000 43.9604
1911000 43.9602
1912000 43.9603
1913000 43.9602
1914000 43.9602
1915000 43.9602
1916000 43.9603
1917000 43.9602
1918000 43.9603
1919000 43.9603
1920000 43.9603
1921000 43.9602
1922000 43.9603
1923000 43.9603
1924000 43.9603
1925000 43.9604
1926000 43.9601
1927000 43.9599
1928000 43.9599
1929000 43.9597
1930000 43.9597
1931000 43.9596
1932000 43.9597
1933000 43.9596
1934000 43.9597
1935000 43.9595
1936000 43.9594
1937000 43.9594
1938000 43.9595
1939000 43.9596
1940000 43.9598
1941000 43.9598
1942000 43.9598
1943000 43.96
1944000 43.9603
1945000 43.9601
1946000 43.9602
1947000 43.9601
1948000 43.9602
1949000 43.9602
1950000 43.9601
1951000 43.9601
1952000 43.9603
1953000 43.9601
1954000 43.9602
1955000 43.9602
1956000 43.9604
1957000 43.9606
1958000 43.9606
1959000 43.9604
1960000 43.9605
1961000 43.9606
1962000 43.9603
1963000 43.9604
1964000 43.9603
1965000 43.9603
1966000 43.9601
1967000 43.96
1968000 43.9601
1969000 43.9601
1970000 43.96
1971000 43.9599
1972000 43.9598
1973000 43.9598
1974000 43.9597
1975000 43.9598
1976000 43.9598
1977000 43.9597
1978000 43.9597
1979000 43.9598
1980000 43.9597
1981000 43.9598
1982000 43.9597
1983000 43.9599
1984000 43.9598
1985000 43.9597
1986000 43.9598
1987000 43.9598
1988000 43.9599
1989000 43.9598
1990000 43.9596
1991000 43.9596
1992000 43.9595
1993000 43.9595
1994000 43.9594
1995000 43.9594
1996000 43.9594
1997000 43.9595
1998000 43.9596
1999000 43.9595
2000000 43.9595
2001000 43.9596
2002000 43.9596
2003000 43.9597
2004000 43.9596
2005000 43.9596
2006000 43.9595
2007000 43.9595
2008000 43.9597
2009000 43.9595
2010000 43.9595
2011000 43.9596
2012000 43.9596
2013000 43.9595
2014000 43.9595
2015000 43.9592
2016000 43.9594
2017000 43.9595
2018000 43.9594
2019000 43.9594
2020000 43.9595
2021000 43.9596
2022000 43.9595
2023000 43.9596
2024000 43.9596
2025000 43.9595
2026000 43.9593
2027000 43.9596
2028000 43.9595
2029000 43.9597
2030000 43.9599
2031000 43.9599
2032000 43.9599
2033000 43.9599
2034000 43.9601
2035000 43.96
2036000 43.96
2037000 43.9599
2038000 43.9598
2039000 43.9599
2040000 43.9598
2041000 43.9597
2042000 43.9598
2043000 43.9596
2044000 43.9596
2045000 43.9595
2046000 43.9595
2047000 43.9595
2048000 43.9595
2049000 43.9594
2050000 43.9594
2051000 43.9594
2052000 43.9594
2053000 43.9593
2054000 43.9594
2055000 43.9593
2056000 43.9593
2057000 43.9592
2058000 43.9593
2059000 43.9592
2060000 43.9593
2061000 43.9593
2062000 43.9594
2063000 43.9594
2064000 43.9595
2065000 43.9595
2066000 43.9593
2067000 43.9594
2068000 43.9593
2069000 43.9593
2070000 43.9594
2071000 43.9595
2072000 43.9594
2073000 43.9593
2074000 43.9593
2075000 43.9592
2076000 43.959
2077000 43.959
2078000 43.9588
2079000 43.9588
2080000 43.9589
2081000 43.9589
2082000 43.959
2083000 43.9589
2084000 43.9588
2085000 43.959
2086000 43.9588
2087000 43.9587
2088000 43.9588
2089000 43.9587
2090000 43.9586
2091000 43.9586
2092000 43.9584
2093000 43.9583
2094000 43.9585
2095000 43.9585
2096000 43.9586
2097000 43.9585
2098000 43.9585
2099000 43.9585
2100000 43.9583
2101000 43.9583
2102000 43.9583
2103000 43.9581
2104000 43.9582
2105000 43.9581
2106000 43.958
2107000 43.9581
2108000 43.9581
2109000 43.958
2110000 43.9581
2111000 43.9579
2112000 43.9579
2113000 43.9581
2114000 43.9579
2115000 43.9579
2116000 43.9579
2117000 43.958
2118000 43.9581
2119000 43.958
2120000 43.958
2121000 43.958
2122000 43.9581
2123000 43.9581
2124000 43.958
2125000 43.9581
2126000 43.9581
2127000 43.9582
2128000 43.958
2129000 43.9581
2130000 43.9581
2131000 43.958
2132000 43.9582
2133000 43.958
2134000 43.9581
2135000 43.9581
2136000 43.9582
2137000 43.9582
2138000 43.9582
2139000 43.958
2140000 43.9579
2141000 43.9579
2142000 43.9578
2143000 43.958
2144000 43.958
2145000 43.9581
2146000 43.9581
2147000 43.9582
2148000 43.9581
2149000 43.9582
2150000 43.9582
2151000 43.9584
2152000 43.9583
2153000 43.9582
2154000 43.9583
2155000 43.9583
2156000 43.9583
2157000 43.9583
2158000 43.9583
2159000 43.9583
2160000 43.9584
2161000 43.9584
2162000 43.9584
2163000 43.9585
2164000 43.9583
2165000 43.9584
2166000 43.9584
2167000 43.9584
2168000 43.9584
2169000 43.9585
2170000 43.9586
2171000 43.9585
2172000 43.9585
2173000 43.9585
2174000 43.9585
2175000 43.9584
2176000 43.9584
2177000 43.9583
2178000 43.9585
2179000 43.9584
2180000 43.9584
2181000 43.9584
2182000 43.9585
2183000 43.9584
2184000 43.9584
2185000 43.9586
2186000 43.9585
2187000 43.9586
2188000 43.9586
2189000 43.9587
2190000 43.9588
2191000 43.9587
2192000 43.9589
2193000 43.9588
2194000 43.9587
2195000 43.9588
2196000 43.9589
2197000 43.9588
2198000 43.9586
2199000 43.9585
2200000 43.9586
