# Time-averaged data for fix pressrun
# TimeStep v_P
202000 93.9037
203000 94.1241
204000 94.2606
205000 94.0354
206000 93.6249
207000 93.5702
208000 93.4794
209000 93.3734
210000 93.4981
211000 93.5361
212000 93.275
213000 93.2022
214000 93.1438
215000 93.2408
216000 93.1108
217000 92.9945
218000 92.8819
219000 92.9376
220000 92.8891
221000 92.8763
222000 92.9436
223000 93.0126
224000 93.0672
225000 93.027
226000 93.0125
227000 93.0033
228000 92.9937
229000 92.9758
230000 93.032
231000 93.0191
232000 93.0148
233000 93.0006
234000 93.0117
235000 93.0137
236000 93.0064
237000 92.992
238000 93.0239
239000 92.9707
240000 93.0272
241000 92.9951
242000 92.9804
243000 92.9771
244000 92.9518
245000 92.953
246000 92.9224
247000 92.9124
248000 92.935
249000 92.9518
250000 92.966
251000 92.983
252000 92.982
253000 92.9968
254000 93.0036
255000 92.9965
256000 93.0059
257000 92.9751
258000 92.9769
259000 92.9888
260000 92.9973
261000 92.9764
262000 92.99
263000 92.9912
264000 92.9774
265000 93.0011
266000 93.0333
267000 93.0311
268000 93.0274
269000 93.0045
270000 92.9878
271000 92.9852
272000 92.9811
273000 92.9704
274000 92.9919
275000 92.9692
276000 92.9595
277000 92.9512
278000 92.9561
279000 92.9697
280000 92.9686
281000 92.9681
282000 92.9747
283000 92.9832
284000 92.9835
285000 92.9704
286000 92.9748
287000 92.9882
288000 92.9941
289000 92.9874
290000 92.9993
291000 93.0001
292000 92.9848
293000 92.9886
294000 92.9825
295000 92.9867
296000 92.9886
297000 92.9989
298000 92.9965
299000 93.0073
300000 93.0007
301000 92.9896
302000 92.9963
303000 92.9956
304000 93.0002
305000 92.9934
306000 92.9833
307000 92.9935
308000 92.9932
309000 92.9904
310000 92.9945
311000 92.9993
312000 93.0101
313000 92.994
314000 92.9905
315000 92.9815
316000 92.9804
317000 92.99
318000 92.9983
319000 93.0047
320000 93.0104
321000 93.0136
322000 93.0007
323000 93.0138
324000 93.0274
325000 93.0216
326000 93.0215
327000 93.031
328000 93.0252
329000 93.0229
330000 93.0205
331000 93.0313
332000 93.0272
333000 93.0123
334000 93.0272
335000 93.0224
336000 93.0123
337000 93.0172
338000 93.0289
339000 93.0333
340000 93.0456
341000 93.0438
342000 93.0453
343000 93.0446
344000 93.0482
345000 93.0469
346000 93.0457
347000 93.0468
348000 93.0511
349000 93.0401
350000 93.0352
351000 93.0408
352000 93.039
353000 93.0553
354000 93.0633
355000 93.0657
356000 93.0742
357000 93.0746
358000 93.085
359000 93.092
360000 93.0898
361000 93.0749
362000 93.078
363000 93.0704
364000 93.0681
365000 93.0735
366000 93.0756
367000 93.0768
368000 93.0774
369000 93.0703
370000 93.0694
371000 93.0678
372000 93.0656
373000 93.0604
374000 93.0545
375000 93.0549
376000 93.0504
377000 93.0484
378000 93.0521
379000 93.0488
380000 93.0487
381000 93.0549
382000 93.0564
383000 93.0539
384000 93.0496
385000 93.0567
386000 93.0498
387000 93.054
388000 93.0533
389000 93.0518
390000 93.0503
391000 93.0529
392000 93.0612
393000 93.0695
394000 93.0697
395000 93.0753
396000 93.0764
397000 93.0755
398000 93.0816
399000 93.081
400000 93.0768
401000 93.0764
402000 93.0823
403000 93.08
404000 93.0768
405000 93.0711
406000 93.0622
407000 93.0566
408000 93.0703
409000 93.0746
410000 93.0732
411000 93.0773
412000 93.0718
413000 93.0652
414000 93.0725
415000 93.0667
416000 93.0746
417000 93.0816
418000 93.0888
419000 93.0877
420000 93.0924
421000 93.0834
422000 93.0821
423000 93.0832
424000 93.0816
425000 93.0786
426000 93.0775
427000 93.0756
428000 93.0812
429000 93.085
430000 93.0936
431000 93.0926
432000 93.0897
433000 93.088
434000 93.0813
435000 93.0837
436000 93.0805
437000 93.0798
438000 93.0785
439000 93.078
440000 93.0835
441000 93.0802
442000 93.0793
443000 93.0811
444000 93.0874
445000 93.0887
446000 93.0888
447000 93.0805
448000 93.0888
449000 93.088
450000 93.0982
451000 93.0949
452000 93.0914
453000 93.0954
454000 93.0991
455000 93.1038
456000 93.1018
457000 93.1008
458000 93.1082
459000 93.1024
460000 93.1006
461000 93.1046
462000 93.105
463000 93.1033
464000 93.1067
465000 93.1067
466000 93.1073
467000 93.1058
468000 93.1083
469000 93.1088
470000 93.1102
471000 93.1127
472000 93.111
473000 93.1144
474000 93.1082
475000 93.1105
476000 93.109
477000 93.1077
478000 93.1077
479000 93.106
480000 93.1084
481000 93.1074
482000 93.1114
483000 93.1125
484000 93.116
485000 93.1115
486000 93.109
487000 93.111
488000 93.1097
489000 93.1129
490000 93.1117
491000 93.1152
492000 93.1129
493000 93.1093
494000 93.1066
495000 93.1016
496000 93.0963
497000 93.0961
498000 93.0973
499000 93.0952
500000 93.0903
501000 93.0914
502000 93.0948
503000 93.0905
504000 93.0912
505000 93.0879
506000 93.0951
507000 93.0971
508000 93.0921
509000 93.0962
510000 93.0971
511000 93.1015
512000 93.1032
513000 93.1045
514000 93.1052
515000 93.1028
516000 93.1061
517000 93.1051
518000 93.1016
519000 93.1039
520000 93.1008
521000 93.1016
522000 93.1002
523000 93.1007
524000 93.1033
525000 93.1011
526000 93.1051
527000 93.1023
528000 93.1004
529000 93.0991
530000 93.0986
531000 93.0984
532000 93.1021
533000 93.1023
534000 93.0982
535000 93.0933
536000 93.0932
537000 93.0953
538000 93.0941
539000 93.095
540000 93.0912
541000 93.0893
542000 93.0881
543000 93.0868
544000 93.087
545000 93.0904
546000 93.0881
547000 93.0842
548000 93.0837
549000 93.0827
550000 93.0867
551000 93.0911
552000 93.0857
553000 93.0888
554000 93.0902
555000 93.0857
556000 93.0867
557000 93.0845
558000 93.0821
559000 93.0819
560000 93.0833
561000 93.0816
562000 93.0812
563000 93.0817
564000 93.0838
565000 93.0779
566000 93.076
567000 93.0734
568000 93.0729
569000 93.0693
570000 93.0733
571000 93.0798
572000 93.0796
573000 93.0807
574000 93.0799
575000 93.0804
576000 93.0849
577000 93.0833
578000 93.084
579000 93.0795
580000 93.0801
581000 93.0826
582000 93.0822
583000 93.0869
584000 93.0866
585000 93.0863
586000 93.0874
587000 93.0847
588000 93.0846
589000 93.0852
590000 93.0886
591000 93.0891
592000 93.0877
593000 93.0929
594000 93.0982
595000 93.1029
596000 93.0998
597000 93.0991
598000 93.1
599000 93.097
600000 93.0995
601000 93.0997
602000 93.0954
603000 93.0976
604000 93.0983
605000 93.0962
606000 93.1015
607000 93.1018
608000 93.1011
609000 93.1031
610000 93.102
611000 93.1059
612000 93.1054
613000 93.1022
614000 93.103
615000 93.102
616000 93.0999
617000 93.1034
618000 93.104
619000 93.1054
620000 93.1041
621000 93.1035
622000 93.1035
623000 93.1006
624000 93.0992
625000 93.0958
626000 93.0996
627000 93.1012
628000 93.1048
629000 93.1063
630000 93.1041
631000 93.1039
632000 93.0995
633000 93.0987
634000 93.1023
635000 93.0959
636000 93.0968
637000 93.0965
638000 93.0951
639000 93.1023
640000 93.1053
641000 93.1039
642000 93.1037
643000 93.1036
644000 93.1037
645000 93.1029
646000 93.1037
647000 93.1019
648000 93.103
649000 93.097
650000 93.096
651000 93.0916
652000 93.0922
653000 93.0915
654000 93.089
655000 93.0871
656000 93.0862
657000 93.0871
658000 93.0843
659000 93.0831
660000 93.084
661000 93.0849
662000 93.0853
663000 93.0859
664000 93.0866
665000 93.0844
666000 93.0837
667000 93.0867
668000 93.0837
669000 93.0815
670000 93.0814
671000 93.0786
672000 93.0819
673000 93.0824
674000 93.0825
675000 93.0793
676000 93.0813
677000 93.0795
678000 93.0782
679000 93.0794
680000 93.0803
681000 93.0751
682000 93.0751
683000 93.0703
684000 93.0718
685000 93.0695
686000 93.068
687000 93.0709
688000 93.0708
689000 93.0694
690000 93.0705
691000 93.0719
692000 93.0723
693000 93.0722
694000 93.074
695000 93.0713
696000 93.0714
697000 93.0712
698000 93.0711
699000 93.0677
700000 93.0657
701000 93.0642
702000 93.0649
703000 93.0655
704000 93.0651
705000 93.0671
706000 93.066
707000 93.0697
708000 93.0685
709000 93.0693
710000 93.0696
711000 93.0696
712000 93.0681
713000 93.0693
714000 93.07
715000 93.0729
716000 93.0742
717000 93.0722
718000 93.0755
719000 93.0747
720000 93.0776
721000 93.0783
722000 93.0764
723000 93.0776
724000 93.0805
725000 93.081
726000 93.0795
727000 93.0814
728000 93.0836
729000 93.0847
730000 93.0811
731000 93.0853
732000 93.0852
733000 93.0848
734000 93.0812
735000 93.0809
736000 93.0804
737000 93.0782
738000 93.081
739000 93.0806
740000 93.0809
741000 93.0814
742000 93.0785
743000 93.0771
744000 93.0772
745000 93.0764
746000 93.073
747000 93.0744
748000 93.0773
749000 93.0772
750000 93.0814
751000 93.0805
752000 93.0805
753000 93.0785
754000 93.0802
755000 93.0833
756000 93.0826
757000 93.086
758000 93.0877
759000 93.0889
760000 93.0883
761000 93.0897
762000 93.0897
763000 93.0888
764000 93.0902
765000 93.0912
766000 93.0928
767000 93.0927
768000 93.0921
769000 93.0909
770000 93.0908
771000 93.0915
772000 93.0902
773000 93.0925
774000 93.0938
775000 93.0915
776000 93.0907
777000 93.0887
778000 93.0869
779000 93.0865
780000 93.085
781000 93.0865
782000 93.0857
783000 93.0875
784000 93.0857
785000 93.086
786000 93.0844
787000 93.0849
788000 93.0842
789000 93.0857
790000 93.0852
791000 93.0889
792000 93.0877
793000 93.0868
794000 93.0849
795000 93.0847
796000 93.0846
797000 93.083
798000 93.0813
799000 93.0806
800000 93.0824
801000 93.0795
802000 93.0787
803000 93.0767
804000 93.076
805000 93.0754
806000 93.073
807000 93.0743
808000 93.0729
809000 93.0725
810000 93.0723
811000 93.074
812000 93.0751
813000 93.0735
814000 93.0765
815000 93.0757
816000 93.0741
817000 93.0768
818000 93.0775
819000 93.0793
820000 93.0771
821000 93.0777
822000 93.0763
823000 93.075
824000 93.0756
825000 93.072
826000 93.0723
827000 93.0694
828000 93.0688
829000 93.0669
830000 93.0674
831000 93.0673
832000 93.0685
833000 93.0691
834000 93.0723
835000 93.0701
836000 93.0703
837000 93.0686
838000 93.0701
839000 93.0702
840000 93.069
841000 93.0708
842000 93.073
843000 93.0742
844000 93.075
845000 93.0756
846000 93.0762
847000 93.0785
848000 93.077
849000 93.0799
850000 93.0797
851000 93.0778
852000 93.0766
853000 93.0766
854000 93.0794
855000 93.0788
856000 93.0798
857000 93.0819
858000 93.0804
859000 93.0823
860000 93.0811
861000 93.0816
862000 93.0814
863000 93.0826
864000 93.082
865000 93.0798
866000 93.0794
867000 93.0817
868000 93.0808
869000 93.0807
870000 93.082
871000 93.0788
872000 93.0816
873000 93.0829
874000 93.0827
875000 93.0808
876000 93.0809
877000 93.0816
878000 93.0814
879000 93.0794
880000 93.0799
881000 93.0844
882000 93.0861
883000 93.0835
884000 93.0833
885000 93.0818
886000 93.0815
887000 93.0824
888000 93.0804
889000 93.0769
890000 93.0797
891000 93.0798
892000 93.0804
893000 93.0793
894000 93.079
895000 93.0816
896000 93.0813
897000 93.0838
898000 93.0819
899000 93.0836
900000 93.0843
901000 93.0833
902000 93.0843
903000 93.0848
904000 93.0849
905000 93.0873
906000 93.0883
907000 93.0874
908000 93.0875
909000 93.0875
910000 93.0874
911000 93.0901
912000 93.09
913000 93.0912
914000 93.0871
915000 93.0831
916000 93.0819
917000 93.0823
918000 93.0821
919000 93.0794
920000 93.079
921000 93.0773
922000 93.0769
923000 93.0769
924000 93.0763
925000 93.0744
926000 93.0736
927000 93.0724
928000 93.0739
929000 93.0709
930000 93.07
931000 93.0712
932000 93.0738
933000 93.0737
934000 93.0724
935000 93.0726
936000 93.0746
937000 93.0752
938000 93.0795
939000 93.0802
940000 93.0797
941000 93.0816
942000 93.0825
943000 93.0809
944000 93.082
945000 93.0808
946000 93.0823
947000 93.0809
948000 93.0812
949000 93.0821
950000 93.0811
951000 93.0805
952000 93.0797
953000 93.0802
954000 93.0786
955000 93.0782
956000 93.0782
957000 93.0765
958000 93.0783
959000 93.0771
960000 93.0778
961000 93.0779
962000 93.0761
963000 93.0758
964000 93.0769
965000 93.0759
966000 93.0774
967000 93.0775
968000 93.0769
969000 93.0754
970000 93.0752
971000 93.0757
972000 93.0749
973000 93.0749
974000 93.0735
975000 93.0739
976000 93.0749
977000 93.0753
978000 93.075
979000 93.0764
980000 93.0762
981000 93.0769
982000 93.0765
983000 93.0774
984000 93.0779
985000 93.0778
986000 93.0794
987000 93.0802
988000 93.0814
989000 93.0789
990000 93.0777
991000 93.0784
992000 93.0794
993000 93.0788
994000 93.0795
995000 93.081
996000 93.0823
997000 93.0799
998000 93.0803
999000 93.0813
1000000 93.0813
1001000 93.0821
1002000 93.0812
1003000 93.0819
1004000 93.0833
1005000 93.083
1006000 93.0821
1007000 93.0832
1008000 93.0826
1009000 93.0837
1010000 93.083
1011000 93.0828
1012000 93.0837
1013000 93.0833
1014000 93.0842
1015000 93.0841
1016000 93.0825
1017000 93.0809
1018000 93.0829
1019000 93.0822
1020000 93.0812
1021000 93.0798
1022000 93.0789
1023000 93.0787
1024000 93.0793
1025000 93.081
1026000 93.082
1027000 93.0832
1028000 93.0818
1029000 93.0833
1030000 93.082
1031000 93.0819
1032000 93.0807
1033000 93.0811
1034000 93.0817
1035000 93.0822
1036000 93.0812
1037000 93.0825
1038000 93.0833
1039000 93.0831
1040000 93.0839
1041000 93.085
1042000 93.0838
1043000 93.0847
1044000 93.0877
1045000 93.0857
1046000 93.0847
1047000 93.0848
1048000 93.0859
1049000 93.0857
1050000 93.0854
1051000 93.0836
1052000 93.0832
1053000 93.0834
1054000 93.0813
1055000 93.0806
1056000 93.0814
1057000 93.0828
1058000 93.0829
1059000 93.0851
1060000 93.0885
1061000 93.0869
1062000 93.0864
1063000 93.0859
1064000 93.0869
1065000 93.0866
1066000 93.0872
1067000 93.0898
1068000 93.0894
1069000 93.0893
1070000 93.091
1071000 93.0923
1072000 93.0926
1073000 93.0917
1074000 93.0915
1075000 93.0916
1076000 93.0913
1077000 93.0919
1078000 93.0933
1079000 93.0951
1080000 93.0943
1081000 93.0953
1082000 93.0946
1083000 93.0934
1084000 93.0936
1085000 93.0946
1086000 93.0963
1087000 93.0954
1088000 93.096
1089000 93.0975
1090000 93.0977
1091000 93.0991
1092000 93.0991
1093000 93.0983
1094000 93.0992
1095000 93.0991
1096000 93.1009
1097000 93.1018
1098000 93.0994
1099000 93.0991
1100000 93.0982
1101000 93.0992
1102000 93.0997
1103000 93.0978
1104000 93.0988
1105000 93.0969
1106000 93.096
1107000 93.0947
1108000 93.0929
1109000 93.0936
1110000 93.0936
1111000 93.094
1112000 93.0938
1113000 93.0929
1114000 93.0922
1115000 93.0928
1116000 93.0931
1117000 93.0957
1118000 93.0957
1119000 93.0954
1120000 93.0962
1121000 93.0964
1122000 93.0969
1123000 93.0969
1124000 93.0979
1125000 93.0979
1126000 93.097
1127000 93.0953
1128000 93.092
1129000 93.0912
1130000 93.0926
1131000 93.093
1132000 93.0924
1133000 93.093
1134000 93.0938
1135000 93.0935
1136000 93.0947
1137000 93.0953
1138000 93.0958
1139000 93.0947
1140000 93.0954
1141000 93.0959
1142000 93.0949
1143000 93.0929
1144000 93.0911
1145000 93.092
1146000 93.0928
1147000 93.0918
1148000 93.0902
1149000 93.0911
1150000 93.0902
1151000 93.09
1152000 93.0899
1153000 93.0888
1154000 93.0915
1155000 93.0935
1156000 93.0938
1157000 93.0942
1158000 93.0933
1159000 93.094
1160000 93.0918
1161000 93.0924
1162000 93.0926
1163000 93.0924
1164000 93.092
1165000 93.0926
1166000 93.0902
1167000 93.0911
1168000 93.0912
1169000 93.0914
1170000 93.0921
1171000 93.0933
1172000 93.0928
1173000 93.0918
1174000 93.0918
1175000 93.0897
1176000 93.0897
1177000 93.0894
1178000 93.0897
1179000 93.0903
1180000 93.0899
1181000 93.0899
1182000 93.0896
1183000 93.0918
1184000 93.0918
1185000 93.0903
1186000 93.091
1187000 93.0919
1188000 93.0918
1189000 93.0914
1190000 93.0905
1191000 93.0898
1192000 93.0891
1193000 93.0879
1194000 93.089
1195000 93.088
1196000 93.0891
1197000 93.0909
1198000 93.0919
1199000 93.0927
1200000 93.0928
1201000 93.0934
1202000 93.0937
1203000 93.0934
1204000 93.0934
1205000 93.0937
1206000 93.0934
1207000 93.0928
1208000 93.0931
1209000 93.0933
1210000 93.0921
1211000 93.0914
1212000 93.0901
1213000 93.0913
1214000 93.0886
1215000 93.0886
1216000 93.0902
1217000 93.0893
1218000 93.0903
1219000 93.0918
1220000 93.0929
1221000 93.0926
1222000 93.0927
1223000 93.0916
1224000 93.0921
1225000 93.093
1226000 93.0942
1227000 93.0927
1228000 93.0905
1229000 93.0907
1230000 93.0919
1231000 93.094
1232000 93.0934
1233000 93.0928
1234000 93.092
1235000 93.0936
1236000 93.095
1237000 93.0949
1238000 93.0946
1239000 93.0939
1240000 93.093
1241000 93.0922
1242000 93.0915
1243000 93.0919
1244000 93.0936
1245000 93.0938
1246000 93.0921
1247000 93.0909
1248000 93.0916
1249000 93.0913
1250000 93.0922
1251000 93.0928
1252000 93.0927
1253000 93.0912
1254000 93.0917
1255000 93.0918
1256000 93.0902
1257000 93.0905
1258000 93.0903
1259000 93.0893
1260000 93.09
1261000 93.0909
1262000 93.09
1263000 93.0913
1264000 93.0913
1265000 93.0922
1266000 93.0939
1267000 93.0933
1268000 93.0934
1269000 93.093
1270000 93.0943
1271000 93.0939
1272000 93.0945
1273000 93.0943
1274000 93.0942
1275000 93.0927
1276000 93.0919
1277000 93.0923
1278000 93.0937
1279000 93.0932
1280000 93.0925
1281000 93.0944
1282000 93.0937
1283000 93.0942
1284000 93.0956
1285000 93.0946
1286000 93.0935
1287000 93.0944
1288000 93.0945
1289000 93.0953
1290000 93.0948
1291000 93.0945
1292000 93.0944
1293000 93.0937
1294000 93.0922
1295000 93.0922
1296000 93.0915
1297000 93.0911
1298000 93.0903
1299000 93.0907
1300000 93.0915
1301000 93.0907
1302000 93.0907
1303000 93.0887
1304000 93.0882
1305000 93.0891
1306000 93.0893
1307000 93.0901
1308000 93.0898
1309000 93.0898
1310000 93.089
1311000 93.0889
1312000 93.0896
1313000 93.0907
1314000 93.0921
1315000 93.092
1316000 93.0919
1317000 93.0913
1318000 93.0914
1319000 93.091
1320000 93.0904
1321000 93.0909
1322000 93.0901
1323000 93.0901
1324000 93.0893
1325000 93.0887
1326000 93.0899
1327000 93.0894
1328000 93.089
1329000 93.0891
1330000 93.0894
1331000 93.0893
1332000 93.089
1333000 93.086
1334000 93.0858
1335000 93.0858
1336000 93.0837
1337000 93.0847
1338000 93.0855
1339000 93.0864
1340000 93.0857
1341000 93.0868
1342000 93.0866
1343000 93.0869
1344000 93.0876
1345000 93.0859
1346000 93.0864
1347000 93.085
1348000 93.0855
1349000 93.085
1350000 93.086
1351000 93.0882
1352000 93.0895
1353000 93.0895
1354000 93.0911
1355000 93.0912
1356000 93.0899
1357000 93.0893
1358000 93.0877
1359000 93.0887
1360000 93.0872
1361000 93.0871
1362000 93.0875
1363000 93.0885
1364000 93.087
1365000 93.0871
1366000 93.0872
1367000 93.0875
1368000 93.0866
1369000 93.0871
1370000 93.0869
1371000 93.0875
1372000 93.0868
1373000 93.0866
1374000 93.0854
1375000 93.0862
1376000 93.0866
1377000 93.0878
1378000 93.0881
1379000 93.0881
1380000 93.0864
1381000 93.0871
1382000 93.0874
1383000 93.0867
1384000 93.0855
1385000 93.0846
1386000 93.0849
1387000 93.0857
1388000 93.0866
1389000 93.0873
1390000 93.0873
1391000 93.0879
1392000 93.0879
1393000 93.0887
1394000 93.0899
1395000 93.0888
1396000 93.0894
1397000 93.0903
1398000 93.089
1399000 93.0878
1400000 93.0873
1401000 93.0865
1402000 93.0853
1403000 93.0849
1404000 93.0846
1405000 93.0839
1406000 93.0841
1407000 93.0832
1408000 93.083
1409000 93.0816
1410000 93.0824
1411000 93.082
1412000 93.081
1413000 93.0808
1414000 93.0804
1415000 93.08
1416000 93.0797
1417000 93.0787
1418000 93.0784
1419000 93.0786
1420000 93.0786
1421000 93.0789
1422000 93.0781
1423000 93.0773
1424000 93.0774
1425000 93.0758
1426000 93.0755
1427000 93.0749
1428000 93.0746
1429000 93.0739
1430000 93.0748
1431000 93.0748
1432000 93.0756
1433000 93.0759
1434000 93.0767
1435000 93.0773
1436000 93.0769
1437000 93.0769
1438000 93.0761
1439000 93.0758
1440000 93.0769
1441000 93.0763
1442000 93.0763
1443000 93.0764
1444000 93.0774
1445000 93.078
1446000 93.0782
1447000 93.0785
1448000 93.0776
1449000 93.0762
1450000 93.0773
1451000 93.0764
1452000 93.0775
1453000 93.0778
1454000 93.0782
1455000 93.0765
1456000 93.0753
1457000 93.0753
1458000 93.0742
1459000 93.0749
1460000 93.0742
1461000 93.0737
1462000 93.0731
1463000 93.0721
1464000 93.0708
1465000 93.0715
1466000 93.0711
1467000 93.0709
1468000 93.0712
1469000 93.0716
1470000 93.0717
1471000 93.0707
1472000 93.0705
1473000 93.0698
1474000 93.0688
1475000 93.0677
1476000 93.0674
1477000 93.0658
1478000 93.0666
1479000 93.0666
1480000 93.0662
1481000 93.065
1482000 93.0659
1483000 93.0659
1484000 93.0649
1485000 93.0664
1486000 93.0663
1487000 93.067
1488000 93.067
1489000 93.0653
1490000 93.0652
1491000 93.0657
1492000 93.0651
1493000 93.0657
1494000 93.0657
1495000 93.0661
1496000 93.065
1497000 93.0648
1498000 93.0644
1499000 93.0645
1500000 93.065
1501000 93.0657
1502000 93.0673
1503000 93.0675
1504000 93.0678
1505000 93.0671
1506000 93.0661
1507000 93.0654
1508000 93.0651
1509000 93.0646
1510000 93.0648
1511000 93.065
1512000 93.0646
1513000 93.0644
1514000 93.0638
1515000 93.063
1516000 93.0626
1517000 93.0627
1518000 93.0626
1519000 93.0625
1520000 93.062
1521000 93.062
1522000 93.0607
1523000 93.0616
1524000 93.063
1525000 93.0626
1526000 93.063
1527000 93.0636
1528000 93.0641
1529000 93.0652
1530000 93.0652
1531000 93.065
1532000 93.0641
1533000 93.0644
1534000 93.0648
1535000 93.0652
1536000 93.0662
1537000 93.0654
1538000 93.0664
1539000 93.0662
1540000 93.0667
1541000 93.0654
1542000 93.0661
1543000 93.0651
1544000 93.0657
1545000 93.0678
1546000 93.067
1547000 93.0665
1548000 93.0667
1549000 93.0661
1550000 93.0665
1551000 93.0673
1552000 93.068
1553000 93.0683
1554000 93.0669
1555000 93.068
1556000 93.0684
1557000 93.0684
1558000 93.0681
1559000 93.0688
1560000 93.0677
1561000 93.0679
1562000 93.0689
1563000 93.0681
1564000 93.0687
1565000 93.0682
1566000 93.0684
1567000 93.0684
1568000 93.0689
1569000 93.0691
1570000 93.0697
1571000 93.0703
1572000 93.0708
1573000 93.0709
1574000 93.0716
1575000 93.0717
1576000 93.0722
1577000 93.0719
1578000 93.0722
1579000 93.0725
1580000 93.0734
1581000 93.0744
1582000 93.0741
1583000 93.0744
1584000 93.0751
1585000 93.0743
1586000 93.0737
1587000 93.073
1588000 93.0728
1589000 93.0732
1590000 93.0724
1591000 93.0727
1592000 93.0736
1593000 93.0737
1594000 93.074
1595000 93.0746
1596000 93.0753
1597000 93.0745
1598000 93.0761
1599000 93.0752
1600000 93.0745
1601000 93.0742
1602000 93.075
1603000 93.0749
1604000 93.0758
1605000 93.0742
1606000 93.0741
1607000 93.0748
1608000 93.0749
1609000 93.0747
1610000 93.075
1611000 93.0757
1612000 93.076
1613000 93.0758
1614000 93.0761
1615000 93.0765
1616000 93.077
1617000 93.0769
1618000 93.0767
1619000 93.0762
1620000 93.0773
1621000 93.0767
1622000 93.0771
1623000 93.077
1624000 93.0768
1625000 93.0756
1626000 93.0755
1627000 93.0752
1628000 93.0755
1629000 93.0747
1630000 93.0749
1631000 93.0752
1632000 93.0747
1633000 93.0745
1634000 93.0746
1635000 93.0741
1636000 93.0747
1637000 93.0745
1638000 93.0753
1639000 93.0747
1640000 93.0752
1641000 93.0751
1642000 93.0743
1643000 93.0753
1644000 93.0755
1645000 93.0759
1646000 93.0758
1647000 93.0759
1648000 93.0749
1649000 93.075
1650000 93.0756
1651000 93.0757
1652000 93.0763
1653000 93.0772
1654000 93.0772
1655000 93.0775
1656000 93.076
1657000 93.0771
1658000 93.0771
1659000 93.0769
1660000 93.0769
1661000 93.0774
1662000 93.0776
1663000 93.0777
1664000 93.0779
1665000 93.0769
1666000 93.0766
1667000 93.0756
1668000 93.0764
1669000 93.0769
1670000 93.0773
1671000 93.0768
1672000 93.0767
1673000 93.0755
1674000 93.0757
1675000 93.0752
1676000 93.0762
1677000 93.0762
1678000 93.0758
1679000 93.0764
1680000 93.0772
1681000 93.0769
1682000 93.0771
1683000 93.0775
1684000 93.0781
1685000 93.0778
1686000 93.077
1687000 93.0766
1688000 93.0764
1689000 93.0758
1690000 93.0763
1691000 93.0773
1692000 93.0793
1693000 93.0788
1694000 93.078
1695000 93.0773
1696000 93.0773
1697000 93.0776
1698000 93.0773
1699000 93.0771
1700000 93.0777
1701000 93.0777
1702000 93.0781
1703000 93.0767
1704000 93.0769
1705000 93.0766
1706000 93.0767
1707000 93.0768
1708000 93.0773
1709000 93.0775
1710000 93.0776
1711000 93.0782
1712000 93.0782
1713000 93.0789
1714000 93.0777
1715000 93.0782
1716000 93.0781
1717000 93.0781
1718000 93.0776
1719000 93.0774
1720000 93.078
1721000 93.0784
1722000 93.0784
1723000 93.0771
1724000 93.0776
1725000 93.0778
1726000 93.0779
1727000 93.0776
1728000 93.0788
1729000 93.0793
1730000 93.0792
1731000 93.0783
1732000 93.0785
1733000 93.0785
1734000 93.079
1735000 93.0791
1736000 93.0792
1737000 93.0794
1738000 93.0792
1739000 93.0794
1740000 93.0795
1741000 93.0798
1742000 93.0786
1743000 93.0798
1744000 93.081
1745000 93.0813
1746000 93.0808
1747000 93.0814
1748000 93.0811
1749000 93.0808
1750000 93.0804
1751000 93.0804
1752000 93.0794
1753000 93.0794
1754000 93.0791
1755000 93.0795
1756000 93.0793
1757000 93.0809
1758000 93.0814
1759000 93.0822
1760000 93.0822
1761000 93.0828
1762000 93.0828
1763000 93.083
1764000 93.0831
1765000 93.083
1766000 93.0821
1767000 93.0825
1768000 93.0815
1769000 93.0818
1770000 93.0817
1771000 93.0813
1772000 93.0812
1773000 93.0821
1774000 93.0827
1775000 93.083
1776000 93.0828
1777000 93.0832
1778000 93.0832
1779000 93.0838
1780000 93.0846
1781000 93.0841
1782000 93.0834
1783000 93.0816
1784000 93.0811
1785000 93.0802
1786000 93.0805
1787000 93.0796
1788000 93.0803
1789000 93.0799
1790000 93.0789
1791000 93.0793
1792000 93.0799
1793000 93.079
1794000 93.0796
1795000 93.0792
1796000 93.0793
1797000 93.0781
1798000 93.079
1799000 93.08
1800000 93.0802
1801000 93.0815
1802000 93.0817
1803000 93.0813
1804000 93.082
1805000 93.081
1806000 93.0807
1807000 93.0814
1808000 93.0816
1809000 93.0809
1810000 93.0805
1811000 93.0807
1812000 93.0808
1813000 93.082
1814000 93.0821
1815000 93.0811
1816000 93.0818
1817000 93.0815
1818000 93.0803
1819000 93.0816
1820000 93.0823
1821000 93.0817
1822000 93.0817
1823000 93.0819
1824000 93.0824
1825000 93.0818
1826000 93.0819
1827000 93.0819
1828000 93.0817
1829000 93.0819
1830000 93.0807
1831000 93.0809
1832000 93.0818
1833000 93.0829
1834000 93.0841
1835000 93.083
1836000 93.083
1837000 93.082
1838000 93.0807
1839000 93.081
1840000 93.082
1841000 93.0829
1842000 93.0828
1843000 93.0829
1844000 93.0829
1845000 93.0826
1846000 93.0836
1847000 93.0834
1848000 93.0823
1849000 93.0829
1850000 93.0825
1851000 93.0823
1852000 93.0817
1853000 93.0815
1854000 93.0813
1855000 93.0823
1856000 93.0821
1857000 93.083
1858000 93.0832
1859000 93.0829
1860000 93.083
1861000 93.0831
1862000 93.0829
1863000 93.0824
1864000 93.0826
1865000 93.0831
1866000 93.0831
1867000 93.0826
1868000 93.0823
1869000 93.0827
1870000 93.0844
1871000 93.0843
1872000 93.0837
1873000 93.0841
1874000 93.0842
1875000 93.085
1876000 93.0857
1877000 93.0858
1878000 93.0851
1879000 93.0851
1880000 93.085
1881000 93.0844
1882000 93.0847
1883000 93.0851
1884000 93.0863
1885000 93.0863
1886000 93.0866
1887000 93.0863
1888000 93.0862
1889000 93.0868
1890000 93.0873
1891000 93.0863
1892000 93.086
1893000 93.0848
1894000 93.085
1895000 93.0849
1896000 93.0844
1897000 93.0838
1898000 93.0838
1899000 93.0837
1900000 93.0838
1901000 93.0833
1902000 93.0849
1903000 93.0854
1904000 93.0853
1905000 93.0848
1906000 93.085
1907000 93.0846
1908000 93.0845
1909000 93.0851
1910000 93.0864
1911000 93.0866
1912000 93.0871
1913000 93.088
1914000 93.0885
1915000 93.0885
1916000 93.0891
1917000 93.089
1918000 93.0887
1919000 93.0892
1920000 93.0906
1921000 93.0913
1922000 93.0911
1923000 93.091
1924000 93.0907
1925000 93.0909
1926000 93.0897
1927000 93.0884
1928000 93.0893
1929000 93.0902
1930000 93.0905
1931000 93.091
1932000 93.0913
1933000 93.0912
1934000 93.0912
1935000 93.0913
1936000 93.0911
1937000 93.0908
1938000 93.0924
1939000 93.093
1940000 93.093
1941000 93.0939
1942000 93.0941
1943000 93.0945
1944000 93.0942
1945000 93.0944
1946000 93.0948
1947000 93.0951
1948000 93.0945
1949000 93.0945
1950000 93.0951
1951000 93.0946
1952000 93.094
1953000 93.0944
1954000 93.0936
1955000 93.0939
1956000 93.0941
1957000 93.0934
1958000 93.094
1959000 93.0934
1960000 93.0934
1961000 93.0927
1962000 93.0917
1963000 93.0912
1964000 93.0912
1965000 93.0904
1966000 93.0903
1967000 93.0908
1968000 93.0905
1969000 93.0897
1970000 93.0897
1971000 93.089
1972000 93.0892
1973000 93.0889
1974000 93.0886
1975000 93.0892
1976000 93.0894
1977000 93.0899
1978000 93.0898
1979000 93.0899
1980000 93.0895
1981000 93.0895
1982000 93.0896
1983000 93.0894
1984000 93.0895
1985000 93.0909
1986000 93.0922
1987000 93.0925
1988000 93.0927
1989000 93.0928
1990000 93.0937
1991000 93.0932
1992000 93.0923
1993000 93.0912
1994000 93.0904
1995000 93.0903
1996000 93.0905
1997000 93.0905
1998000 93.0897
1999000 93.0898
2000000 93.0909
2001000 93.0901
2002000 93.0901
2003000 93.0888
2004000 93.0897
2005000 93.0892
2006000 93.0901
2007000 93.0893
2008000 93.0888
2009000 93.0888
2010000 93.0883
2011000 93.0888
2012000 93.0885
2013000 93.0877
2014000 93.0878
2015000 93.0878
2016000 93.0879
2017000 93.0876
2018000 93.0864
2019000 93.0866
2020000 93.086
2021000 93.0865
2022000 93.0865
2023000 93.0859
2024000 93.0853
2025000 93.0857
2026000 93.0861
2027000 93.0858
2028000 93.0854
2029000 93.0854
2030000 93.0855
2031000 93.0853
2032000 93.0843
2033000 93.085
2034000 93.0856
2035000 93.0848
2036000 93.0848
2037000 93.0845
2038000 93.0849
2039000 93.085
2040000 93.0847
2041000 93.0842
2042000 93.0846
2043000 93.085
2044000 93.0851
2045000 93.0849
2046000 93.0845
2047000 93.0843
2048000 93.0845
2049000 93.0847
2050000 93.0853
2051000 93.0852
2052000 93.0849
2053000 93.0859
2054000 93.086
2055000 93.0861
2056000 93.0873
2057000 93.0879
2058000 93.0875
2059000 93.0878
2060000 93.0877
2061000 93.0878
2062000 93.0882
2063000 93.0888
2064000 93.0895
2065000 93.0903
2066000 93.0909
2067000 93.0909
2068000 93.0915
2069000 93.0914
2070000 93.0913
2071000 93.0912
2072000 93.0909
2073000 93.09
2074000 93.0903
2075000 93.0903
2076000 93.0898
2077000 93.0896
2078000 93.0897
2079000 93.0892
2080000 93.0891
2081000 93.0893
2082000 93.0891
2083000 93.0896
2084000 93.0889
2085000 93.0898
2086000 93.0895
2087000 93.0899
2088000 93.0894
2089000 93.0891
2090000 93.0892
2091000 93.0888
2092000 93.0894
2093000 93.0894
2094000 93.0887
2095000 93.0885
2096000 93.0889
2097000 93.0876
2098000 93.0871
2099000 93.0863
2100000 93.0863
2101000 93.0861
2102000 93.085
2103000 93.0852
2104000 93.0856
2105000 93.0861
2106000 93.0858
2107000 93.0859
2108000 93.0866
2109000 93.0859
2110000 93.0854
2111000 93.0843
2112000 93.0843
2113000 93.0847
2114000 93.0848
2115000 93.0847
2116000 93.0841
2117000 93.0846
2118000 93.0847
2119000 93.0848
2120000 93.0843
2121000 93.0834
2122000 93.0827
2123000 93.0825
2124000 93.0822
2125000 93.0826
2126000 93.0825
2127000 93.082
2128000 93.0828
2129000 93.0829
2130000 93.0823
2131000 93.082
2132000 93.0816
2133000 93.0818
2134000 93.0822
2135000 93.081
2136000 93.0817
2137000 93.0817
2138000 93.082
2139000 93.0823
2140000 93.0824
2141000 93.0827
2142000 93.0818
2143000 93.0822
2144000 93.0826
2145000 93.082
2146000 93.0825
2147000 93.0825
2148000 93.0822
2149000 93.0827
2150000 93.0824
2151000 93.0817
2152000 93.0814
2153000 93.0812
2154000 93.0815
2155000 93.0814
2156000 93.0809
2157000 93.0815
2158000 93.0823
2159000 93.0828
2160000 93.0825
2161000 93.0831
2162000 93.0831
2163000 93.0821
2164000 93.0819
2165000 93.082
2166000 93.0815
2167000 93.0818
2168000 93.0818
2169000 93.0816
2170000 93.0822
2171000 93.0826
2172000 93.0826
2173000 93.0828
2174000 93.0836
2175000 93.0841
2176000 93.0837
2177000 93.0839
2178000 93.0833
2179000 93.083
2180000 93.0826
2181000 93.082
2182000 93.0823
2183000 93.0826
2184000 93.0818
2185000 93.0811
2186000 93.081
2187000 93.0814
2188000 93.0805
2189000 93.0795
2190000 93.0796
2191000 93.0784
2192000 93.0783
2193000 93.0787
2194000 93.0788
2195000 93.0787
2196000 93.0789
2197000 93.0783
2198000 93.0782
2199000 93.0787
2200000 93.0783
