# Time-averaged data for fix energyrun
# TimeStep v_U
202000 -8.63225
203000 -8.52318
204000 -8.55102
205000 -8.84654
206000 -9.00183
207000 -8.97878
208000 -9.01268
209000 -8.96678
210000 -9.02958
211000 -9.06965
212000 -9.14721
213000 -9.23517
214000 -9.25876
215000 -9.30394
216000 -9.31585
217000 -9.31532
218000 -9.33216
219000 -9.36276
220000 -9.39432
221000 -9.41885
222000 -9.42468
223000 -9.44816
224000 -9.45336
225000 -9.42565
226000 -9.41041
227000 -9.40279
228000 -9.40468
229000 -9.4003
230000 -9.39842
231000 -9.42437
232000 -9.47335
233000 -9.51823
234000 -9.5728
235000 -9.60802
236000 -9.6271
237000 -9.63884
238000 -9.6464
239000 -9.65137
240000 -9.62815
241000 -9.61187
242000 -9.59574
243000 -9.58059
244000 -9.57033
245000 -9.56038
246000 -9.54538
247000 -9.52714
248000 -9.50804
249000 -9.49366
250000 -9.49268
251000 -9.4929
252000 -9.49054
253000 -9.47711
254000 -9.45343
255000 -9.43885
256000 -9.43347
257000 -9.43022
258000 -9.43005
259000 -9.43196
260000 -9.42691
261000 -9.42676
262000 -9.41495
263000 -9.41355
264000 -9.41371
265000 -9.40219
266000 -9.39787
267000 -9.41
268000 -9.41872
269000 -9.4262
270000 -9.41727
271000 -9.41567
272000 -9.40242
273000 -9.38921
274000 -9.37571
275000 -9.36091
276000 -9.3572
277000 -9.35111
278000 -9.34756
279000 -9.34609
280000 -9.34671
281000 -9.35455
282000 -9.36317
283000 -9.37069
284000 -9.37323
285000 -9.37516
286000 -9.37935
287000 -9.38108
288000 -9.38285
289000 -9.38565
290000 -9.38557
291000 -9.38361
292000 -9.38333
293000 -9.37995
294000 -9.3738
295000 -9.38711
296000 -9.39257
297000 -9.40073
298000 -9.42124
299000 -9.44344
300000 -9.46157
301000 -9.46868
302000 -9.48045
303000 -9.49685
304000 -9.5123
305000 -9.52033
306000 -9.52422
307000 -9.52482
308000 -9.52561
309000 -9.53016
310000 -9.5353
311000 -9.53896
312000 -9.54097
313000 -9.54704
314000 -9.54792
315000 -9.55247
316000 -9.55386
317000 -9.55741
318000 -9.56139
319000 -9.56308
320000 -9.56808
321000 -9.57392
322000 -9.5848
323000 -9.58962
324000 -9.60139
325000 -9.61366
326000 -9.62369
327000 -9.63148
328000 -9.64145
329000 -9.64937
330000 -9.65472
331000 -9.65808
332000 -9.66338
333000 -9.66568
334000 -9.66637
335000 -9.67051
336000 -9.68044
337000 -9.68956
338000 -9.70102
339000 -9.71015
340000 -9.71852
341000 -9.72462
342000 -9.73534
343000 -9.74126
344000 -9.74777
345000 -9.75136
346000 -9.75046
347000 -9.74949
348000 -9.75013
349000 -9.75004
350000 -9.74932
351000 -9.74977
352000 -9.74724
353000 -9.74426
354000 -9.74033
355000 -9.73822
356000 -9.73638
357000 -9.73397
358000 -9.73121
359000 -9.7284
360000 -9.72847
361000 -9.7327
362000 -9.73567
363000 -9.7386
364000 -9.74091
365000 -9.73715
366000 -9.73838
367000 -9.73856
368000 -9.73928
369000 -9.73658
370000 -9.73
371000 -9.7269
372000 -9.7276
373000 -9.72577
374000 -9.72585
375000 -9.72647
376000 -9.727
377000 -9.72402
378000 -9.72177
379000 -9.71985
380000 -9.72039
381000 -9.72498
382000 -9.7247
383000 -9.72329
384000 -9.72168
385000 -9.72246
386000 -9.72268
387000 -9.7226
388000 -9.72632
389000 -9.73219
390000 -9.73341
391000 -9.73612
392000 -9.73854
393000 -9.7467
394000 -9.75486
395000 -9.76161
396000 -9.76301
397000 -9.7613
398000 -9.76337
399000 -9.76737
400000 -9.77269
401000 -9.77214
402000 -9.77343
403000 -9.7713
404000 -9.7671
405000 -9.76217
406000 -9.75698
407000 -9.75279
408000 -9.74885
409000 -9.74865
410000 -9.74429
411000 -9.73984
412000 -9.73864
413000 -9.74033
414000 -9.74088
415000 -9.74045
416000 -9.73872
417000 -9.73714
418000 -9.73498
419000 -9.73083
420000 -9.72646
421000 -9.72857
422000 -9.72862
423000 -9.72878
424000 -9.72722
425000 -9.72591
426000 -9.7259
427000 -9.72504
428000 -9.72678
429000 -9.72869
430000 -9.73315
431000 -9.73517
432000 -9.73402
433000 -9.73293
434000 -9.7312
435000 -9.73172
436000 -9.7302
437000 -9.73034
438000 -9.73085
439000 -9.73207
440000 -9.73233
441000 -9.73211
442000 -9.72993
443000 -9.72743
444000 -9.72843
445000 -9.72999
446000 -9.73109
447000 -9.73043
448000 -9.7324
449000 -9.73184
450000 -9.73092
451000 -9.72979
452000 -9.73149
453000 -9.73051
454000 -9.72814
455000 -9.72736
456000 -9.72806
457000 -9.7312
458000 -9.73358
459000 -9.73501
460000 -9.73526
461000 -9.73497
462000 -9.73548
463000 -9.73449
464000 -9.73587
465000 -9.73795
466000 -9.74039
467000 -9.74189
468000 -9.74277
469000 -9.74096
470000 -9.74112
471000 -9.74269
472000 -9.74354
473000 -9.74509
474000 -9.74834
475000 -9.75201
476000 -9.75591
477000 -9.76048
478000 -9.76329
479000 -9.76668
480000 -9.76696
481000 -9.76883
482000 -9.77034
483000 -9.77248
484000 -9.77489
485000 -9.77587
486000 -9.77887
487000 -9.78269
488000 -9.78675
489000 -9.78967
490000 -9.79077
491000 -9.79295
492000 -9.79344
493000 -9.79201
494000 -9.79065
495000 -9.79053
496000 -9.78849
497000 -9.7866
498000 -9.78634
499000 -9.78599
500000 -9.78526
501000 -9.78592
502000 -9.78371
503000 -9.7819
504000 -9.78062
505000 -9.77887
506000 -9.77678
507000 -9.77406
508000 -9.77083
509000 -9.76854
510000 -9.76745
511000 -9.76718
512000 -9.76612
513000 -9.76489
514000 -9.76501
515000 -9.76613
516000 -9.76622
517000 -9.7663
518000 -9.76645
519000 -9.76527
520000 -9.76271
521000 -9.76044
522000 -9.75923
523000 -9.75958
524000 -9.75657
525000 -9.75224
526000 -9.74884
527000 -9.74819
528000 -9.74938
529000 -9.74634
530000 -9.74325
531000 -9.7366
532000 -9.72999
533000 -9.72205
534000 -9.7169
535000 -9.71238
536000 -9.70822
537000 -9.70448
538000 -9.7016
539000 -9.70031
540000 -9.69907
541000 -9.69917
542000 -9.69488
543000 -9.69131
544000 -9.68787
545000 -9.68499
546000 -9.68188
547000 -9.67768
548000 -9.67526
549000 -9.67495
550000 -9.67503
551000 -9.67588
552000 -9.67886
553000 -9.68107
554000 -9.68249
555000 -9.68259
556000 -9.68264
557000 -9.68218
558000 -9.68053
559000 -9.67955
560000 -9.67745
561000 -9.67461
562000 -9.67372
563000 -9.67312
564000 -9.67181
565000 -9.67143
566000 -9.66932
567000 -9.67047
568000 -9.67219
569000 -9.67329
570000 -9.67539
571000 -9.67724
572000 -9.68078
573000 -9.68219
574000 -9.68538
575000 -9.68868
576000 -9.6929
577000 -9.69663
578000 -9.70087
579000 -9.70408
580000 -9.70827
581000 -9.71052
582000 -9.71169
583000 -9.71251
584000 -9.7112
585000 -9.70988
586000 -9.71026
587000 -9.70841
588000 -9.70715
589000 -9.70528
590000 -9.70288
591000 -9.70267
592000 -9.70422
593000 -9.70447
594000 -9.70453
595000 -9.70422
596000 -9.70188
597000 -9.69809
598000 -9.69363
599000 -9.6905
600000 -9.68785
601000 -9.68539
602000 -9.68335
603000 -9.68039
604000 -9.67667
605000 -9.67294
606000 -9.67111
607000 -9.66863
608000 -9.66803
609000 -9.6667
610000 -9.66494
611000 -9.66413
612000 -9.6641
613000 -9.66212
614000 -9.66258
615000 -9.66277
616000 -9.66408
617000 -9.66419
618000 -9.66493
619000 -9.66588
620000 -9.66829
621000 -9.66869
622000 -9.67007
623000 -9.66991
624000 -9.66903
625000 -9.66952
626000 -9.66987
627000 -9.67043
628000 -9.67077
629000 -9.67115
630000 -9.67148
631000 -9.66987
632000 -9.66786
633000 -9.66652
634000 -9.66563
635000 -9.66394
636000 -9.66169
637000 -9.66006
638000 -9.65936
639000 -9.65763
640000 -9.65397
641000 -9.65186
642000 -9.65021
643000 -9.649
644000 -9.64789
645000 -9.6471
646000 -9.64637
647000 -9.64497
648000 -9.64275
649000 -9.63965
650000 -9.63595
651000 -9.63278
652000 -9.63078
653000 -9.62905
654000 -9.62847
655000 -9.62702
656000 -9.62603
657000 -9.62558
658000 -9.62665
659000 -9.62654
660000 -9.62749
661000 -9.62825
662000 -9.62752
663000 -9.62603
664000 -9.62602
665000 -9.62569
666000 -9.62521
667000 -9.62588
668000 -9.62633
669000 -9.62814
670000 -9.63108
671000 -9.63228
672000 -9.63404
673000 -9.63592
674000 -9.63889
675000 -9.64141
676000 -9.64406
677000 -9.6461
678000 -9.64768
679000 -9.65071
680000 -9.65345
681000 -9.65648
682000 -9.66068
683000 -9.66372
684000 -9.66691
685000 -9.67109
686000 -9.67531
687000 -9.67753
688000 -9.68116
689000 -9.68516
690000 -9.6869
691000 -9.68905
692000 -9.69015
693000 -9.69092
694000 -9.69109
695000 -9.69063
696000 -9.69234
697000 -9.69396
698000 -9.69584
699000 -9.69745
700000 -9.69945
701000 -9.70269
702000 -9.70554
703000 -9.70945
704000 -9.71322
705000 -9.71607
706000 -9.71885
707000 -9.71952
708000 -9.72041
709000 -9.7202
710000 -9.72016
711000 -9.72233
712000 -9.72351
713000 -9.7239
714000 -9.72573
715000 -9.72754
716000 -9.72923
717000 -9.73057
718000 -9.73228
719000 -9.73395
720000 -9.7361
721000 -9.73733
722000 -9.73891
723000 -9.74024
724000 -9.74262
725000 -9.74356
726000 -9.74534
727000 -9.74677
728000 -9.74791
729000 -9.74894
730000 -9.75012
731000 -9.75059
732000 -9.7514
733000 -9.75363
734000 -9.75579
735000 -9.75727
736000 -9.75991
737000 -9.76257
738000 -9.76488
739000 -9.76654
740000 -9.76689
741000 -9.76542
742000 -9.76395
743000 -9.7624
744000 -9.75994
745000 -9.75826
746000 -9.75828
747000 -9.75883
748000 -9.76087
749000 -9.76272
750000 -9.76465
751000 -9.76647
752000 -9.76754
753000 -9.76729
754000 -9.7667
755000 -9.76521
756000 -9.76445
757000 -9.76231
758000 -9.76012
759000 -9.75957
760000 -9.75842
761000 -9.75762
762000 -9.75847
763000 -9.7589
764000 -9.75883
765000 -9.75889
766000 -9.75907
767000 -9.7594
768000 -9.75974
769000 -9.75984
770000 -9.75974
771000 -9.75793
772000 -9.75637
773000 -9.75587
774000 -9.75432
775000 -9.75254
776000 -9.75004
777000 -9.74718
778000 -9.74509
779000 -9.74261
780000 -9.74118
781000 -9.74061
782000 -9.74021
783000 -9.74044
784000 -9.74044
785000 -9.73977
786000 -9.73986
787000 -9.74067
788000 -9.74001
789000 -9.73908
790000 -9.73823
791000 -9.73772
792000 -9.73592
793000 -9.73402
794000 -9.7325
795000 -9.73099
796000 -9.73042
797000 -9.72909
798000 -9.72785
799000 -9.72628
800000 -9.72543
801000 -9.72455
802000 -9.72456
803000 -9.72517
804000 -9.72514
805000 -9.72397
806000 -9.72369
807000 -9.72167
808000 -9.7204
809000 -9.7191
810000 -9.7173
811000 -9.71626
812000 -9.71525
813000 -9.71374
814000 -9.71355
815000 -9.71262
816000 -9.71226
817000 -9.71134
818000 -9.71022
819000 -9.70838
820000 -9.7059
821000 -9.7028
822000 -9.70059
823000 -9.69962
824000 -9.69909
825000 -9.69792
826000 -9.696
827000 -9.69429
828000 -9.69346
829000 -9.69267
830000 -9.69122
831000 -9.68884
832000 -9.68784
833000 -9.68579
834000 -9.68375
835000 -9.68285
836000 -9.68169
837000 -9.68066
838000 -9.68023
839000 -9.68019
840000 -9.68033
841000 -9.6806
842000 -9.68067
843000 -9.68131
844000 -9.68174
845000 -9.68297
846000 -9.68428
847000 -9.68496
848000 -9.68633
849000 -9.68877
850000 -9.69124
851000 -9.69297
852000 -9.69315
853000 -9.69265
854000 -9.692
855000 -9.69166
856000 -9.69096
857000 -9.69014
858000 -9.68941
859000 -9.68908
860000 -9.68875
861000 -9.68898
862000 -9.68964
863000 -9.68966
864000 -9.69073
865000 -9.69132
866000 -9.69221
867000 -9.69326
868000 -9.69436
869000 -9.69536
870000 -9.6961
871000 -9.69681
872000 -9.69714
873000 -9.69618
874000 -9.69524
875000 -9.69398
876000 -9.69281
877000 -9.69157
878000 -9.69057
879000 -9.6907
880000 -9.69123
881000 -9.69113
882000 -9.6914
883000 -9.69144
884000 -9.69153
885000 -9.69299
886000 -9.69429
887000 -9.69571
888000 -9.69591
889000 -9.6952
890000 -9.69424
891000 -9.69352
892000 -9.69295
893000 -9.69154
894000 -9.68985
895000 -9.68873
896000 -9.68769
897000 -9.68647
898000 -9.68422
899000 -9.68307
900000 -9.68149
901000 -9.68063
902000 -9.67917
903000 -9.67688
904000 -9.67539
905000 -9.67323
906000 -9.67066
907000 -9.66832
908000 -9.666
909000 -9.66501
910000 -9.66386
911000 -9.66267
912000 -9.66176
913000 -9.66101
914000 -9.66011
915000 -9.6601
916000 -9.66026
917000 -9.66048
918000 -9.6597
919000 -9.65901
920000 -9.65864
921000 -9.65936
922000 -9.65972
923000 -9.66079
924000 -9.66112
925000 -9.66153
926000 -9.66159
927000 -9.66227
928000 -9.66162
929000 -9.66002
930000 -9.65888
931000 -9.65926
932000 -9.6593
933000 -9.65943
934000 -9.65978
935000 -9.65971
936000 -9.65993
937000 -9.65973
938000 -9.6593
939000 -9.65953
940000 -9.65971
941000 -9.66028
942000 -9.66075
943000 -9.66184
944000 -9.6632
945000 -9.66401
946000 -9.66437
947000 -9.66495
948000 -9.66492
949000 -9.66527
950000 -9.66543
951000 -9.66499
952000 -9.66452
953000 -9.66495
954000 -9.66447
955000 -9.66356
956000 -9.66304
957000 -9.66329
958000 -9.66353
959000 -9.66454
960000 -9.66466
961000 -9.6633
962000 -9.66119
963000 -9.65986
964000 -9.65903
965000 -9.6586
966000 -9.65891
967000 -9.65817
968000 -9.6575
969000 -9.65742
970000 -9.65802
971000 -9.65809
972000 -9.65724
973000 -9.65628
974000 -9.65598
975000 -9.65575
976000 -9.65461
977000 -9.65407
978000 -9.65382
979000 -9.65423
980000 -9.65445
981000 -9.65497
982000 -9.65621
983000 -9.65727
984000 -9.65837
985000 -9.66026
986000 -9.66153
987000 -9.66209
988000 -9.66223
989000 -9.66278
990000 -9.6632
991000 -9.66377
992000 -9.66439
993000 -9.66525
994000 -9.66575
995000 -9.66617
996000 -9.66598
997000 -9.66425
998000 -9.66206
999000 -9.65983
1000000 -9.65806
1001000 -9.65733
1002000 -9.65676
1003000 -9.6558
1004000 -9.65527
1005000 -9.65511
1006000 -9.65342
1007000 -9.65311
1008000 -9.6532
1009000 -9.65341
1010000 -9.65316
1011000 -9.65289
1012000 -9.65162
1013000 -9.65148
1014000 -9.65135
1015000 -9.6512
1016000 -9.65083
1017000 -9.65113
1018000 -9.65096
1019000 -9.65007
1020000 -9.64867
1021000 -9.64777
1022000 -9.64706
1023000 -9.64549
1024000 -9.64466
1025000 -9.64353
1026000 -9.64329
1027000 -9.64256
1028000 -9.6414
1029000 -9.64072
1030000 -9.63994
1031000 -9.63824
1032000 -9.63734
1033000 -9.63656
1034000 -9.6358
1035000 -9.6349
1036000 -9.63405
1037000 -9.63384
1038000 -9.63383
1039000 -9.63374
1040000 -9.63333
1041000 -9.63259
1042000 -9.63138
1043000 -9.63068
1044000 -9.63077
1045000 -9.63074
1046000 -9.63136
1047000 -9.63095
1048000 -9.63075
1049000 -9.63021
1050000 -9.63031
1051000 -9.63145
1052000 -9.63361
1053000 -9.6351
1054000 -9.6369
1055000 -9.6392
1056000 -9.64101
1057000 -9.64294
1058000 -9.64493
1059000 -9.64683
1060000 -9.64924
1061000 -9.65154
1062000 -9.65294
1063000 -9.65383
1064000 -9.65522
1065000 -9.65614
1066000 -9.6568
1067000 -9.65784
1068000 -9.65802
1069000 -9.65787
1070000 -9.65803
1071000 -9.65768
1072000 -9.65743
1073000 -9.65612
1074000 -9.65588
1075000 -9.6562
1076000 -9.6565
1077000 -9.65623
1078000 -9.65522
1079000 -9.65492
1080000 -9.65432
1081000 -9.65344
1082000 -9.65312
1083000 -9.65263
1084000 -9.65228
1085000 -9.65204
1086000 -9.65151
1087000 -9.65069
1088000 -9.64982
1089000 -9.64839
1090000 -9.64627
1091000 -9.64444
1092000 -9.64284
1093000 -9.64204
1094000 -9.64063
1095000 -9.63902
1096000 -9.63831
1097000 -9.63744
1098000 -9.63702
1099000 -9.63681
1100000 -9.63636
1101000 -9.63564
1102000 -9.63438
1103000 -9.6337
1104000 -9.63335
1105000 -9.63262
1106000 -9.6326
1107000 -9.63269
1108000 -9.63308
1109000 -9.63275
1110000 -9.63294
1111000 -9.63355
1112000 -9.63487
1113000 -9.63636
1114000 -9.6377
1115000 -9.63867
1116000 -9.63961
1117000 -9.64069
1118000 -9.64148
1119000 -9.64247
1120000 -9.64358
1121000 -9.64518
1122000 -9.64663
1123000 -9.64831
1124000 -9.64929
1125000 -9.64985
1126000 -9.65044
1127000 -9.65194
1128000 -9.65345
1129000 -9.65442
1130000 -9.65518
1131000 -9.6552
1132000 -9.65545
1133000 -9.65648
1134000 -9.65601
1135000 -9.65495
1136000 -9.65496
1137000 -9.65554
1138000 -9.65677
1139000 -9.65801
1140000 -9.65877
1141000 -9.65898
1142000 -9.65975
1143000 -9.66103
1144000 -9.66186
1145000 -9.66267
1146000 -9.66363
1147000 -9.6642
1148000 -9.66481
1149000 -9.66544
1150000 -9.66604
1151000 -9.666
1152000 -9.66561
1153000 -9.66537
1154000 -9.66567
1155000 -9.66575
1156000 -9.66545
1157000 -9.66533
1158000 -9.66607
1159000 -9.6667
1160000 -9.66728
1161000 -9.66879
1162000 -9.66971
1163000 -9.67087
1164000 -9.67139
1165000 -9.67206
1166000 -9.67344
1167000 -9.67496
1168000 -9.67594
1169000 -9.67715
1170000 -9.67789
1171000 -9.6788
1172000 -9.679
1173000 -9.67951
1174000 -9.67982
1175000 -9.68026
1176000 -9.68009
1177000 -9.6793
1178000 -9.67875
1179000 -9.67842
1180000 -9.6781
1181000 -9.67789
1182000 -9.67791
1183000 -9.67815
1184000 -9.67899
1185000 -9.67937
1186000 -9.68004
1187000 -9.6807
1188000 -9.68124
1189000 -9.68233
1190000 -9.68299
1191000 -9.68296
1192000 -9.68241
1193000 -9.68311
1194000 -9.68304
1195000 -9.68329
1196000 -9.68372
1197000 -9.68399
1198000 -9.68346
1199000 -9.68336
1200000 -9.68415
1201000 -9.68435
1202000 -9.68398
1203000 -9.68441
1204000 -9.6849
1205000 -9.68396
1206000 -9.68323
1207000 -9.68226
1208000 -9.68165
1209000 -9.6813
1210000 -9.68157
1211000 -9.68257
1212000 -9.68294
1213000 -9.68278
1214000 -9.68245
1215000 -9.68291
1216000 -9.68272
1217000 -9.68215
1218000 -9.68229
1219000 -9.68157
1220000 -9.68057
1221000 -9.67939
1222000 -9.67866
1223000 -9.67824
1224000 -9.67825
1225000 -9.67858
1226000 -9.67876
1227000 -9.67864
1228000 -9.67835
1229000 -9.678
1230000 -9.67767
1231000 -9.67703
1232000 -9.67626
1233000 -9.67538
1234000 -9.67442
1235000 -9.6745
1236000 -9.67428
1237000 -9.67369
1238000 -9.67303
1239000 -9.6719
1240000 -9.67065
1241000 -9.67031
1242000 -9.66925
1243000 -9.66798
1244000 -9.6671
1245000 -9.6654
1246000 -9.66453
1247000 -9.66345
1248000 -9.66277
1249000 -9.66221
1250000 -9.66155
1251000 -9.66075
1252000 -9.65984
1253000 -9.65867
1254000 -9.65675
1255000 -9.65557
1256000 -9.65408
1257000 -9.65272
1258000 -9.6515
1259000 -9.65007
1260000 -9.64885
1261000 -9.64799
1262000 -9.64797
1263000 -9.64736
1264000 -9.64703
1265000 -9.64632
1266000 -9.64564
1267000 -9.6445
1268000 -9.64372
1269000 -9.64306
1270000 -9.64237
1271000 -9.64189
1272000 -9.64086
1273000 -9.63936
1274000 -9.63835
1275000 -9.63736
1276000 -9.63679
1277000 -9.63674
1278000 -9.6362
1279000 -9.63602
1280000 -9.63557
1281000 -9.63535
1282000 -9.63519
1283000 -9.63526
1284000 -9.63522
1285000 -9.63492
1286000 -9.63404
1287000 -9.63374
1288000 -9.63344
1289000 -9.6327
1290000 -9.63207
1291000 -9.6312
1292000 -9.63066
1293000 -9.62966
1294000 -9.62915
1295000 -9.62836
1296000 -9.62707
1297000 -9.62483
1298000 -9.62306
1299000 -9.62133
1300000 -9.61934
1301000 -9.61851
1302000 -9.61742
1303000 -9.61632
1304000 -9.61561
1305000 -9.61549
1306000 -9.61509
1307000 -9.61469
1308000 -9.61415
1309000 -9.61299
1310000 -9.6125
1311000 -9.61226
1312000 -9.61187
1313000 -9.61202
1314000 -9.61156
1315000 -9.61111
1316000 -9.61029
1317000 -9.60997
1318000 -9.60982
1319000 -9.60972
1320000 -9.61001
1321000 -9.60913
1322000 -9.60895
1323000 -9.60856
1324000 -9.60798
1325000 -9.60737
1326000 -9.6069
1327000 -9.60642
1328000 -9.60638
1329000 -9.60599
1330000 -9.6058
1331000 -9.60527
1332000 -9.60497
1333000 -9.60417
1334000 -9.60398
1335000 -9.60355
1336000 -9.60307
1337000 -9.60234
1338000 -9.60132
1339000 -9.60031
1340000 -9.59951
1341000 -9.59878
1342000 -9.59778
1343000 -9.59675
1344000 -9.59673
1345000 -9.59599
1346000 -9.59578
1347000 -9.59505
1348000 -9.595
1349000 -9.59523
1350000 -9.59526
1351000 -9.59507
1352000 -9.5943
1353000 -9.59347
1354000 -9.59249
1355000 -9.59151
1356000 -9.5905
1357000 -9.58949
1358000 -9.58819
1359000 -9.58696
1360000 -9.58583
1361000 -9.58533
1362000 -9.5846
1363000 -9.58385
1364000 -9.58357
1365000 -9.58314
1366000 -9.58237
1367000 -9.58117
1368000 -9.57973
1369000 -9.57889
1370000 -9.57783
1371000 -9.57771
1372000 -9.57785
1373000 -9.57743
1374000 -9.57675
1375000 -9.57598
1376000 -9.57585
1377000 -9.57561
1378000 -9.57517
1379000 -9.57448
1380000 -9.5742
1381000 -9.57371
1382000 -9.57309
1383000 -9.57242
1384000 -9.57172
1385000 -9.57168
1386000 -9.57135
1387000 -9.57061
1388000 -9.57064
1389000 -9.57072
1390000 -9.57069
1391000 -9.57083
1392000 -9.57065
1393000 -9.57043
1394000 -9.57015
1395000 -9.5691
1396000 -9.56797
1397000 -9.56691
1398000 -9.56566
1399000 -9.56435
1400000 -9.5626
1401000 -9.5611
1402000 -9.55947
1403000 -9.55844
1404000 -9.55679
1405000 -9.55523
1406000 -9.5535
1407000 -9.55196
1408000 -9.55008
1409000 -9.54839
1410000 -9.54683
1411000 -9.5453
1412000 -9.54398
1413000 -9.5425
1414000 -9.54047
1415000 -9.53878
1416000 -9.53695
1417000 -9.5355
1418000 -9.53454
1419000 -9.53354
1420000 -9.53316
1421000 -9.53225
1422000 -9.53142
1423000 -9.53032
1424000 -9.5289
1425000 -9.528
1426000 -9.5271
1427000 -9.52714
1428000 -9.52733
1429000 -9.52749
1430000 -9.52758
1431000 -9.52773
1432000 -9.52729
1433000 -9.52658
1434000 -9.52579
1435000 -9.52512
1436000 -9.52421
1437000 -9.5236
1438000 -9.52344
1439000 -9.52268
1440000 -9.5224
1441000 -9.52288
1442000 -9.52281
1443000 -9.52281
1444000 -9.52364
1445000 -9.52339
1446000 -9.52312
1447000 -9.52339
1448000 -9.52337
1449000 -9.52372
1450000 -9.52423
1451000 -9.52498
1452000 -9.52565
1453000 -9.52616
1454000 -9.527
1455000 -9.52754
1456000 -9.52758
1457000 -9.5281
1458000 -9.52872
1459000 -9.52925
1460000 -9.52981
1461000 -9.53032
1462000 -9.53123
1463000 -9.5323
1464000 -9.53385
1465000 -9.53474
1466000 -9.53528
1467000 -9.53619
1468000 -9.53727
1469000 -9.53882
1470000 -9.53998
1471000 -9.54069
1472000 -9.54155
1473000 -9.54244
1474000 -9.5437
1475000 -9.54482
1476000 -9.54561
1477000 -9.5461
1478000 -9.54569
1479000 -9.54505
1480000 -9.54421
1481000 -9.54348
1482000 -9.5428
1483000 -9.54214
1484000 -9.54155
1485000 -9.5412
1486000 -9.54161
1487000 -9.54234
1488000 -9.54241
1489000 -9.54207
1490000 -9.54176
1491000 -9.54181
1492000 -9.54136
1493000 -9.54102
1494000 -9.54065
1495000 -9.5409
1496000 -9.54112
1497000 -9.5416
1498000 -9.54182
1499000 -9.54154
1500000 -9.54203
1501000 -9.54296
1502000 -9.54363
1503000 -9.54418
1504000 -9.54422
1505000 -9.54443
1506000 -9.54463
1507000 -9.5448
1508000 -9.54517
1509000 -9.54554
1510000 -9.54577
1511000 -9.54514
1512000 -9.5443
1513000 -9.54429
1514000 -9.5437
1515000 -9.54313
1516000 -9.54331
1517000 -9.54287
1518000 -9.54266
1519000 -9.54188
1520000 -9.54079
1521000 -9.54011
1522000 -9.53955
1523000 -9.53992
1524000 -9.54035
1525000 -9.54017
1526000 -9.54039
1527000 -9.54083
1528000 -9.54126
1529000 -9.54114
1530000 -9.54088
1531000 -9.54072
1532000 -9.54066
1533000 -9.54076
1534000 -9.54092
1535000 -9.54105
1536000 -9.54142
1537000 -9.54163
1538000 -9.54141
1539000 -9.54128
1540000 -9.54153
1541000 -9.54174
1542000 -9.54166
1543000 -9.54076
1544000 -9.54002
1545000 -9.53917
1546000 -9.53848
1547000 -9.53775
1548000 -9.53698
1549000 -9.53618
1550000 -9.53584
1551000 -9.53491
1552000 -9.53386
1553000 -9.53329
1554000 -9.53284
1555000 -9.53265
1556000 -9.53208
1557000 -9.53146
1558000 -9.53076
1559000 -9.53041
1560000 -9.53017
1561000 -9.53016
1562000 -9.52988
1563000 -9.52949
1564000 -9.52886
1565000 -9.52787
1566000 -9.52696
1567000 -9.52618
1568000 -9.52601
1569000 -9.52584
1570000 -9.52558
1571000 -9.5249
1572000 -9.52393
1573000 -9.5229
1574000 -9.52237
1575000 -9.52163
1576000 -9.52089
1577000 -9.52042
1578000 -9.51996
1579000 -9.51943
1580000 -9.51907
1581000 -9.51878
1582000 -9.51868
1583000 -9.51833
1584000 -9.51801
1585000 -9.51779
1586000 -9.51771
1587000 -9.51779
1588000 -9.51771
1589000 -9.51803
1590000 -9.51779
1591000 -9.51794
1592000 -9.51811
1593000 -9.51777
1594000 -9.5172
1595000 -9.51645
1596000 -9.51612
1597000 -9.51583
1598000 -9.515
1599000 -9.51483
1600000 -9.5143
1601000 -9.51389
1602000 -9.51366
1603000 -9.51346
1604000 -9.51346
1605000 -9.51341
1606000 -9.5131
1607000 -9.51265
1608000 -9.51264
1609000 -9.51254
1610000 -9.51216
1611000 -9.51172
1612000 -9.51139
1613000 -9.51118
1614000 -9.51127
1615000 -9.51148
1616000 -9.5114
1617000 -9.51083
1618000 -9.51053
1619000 -9.51022
1620000 -9.5101
1621000 -9.50991
1622000 -9.50939
1623000 -9.50909
1624000 -9.50936
1625000 -9.50935
1626000 -9.50932
1627000 -9.50958
1628000 -9.50946
1629000 -9.50968
1630000 -9.51011
1631000 -9.51058
1632000 -9.51094
1633000 -9.51168
1634000 -9.5119
1635000 -9.51225
1636000 -9.51252
1637000 -9.51253
1638000 -9.51261
1639000 -9.51258
1640000 -9.51235
1641000 -9.51209
1642000 -9.51205
1643000 -9.51191
1644000 -9.51224
1645000 -9.51265
1646000 -9.51288
1647000 -9.51307
1648000 -9.51286
1649000 -9.51262
1650000 -9.51284
1651000 -9.51298
1652000 -9.51337
1653000 -9.51394
1654000 -9.51458
1655000 -9.51487
1656000 -9.51527
1657000 -9.51566
1658000 -9.51596
1659000 -9.51656
1660000 -9.51698
1661000 -9.51701
1662000 -9.51731
1663000 -9.517
1664000 -9.51694
1665000 -9.51684
1666000 -9.51645
1667000 -9.51638
1668000 -9.5161
1669000 -9.51588
1670000 -9.51567
1671000 -9.51588
1672000 -9.51571
1673000 -9.5158
1674000 -9.5153
1675000 -9.51521
1676000 -9.5149
1677000 -9.51486
1678000 -9.51507
1679000 -9.51514
1680000 -9.51528
1681000 -9.51527
1682000 -9.51506
1683000 -9.51462
1684000 -9.51425
1685000 -9.5142
1686000 -9.51468
1687000 -9.51448
1688000 -9.51458
1689000 -9.51452
1690000 -9.51444
1691000 -9.514
1692000 -9.51415
1693000 -9.51424
1694000 -9.51495
1695000 -9.51587
1696000 -9.51668
1697000 -9.51764
1698000 -9.51795
1699000 -9.51805
1700000 -9.518
1701000 -9.5182
1702000 -9.51867
1703000 -9.51873
1704000 -9.5184
1705000 -9.51845
1706000 -9.51832
1707000 -9.5184
1708000 -9.51868
1709000 -9.51878
1710000 -9.51901
1711000 -9.51904
1712000 -9.51919
1713000 -9.51956
1714000 -9.51938
1715000 -9.51965
1716000 -9.51964
1717000 -9.51918
1718000 -9.51871
1719000 -9.51854
1720000 -9.5184
1721000 -9.51798
1722000 -9.51768
1723000 -9.51771
1724000 -9.51815
1725000 -9.5183
1726000 -9.51831
1727000 -9.51832
1728000 -9.5181
1729000 -9.51796
1730000 -9.51762
1731000 -9.51773
1732000 -9.51805
1733000 -9.51818
1734000 -9.51824
1735000 -9.5185
1736000 -9.51948
1737000 -9.5206
1738000 -9.52103
1739000 -9.52159
1740000 -9.52213
1741000 -9.52225
1742000 -9.52236
1743000 -9.52241
1744000 -9.52234
1745000 -9.52221
1746000 -9.52173
1747000 -9.52151
1748000 -9.52114
1749000 -9.52118
1750000 -9.52104
1751000 -9.52103
1752000 -9.52105
1753000 -9.52083
1754000 -9.52045
1755000 -9.51987
1756000 -9.51944
1757000 -9.51914
1758000 -9.51891
1759000 -9.51849
1760000 -9.51842
1761000 -9.51823
1762000 -9.51814
1763000 -9.5178
1764000 -9.5176
1765000 -9.51745
1766000 -9.51701
1767000 -9.51652
1768000 -9.51621
1769000 -9.5164
1770000 -9.51623
1771000 -9.51632
1772000 -9.51615
1773000 -9.51571
1774000 -9.51454
1775000 -9.51357
1776000 -9.51262
1777000 -9.51183
1778000 -9.51062
1779000 -9.50958
1780000 -9.50829
1781000 -9.50727
1782000 -9.50669
1783000 -9.50676
1784000 -9.50687
1785000 -9.50739
1786000 -9.50728
1787000 -9.50724
1788000 -9.50741
1789000 -9.50788
1790000 -9.50821
1791000 -9.50838
1792000 -9.50781
1793000 -9.5074
1794000 -9.50714
1795000 -9.50753
1796000 -9.50781
1797000 -9.50808
1798000 -9.50857
1799000 -9.5087
1800000 -9.50855
1801000 -9.50821
1802000 -9.5077
1803000 -9.50707
1804000 -9.50668
1805000 -9.50629
1806000 -9.5061
1807000 -9.50566
1808000 -9.50492
1809000 -9.50404
1810000 -9.50358
1811000 -9.50399
1812000 -9.504
1813000 -9.50385
1814000 -9.50331
1815000 -9.50319
1816000 -9.50304
1817000 -9.50295
1818000 -9.50326
1819000 -9.50339
1820000 -9.50323
1821000 -9.50326
1822000 -9.50365
1823000 -9.50351
1824000 -9.50309
1825000 -9.50316
1826000 -9.50356
1827000 -9.50385
1828000 -9.50399
1829000 -9.50445
1830000 -9.50467
1831000 -9.50493
1832000 -9.5046
1833000 -9.5043
1834000 -9.50407
1835000 -9.50415
1836000 -9.5045
1837000 -9.50456
1838000 -9.50398
1839000 -9.50343
1840000 -9.50263
1841000 -9.50257
1842000 -9.50273
1843000 -9.50259
1844000 -9.50299
1845000 -9.50346
1846000 -9.50361
1847000 -9.50394
1848000 -9.50403
1849000 -9.50405
1850000 -9.50418
1851000 -9.50423
1852000 -9.50418
1853000 -9.50406
1854000 -9.50418
1855000 -9.50395
1856000 -9.50349
1857000 -9.50302
1858000 -9.50251
1859000 -9.50206
1860000 -9.50142
1861000 -9.50105
1862000 -9.50052
1863000 -9.49999
1864000 -9.49969
1865000 -9.49966
1866000 -9.49997
1867000 -9.50018
1868000 -9.50054
1869000 -9.50095
1870000 -9.50088
1871000 -9.50106
1872000 -9.50069
1873000 -9.50004
1874000 -9.49938
1875000 -9.49903
1876000 -9.49877
1877000 -9.49913
1878000 -9.49911
1879000 -9.49892
1880000 -9.49833
1881000 -9.49788
1882000 -9.49745
1883000 -9.49737
1884000 -9.49736
1885000 -9.4977
1886000 -9.49789
1887000 -9.49821
1888000 -9.49819
1889000 -9.49805
1890000 -9.49777
1891000 -9.4972
1892000 -9.49664
1893000 -9.49621
1894000 -9.49542
1895000 -9.4947
1896000 -9.49398
1897000 -9.49352
1898000 -9.49304
1899000 -9.49297
1900000 -9.49262
1901000 -9.49223
1902000 -9.49177
1903000 -9.49093
1904000 -9.49045
1905000 -9.49001
1906000 -9.4896
1907000 -9.48937
1908000 -9.48902
1909000 -9.48925
1910000 -9.48936
1911000 -9.48915
1912000 -9.4893
1913000 -9.48952
1914000 -9.48977
1915000 -9.48961
1916000 -9.48931
1917000 -9.48943
1918000 -9.48964
1919000 -9.49
1920000 -9.49041
1921000 -9.49112
1922000 -9.49197
1923000 -9.49227
1924000 -9.49253
1925000 -9.4925
1926000 -9.49272
1927000 -9.49252
1928000 -9.49246
1929000 -9.49265
1930000 -9.49213
1931000 -9.49171
1932000 -9.49153
1933000 -9.49095
1934000 -9.49067
1935000 -9.49061
1936000 -9.4903
1937000 -9.48973
1938000 -9.48959
1939000 -9.48957
1940000 -9.48985
1941000 -9.49027
1942000 -9.49055
1943000 -9.4908
1944000 -9.49108
1945000 -9.49157
1946000 -9.49209
1947000 -9.49264
1948000 -9.49298
1949000 -9.49373
1950000 -9.49412
1951000 -9.49443
1952000 -9.49438
1953000 -9.49441
1954000 -9.49423
1955000 -9.49398
1956000 -9.49368
1957000 -9.49375
1958000 -9.49391
1959000 -9.49424
1960000 -9.49449
1961000 -9.49487
1962000 -9.49502
1963000 -9.49516
1964000 -9.49516
1965000 -9.49474
1966000 -9.49475
1967000 -9.49526
1968000 -9.49533
1969000 -9.49516
1970000 -9.49452
1971000 -9.49404
1972000 -9.4941
1973000 -9.49417
1974000 -9.49421
1975000 -9.49426
1976000 -9.49407
1977000 -9.49433
1978000 -9.49459
1979000 -9.49493
1980000 -9.49547
1981000 -9.49607
1982000 -9.49661
1983000 -9.49719
1984000 -9.49779
1985000 -9.49867
1986000 -9.49929
1987000 -9.49956
1988000 -9.49994
1989000 -9.50066
1990000 -9.50142
1991000 -9.50242
1992000 -9.50348
1993000 -9.50415
1994000 -9.50486
1995000 -9.50572
1996000 -9.50665
1997000 -9.50737
1998000 -9.50827
1999000 -9.50915
2000000 -9.50988
2001000 -9.51047
2002000 -9.51078
2003000 -9.51101
2004000 -9.51102
2005000 -9.51133
2006000 -9.51139
2007000 -9.51133
2008000 -9.51143
2009000 -9.51159
2010000 -9.51156
2011000 -9.51169
2012000 -9.51226
2013000 -9.51242
2014000 -9.51266
2015000 -9.51292
2016000 -9.51311
2017000 -9.51331
2018000 -9.51385
2019000 -9.5144
2020000 -9.51527
2021000 -9.51609
2022000 -9.51722
2023000 -9.51854
2024000 -9.51983
2025000 -9.52095
2026000 -9.52155
2027000 -9.52181
2028000 -9.52192
2029000 -9.52155
2030000 -9.52137
2031000 -9.52149
2032000 -9.52169
2033000 -9.52228
2034000 -9.52252
2035000 -9.52319
2036000 -9.52375
2037000 -9.52433
2038000 -9.52518
2039000 -9.52609
2040000 -9.52718
2041000 -9.52831
2042000 -9.52902
2043000 -9.5296
2044000 -9.52958
2045000 -9.53014
2046000 -9.53087
2047000 -9.53135
2048000 -9.53155
2049000 -9.53151
2050000 -9.53115
2051000 -9.53042
2052000 -9.5297
2053000 -9.5289
2054000 -9.52829
2055000 -9.5278
2056000 -9.52763
2057000 -9.52714
2058000 -9.52665
2059000 -9.52654
2060000 -9.52638
2061000 -9.52614
2062000 -9.5259
2063000 -9.52552
2064000 -9.52525
2065000 -9.52497
2066000 -9.52435
2067000 -9.52352
2068000 -9.52324
2069000 -9.523
2070000 -9.52283
2071000 -9.52264
2072000 -9.52233
2073000 -9.52183
2074000 -9.52128
2075000 -9.52118
2076000 -9.52128
2077000 -9.52134
2078000 -9.5212
2079000 -9.52111
2080000 -9.52116
2081000 -9.52142
2082000 -9.52137
2083000 -9.52127
2084000 -9.52133
2085000 -9.52171
2086000 -9.52231
2087000 -9.52253
2088000 -9.5229
2089000 -9.52259
2090000 -9.52254
2091000 -9.52216
2092000 -9.52163
2093000 -9.52137
2094000 -9.52079
2095000 -9.52033
2096000 -9.52013
2097000 -9.52009
2098000 -9.51969
2099000 -9.51924
2100000 -9.51904
2101000 -9.51891
2102000 -9.51897
2103000 -9.51902
2104000 -9.51938
2105000 -9.51963
2106000 -9.51947
2107000 -9.51986
2108000 -9.52046
2109000 -9.52088
2110000 -9.52108
2111000 -9.5214
2112000 -9.52198
2113000 -9.52257
2114000 -9.52302
2115000 -9.52329
2116000 -9.52389
2117000 -9.52397
2118000 -9.52404
2119000 -9.52416
2120000 -9.52427
2121000 -9.52409
2122000 -9.52388
2123000 -9.52362
2124000 -9.52311
2125000 -9.52274
2126000 -9.5223
2127000 -9.52171
2128000 -9.52125
2129000 -9.52077
2130000 -9.52012
2131000 -9.51942
2132000 -9.51907
2133000 -9.51866
2134000 -9.51826
2135000 -9.51802
2136000 -9.51752
2137000 -9.51726
2138000 -9.51699
2139000 -9.51697
2140000 -9.51721
2141000 -9.5176
2142000 -9.51803
2143000 -9.51793
2144000 -9.51803
2145000 -9.51849
2146000 -9.51873
2147000 -9.51878
2148000 -9.51868
2149000 -9.51888
2150000 -9.51928
2151000 -9.51946
2152000 -9.52004
2153000 -9.52036
2154000 -9.5207
2155000 -9.52112
2156000 -9.52152
2157000 -9.52186
2158000 -9.52206
2159000 -9.52237
2160000 -9.52285
2161000 -9.52304
2162000 -9.52289
2163000 -9.52228
2164000 -9.52218
2165000 -9.52199
2166000 -9.52189
2167000 -9.52194
2168000 -9.52216
2169000 -9.5225
2170000 -9.52257
2171000 -9.52292
2172000 -9.52311
2173000 -9.52295
2174000 -9.52305
2175000 -9.52327
2176000 -9.52397
2177000 -9.52453
2178000 -9.52493
2179000 -9.52497
2180000 -9.52506
2181000 -9.52518
2182000 -9.52541
2183000 -9.52552
2184000 -9.5259
2185000 -9.52617
2186000 -9.52638
2187000 -9.52706
2188000 -9.52784
2189000 -9.52828
2190000 -9.5289
2191000 -9.52921
2192000 -9.52944
2193000 -9.5298
2194000 -9.53003
2195000 -9.53041
2196000 -9.53068
2197000 -9.53072
2198000 -9.53103
2199000 -9.53133
2200000 -9.53214
2201000 -9.53277
