# Time-averaged data for fix pressrun
# TimeStep v_P
202000 55.9308
203000 57.7958
204000 56.8777
205000 57.1055
206000 57.5108
207000 57.2806
208000 57.4123
209000 57.733
210000 57.7795
211000 57.0004
212000 57.3606
213000 57.7046
214000 58.2303
215000 58.4013
216000 58.4427
217000 58.0295
218000 57.6012
219000 57.4577
220000 57.5751
221000 57.5252
222000 57.5687
223000 57.3473
224000 57.7895
225000 57.5578
226000 57.3956
227000 57.3572
228000 57.2664
229000 57.1245
230000 57.1636
231000 57.1469
232000 57.0632
233000 57.5109
234000 57.79
235000 57.8285
236000 57.6563
237000 57.6089
238000 57.517
239000 57.7189
240000 57.6774
241000 57.7281
242000 57.8417
243000 58.1789
244000 58.2975
245000 58.1263
246000 58.0221
247000 57.9295
248000 57.875
249000 58.0602
250000 58.2666
251000 58.2589
252000 58.0414
253000 57.9737
254000 57.8471
255000 57.7526
256000 57.6622
257000 57.6714
258000 57.7322
259000 57.8414
260000 57.8457
261000 57.7774
262000 57.5827
263000 57.6001
264000 57.5318
265000 57.5228
266000 57.5373
267000 57.5022
268000 57.6241
269000 57.7116
270000 57.858
271000 57.9359
272000 57.8708
273000 57.7753
274000 57.7167
275000 57.6752
276000 57.7143
277000 57.8612
278000 57.7378
279000 57.6891
280000 57.7952
281000 57.9017
282000 57.9099
283000 57.8924
284000 57.7934
285000 57.9335
286000 57.9584
287000 57.8418
288000 57.7861
289000 57.7661
290000 57.7073
291000 57.7402
292000 57.7621
293000 57.7755
294000 57.754
295000 57.7564
296000 57.6785
297000 57.7542
298000 57.7631
299000 57.8374
300000 57.8239
301000 57.861
302000 57.8523
303000 57.8434
304000 57.8571
305000 57.8316
306000 57.7844
307000 57.7561
308000 57.7607
309000 57.7518
310000 57.6959
311000 57.7375
312000 57.7527
313000 57.8032
314000 57.8103
315000 57.7479
316000 57.7141
317000 57.7586
318000 57.7935
319000 57.7904
320000 57.8172
321000 57.9588
322000 57.9103
323000 57.9037
324000 57.8998
325000 57.8437
326000 57.8481
327000 57.8054
328000 57.8097
329000 57.8089
330000 57.8483
331000 57.9097
332000 57.841
333000 57.8495
334000 57.9448
335000 57.9444
336000 57.9862
337000 57.9848
338000 57.9901
339000 57.9582
340000 58.0214
341000 57.9998
342000 57.9529
343000 57.9808
344000 58.032
345000 58.0297
346000 58.0505
347000 57.9465
348000 57.9573
349000 57.9205
350000 57.9401
351000 57.9051
352000 57.9529
353000 57.973
354000 57.9571
355000 57.9158
356000 57.8926
357000 57.9166
358000 57.9165
359000 57.9554
360000 57.9733
361000 57.9113
362000 57.8812
363000 57.8912
364000 57.9727
365000 57.9687
366000 57.9622
367000 57.9325
368000 57.9522
369000 57.9429
370000 57.8909
371000 57.8882
372000 57.9049
373000 57.9034
374000 57.9246
375000 57.9201
376000 57.9628
377000 57.9711
378000 57.9932
379000 57.967
380000 58.0229
381000 58.0407
382000 58.009
383000 58.0494
384000 58.0589
385000 58.046
386000 58.0449
387000 58.0546
388000 58.1035
389000 58.0792
390000 58.0683
391000 58.0715
392000 58.14
393000 58.1334
394000 58.1144
395000 58.0458
396000 57.9725
397000 57.9461
398000 57.8932
399000 57.8871
400000 57.8871
401000 57.8856
402000 57.8966
403000 57.8701
404000 57.8851
405000 57.8968
406000 57.8959
407000 57.9201
408000 57.9138
409000 57.8783
410000 57.8597
411000 57.8799
412000 57.8964
413000 57.8922
414000 57.8541
415000 57.8277
416000 57.8638
417000 57.8325
418000 57.8477
419000 57.8427
420000 57.9108
421000 57.9278
422000 57.9115
423000 57.9684
424000 57.9521
425000 57.952
426000 57.9499
427000 57.9262
428000 57.8507
429000 57.8662
430000 57.8552
431000 57.8633
432000 57.8518
433000 57.875
434000 57.8508
435000 57.8705
436000 57.8869
437000 57.8622
438000 57.8758
439000 57.8853
440000 57.8884
441000 57.8873
442000 57.9244
443000 57.9516
444000 57.964
445000 57.9216
446000 57.8848
447000 57.9111
448000 57.8824
449000 57.9004
450000 57.8764
451000 57.8874
452000 57.8829
453000 57.8339
454000 57.8281
455000 57.8053
456000 57.7606
457000 57.8062
458000 57.8511
459000 57.8677
460000 57.8538
461000 57.8342
462000 57.8151
463000 57.8254
464000 57.8398
465000 57.8213
466000 57.8255
467000 57.8307
468000 57.8171
469000 57.8557
470000 57.8221
471000 57.7857
472000 57.8023
473000 57.8262
474000 57.8533
475000 57.8565
476000 57.876
477000 57.9185
478000 57.9353
479000 57.9453
480000 57.9419
481000 57.9635
482000 57.9647
483000 57.967
484000 57.9455
485000 57.9507
486000 57.9198
487000 57.9199
488000 57.9219
489000 57.9209
490000 57.9355
491000 57.9585
492000 57.9439
493000 57.9448
494000 57.9667
495000 57.9524
496000 57.9782
497000 57.9783
498000 57.967
499000 57.9402
500000 57.9168
501000 57.9537
502000 57.98
503000 57.951
504000 57.9423
505000 57.9492
506000 57.935
507000 57.9329
508000 57.9307
509000 57.9306
510000 57.921
511000 57.9051
512000 57.9218
513000 57.9379
514000 57.9286
515000 57.934
516000 57.9502
517000 57.9418
518000 57.9139
519000 57.9161
520000 57.8961
521000 57.9098
522000 57.958
523000 57.9551
524000 57.9562
525000 57.9588
526000 57.9489
527000 57.9415
528000 57.9491
529000 57.9344
530000 57.943
531000 57.9343
532000 57.9387
533000 57.9514
534000 57.9284
535000 57.95
536000 57.9648
537000 57.9864
538000 57.9808
539000 57.9755
540000 57.9949
541000 58.0236
542000 58.018
543000 58.0103
544000 58.0041
545000 57.9708
546000 57.9696
547000 57.9729
548000 57.9617
549000 57.9682
550000 57.9895
551000 58.0071
552000 58.0018
553000 57.992
554000 58.029
555000 58.0233
556000 58.0187
557000 58.0006
558000 58.0254
559000 57.9813
560000 57.9765
561000 57.9664
562000 57.9594
563000 57.9716
564000 57.9815
565000 57.9746
566000 57.9759
567000 57.9714
568000 57.9759
569000 57.9945
570000 57.9795
571000 57.9946
572000 58.0012
573000 57.9682
574000 57.9683
575000 57.9652
576000 57.9785
577000 57.9487
578000 57.9525
579000 57.9967
580000 57.9985
581000 57.9846
582000 57.9814
583000 57.9903
584000 57.9986
585000 58.0015
586000 57.9997
587000 58.0027
588000 57.9992
589000 57.9865
590000 57.9873
591000 57.992
592000 57.9884
593000 58.003
594000 58.022
595000 58.0189
596000 57.9985
597000 58.0058
598000 57.9978
599000 58.0003
600000 58.0242
601000 58.0608
602000 58.0517
603000 58.041
604000 58.0333
605000 58.0385
606000 58.0393
607000 58.0456
608000 58.0221
609000 58.0232
610000 57.9979
611000 57.9785
612000 57.9643
613000 57.9457
614000 57.942
615000 57.9513
616000 57.9304
617000 57.9366
618000 57.9504
619000 57.9658
620000 57.9887
621000 57.9809
622000 57.9924
623000 57.9848
624000 57.997
625000 57.9936
626000 57.9882
627000 57.979
628000 57.9654
629000 57.9828
630000 57.9882
631000 58.0025
632000 58.0109
633000 58.0313
634000 58.0252
635000 58.0223
636000 58.0455
637000 58.0461
638000 58.0235
639000 58.0359
640000 58.0418
641000 58.0249
642000 58.0326
643000 58.0451
644000 58.0387
645000 58.0335
646000 58.0526
647000 58.0596
648000 58.0882
649000 58.0964
650000 58.1088
651000 58.089
652000 58.0892
653000 58.1184
654000 58.1165
655000 58.1319
656000 58.1243
657000 58.1072
658000 58.1167
659000 58.134
660000 58.1191
661000 58.1174
662000 58.1151
663000 58.1168
664000 58.102
665000 58.108
666000 58.1281
667000 58.1339
668000 58.1297
669000 58.1125
670000 58.0896
671000 58.109
672000 58.0977
673000 58.0844
674000 58.1006
675000 58.0879
676000 58.0679
677000 58.0575
678000 58.0547
679000 58.0737
680000 58.0987
681000 58.0802
682000 58.0778
683000 58.0882
684000 58.0811
685000 58.0932
686000 58.1016
687000 58.1145
688000 58.103
689000 58.1116
690000 58.1103
691000 58.1205
692000 58.0912
693000 58.0926
694000 58.113
695000 58.1099
696000 58.1148
697000 58.1065
698000 58.0982
699000 58.089
700000 58.0987
701000 58.0855
702000 58.0823
703000 58.1124
704000 58.124
705000 58.1253
706000 58.1136
707000 58.1303
708000 58.1254
709000 58.1069
710000 58.0905
711000 58.0895
712000 58.0786
713000 58.0858
714000 58.078
715000 58.0832
716000 58.0903
717000 58.0705
718000 58.0678
719000 58.067
720000 58.0558
721000 58.0375
722000 58.0362
723000 58.0248
724000 58.0399
725000 58.0577
726000 58.0654
727000 58.055
728000 58.0605
729000 58.0446
730000 58.0548
731000 58.0633
732000 58.0604
733000 58.0751
734000 58.0702
735000 58.0653
736000 58.069
737000 58.0815
738000 58.0996
739000 58.0998
740000 58.0757
741000 58.0896
742000 58.1073
743000 58.0788
744000 58.0956
745000 58.1025
746000 58.0789
747000 58.0716
748000 58.0841
749000 58.0733
750000 58.0684
751000 58.0829
752000 58.0858
753000 58.0837
754000 58.061
755000 58.0542
756000 58.048
757000 58.0552
758000 58.0495
759000 58.0361
760000 58.0087
761000 58.0273
762000 58.0276
763000 58.0233
764000 58.0407
765000 58.0298
766000 58.0348
767000 58.0439
768000 58.0503
769000 58.0384
770000 58.0387
771000 58.0415
772000 58.0379
773000 58.0355
774000 58.0483
775000 58.0461
776000 58.0505
777000 58.0499
778000 58.044
779000 58.0432
780000 58.0324
781000 58.0289
782000 58.024
783000 58.0123
784000 58.0057
785000 58.005
786000 58.0103
787000 57.9924
788000 57.9917
789000 57.9998
790000 57.9943
791000 58.0078
792000 57.9953
793000 57.9985
794000 57.9919
795000 57.9917
796000 57.9893
797000 58.0029
798000 57.9902
799000 57.9785
800000 57.9656
801000 57.9747
802000 57.9569
803000 57.9562
804000 57.9647
805000 57.9642
806000 57.97
807000 57.9589
808000 57.9558
809000 57.9405
810000 57.9487
811000 57.9524
812000 57.9644
813000 57.9624
814000 57.9609
815000 57.9824
816000 57.9741
817000 57.982
818000 57.9952
819000 57.9855
820000 57.9731
821000 57.9755
822000 57.9837
823000 57.9782
824000 57.9835
825000 57.9876
826000 57.9962
827000 57.9923
828000 57.9999
829000 57.9974
830000 57.9831
831000 57.9791
832000 57.9696
833000 57.9979
834000 57.9993
835000 58.0135
836000 58.0119
837000 58.0211
838000 58.0343
839000 58.0295
840000 58.024
841000 58.0323
842000 58.031
843000 58.0286
844000 58.0117
845000 58.0193
846000 58.0165
847000 58.0318
848000 58.0265
849000 58.0361
850000 58.0444
851000 58.0407
852000 58.0394
853000 58.0301
854000 58.0282
855000 58.0216
856000 58.0208
857000 58.0274
858000 58.0331
859000 58.0109
860000 58.0244
861000 58.0314
862000 58.0408
863000 58.0421
864000 58.037
865000 58.0399
866000 58.0424
867000 58.0392
868000 58.0452
869000 58.0468
870000 58.0462
871000 58.0394
872000 58.0409
873000 58.0421
874000 58.035
875000 58.0265
876000 58.0248
877000 58.0243
878000 58.022
879000 58.0273
880000 58.0222
881000 58.012
882000 58.0131
883000 58.015
884000 58.0231
885000 58.0277
886000 58.0226
887000 58.0261
888000 58.0384
889000 58.0461
890000 58.0375
891000 58.043
892000 58.0434
893000 58.0551
894000 58.0492
895000 58.0446
896000 58.0705
897000 58.0809
898000 58.0823
899000 58.0955
900000 58.0887
901000 58.0945
902000 58.0972
903000 58.1052
904000 58.1087
905000 58.1119
906000 58.1149
907000 58.1083
908000 58.1094
909000 58.112
910000 58.1235
911000 58.1246
912000 58.1413
913000 58.124
914000 58.1273
915000 58.1112
916000 58.1092
917000 58.1191
918000 58.1275
919000 58.1224
920000 58.1263
921000 58.1239
922000 58.1355
923000 58.1329
924000 58.1338
925000 58.1323
926000 58.1251
927000 58.1281
928000 58.1084
929000 58.1117
930000 58.0979
931000 58.0876
932000 58.0847
933000 58.0857
934000 58.0915
935000 58.1101
936000 58.1193
937000 58.1098
938000 58.1136
939000 58.1155
940000 58.1122
941000 58.1019
942000 58.0981
943000 58.0911
944000 58.0797
945000 58.0949
946000 58.0809
947000 58.0675
948000 58.0622
949000 58.0713
950000 58.0766
951000 58.0697
952000 58.0622
953000 58.0682
954000 58.0648
955000 58.0601
956000 58.0653
957000 58.0749
958000 58.0904
959000 58.0823
960000 58.0843
961000 58.0772
962000 58.0799
963000 58.0768
964000 58.0681
965000 58.074
966000 58.0887
967000 58.0955
968000 58.0763
969000 58.0707
970000 58.0643
971000 58.0728
972000 58.0719
973000 58.0653
974000 58.0609
975000 58.0692
976000 58.0754
977000 58.0816
978000 58.0735
979000 58.0775
980000 58.0765
981000 58.0805
982000 58.0765
983000 58.0687
984000 58.0665
985000 58.0729
986000 58.0772
987000 58.0777
988000 58.0783
989000 58.0573
990000 58.0572
991000 58.0494
992000 58.0501
993000 58.0467
994000 58.0432
995000 58.0442
996000 58.0391
997000 58.046
998000 58.0473
999000 58.0473
1000000 58.0432
1001000 58.038
1002000 58.0438
1003000 58.0429
1004000 58.0547
1005000 58.0473
1006000 58.0387
1007000 58.0367
1008000 58.0463
1009000 58.0435
1010000 58.0616
1011000 58.0502
1012000 58.057
1013000 58.0512
1014000 58.0452
1015000 58.0518
1016000 58.0494
1017000 58.0407
1018000 58.047
1019000 58.0484
1020000 58.0504
1021000 58.0391
1022000 58.0311
1023000 58.029
1024000 58.0223
1025000 58.0272
1026000 58.0269
1027000 58.0147
1028000 58.013
1029000 58.0148
1030000 58.0144
1031000 58.0055
1032000 58.0018
1033000 58.0145
1034000 58.0165
1035000 58.0071
1036000 58.0218
1037000 58.0199
1038000 58.0222
1039000 58.0217
1040000 58.0191
1041000 58.009
1042000 58.0021
1043000 58.0087
1044000 58.008
1045000 58.0205
1046000 58.0071
1047000 58.0048
1048000 58.0006
1049000 58.0099
1050000 58.0144
1051000 58.0317
1052000 58.028
1053000 58.0304
1054000 58.0441
1055000 58.0374
1056000 58.0456
1057000 58.0542
1058000 58.0623
1059000 58.0584
1060000 58.0654
1061000 58.0663
1062000 58.0664
1063000 58.0641
1064000 58.0593
1065000 58.0514
1066000 58.0605
1067000 58.0574
1068000 58.0563
1069000 58.0571
1070000 58.0604
1071000 58.0581
1072000 58.0564
1073000 58.05
1074000 58.0475
1075000 58.0492
1076000 58.0453
1077000 58.0404
1078000 58.0381
1079000 58.0484
1080000 58.0395
1081000 58.0327
1082000 58.0223
1083000 58.027
1084000 58.0234
1085000 58.0313
1086000 58.0304
1087000 58.0351
1088000 58.0376
1089000 58.0411
1090000 58.0442
1091000 58.0471
1092000 58.0566
1093000 58.0444
1094000 58.0356
1095000 58.0396
1096000 58.035
1097000 58.031
1098000 58.0241
1099000 58.0137
1100000 58.0128
1101000 58.0199
1102000 58.0176
1103000 58.0154
1104000 58.0225
1105000 58.0298
1106000 58.0279
1107000 58.023
1108000 58.0252
1109000 58.0317
1110000 58.0394
1111000 58.0475
1112000 58.0415
1113000 58.052
1114000 58.0502
1115000 58.0389
1116000 58.04
1117000 58.0358
1118000 58.0392
1119000 58.0389
1120000 58.0371
1121000 58.0332
1122000 58.0297
1123000 58.0218
1124000 58.0303
1125000 58.0246
1126000 58.0265
1127000 58.0266
1128000 58.0301
1129000 58.0317
1130000 58.0332
1131000 58.0305
1132000 58.0225
1133000 58.0229
1134000 58.0212
1135000 58.0178
1136000 58.0235
1137000 58.0303
1138000 58.0223
1139000 58.0261
1140000 58.0226
1141000 58.0199
1142000 58.0263
1143000 58.0312
1144000 58.0333
1145000 58.0385
1146000 58.0388
1147000 58.0246
1148000 58.024
1149000 58.0174
1150000 58.0218
1151000 58.0125
1152000 58.0084
1153000 58.0025
1154000 58.0081
1155000 58.0027
1156000 58.0105
1157000 58.0106
1158000 58.0067
1159000 57.9967
1160000 58.0044
1161000 58.0047
1162000 58.0122
1163000 58.005
1164000 58.0105
1165000 58.0077
1166000 58.0027
1167000 58.0029
1168000 58.0054
1169000 58.0142
1170000 58.0233
1171000 58.0202
1172000 58.0242
1173000 58.0174
1174000 58.0181
1175000 58.0098
1176000 58.013
1177000 58.018
1178000 58.0248
1179000 58.0327
1180000 58.0388
1181000 58.029
1182000 58.0272
1183000 58.0337
1184000 58.0442
1185000 58.0394
1186000 58.0432
1187000 58.0389
1188000 58.0445
1189000 58.0483
1190000 58.0504
1191000 58.0542
1192000 58.0559
1193000 58.0517
1194000 58.0606
1195000 58.054
1196000 58.054
1197000 58.0497
1198000 58.0525
1199000 58.0628
1200000 58.0656
1201000 58.0638
1202000 58.0556
1203000 58.0622
1204000 58.0616
1205000 58.06
1206000 58.0472
1207000 58.0469
1208000 58.0553
1209000 58.0494
1210000 58.049
1211000 58.0507
1212000 58.0573
1213000 58.0607
1214000 58.0659
1215000 58.0641
1216000 58.0539
1217000 58.0597
1218000 58.0634
1219000 58.0634
1220000 58.0573
1221000 58.0644
1222000 58.0639
1223000 58.0728
1224000 58.0719
1225000 58.0725
1226000 58.0693
1227000 58.0721
1228000 58.0765
1229000 58.0717
1230000 58.076
1231000 58.0776
1232000 58.0711
1233000 58.0684
1234000 58.0657
1235000 58.074
1236000 58.0711
1237000 58.0614
1238000 58.0617
1239000 58.0638
1240000 58.0617
1241000 58.0535
1242000 58.0546
1243000 58.0546
1244000 58.0571
1245000 58.0599
1246000 58.0646
1247000 58.0717
1248000 58.0717
1249000 58.0663
1250000 58.0631
1251000 58.0575
1252000 58.0635
1253000 58.0578
1254000 58.0561
1255000 58.0529
1256000 58.0474
1257000 58.0478
1258000 58.0544
1259000 58.0621
1260000 58.0623
1261000 58.0627
1262000 58.0691
1263000 58.0718
1264000 58.0662
1265000 58.065
1266000 58.0745
1267000 58.0733
1268000 58.0718
1269000 58.0821
1270000 58.0975
1271000 58.1036
1272000 58.1031
1273000 58.108
1274000 58.0977
1275000 58.0987
1276000 58.1017
1277000 58.1011
1278000 58.0961
1279000 58.0885
1280000 58.0829
1281000 58.0865
1282000 58.0768
1283000 58.0808
1284000 58.0921
1285000 58.1115
1286000 58.113
1287000 58.1073
1288000 58.1056
1289000 58.1063
1290000 58.1068
1291000 58.108
1292000 58.1036
1293000 58.1063
1294000 58.1009
1295000 58.1043
1296000 58.1136
1297000 58.1092
1298000 58.1035
1299000 58.1013
1300000 58.1057
1301000 58.1014
1302000 58.1027
1303000 58.1016
1304000 58.1118
1305000 58.1231
1306000 58.1287
1307000 58.1273
1308000 58.1256
1309000 58.122
1310000 58.1285
1311000 58.1312
1312000 58.1353
1313000 58.1399
1314000 58.1458
1315000 58.1437
1316000 58.1484
1317000 58.1578
1318000 58.158
1319000 58.1625
1320000 58.1635
1321000 58.1803
1322000 58.1731
1323000 58.1745
1324000 58.1756
1325000 58.1791
1326000 58.1737
1327000 58.1741
1328000 58.1708
1329000 58.1721
1330000 58.1718
1331000 58.1766
1332000 58.1802
1333000 58.1829
1334000 58.1826
1335000 58.1853
1336000 58.1767
1337000 58.1814
1338000 58.1773
1339000 58.1735
1340000 58.1727
1341000 58.1707
1342000 58.1737
1343000 58.1687
1344000 58.1645
1345000 58.1668
1346000 58.1693
1347000 58.1626
1348000 58.1588
1349000 58.1591
1350000 58.1688
1351000 58.1705
1352000 58.1664
1353000 58.1759
1354000 58.1773
1355000 58.1766
1356000 58.1724
1357000 58.1727
1358000 58.1715
1359000 58.1734
1360000 58.1782
1361000 58.1814
1362000 58.1728
1363000 58.1803
1364000 58.1776
1365000 58.1705
1366000 58.1751
1367000 58.1764
1368000 58.1728
1369000 58.1716
1370000 58.1688
1371000 58.1834
1372000 58.1832
1373000 58.1777
1374000 58.1729
1375000 58.176
1376000 58.1823
1377000 58.1863
1378000 58.1856
1379000 58.1831
1380000 58.1859
1381000 58.1849
1382000 58.1874
1383000 58.1877
1384000 58.1943
1385000 58.1904
1386000 58.1972
1387000 58.187
1388000 58.1812
1389000 58.1749
1390000 58.1824
1391000 58.1783
1392000 58.1827
1393000 58.1815
1394000 58.176
1395000 58.1772
1396000 58.1758
1397000 58.1682
1398000 58.1668
1399000 58.1653
1400000 58.1588
1401000 58.161
1402000 58.1613
1403000 58.1638
1404000 58.1639
1405000 58.1699
1406000 58.1716
1407000 58.1731
1408000 58.1723
1409000 58.1679
1410000 58.1661
1411000 58.1709
1412000 58.1618
1413000 58.1654
1414000 58.1714
1415000 58.1699
1416000 58.1727
1417000 58.1692
1418000 58.1702
1419000 58.1858
1420000 58.1862
1421000 58.1895
1422000 58.1882
1423000 58.185
1424000 58.1854
1425000 58.1823
1426000 58.1821
1427000 58.1818
1428000 58.1808
1429000 58.1779
1430000 58.1862
1431000 58.18
1432000 58.1729
1433000 58.178
1434000 58.1751
1435000 58.1773
1436000 58.176
1437000 58.1797
1438000 58.1747
1439000 58.1715
1440000 58.1709
1441000 58.1772
1442000 58.1845
1443000 58.1839
1444000 58.1812
1445000 58.1867
1446000 58.1825
1447000 58.183
1448000 58.1925
1449000 58.1897
1450000 58.1972
1451000 58.1962
1452000 58.2017
1453000 58.1991
1454000 58.1965
1455000 58.1903
1456000 58.1794
1457000 58.1803
1458000 58.1751
1459000 58.1869
1460000 58.1795
1461000 58.172
1462000 58.1703
1463000 58.1665
1464000 58.1758
1465000 58.178
1466000 58.1732
1467000 58.173
1468000 58.1753
1469000 58.1759
1470000 58.1748
1471000 58.1806
1472000 58.1711
1473000 58.1698
1474000 58.1649
1475000 58.1675
1476000 58.1679
1477000 58.1664
1478000 58.1695
1479000 58.1747
1480000 58.1852
1481000 58.178
1482000 58.1822
1483000 58.1782
1484000 58.1837
1485000 58.1767
1486000 58.1775
1487000 58.1832
1488000 58.1837
1489000 58.1797
1490000 58.1771
1491000 58.1698
1492000 58.1679
1493000 58.1664
1494000 58.1695
1495000 58.1659
1496000 58.1541
1497000 58.1517
1498000 58.1541
1499000 58.153
1500000 58.1469
1501000 58.1365
1502000 58.1401
1503000 58.1391
1504000 58.138
1505000 58.1279
1506000 58.1277
1507000 58.1306
1508000 58.126
1509000 58.1339
1510000 58.1412
1511000 58.1416
1512000 58.1446
1513000 58.1337
1514000 58.1284
1515000 58.1258
1516000 58.1211
1517000 58.1242
1518000 58.1267
1519000 58.1194
1520000 58.1109
1521000 58.1073
1522000 58.1065
1523000 58.1082
1524000 58.1078
1525000 58.104
1526000 58.1027
1527000 58.1093
1528000 58.1094
1529000 58.1069
1530000 58.1099
1531000 58.117
1532000 58.117
1533000 58.1165
1534000 58.1173
1535000 58.1157
1536000 58.1114
1537000 58.1119
1538000 58.1102
1539000 58.1188
1540000 58.1212
1541000 58.1293
1542000 58.124
1543000 58.1239
1544000 58.1255
1545000 58.1196
1546000 58.123
1547000 58.1214
1548000 58.1098
1549000 58.113
1550000 58.1154
1551000 58.1192
1552000 58.1214
1553000 58.1183
1554000 58.1194
1555000 58.1184
1556000 58.1187
1557000 58.1194
1558000 58.1168
1559000 58.1146
1560000 58.1189
1561000 58.1227
1562000 58.119
1563000 58.1168
1564000 58.1193
1565000 58.1171
1566000 58.1208
1567000 58.1228
1568000 58.1198
1569000 58.125
1570000 58.1244
1571000 58.1227
1572000 58.1173
1573000 58.1151
1574000 58.1187
1575000 58.115
1576000 58.1208
1577000 58.1181
1578000 58.1178
1579000 58.1152
1580000 58.1161
1581000 58.1066
1582000 58.1063
1583000 58.1013
1584000 58.0956
1585000 58.1026
1586000 58.0993
1587000 58.0953
1588000 58.0928
1589000 58.0915
1590000 58.0971
1591000 58.0875
1592000 58.0954
1593000 58.0971
1594000 58.0972
1595000 58.1006
1596000 58.1
1597000 58.096
1598000 58.0978
1599000 58.099
1600000 58.1022
1601000 58.1039
1602000 58.107
1603000 58.1042
1604000 58.1011
1605000 58.1004
1606000 58.1015
1607000 58.1002
1608000 58.1033
1609000 58.0962
1610000 58.0906
1611000 58.0969
1612000 58.0971
1613000 58.1009
1614000 58.1037
1615000 58.1041
1616000 58.0999
1617000 58.1064
1618000 58.0999
1619000 58.094
1620000 58.0967
1621000 58.1027
1622000 58.1065
1623000 58.1035
1624000 58.1
1625000 58.1063
1626000 58.1013
1627000 58.1079
1628000 58.1148
1629000 58.1154
1630000 58.1177
1631000 58.1218
1632000 58.124
1633000 58.1281
1634000 58.132
1635000 58.1339
1636000 58.1307
1637000 58.1312
1638000 58.1341
1639000 58.1417
1640000 58.1437
1641000 58.1442
1642000 58.143
1643000 58.1398
1644000 58.1419
1645000 58.1422
1646000 58.143
1647000 58.1412
1648000 58.1393
1649000 58.1397
1650000 58.1466
1651000 58.1424
1652000 58.141
1653000 58.1521
1654000 58.1567
1655000 58.1602
1656000 58.1597
1657000 58.1587
1658000 58.1539
1659000 58.1583
1660000 58.1595
1661000 58.1607
1662000 58.1666
1663000 58.1635
1664000 58.1677
1665000 58.1621
1666000 58.1674
1667000 58.1673
1668000 58.169
1669000 58.1645
1670000 58.1645
1671000 58.1696
1672000 58.1708
1673000 58.1759
1674000 58.173
1675000 58.1674
1676000 58.1718
1677000 58.1679
1678000 58.1684
1679000 58.1732
1680000 58.1774
1681000 58.1821
1682000 58.1828
1683000 58.1827
1684000 58.179
1685000 58.1788
1686000 58.1785
1687000 58.176
1688000 58.1803
1689000 58.1888
1690000 58.189
1691000 58.1892
1692000 58.1893
1693000 58.1891
1694000 58.1968
1695000 58.1991
1696000 58.1956
1697000 58.1934
1698000 58.1909
1699000 58.1856
1700000 58.185
1701000 58.1848
1702000 58.1946
1703000 58.1904
1704000 58.1902
1705000 58.1789
1706000 58.1835
1707000 58.1808
1708000 58.1932
1709000 58.2006
1710000 58.197
1711000 58.2006
1712000 58.2032
1713000 58.2105
1714000 58.2144
1715000 58.2103
1716000 58.2134
1717000 58.2153
1718000 58.21
1719000 58.2006
1720000 58.2061
1721000 58.1982
1722000 58.2003
1723000 58.2063
1724000 58.1992
1725000 58.2028
1726000 58.2028
1727000 58.2023
1728000 58.2012
1729000 58.196
1730000 58.1978
1731000 58.2008
1732000 58.1915
1733000 58.1947
1734000 58.1873
1735000 58.1851
1736000 58.1843
1737000 58.1774
1738000 58.1824
1739000 58.1802
1740000 58.1778
1741000 58.1818
1742000 58.1746
1743000 58.1734
1744000 58.1754
1745000 58.1725
1746000 58.1715
1747000 58.172
1748000 58.1696
1749000 58.1723
1750000 58.1762
1751000 58.172
1752000 58.1723
1753000 58.1742
1754000 58.176
1755000 58.1766
1756000 58.1773
1757000 58.1749
1758000 58.1704
1759000 58.1685
1760000 58.1685
1761000 58.1732
1762000 58.1739
1763000 58.1712
1764000 58.1653
1765000 58.1673
1766000 58.1706
1767000 58.1787
1768000 58.1871
1769000 58.1861
1770000 58.1848
1771000 58.1851
1772000 58.1894
1773000 58.1949
1774000 58.1927
1775000 58.1978
1776000 58.1935
1777000 58.1949
1778000 58.1967
1779000 58.1956
1780000 58.1935
1781000 58.193
1782000 58.1914
1783000 58.1946
1784000 58.1906
1785000 58.1907
1786000 58.1901
1787000 58.1972
1788000 58.2009
1789000 58.195
1790000 58.1902
1791000 58.1824
1792000 58.1797
1793000 58.1743
1794000 58.1747
1795000 58.1697
1796000 58.1726
1797000 58.1783
1798000 58.1809
1799000 58.1847
1800000 58.1822
1801000 58.1816
1802000 58.1845
1803000 58.1888
1804000 58.1907
1805000 58.197
1806000 58.2028
1807000 58.2038
1808000 58.2014
1809000 58.1994
1810000 58.1994
1811000 58.195
1812000 58.193
1813000 58.1952
1814000 58.1994
1815000 58.1978
1816000 58.1998
1817000 58.1994
1818000 58.1996
1819000 58.2061
1820000 58.2029
1821000 58.2013
1822000 58.2066
1823000 58.2039
1824000 58.203
1825000 58.2027
1826000 58.2019
1827000 58.2071
1828000 58.2115
1829000 58.2138
1830000 58.2118
1831000 58.204
1832000 58.2014
1833000 58.1995
1834000 58.1931
1835000 58.192
1836000 58.1967
1837000 58.1941
1838000 58.1918
1839000 58.1854
1840000 58.1821
1841000 58.1801
1842000 58.182
1843000 58.1867
1844000 58.1859
1845000 58.1855
1846000 58.1854
1847000 58.1909
1848000 58.1903
1849000 58.1935
1850000 58.194
1851000 58.1888
1852000 58.1915
1853000 58.1894
1854000 58.1884
1855000 58.1868
1856000 58.1854
1857000 58.1811
1858000 58.1757
1859000 58.1766
1860000 58.1832
1861000 58.1842
1862000 58.1797
1863000 58.1831
1864000 58.1791
1865000 58.1817
1866000 58.176
1867000 58.1765
1868000 58.1809
1869000 58.1851
1870000 58.184
1871000 58.1829
1872000 58.1796
1873000 58.1766
1874000 58.1829
1875000 58.1751
1876000 58.1829
1877000 58.1864
1878000 58.1859
1879000 58.1835
1880000 58.1892
1881000 58.1894
1882000 58.1944
1883000 58.1956
1884000 58.1905
1885000 58.1941
1886000 58.1919
1887000 58.189
1888000 58.186
1889000 58.191
1890000 58.1928
1891000 58.1932
1892000 58.1935
1893000 58.1989
1894000 58.1951
1895000 58.2005
1896000 58.1988
1897000 58.1988
1898000 58.1986
1899000 58.1949
1900000 58.1961
1901000 58.1969
1902000 58.1954
1903000 58.1942
1904000 58.1954
1905000 58.1962
1906000 58.1963
1907000 58.1916
1908000 58.1997
1909000 58.1992
1910000 58.1977
1911000 58.1956
1912000 58.1984
1913000 58.1933
1914000 58.198
1915000 58.1908
1916000 58.1936
1917000 58.1928
1918000 58.1948
1919000 58.1952
1920000 58.2028
1921000 58.1969
1922000 58.198
1923000 58.1988
1924000 58.2006
1925000 58.2018
1926000 58.2076
1927000 58.2092
1928000 58.2149
1929000 58.2131
1930000 58.2145
1931000 58.2112
1932000 58.2184
1933000 58.2173
1934000 58.2202
1935000 58.2226
1936000 58.2159
1937000 58.2117
1938000 58.2112
1939000 58.2096
1940000 58.2054
1941000 58.2107
1942000 58.2114
1943000 58.2137
1944000 58.2122
1945000 58.2134
1946000 58.2182
1947000 58.2157
1948000 58.2205
1949000 58.217
1950000 58.2231
1951000 58.223
1952000 58.2227
1953000 58.2186
1954000 58.2137
1955000 58.2161
1956000 58.217
1957000 58.2125
1958000 58.2067
1959000 58.2087
1960000 58.2135
1961000 58.2101
1962000 58.2091
1963000 58.209
1964000 58.2149
1965000 58.2115
1966000 58.2157
1967000 58.2175
1968000 58.2205
1969000 58.2211
1970000 58.2218
1971000 58.2204
1972000 58.2205
1973000 58.2191
1974000 58.2215
1975000 58.2218
1976000 58.221
1977000 58.222
1978000 58.2164
1979000 58.2182
1980000 58.2144
1981000 58.2181
1982000 58.2144
1983000 58.2156
1984000 58.2175
1985000 58.2096
1986000 58.2049
1987000 58.2072
1988000 58.2089
1989000 58.2084
1990000 58.2097
1991000 58.2087
1992000 58.2096
1993000 58.2083
1994000 58.2103
1995000 58.2114
1996000 58.2157
1997000 58.2163
1998000 58.2167
1999000 58.2192
2000000 58.2133
2001000 58.2162
2002000 58.2158
2003000 58.2173
2004000 58.2194
2005000 58.2179
2006000 58.213
2007000 58.2132
2008000 58.2083
2009000 58.2143
2010000 58.2123
2011000 58.2122
2012000 58.2185
2013000 58.2236
2014000 58.2278
2015000 58.2286
2016000 58.229
2017000 58.2242
2018000 58.2237
2019000 58.2225
2020000 58.2219
2021000 58.2247
2022000 58.2222
2023000 58.229
2024000 58.2275
2025000 58.2368
2026000 58.2385
2027000 58.2413
2028000 58.2432
2029000 58.2456
2030000 58.2481
2031000 58.251
2032000 58.2505
2033000 58.247
2034000 58.2421
2035000 58.2442
2036000 58.2417
2037000 58.24
2038000 58.241
2039000 58.2364
2040000 58.2364
2041000 58.2415
2042000 58.2457
2043000 58.2456
2044000 58.2468
2045000 58.2414
2046000 58.2371
2047000 58.2329
2048000 58.2279
2049000 58.2242
2050000 58.2242
2051000 58.2216
2052000 58.224
2053000 58.2243
2054000 58.2241
2055000 58.2233
2056000 58.2261
2057000 58.2239
2058000 58.2246
2059000 58.2248
2060000 58.2221
2061000 58.2241
2062000 58.2186
2063000 58.2211
2064000 58.2213
2065000 58.2207
2066000 58.2182
2067000 58.2158
2068000 58.2073
2069000 58.2079
2070000 58.2042
2071000 58.2006
2072000 58.2018
2073000 58.2033
2074000 58.2023
2075000 58.2053
2076000 58.2053
2077000 58.2028
2078000 58.1964
2079000 58.1952
2080000 58.1945
2081000 58.1927
2082000 58.1885
2083000 58.1912
2084000 58.1881
2085000 58.1931
2086000 58.1929
2087000 58.1954
2088000 58.1948
2089000 58.1979
2090000 58.1955
2091000 58.1912
2092000 58.193
2093000 58.198
2094000 58.1951
2095000 58.1886
2096000 58.1873
2097000 58.1866
2098000 58.1879
2099000 58.1893
2100000 58.1892
2101000 58.1863
2102000 58.188
2103000 58.1914
2104000 58.191
2105000 58.1907
2106000 58.1839
2107000 58.1807
2108000 58.1813
2109000 58.1796
2110000 58.1798
2111000 58.1764
2112000 58.1743
2113000 58.1761
2114000 58.1757
2115000 58.1759
2116000 58.18
2117000 58.1783
2118000 58.1771
2119000 58.1796
2120000 58.1768
2121000 58.1853
2122000 58.1887
2123000 58.1852
2124000 58.1825
2125000 58.1813
2126000 58.1851
2127000 58.1867
2128000 58.1842
2129000 58.1877
2130000 58.1847
2131000 58.1835
2132000 58.1814
2133000 58.1812
2134000 58.1823
2135000 58.1823
2136000 58.1829
2137000 58.1834
2138000 58.1816
2139000 58.1844
2140000 58.1842
2141000 58.1885
2142000 58.1917
2143000 58.1939
2144000 58.1916
2145000 58.1952
2146000 58.1972
2147000 58.1939
2148000 58.1977
2149000 58.1968
2150000 58.1974
2151000 58.1968
2152000 58.1988
2153000 58.2021
2154000 58.206
2155000 58.2051
2156000 58.1998
2157000 58.1978
2158000 58.1978
2159000 58.1896
2160000 58.1855
2161000 58.183
2162000 58.1811
2163000 58.1773
2164000 58.1765
2165000 58.1804
2166000 58.1824
2167000 58.1819
2168000 58.1843
2169000 58.1832
2170000 58.184
2171000 58.187
2172000 58.1877
2173000 58.1856
2174000 58.186
2175000 58.1886
2176000 58.1856
2177000 58.1883
2178000 58.189
2179000 58.1845
2180000 58.1852
2181000 58.1828
2182000 58.1801
2183000 58.1779
2184000 58.1782
2185000 58.1807
2186000 58.1849
2187000 58.1872
2188000 58.1884
2189000 58.1898
2190000 58.1875
2191000 58.1937
2192000 58.1919
2193000 58.1943
2194000 58.1973
2195000 58.1976
2196000 58.2
2197000 58.2017
2198000 58.1982
2199000 58.1968
2200000 58.1929
2201000 58.1895
