# Time-averaged data for fix energyrun
# TimeStep v_U
202000 4.45595
203000 4.66601
204000 4.80746
205000 4.60677
206000 4.50368
207000 4.35319
208000 4.31699
209000 4.32919
210000 4.3218
211000 4.34887
212000 4.36028
213000 4.34032
214000 4.28734
215000 4.29971
216000 4.37941
217000 4.43964
218000 4.46942
219000 4.4732
220000 4.47854
221000 4.49284
222000 4.48068
223000 4.48366
224000 4.4614
225000 4.46588
226000 4.46901
227000 4.4812
228000 4.50392
229000 4.5093
230000 4.48989
231000 4.46586
232000 4.44093
233000 4.41264
234000 4.38865
235000 4.37735
236000 4.37622
237000 4.38105
238000 4.40145
239000 4.42424
240000 4.45402
241000 4.46109
242000 4.45904
243000 4.45157
244000 4.44695
245000 4.4375
246000 4.43217
247000 4.43128
248000 4.42445
249000 4.41743
250000 4.41131
251000 4.40521
252000 4.39137
253000 4.37761
254000 4.37763
255000 4.37821
256000 4.36784
257000 4.35526
258000 4.35199
259000 4.35644
260000 4.35224
261000 4.33866
262000 4.32561
263000 4.31893
264000 4.32352
265000 4.32961
266000 4.33198
267000 4.33105
268000 4.32549
269000 4.3318
270000 4.33125
271000 4.32646
272000 4.32794
273000 4.33191
274000 4.32461
275000 4.31147
276000 4.28698
277000 4.27175
278000 4.26781
279000 4.25266
280000 4.24174
281000 4.23349
282000 4.22796
283000 4.21903
284000 4.21435
285000 4.20094
286000 4.19237
287000 4.18477
288000 4.17734
289000 4.16764
290000 4.15887
291000 4.15156
292000 4.14146
293000 4.13319
294000 4.11885
295000 4.10761
296000 4.0949
297000 4.08272
298000 4.07883
299000 4.06619
300000 4.05565
301000 4.03976
302000 4.03316
303000 4.02322
304000 4.01734
305000 4.00972
306000 4.00111
307000 3.9921
308000 3.97885
309000 3.97072
310000 3.96037
311000 3.9468
312000 3.9338
313000 3.92082
314000 3.90877
315000 3.89454
316000 3.88588
317000 3.8794
318000 3.87358
319000 3.86808
320000 3.8644
321000 3.86143
322000 3.85144
323000 3.84513
324000 3.83621
325000 3.83067
326000 3.81829
327000 3.80802
328000 3.7963
329000 3.78358
330000 3.77787
331000 3.76806
332000 3.75881
333000 3.75193
334000 3.74153
335000 3.73826
336000 3.73251
337000 3.72886
338000 3.71949
339000 3.71132
340000 3.70779
341000 3.7046
342000 3.6961
343000 3.68704
344000 3.67697
345000 3.66717
346000 3.65837
347000 3.65189
348000 3.64712
349000 3.64633
350000 3.64511
351000 3.64404
352000 3.64269
353000 3.64109
354000 3.63793
355000 3.63073
356000 3.62762
357000 3.62743
358000 3.62546
359000 3.62219
360000 3.61969
361000 3.61624
362000 3.61162
363000 3.60962
364000 3.60761
365000 3.60421
366000 3.60071
367000 3.59626
368000 3.59392
369000 3.58699
370000 3.58478
371000 3.58481
372000 3.58399
373000 3.58176
374000 3.58703
375000 3.58931
376000 3.59106
377000 3.59501
378000 3.60025
379000 3.60326
380000 3.60756
381000 3.61579
382000 3.62367
383000 3.63291
384000 3.6414
385000 3.65027
386000 3.65537
387000 3.65728
388000 3.6568
389000 3.6569
390000 3.65968
391000 3.66188
392000 3.66595
393000 3.67071
394000 3.6746
395000 3.67761
396000 3.67974
397000 3.67962
398000 3.67616
399000 3.67551
400000 3.67555
401000 3.67499
402000 3.67892
403000 3.68318
404000 3.68414
405000 3.68764
406000 3.69171
407000 3.69058
408000 3.69151
409000 3.69151
410000 3.69315
411000 3.69559
412000 3.69623
413000 3.69559
414000 3.69578
415000 3.6939
416000 3.69353
417000 3.68994
418000 3.68645
419000 3.68857
420000 3.68984
421000 3.69095
422000 3.69056
423000 3.6899
424000 3.69032
425000 3.69071
426000 3.6904
427000 3.69342
428000 3.69548
429000 3.69377
430000 3.69226
431000 3.68961
432000 3.68683
433000 3.68456
434000 3.68458
435000 3.68438
436000 3.68541
437000 3.68449
438000 3.68214
439000 3.68336
440000 3.68494
441000 3.68991
442000 3.69023
443000 3.69487
444000 3.69698
445000 3.70039
446000 3.70158
447000 3.70434
448000 3.70587
449000 3.70812
450000 3.7114
451000 3.71467
452000 3.71773
453000 3.71855
454000 3.72025
455000 3.72177
456000 3.72065
457000 3.71821
458000 3.71268
459000 3.70755
460000 3.70399
461000 3.70083
462000 3.6967
463000 3.69342
464000 3.6909
465000 3.69295
466000 3.69456
467000 3.69518
468000 3.69541
469000 3.69591
470000 3.6978
471000 3.69911
472000 3.70185
473000 3.70224
474000 3.70213
475000 3.70428
476000 3.70627
477000 3.70742
478000 3.7101
479000 3.71248
480000 3.71286
481000 3.71673
482000 3.7207
483000 3.72531
484000 3.72783
485000 3.72994
486000 3.73109
487000 3.7322
488000 3.73249
489000 3.73343
490000 3.73426
491000 3.73448
492000 3.73487
493000 3.73567
494000 3.73484
495000 3.73571
496000 3.73618
497000 3.73461
498000 3.73343
499000 3.73186
500000 3.73232
501000 3.73285
502000 3.72984
503000 3.72834
504000 3.72747
505000 3.72745
506000 3.72662
507000 3.72827
508000 3.73149
509000 3.73345
510000 3.73568
511000 3.73443
512000 3.73288
513000 3.72999
514000 3.72723
515000 3.72615
516000 3.72499
517000 3.72558
518000 3.72626
519000 3.72598
520000 3.72345
521000 3.72343
522000 3.72259
523000 3.72114
524000 3.71942
525000 3.71853
526000 3.71417
527000 3.71147
528000 3.70777
529000 3.70589
530000 3.70459
531000 3.70423
532000 3.70485
533000 3.70575
534000 3.70821
535000 3.70888
536000 3.71186
537000 3.71307
538000 3.71266
539000 3.71443
540000 3.71683
541000 3.72021
542000 3.72336
543000 3.72468
544000 3.72542
545000 3.7258
546000 3.7262
547000 3.72629
548000 3.72665
549000 3.72642
550000 3.72392
551000 3.72286
552000 3.72039
553000 3.71918
554000 3.71758
555000 3.71667
556000 3.71681
557000 3.71803
558000 3.71825
559000 3.71581
560000 3.71416
561000 3.71046
562000 3.7064
563000 3.70247
564000 3.69872
565000 3.69381
566000 3.69097
567000 3.68752
568000 3.68527
569000 3.68276
570000 3.68142
571000 3.67881
572000 3.67869
573000 3.6782
574000 3.67745
575000 3.67567
576000 3.67321
577000 3.67116
578000 3.66947
579000 3.66604
580000 3.66271
581000 3.65905
582000 3.65488
583000 3.65041
584000 3.64619
585000 3.64085
586000 3.63556
587000 3.63294
588000 3.63053
589000 3.62801
590000 3.62605
591000 3.62317
592000 3.62193
593000 3.62068
594000 3.61919
595000 3.61689
596000 3.61598
597000 3.61561
598000 3.61484
599000 3.61359
600000 3.61295
601000 3.61165
602000 3.61151
603000 3.61101
604000 3.60999
605000 3.60688
606000 3.6038
607000 3.5993
608000 3.59673
609000 3.59449
610000 3.59327
611000 3.59071
612000 3.58915
613000 3.58777
614000 3.58666
615000 3.58567
616000 3.58498
617000 3.58322
618000 3.58207
619000 3.58043
620000 3.57869
621000 3.57482
622000 3.57219
623000 3.57007
624000 3.56935
625000 3.56723
626000 3.56632
627000 3.56554
628000 3.56436
629000 3.56303
630000 3.56352
631000 3.56545
632000 3.56635
633000 3.56843
634000 3.56959
635000 3.57154
636000 3.57276
637000 3.57424
638000 3.57568
639000 3.57723
640000 3.57889
641000 3.58115
642000 3.58349
643000 3.58717
644000 3.58997
645000 3.59222
646000 3.5948
647000 3.59771
648000 3.60093
649000 3.60449
650000 3.60705
651000 3.60971
652000 3.6129
653000 3.61566
654000 3.6188
655000 3.6232
656000 3.62572
657000 3.62835
658000 3.63072
659000 3.63365
660000 3.63483
661000 3.6374
662000 3.63973
663000 3.64219
664000 3.64535
665000 3.64891
666000 3.65159
667000 3.654
668000 3.65537
669000 3.65779
670000 3.66048
671000 3.66328
672000 3.66588
673000 3.6682
674000 3.67216
675000 3.67532
676000 3.67794
677000 3.68063
678000 3.68265
679000 3.68563
680000 3.68882
681000 3.69043
682000 3.69204
683000 3.69407
684000 3.69554
685000 3.69591
686000 3.69606
687000 3.69614
688000 3.69659
689000 3.69662
690000 3.69622
691000 3.69562
692000 3.69417
693000 3.69368
694000 3.69343
695000 3.69267
696000 3.69056
697000 3.68901
698000 3.68806
699000 3.68743
700000 3.68688
701000 3.68708
702000 3.68839
703000 3.68997
704000 3.6927
705000 3.69285
706000 3.69398
707000 3.69572
708000 3.69816
709000 3.69994
710000 3.70274
711000 3.70514
712000 3.70633
713000 3.70762
714000 3.70906
715000 3.71041
716000 3.71276
717000 3.71398
718000 3.71465
719000 3.71455
720000 3.71389
721000 3.7147
722000 3.71563
723000 3.7153
724000 3.71442
725000 3.71351
726000 3.71302
727000 3.71244
728000 3.71145
729000 3.71108
730000 3.71062
731000 3.71107
732000 3.71196
733000 3.71262
734000 3.71314
735000 3.71389
736000 3.71605
737000 3.71664
738000 3.71719
739000 3.71735
740000 3.71686
741000 3.71791
742000 3.71899
743000 3.7205
744000 3.72041
745000 3.721
746000 3.72221
747000 3.72311
748000 3.72384
749000 3.72488
750000 3.72653
751000 3.72693
752000 3.72685
753000 3.72535
754000 3.72387
755000 3.72416
756000 3.72375
757000 3.72459
758000 3.72511
759000 3.72528
760000 3.72576
761000 3.72456
762000 3.7232
763000 3.7228
764000 3.7226
765000 3.72287
766000 3.72315
767000 3.72365
768000 3.72466
769000 3.72537
770000 3.72676
771000 3.72764
772000 3.72724
773000 3.72684
774000 3.72567
775000 3.72648
776000 3.7274
777000 3.7278
778000 3.72875
779000 3.72845
780000 3.72942
781000 3.73055
782000 3.73009
783000 3.72988
784000 3.72884
785000 3.7286
786000 3.72759
787000 3.72695
788000 3.72504
789000 3.72511
790000 3.72556
791000 3.72657
792000 3.72682
793000 3.72717
794000 3.72739
795000 3.72729
796000 3.72762
797000 3.72622
798000 3.72546
799000 3.72439
800000 3.72407
801000 3.72435
802000 3.72438
803000 3.72445
804000 3.72487
805000 3.72461
806000 3.72493
807000 3.72651
808000 3.72664
809000 3.72686
810000 3.72775
811000 3.72848
812000 3.72897
813000 3.73012
814000 3.7306
815000 3.73198
816000 3.73338
817000 3.73448
818000 3.7363
819000 3.73706
820000 3.73845
821000 3.7406
822000 3.74194
823000 3.74279
824000 3.74318
825000 3.74375
826000 3.74478
827000 3.74561
828000 3.74511
829000 3.74455
830000 3.74501
831000 3.74507
832000 3.74514
833000 3.74448
834000 3.74443
835000 3.74383
836000 3.74222
837000 3.74186
838000 3.74051
839000 3.73829
840000 3.73698
841000 3.73565
842000 3.73513
843000 3.73582
844000 3.73659
845000 3.7379
846000 3.73924
847000 3.73945
848000 3.73863
849000 3.73713
850000 3.73615
851000 3.73559
852000 3.73413
853000 3.73314
854000 3.73174
855000 3.73234
856000 3.73361
857000 3.73408
858000 3.73445
859000 3.73457
860000 3.7354
861000 3.73601
862000 3.73677
863000 3.73695
864000 3.73806
865000 3.73892
866000 3.73986
867000 3.74005
868000 3.73924
869000 3.73892
870000 3.74026
871000 3.74047
872000 3.74119
873000 3.74171
874000 3.7428
875000 3.74393
876000 3.74492
877000 3.74516
878000 3.74525
879000 3.74505
880000 3.74446
881000 3.74269
882000 3.74213
883000 3.7421
884000 3.74274
885000 3.74273
886000 3.7423
887000 3.7419
888000 3.74151
889000 3.74222
890000 3.74242
891000 3.74409
892000 3.74536
893000 3.74627
894000 3.74593
895000 3.74546
896000 3.74573
897000 3.74596
898000 3.74663
899000 3.74784
900000 3.74975
901000 3.75056
902000 3.75085
903000 3.75141
904000 3.75226
905000 3.7531
906000 3.75508
907000 3.75764
908000 3.75936
909000 3.76011
910000 3.7608
911000 3.76238
912000 3.76328
913000 3.76394
914000 3.76436
915000 3.7652
916000 3.76534
917000 3.76673
918000 3.76743
919000 3.76792
920000 3.76825
921000 3.76867
922000 3.76932
923000 3.76931
924000 3.76882
925000 3.76944
926000 3.77002
927000 3.77099
928000 3.77105
929000 3.7714
930000 3.77048
931000 3.77011
932000 3.76942
933000 3.76907
934000 3.76831
935000 3.76721
936000 3.76719
937000 3.76767
938000 3.76807
939000 3.76863
940000 3.76897
941000 3.76883
942000 3.76797
943000 3.76656
944000 3.76555
945000 3.76496
946000 3.76432
947000 3.76374
948000 3.76391
949000 3.76356
950000 3.76277
951000 3.76278
952000 3.76358
953000 3.76431
954000 3.76422
955000 3.76411
956000 3.76414
957000 3.76417
958000 3.76446
959000 3.76569
960000 3.76676
961000 3.767
962000 3.76869
963000 3.76907
964000 3.76942
965000 3.76958
966000 3.77043
967000 3.77134
968000 3.77253
969000 3.77338
970000 3.77397
971000 3.77488
972000 3.77634
973000 3.77698
974000 3.77736
975000 3.77794
976000 3.77895
977000 3.78045
978000 3.78183
979000 3.78311
980000 3.78399
981000 3.78547
982000 3.78724
983000 3.78823
984000 3.78979
985000 3.79121
986000 3.79269
987000 3.79382
988000 3.7945
989000 3.79501
990000 3.79538
991000 3.79618
992000 3.79666
993000 3.7973
994000 3.7977
995000 3.79796
996000 3.79846
997000 3.79826
998000 3.79891
999000 3.79963
1000000 3.80011
1001000 3.80083
1002000 3.80156
1003000 3.80164
1004000 3.8011
1005000 3.80055
1006000 3.80011
1007000 3.8004
1008000 3.80096
1009000 3.80185
1010000 3.80266
1011000 3.80363
1012000 3.80415
1013000 3.80397
1014000 3.80399
1015000 3.80438
1016000 3.80543
1017000 3.80658
1018000 3.80821
1019000 3.80902
1020000 3.80945
1021000 3.80872
1022000 3.80834
1023000 3.80724
1024000 3.80586
1025000 3.80483
1026000 3.80459
1027000 3.80477
1028000 3.80462
1029000 3.80515
1030000 3.80572
1031000 3.80615
1032000 3.80624
1033000 3.80615
1034000 3.8061
1035000 3.80659
1036000 3.80739
1037000 3.80824
1038000 3.80898
1039000 3.80935
1040000 3.80966
1041000 3.81034
1042000 3.81145
1043000 3.81319
1044000 3.8145
1045000 3.81575
1046000 3.81649
1047000 3.81727
1048000 3.81809
1049000 3.81906
1050000 3.82049
1051000 3.82149
1052000 3.82255
1053000 3.82384
1054000 3.8247
1055000 3.82547
1056000 3.82641
1057000 3.82701
1058000 3.82748
1059000 3.82739
1060000 3.82775
1061000 3.82848
1062000 3.82832
1063000 3.82813
1064000 3.8279
1065000 3.8278
1066000 3.82813
1067000 3.82775
1068000 3.8275
1069000 3.8269
1070000 3.82611
1071000 3.82639
1072000 3.82561
1073000 3.8246
1074000 3.82373
1075000 3.82318
1076000 3.82335
1077000 3.82233
1078000 3.82169
1079000 3.82136
1080000 3.82198
1081000 3.82247
1082000 3.82278
1083000 3.82341
1084000 3.82337
1085000 3.82355
1086000 3.82357
1087000 3.82374
1088000 3.82416
1089000 3.82484
1090000 3.82512
1091000 3.8256
1092000 3.82546
1093000 3.82546
1094000 3.8254
1095000 3.82565
1096000 3.82596
1097000 3.82515
1098000 3.82436
1099000 3.82356
1100000 3.82361
1101000 3.82396
1102000 3.82379
1103000 3.82419
1104000 3.82435
1105000 3.82398
1106000 3.82441
1107000 3.82435
1108000 3.82528
1109000 3.82698
1110000 3.82792
1111000 3.82815
1112000 3.82853
1113000 3.82841
1114000 3.82799
1115000 3.82774
1116000 3.8281
1117000 3.82751
1118000 3.82729
1119000 3.82684
1120000 3.82673
1121000 3.82676
1122000 3.82681
1123000 3.82737
1124000 3.82817
1125000 3.82856
1126000 3.82909
1127000 3.82909
1128000 3.82882
1129000 3.82927
1130000 3.83003
1131000 3.82965
1132000 3.82924
1133000 3.82943
1134000 3.83022
1135000 3.83205
1136000 3.83316
1137000 3.83387
1138000 3.83423
1139000 3.83416
1140000 3.83468
1141000 3.83509
1142000 3.83539
1143000 3.83552
1144000 3.83576
1145000 3.83555
1146000 3.83503
1147000 3.83507
1148000 3.83508
1149000 3.83498
1150000 3.83535
1151000 3.83591
1152000 3.83676
1153000 3.83759
1154000 3.83851
1155000 3.83963
1156000 3.84003
1157000 3.84057
1158000 3.84162
1159000 3.84266
1160000 3.84401
1161000 3.84485
1162000 3.8455
1163000 3.8466
1164000 3.84714
1165000 3.84784
1166000 3.84891
1167000 3.84958
1168000 3.85041
1169000 3.85153
1170000 3.85188
1171000 3.85177
1172000 3.8514
1173000 3.85177
1174000 3.85235
1175000 3.85254
1176000 3.85338
1177000 3.85432
1178000 3.85408
1179000 3.85378
1180000 3.85324
1181000 3.85329
1182000 3.85356
1183000 3.8536
1184000 3.85317
1185000 3.853
1186000 3.85284
1187000 3.85233
1188000 3.85086
1189000 3.84924
1190000 3.84819
1191000 3.84662
1192000 3.84521
1193000 3.84444
1194000 3.84391
1195000 3.84345
1196000 3.84265
1197000 3.842
1198000 3.84179
1199000 3.8417
1200000 3.84171
1201000 3.84142
1202000 3.84145
1203000 3.84208
1204000 3.84238
1205000 3.84257
1206000 3.84193
1207000 3.8406
1208000 3.83962
1209000 3.83923
1210000 3.83845
1211000 3.83823
1212000 3.83794
1213000 3.83779
1214000 3.838
1215000 3.83852
1216000 3.83899
1217000 3.83857
1218000 3.83835
1219000 3.83836
1220000 3.83808
1221000 3.83795
1222000 3.83774
1223000 3.838
1224000 3.83924
1225000 3.84026
1226000 3.84088
1227000 3.84119
1228000 3.84152
1229000 3.84214
1230000 3.84329
1231000 3.84413
1232000 3.84506
1233000 3.84597
1234000 3.84722
1235000 3.84799
1236000 3.84918
1237000 3.85025
1238000 3.85115
1239000 3.85156
1240000 3.85246
1241000 3.85292
1242000 3.85337
1243000 3.85379
1244000 3.85514
1245000 3.85645
1246000 3.8584
1247000 3.86065
1248000 3.86223
1249000 3.86316
1250000 3.86383
1251000 3.86391
1252000 3.86406
1253000 3.86429
1254000 3.86437
1255000 3.86459
1256000 3.8644
1257000 3.86397
1258000 3.86388
1259000 3.86355
1260000 3.86335
1261000 3.86294
1262000 3.862
1263000 3.86166
1264000 3.8609
1265000 3.86011
1266000 3.85949
1267000 3.85884
1268000 3.85794
1269000 3.85775
1270000 3.85843
1271000 3.8588
1272000 3.85971
1273000 3.86073
1274000 3.86139
1275000 3.86228
1276000 3.86291
1277000 3.86389
1278000 3.86456
1279000 3.86633
1280000 3.86759
1281000 3.86846
1282000 3.86871
1283000 3.86964
1284000 3.8706
1285000 3.87119
1286000 3.87057
1287000 3.87015
1288000 3.8707
1289000 3.87099
1290000 3.87149
1291000 3.87231
1292000 3.87229
1293000 3.87225
1294000 3.87339
1295000 3.87483
1296000 3.87567
1297000 3.87693
1298000 3.87779
1299000 3.87822
1300000 3.87856
1301000 3.87875
1302000 3.87971
1303000 3.88085
1304000 3.88197
1305000 3.8831
1306000 3.88392
1307000 3.88509
1308000 3.88672
1309000 3.88842
1310000 3.88993
1311000 3.89087
1312000 3.89179
1313000 3.89261
1314000 3.89316
1315000 3.89444
1316000 3.89603
1317000 3.89725
1318000 3.89922
1319000 3.90122
1320000 3.90335
1321000 3.90468
1322000 3.90551
1323000 3.9064
1324000 3.90727
1325000 3.90849
1326000 3.90946
1327000 3.9101
1328000 3.91037
1329000 3.9112
1330000 3.91172
1331000 3.91304
1332000 3.91388
1333000 3.91466
1334000 3.91453
1335000 3.9147
1336000 3.91465
1337000 3.91482
1338000 3.91454
1339000 3.91426
1340000 3.91499
1341000 3.91564
1342000 3.91638
1343000 3.91737
1344000 3.91882
1345000 3.91994
1346000 3.92058
1347000 3.92073
1348000 3.9207
1349000 3.92079
1350000 3.92122
1351000 3.92182
1352000 3.92301
1353000 3.92357
1354000 3.9246
1355000 3.92572
1356000 3.92625
1357000 3.92706
1358000 3.92815
1359000 3.9296
1360000 3.93066
1361000 3.93237
1362000 3.93364
1363000 3.93475
1364000 3.93595
1365000 3.93661
1366000 3.93739
1367000 3.93807
1368000 3.93934
1369000 3.94065
1370000 3.94149
1371000 3.94192
1372000 3.94224
1373000 3.94261
1374000 3.94335
1375000 3.94337
1376000 3.94357
1377000 3.94342
1378000 3.94376
1379000 3.94471
1380000 3.94529
1381000 3.94551
1382000 3.94565
1383000 3.9467
1384000 3.94787
1385000 3.94947
1386000 3.95
1387000 3.95077
1388000 3.95164
1389000 3.95353
1390000 3.95515
1391000 3.95663
1392000 3.95831
1393000 3.95941
1394000 3.96061
1395000 3.96179
1396000 3.96287
1397000 3.9635
1398000 3.96363
1399000 3.96376
1400000 3.96425
1401000 3.96475
1402000 3.96572
1403000 3.96691
1404000 3.96689
1405000 3.96723
1406000 3.96798
1407000 3.96916
1408000 3.96987
1409000 3.97069
1410000 3.97109
1411000 3.9713
1412000 3.97207
1413000 3.97267
1414000 3.97326
1415000 3.97346
1416000 3.97382
1417000 3.97425
1418000 3.97425
1419000 3.97475
1420000 3.975
1421000 3.97577
1422000 3.97649
1423000 3.97715
1424000 3.97777
1425000 3.97802
1426000 3.97806
1427000 3.97809
1428000 3.97788
1429000 3.9776
1430000 3.97724
1431000 3.97751
1432000 3.9777
1433000 3.97824
1434000 3.97887
1435000 3.97945
1436000 3.9798
1437000 3.97999
1438000 3.98042
1439000 3.98126
1440000 3.98149
1441000 3.98167
1442000 3.98266
1443000 3.98328
1444000 3.98374
1445000 3.98424
1446000 3.98436
1447000 3.98419
1448000 3.98424
1449000 3.98457
1450000 3.98466
1451000 3.98479
1452000 3.98469
1453000 3.98423
1454000 3.98394
1455000 3.98375
1456000 3.98403
1457000 3.98399
1458000 3.98392
1459000 3.98331
1460000 3.98264
1461000 3.98252
1462000 3.98219
1463000 3.98223
1464000 3.98259
1465000 3.98289
1466000 3.98252
1467000 3.98268
1468000 3.98298
1469000 3.98258
1470000 3.98201
1471000 3.98137
1472000 3.98027
1473000 3.97938
1474000 3.97831
1475000 3.9777
1476000 3.97721
1477000 3.97691
1478000 3.97613
1479000 3.97532
1480000 3.97456
1481000 3.97374
1482000 3.97335
1483000 3.97296
1484000 3.97216
1485000 3.97124
1486000 3.97114
1487000 3.97085
1488000 3.9709
1489000 3.97059
1490000 3.97069
1491000 3.97059
1492000 3.97055
1493000 3.97048
1494000 3.9702
1495000 3.96914
1496000 3.96799
1497000 3.96619
1498000 3.96507
1499000 3.96443
1500000 3.96403
1501000 3.96362
1502000 3.96342
1503000 3.96285
1504000 3.96269
1505000 3.96208
1506000 3.96215
1507000 3.9621
1508000 3.9624
1509000 3.96184
1510000 3.96173
1511000 3.96173
1512000 3.96168
1513000 3.96144
1514000 3.96127
1515000 3.9616
1516000 3.9621
1517000 3.96261
1518000 3.96249
1519000 3.96218
1520000 3.96222
1521000 3.96221
1522000 3.96237
1523000 3.96283
1524000 3.9632
1525000 3.96297
1526000 3.96346
1527000 3.96379
1528000 3.96432
1529000 3.96387
1530000 3.9638
1531000 3.96333
1532000 3.96257
1533000 3.96192
1534000 3.96209
1535000 3.96222
1536000 3.96202
1537000 3.96201
1538000 3.96181
1539000 3.9612
1540000 3.96104
1541000 3.96098
1542000 3.96128
1543000 3.96148
1544000 3.9618
1545000 3.96209
1546000 3.96244
1547000 3.9625
1548000 3.96262
1549000 3.9632
1550000 3.96406
1551000 3.96414
1552000 3.96438
1553000 3.96472
1554000 3.96512
1555000 3.96546
1556000 3.96551
1557000 3.96586
1558000 3.96651
1559000 3.96688
1560000 3.967
1561000 3.96698
1562000 3.96739
1563000 3.96771
1564000 3.96821
1565000 3.969
1566000 3.96958
1567000 3.97002
1568000 3.97071
1569000 3.97084
1570000 3.97088
1571000 3.97068
1572000 3.97063
1573000 3.97087
1574000 3.97134
1575000 3.97163
1576000 3.97179
1577000 3.97258
1578000 3.97292
1579000 3.97323
1580000 3.97354
1581000 3.97338
1582000 3.97304
1583000 3.97253
1584000 3.97232
1585000 3.97196
1586000 3.97127
1587000 3.97109
1588000 3.97088
1589000 3.97084
1590000 3.97053
1591000 3.97023
1592000 3.97004
1593000 3.96941
1594000 3.96895
1595000 3.969
1596000 3.96973
1597000 3.97002
1598000 3.97001
1599000 3.96994
1600000 3.97012
1601000 3.97092
1602000 3.97171
1603000 3.97212
1604000 3.97224
1605000 3.97286
1606000 3.97384
1607000 3.9748
1608000 3.97527
1609000 3.97567
1610000 3.97572
1611000 3.97569
1612000 3.97583
1613000 3.97592
1614000 3.97607
1615000 3.97605
1616000 3.97616
1617000 3.97632
1618000 3.97636
1619000 3.97625
1620000 3.97625
1621000 3.97623
1622000 3.97617
1623000 3.9762
1624000 3.97621
1625000 3.97618
1626000 3.97631
1627000 3.97637
1628000 3.97628
1629000 3.97658
1630000 3.97686
1631000 3.97666
1632000 3.97674
1633000 3.97662
1634000 3.97648
1635000 3.97619
1636000 3.97588
1637000 3.97588
1638000 3.9757
1639000 3.97552
1640000 3.97512
1641000 3.97482
1642000 3.97396
1643000 3.97332
1644000 3.97279
1645000 3.97219
1646000 3.97197
1647000 3.97122
1648000 3.97053
1649000 3.97022
1650000 3.97001
1651000 3.96994
1652000 3.9698
1653000 3.96961
1654000 3.96914
1655000 3.96896
1656000 3.96855
1657000 3.96791
1658000 3.96739
1659000 3.96729
1660000 3.96645
1661000 3.96563
1662000 3.9652
1663000 3.96529
1664000 3.96512
1665000 3.96548
1666000 3.96616
1667000 3.9666
1668000 3.96725
1669000 3.96771
1670000 3.96723
1671000 3.96698
1672000 3.96664
1673000 3.96648
1674000 3.96631
1675000 3.96577
1676000 3.96534
1677000 3.9649
1678000 3.96442
1679000 3.96416
1680000 3.96356
1681000 3.96241
1682000 3.96153
1683000 3.96041
1684000 3.95918
1685000 3.95821
1686000 3.95711
1687000 3.95653
1688000 3.95582
1689000 3.95504
1690000 3.95448
1691000 3.95404
1692000 3.95363
1693000 3.9526
1694000 3.95219
1695000 3.952
1696000 3.95173
1697000 3.95148
1698000 3.95179
1699000 3.95203
1700000 3.95218
1701000 3.9526
1702000 3.95337
1703000 3.95375
1704000 3.95463
1705000 3.95518
1706000 3.95499
1707000 3.95449
1708000 3.95445
1709000 3.95478
1710000 3.95504
1711000 3.95543
1712000 3.95561
1713000 3.95537
1714000 3.95525
1715000 3.95553
1716000 3.95579
1717000 3.95629
1718000 3.95651
1719000 3.95622
1720000 3.95597
1721000 3.95561
1722000 3.95581
1723000 3.95609
1724000 3.95655
1725000 3.95703
1726000 3.95752
1727000 3.95797
1728000 3.95839
1729000 3.95852
1730000 3.95866
1731000 3.95854
1732000 3.9589
1733000 3.95903
1734000 3.95929
1735000 3.95982
1736000 3.9603
1737000 3.96051
1738000 3.96079
1739000 3.96087
1740000 3.96024
1741000 3.96002
1742000 3.96005
1743000 3.96014
1744000 3.96032
1745000 3.96041
1746000 3.96012
1747000 3.95988
1748000 3.95964
1749000 3.95955
1750000 3.95939
1751000 3.95962
1752000 3.95998
1753000 3.96103
1754000 3.96153
1755000 3.96178
1756000 3.9619
1757000 3.96201
1758000 3.96177
1759000 3.96154
1760000 3.96144
1761000 3.96088
1762000 3.96065
1763000 3.96002
1764000 3.95905
1765000 3.95813
1766000 3.95757
1767000 3.9575
1768000 3.95739
1769000 3.95733
1770000 3.95715
1771000 3.9566
1772000 3.95626
1773000 3.9555
1774000 3.95467
1775000 3.95387
1776000 3.95326
1777000 3.95261
1778000 3.95254
1779000 3.95217
1780000 3.95245
1781000 3.95249
1782000 3.95237
1783000 3.95243
1784000 3.95277
1785000 3.95274
1786000 3.95259
1787000 3.95228
1788000 3.95156
1789000 3.95081
1790000 3.95013
1791000 3.94922
1792000 3.94852
1793000 3.94747
1794000 3.94649
1795000 3.94572
1796000 3.94521
1797000 3.94468
1798000 3.94383
1799000 3.94316
1800000 3.94273
1801000 3.94226
1802000 3.94171
1803000 3.94092
1804000 3.94023
1805000 3.94034
1806000 3.94047
1807000 3.94063
1808000 3.94111
1809000 3.94167
1810000 3.94203
1811000 3.94235
1812000 3.94282
1813000 3.94284
1814000 3.94276
1815000 3.94306
1816000 3.94309
1817000 3.94294
1818000 3.94227
1819000 3.94162
1820000 3.94133
1821000 3.94129
1822000 3.94148
1823000 3.94178
1824000 3.94189
1825000 3.94191
1826000 3.94184
1827000 3.94181
1828000 3.94155
1829000 3.94061
1830000 3.94019
1831000 3.93981
1832000 3.93978
1833000 3.93956
1834000 3.93951
1835000 3.93977
1836000 3.94023
1837000 3.94076
1838000 3.94154
1839000 3.94176
1840000 3.94206
1841000 3.94209
1842000 3.942
1843000 3.9422
1844000 3.94201
1845000 3.94214
1846000 3.94185
1847000 3.9418
1848000 3.94174
1849000 3.94211
1850000 3.94222
1851000 3.94247
1852000 3.94239
1853000 3.94251
1854000 3.9425
1855000 3.94233
1856000 3.94219
1857000 3.94216
1858000 3.94198
1859000 3.94194
1860000 3.94192
1861000 3.94201
1862000 3.94152
1863000 3.94121
1864000 3.94087
1865000 3.94072
1866000 3.94061
1867000 3.94008
1868000 3.94026
1869000 3.94054
1870000 3.94092
1871000 3.94154
1872000 3.94211
1873000 3.94243
1874000 3.9431
1875000 3.94368
1876000 3.94436
1877000 3.94481
1878000 3.94515
1879000 3.94523
1880000 3.94537
1881000 3.94557
1882000 3.94579
1883000 3.94581
1884000 3.94608
1885000 3.94621
1886000 3.94639
1887000 3.94644
1888000 3.94704
1889000 3.94776
1890000 3.94876
1891000 3.94912
1892000 3.94942
1893000 3.94943
1894000 3.94921
1895000 3.94911
1896000 3.94907
1897000 3.94896
1898000 3.94895
1899000 3.94863
1900000 3.94837
1901000 3.94831
1902000 3.94803
1903000 3.94788
1904000 3.94797
1905000 3.94848
1906000 3.94883
1907000 3.94863
1908000 3.94874
1909000 3.94905
1910000 3.94911
1911000 3.94933
1912000 3.94961
1913000 3.95013
1914000 3.95085
1915000 3.95123
1916000 3.95179
1917000 3.95237
1918000 3.9527
1919000 3.95335
1920000 3.95374
1921000 3.95387
1922000 3.9539
1923000 3.95427
1924000 3.95427
1925000 3.95405
1926000 3.95405
1927000 3.95377
1928000 3.95347
1929000 3.95363
1930000 3.95347
1931000 3.95358
1932000 3.95369
1933000 3.95398
1934000 3.95399
1935000 3.9541
1936000 3.95423
1937000 3.95421
1938000 3.95414
1939000 3.9541
1940000 3.95385
1941000 3.95383
1942000 3.95388
1943000 3.95365
1944000 3.95369
1945000 3.95353
1946000 3.95344
1947000 3.95342
1948000 3.95348
1949000 3.95369
1950000 3.95397
1951000 3.95371
1952000 3.95356
1953000 3.95361
1954000 3.95358
1955000 3.95319
1956000 3.95279
1957000 3.95221
1958000 3.95176
1959000 3.95106
1960000 3.95019
1961000 3.94947
1962000 3.94864
1963000 3.94783
1964000 3.94691
1965000 3.94563
1966000 3.94449
1967000 3.94294
1968000 3.94172
1969000 3.94085
1970000 3.94022
1971000 3.93941
1972000 3.93883
1973000 3.938
1974000 3.93735
1975000 3.9367
1976000 3.93612
1977000 3.9357
1978000 3.93513
1979000 3.9348
1980000 3.93444
1981000 3.93365
1982000 3.93281
1983000 3.932
1984000 3.93178
1985000 3.93111
1986000 3.9309
1987000 3.93084
1988000 3.93058
1989000 3.93008
1990000 3.92959
1991000 3.92911
1992000 3.92862
1993000 3.92816
1994000 3.92811
1995000 3.92772
1996000 3.9276
1997000 3.92719
1998000 3.92682
1999000 3.92671
2000000 3.92662
2001000 3.92632
2002000 3.92602
2003000 3.92606
2004000 3.92603
2005000 3.92607
2006000 3.9261
2007000 3.92588
2008000 3.92593
2009000 3.92546
2010000 3.92522
2011000 3.92536
2012000 3.92515
2013000 3.92504
2014000 3.92534
2015000 3.92545
2016000 3.92522
2017000 3.92538
2018000 3.92564
2019000 3.92588
2020000 3.92651
2021000 3.92717
2022000 3.9276
2023000 3.92765
2024000 3.9274
2025000 3.92772
2026000 3.92799
2027000 3.92816
2028000 3.92818
2029000 3.92826
2030000 3.92894
2031000 3.92938
2032000 3.92975
2033000 3.92996
2034000 3.93005
2035000 3.93012
2036000 3.93025
2037000 3.93027
2038000 3.93036
2039000 3.93068
2040000 3.93075
2041000 3.93087
2042000 3.93101
2043000 3.93111
2044000 3.93129
2045000 3.93162
2046000 3.93191
2047000 3.9323
2048000 3.93247
2049000 3.93288
2050000 3.93307
2051000 3.93308
2052000 3.93302
2053000 3.93329
2054000 3.93318
2055000 3.93334
2056000 3.93327
2057000 3.93276
2058000 3.93211
2059000 3.93124
2060000 3.93023
2061000 3.92931
2062000 3.92888
2063000 3.92847
2064000 3.92842
2065000 3.92858
2066000 3.92881
2067000 3.92912
2068000 3.92923
2069000 3.92902
2070000 3.92908
2071000 3.92908
2072000 3.9293
2073000 3.929
2074000 3.92867
2075000 3.92836
2076000 3.92846
2077000 3.92844
2078000 3.92861
2079000 3.92883
2080000 3.92902
2081000 3.92921
2082000 3.92904
2083000 3.92891
2084000 3.92841
2085000 3.92799
2086000 3.92781
2087000 3.9279
2088000 3.92824
2089000 3.92857
2090000 3.92817
2091000 3.92777
2092000 3.92775
2093000 3.9275
2094000 3.9276
2095000 3.92784
2096000 3.9283
2097000 3.92848
2098000 3.9289
2099000 3.92937
2100000 3.92984
2101000 3.93026
2102000 3.93082
2103000 3.93118
2104000 3.93149
2105000 3.93196
2106000 3.93247
2107000 3.93274
2108000 3.93284
2109000 3.9328
2110000 3.93248
2111000 3.93263
2112000 3.93249
2113000 3.93255
2114000 3.93235
2115000 3.93237
2116000 3.93228
2117000 3.93254
2118000 3.93303
2119000 3.93347
2120000 3.93387
2121000 3.93389
2122000 3.93385
2123000 3.93348
2124000 3.93331
2125000 3.93298
2126000 3.93263
2127000 3.9324
2128000 3.93211
2129000 3.93182
2130000 3.93146
2131000 3.93105
2132000 3.93045
2133000 3.93023
2134000 3.92988
2135000 3.92941
2136000 3.92929
2137000 3.92933
2138000 3.92879
2139000 3.9283
2140000 3.92772
2141000 3.92722
2142000 3.92701
2143000 3.92658
2144000 3.926
2145000 3.92562
2146000 3.92517
2147000 3.92487
2148000 3.92437
2149000 3.92368
2150000 3.92312
2151000 3.92255
2152000 3.92164
2153000 3.92067
2154000 3.9199
2155000 3.9191
2156000 3.91807
2157000 3.91685
2158000 3.91594
2159000 3.91551
2160000 3.91511
2161000 3.91478
2162000 3.91463
2163000 3.91471
2164000 3.91476
2165000 3.91453
2166000 3.91409
2167000 3.91361
2168000 3.91294
2169000 3.91273
2170000 3.91211
2171000 3.91177
2172000 3.91147
2173000 3.91129
2174000 3.91119
2175000 3.91116
2176000 3.91088
2177000 3.91084
2178000 3.91074
2179000 3.91059
2180000 3.91031
2181000 3.90982
2182000 3.90971
2183000 3.90946
2184000 3.90929
2185000 3.90912
2186000 3.90902
2187000 3.90894
2188000 3.90879
2189000 3.90847
2190000 3.90806
2191000 3.90791
2192000 3.9077
2193000 3.9076
2194000 3.90738
2195000 3.90734
2196000 3.90697
2197000 3.90688
2198000 3.90641
2199000 3.90587
2200000 3.90554
2201000 3.9051
