# Time-averaged data for fix energyrun
# TimeStep v_U
202000 24.9037
203000 24.8278
204000 24.9536
205000 25.1798
206000 25.2436
207000 25.2931
208000 25.2817
209000 25.2564
210000 25.2813
211000 25.2324
212000 25.2225
213000 25.2532
214000 25.2473
215000 25.2598
216000 25.2965
217000 25.2671
218000 25.2741
219000 25.2441
220000 25.2362
221000 25.2312
222000 25.2349
223000 25.2422
224000 25.2381
225000 25.2464
226000 25.2444
227000 25.2465
228000 25.2407
229000 25.2295
230000 25.2196
231000 25.2273
232000 25.2462
233000 25.2459
234000 25.2415
235000 25.2394
236000 25.2505
237000 25.2666
238000 25.2838
239000 25.3004
240000 25.3033
241000 25.3074
242000 25.3023
243000 25.2946
244000 25.2998
245000 25.31
246000 25.3158
247000 25.3175
248000 25.3176
249000 25.3212
250000 25.3179
251000 25.3237
252000 25.3238
253000 25.3136
254000 25.3065
255000 25.309
256000 25.3017
257000 25.3036
258000 25.3005
259000 25.2949
260000 25.2884
261000 25.293
262000 25.2914
263000 25.2934
264000 25.2977
265000 25.3011
266000 25.2939
267000 25.2873
268000 25.2837
269000 25.2798
270000 25.2711
271000 25.263
272000 25.257
273000 25.2491
274000 25.2413
275000 25.2318
276000 25.2293
277000 25.2246
278000 25.2221
279000 25.2237
280000 25.2225
281000 25.2241
282000 25.2283
283000 25.2265
284000 25.2206
285000 25.2168
286000 25.2164
287000 25.2151
288000 25.2169
289000 25.2159
290000 25.2155
291000 25.2164
292000 25.2168
293000 25.2155
294000 25.2079
295000 25.205
296000 25.2074
297000 25.2129
298000 25.2113
299000 25.212
300000 25.2132
301000 25.2104
302000 25.2043
303000 25.2018
304000 25.1987
305000 25.1943
306000 25.189
307000 25.1889
308000 25.1811
309000 25.1773
310000 25.1751
311000 25.1736
312000 25.1746
313000 25.1756
314000 25.1787
315000 25.1784
316000 25.1756
317000 25.1762
318000 25.1783
319000 25.1769
320000 25.1768
321000 25.1743
322000 25.1792
323000 25.1811
324000 25.1786
325000 25.1812
326000 25.1787
327000 25.1789
328000 25.1799
329000 25.1837
330000 25.1846
331000 25.1874
332000 25.1881
333000 25.1887
334000 25.1937
335000 25.1965
336000 25.1979
337000 25.2011
338000 25.1967
339000 25.1971
340000 25.1957
341000 25.1922
342000 25.1924
343000 25.1918
344000 25.1946
345000 25.1937
346000 25.1912
347000 25.1914
348000 25.1912
349000 25.1917
350000 25.1895
351000 25.1891
352000 25.1904
353000 25.1917
354000 25.1907
355000 25.193
356000 25.1932
357000 25.1921
358000 25.1932
359000 25.1931
360000 25.1946
361000 25.1943
362000 25.1926
363000 25.1895
364000 25.1871
365000 25.1844
366000 25.1836
367000 25.1841
368000 25.1834
369000 25.1818
370000 25.1805
371000 25.1795
372000 25.178
373000 25.1795
374000 25.1791
375000 25.1781
376000 25.1803
377000 25.1805
378000 25.1808
379000 25.1806
380000 25.1789
381000 25.1781
382000 25.1802
383000 25.1815
384000 25.1817
385000 25.1784
386000 25.1766
387000 25.1729
388000 25.1696
389000 25.1673
390000 25.1679
391000 25.1659
392000 25.1657
393000 25.163
394000 25.1607
395000 25.1587
396000 25.16
397000 25.1608
398000 25.1634
399000 25.1657
400000 25.1674
401000 25.1718
402000 25.1759
403000 25.1811
404000 25.185
405000 25.1908
406000 25.1926
407000 25.1979
408000 25.2011
409000 25.2027
410000 25.2055
411000 25.2053
412000 25.2054
413000 25.2063
414000 25.2052
415000 25.207
416000 25.2094
417000 25.2121
418000 25.213
419000 25.2155
420000 25.2197
421000 25.2223
422000 25.2231
423000 25.2241
424000 25.2279
425000 25.2301
426000 25.2316
427000 25.2331
428000 25.2343
429000 25.2349
430000 25.2364
431000 25.2392
432000 25.2406
433000 25.2433
434000 25.2463
435000 25.2507
436000 25.2529
437000 25.253
438000 25.2564
439000 25.2585
440000 25.2622
441000 25.2635
442000 25.2634
443000 25.2626
444000 25.2609
445000 25.2582
446000 25.2555
447000 25.2567
448000 25.2555
449000 25.2569
450000 25.257
451000 25.2571
452000 25.2564
453000 25.2576
454000 25.259
455000 25.2615
456000 25.2625
457000 25.265
458000 25.2652
459000 25.2664
460000 25.2674
461000 25.2709
462000 25.2724
463000 25.2723
464000 25.2728
465000 25.272
466000 25.2706
467000 25.2689
468000 25.2695
469000 25.2697
470000 25.2702
471000 25.2702
472000 25.2691
473000 25.2693
474000 25.2683
475000 25.2696
476000 25.2731
477000 25.2763
478000 25.2785
479000 25.282
480000 25.2838
481000 25.2841
482000 25.2851
483000 25.2865
484000 25.2896
485000 25.2909
486000 25.2938
487000 25.2947
488000 25.2946
489000 25.295
490000 25.2971
491000 25.2993
492000 25.3002
493000 25.3004
494000 25.3006
495000 25.3015
496000 25.3023
497000 25.3016
498000 25.3035
499000 25.3027
500000 25.3041
501000 25.3046
502000 25.3061
503000 25.3063
504000 25.3057
505000 25.3055
506000 25.3068
507000 25.3066
508000 25.306
509000 25.3059
510000 25.3031
511000 25.303
512000 25.3013
513000 25.2998
514000 25.2995
515000 25.2987
516000 25.298
517000 25.2969
518000 25.2967
519000 25.2966
520000 25.2968
521000 25.2987
522000 25.2998
523000 25.3029
524000 25.3035
525000 25.3038
526000 25.3037
527000 25.3017
528000 25.3014
529000 25.2986
530000 25.2963
531000 25.2928
532000 25.2912
533000 25.2885
534000 25.2868
535000 25.2847
536000 25.2837
537000 25.2831
538000 25.2812
539000 25.2804
540000 25.2787
541000 25.2771
542000 25.2763
543000 25.2763
544000 25.276
545000 25.2753
546000 25.2749
547000 25.2723
548000 25.2721
549000 25.2713
550000 25.2708
551000 25.2694
552000 25.2705
553000 25.2707
554000 25.2722
555000 25.2719
556000 25.2705
557000 25.2718
558000 25.2722
559000 25.2728
560000 25.2739
561000 25.2733
562000 25.2735
563000 25.2742
564000 25.2765
565000 25.2767
566000 25.278
567000 25.278
568000 25.2772
569000 25.2778
570000 25.2782
571000 25.2785
572000 25.2796
573000 25.2803
574000 25.2812
575000 25.2822
576000 25.2821
577000 25.2825
578000 25.282
579000 25.2814
580000 25.2821
581000 25.2825
582000 25.2847
583000 25.2867
584000 25.2895
585000 25.2935
586000 25.2953
587000 25.2974
588000 25.2998
589000 25.3018
590000 25.303
591000 25.3036
592000 25.3044
593000 25.3038
594000 25.3049
595000 25.3051
596000 25.3044
597000 25.305
598000 25.304
599000 25.3047
600000 25.3048
601000 25.3049
602000 25.3044
603000 25.3026
604000 25.3034
605000 25.3034
606000 25.3037
607000 25.3045
608000 25.3045
609000 25.3059
610000 25.3054
611000 25.3064
612000 25.307
613000 25.3077
614000 25.3094
615000 25.3102
616000 25.3097
617000 25.3096
618000 25.3093
619000 25.3104
620000 25.3123
621000 25.3125
622000 25.3142
623000 25.3169
624000 25.3179
625000 25.3188
626000 25.3194
627000 25.3201
628000 25.3206
629000 25.3201
630000 25.3217
631000 25.3223
632000 25.3216
633000 25.3221
634000 25.3231
635000 25.323
636000 25.324
637000 25.3248
638000 25.3252
639000 25.3261
640000 25.3266
641000 25.3264
642000 25.3269
643000 25.3272
644000 25.3279
645000 25.3281
646000 25.3278
647000 25.3276
648000 25.3273
649000 25.3273
650000 25.3274
651000 25.3273
652000 25.3283
653000 25.3295
654000 25.3298
655000 25.3298
656000 25.329
657000 25.3302
658000 25.3309
659000 25.3317
660000 25.3326
661000 25.3344
662000 25.336
663000 25.3372
664000 25.3374
665000 25.3392
666000 25.3398
667000 25.3398
668000 25.3402
669000 25.3399
670000 25.3386
671000 25.3384
672000 25.3384
673000 25.3384
674000 25.3382
675000 25.3378
676000 25.3361
677000 25.335
678000 25.3344
679000 25.3343
680000 25.3339
681000 25.3331
682000 25.3328
683000 25.3322
684000 25.3323
685000 25.3315
686000 25.332
687000 25.3317
688000 25.3317
689000 25.3307
690000 25.3315
691000 25.3312
692000 25.3309
693000 25.3324
694000 25.3333
695000 25.3337
696000 25.3332
697000 25.3324
698000 25.3318
699000 25.3308
700000 25.3303
701000 25.3288
702000 25.3278
703000 25.3268
704000 25.326
705000 25.3248
706000 25.3234
707000 25.3224
708000 25.3217
709000 25.3223
710000 25.3218
711000 25.3218
712000 25.3218
713000 25.3223
714000 25.3212
715000 25.3212
716000 25.3212
717000 25.3204
718000 25.3203
719000 25.3205
720000 25.3208
721000 25.3203
722000 25.3197
723000 25.3191
724000 25.3196
725000 25.3198
726000 25.3207
727000 25.3211
728000 25.3216
729000 25.3213
730000 25.3224
731000 25.323
732000 25.3233
733000 25.3236
734000 25.3227
735000 25.3224
736000 25.3218
737000 25.3214
738000 25.3215
739000 25.3207
740000 25.3205
741000 25.3208
742000 25.321
743000 25.3212
744000 25.3226
745000 25.3237
746000 25.3244
747000 25.325
748000 25.3262
749000 25.327
750000 25.3276
751000 25.328
752000 25.3289
753000 25.3289
754000 25.3294
755000 25.3289
756000 25.3288
757000 25.328
758000 25.3275
759000 25.3272
760000 25.3269
761000 25.3261
762000 25.3259
763000 25.3252
764000 25.3246
765000 25.3245
766000 25.3244
767000 25.3236
768000 25.3226
769000 25.3222
770000 25.3231
771000 25.3228
772000 25.3229
773000 25.3229
774000 25.3227
775000 25.3226
776000 25.3217
777000 25.3227
778000 25.3219
779000 25.3216
780000 25.3209
781000 25.3213
782000 25.3208
783000 25.3193
784000 25.3167
785000 25.3142
786000 25.3131
787000 25.3125
788000 25.3109
789000 25.3103
790000 25.3099
791000 25.3091
792000 25.3094
793000 25.309
794000 25.3087
795000 25.3085
796000 25.3078
797000 25.3071
798000 25.3063
799000 25.3061
800000 25.3064
801000 25.3057
802000 25.3055
803000 25.3048
804000 25.3039
805000 25.3032
806000 25.3019
807000 25.3
808000 25.2992
809000 25.2983
810000 25.298
811000 25.2975
812000 25.2973
813000 25.2966
814000 25.296
815000 25.296
816000 25.2962
817000 25.2967
818000 25.2969
819000 25.2979
820000 25.2985
821000 25.2997
822000 25.3008
823000 25.3015
824000 25.302
825000 25.3019
826000 25.3018
827000 25.3018
828000 25.3031
829000 25.3031
830000 25.3037
831000 25.3039
832000 25.3038
833000 25.3042
834000 25.3043
835000 25.3049
836000 25.3063
837000 25.3068
838000 25.3085
839000 25.3096
840000 25.3106
841000 25.3107
842000 25.3113
843000 25.3122
844000 25.3123
845000 25.313
846000 25.3131
847000 25.3138
848000 25.313
849000 25.313
850000 25.313
851000 25.3122
852000 25.3114
853000 25.3099
854000 25.3086
855000 25.3067
856000 25.3058
857000 25.3057
858000 25.3051
859000 25.3044
860000 25.3029
861000 25.3011
862000 25.3003
863000 25.3002
864000 25.2996
865000 25.2996
866000 25.2993
867000 25.2978
868000 25.2968
869000 25.2952
870000 25.2942
871000 25.2939
872000 25.2936
873000 25.2925
874000 25.2913
875000 25.29
876000 25.289
877000 25.2887
878000 25.2887
879000 25.2886
880000 25.2879
881000 25.2875
882000 25.2868
883000 25.286
884000 25.2864
885000 25.2859
886000 25.2847
887000 25.283
888000 25.2812
889000 25.2804
890000 25.2798
891000 25.2796
892000 25.2791
893000 25.2786
894000 25.2788
895000 25.2784
896000 25.2779
897000 25.2771
898000 25.2761
899000 25.2748
900000 25.2739
901000 25.2735
902000 25.2729
903000 25.2719
904000 25.2715
905000 25.2716
906000 25.2723
907000 25.2724
908000 25.2721
909000 25.2718
910000 25.2717
911000 25.272
912000 25.2728
913000 25.2732
914000 25.2735
915000 25.2737
916000 25.2739
917000 25.274
918000 25.2743
919000 25.2746
920000 25.2744
921000 25.2748
922000 25.2746
923000 25.2743
924000 25.2734
925000 25.2723
926000 25.2713
927000 25.2707
928000 25.2699
929000 25.2691
930000 25.2683
931000 25.2674
932000 25.2667
933000 25.2663
934000 25.2655
935000 25.2645
936000 25.2641
937000 25.2634
938000 25.2619
939000 25.2609
940000 25.2598
941000 25.2585
942000 25.2583
943000 25.2584
944000 25.2587
945000 25.2587
946000 25.2582
947000 25.2583
948000 25.2587
949000 25.2585
950000 25.2584
951000 25.2582
952000 25.2582
953000 25.2581
954000 25.2583
955000 25.2582
956000 25.2579
957000 25.2565
958000 25.2554
959000 25.2556
960000 25.2562
961000 25.257
962000 25.2578
963000 25.2582
964000 25.2589
965000 25.2587
966000 25.2579
967000 25.2574
968000 25.2577
969000 25.2583
970000 25.2576
971000 25.2572
972000 25.2567
973000 25.2569
974000 25.2572
975000 25.2569
976000 25.257
977000 25.2569
978000 25.2568
979000 25.2569
980000 25.2562
981000 25.2557
982000 25.2555
983000 25.2552
984000 25.2554
985000 25.2555
986000 25.2553
987000 25.2555
988000 25.2554
989000 25.2552
990000 25.2546
991000 25.2547
992000 25.2546
993000 25.2541
994000 25.2536
995000 25.2533
996000 25.2525
997000 25.2519
998000 25.2519
999000 25.2523
1000000 25.2519
1001000 25.2515
1002000 25.2513
1003000 25.2507
1004000 25.2507
1005000 25.2507
1006000 25.2505
1007000 25.2497
1008000 25.2494
1009000 25.2486
1010000 25.2484
1011000 25.2479
1012000 25.2466
1013000 25.2459
1014000 25.2454
1015000 25.2451
1016000 25.2446
1017000 25.2438
1018000 25.2435
1019000 25.2426
1020000 25.2412
1021000 25.2404
1022000 25.2396
1023000 25.2394
1024000 25.2391
1025000 25.2391
1026000 25.2388
1027000 25.2387
1028000 25.238
1029000 25.2369
1030000 25.2365
1031000 25.2357
1032000 25.2352
1033000 25.2346
1034000 25.2346
1035000 25.2346
1036000 25.2344
1037000 25.2346
1038000 25.2355
1039000 25.236
1040000 25.2362
1041000 25.2371
1042000 25.2373
1043000 25.2375
1044000 25.2381
1045000 25.2382
1046000 25.2389
1047000 25.239
1048000 25.2393
1049000 25.2394
1050000 25.24
1051000 25.2399
1052000 25.2397
1053000 25.2397
1054000 25.2392
1055000 25.2386
1056000 25.2377
1057000 25.2369
1058000 25.236
1059000 25.2351
1060000 25.2345
1061000 25.2342
1062000 25.2334
1063000 25.2327
1064000 25.2317
1065000 25.2309
1066000 25.2309
1067000 25.2302
1068000 25.2293
1069000 25.2284
1070000 25.2277
1071000 25.2266
1072000 25.2253
1073000 25.2239
1074000 25.223
1075000 25.2221
1076000 25.2219
1077000 25.2218
1078000 25.221
1079000 25.2214
1080000 25.2208
1081000 25.2207
1082000 25.2205
1083000 25.2207
1084000 25.2204
1085000 25.2202
1086000 25.2197
1087000 25.2193
1088000 25.2193
1089000 25.2192
1090000 25.2192
1091000 25.2197
1092000 25.2199
1093000 25.22
1094000 25.221
1095000 25.2216
1096000 25.2214
1097000 25.221
1098000 25.221
1099000 25.2219
1100000 25.2219
1101000 25.222
1102000 25.2221
1103000 25.222
1104000 25.2228
1105000 25.2231
1106000 25.2229
1107000 25.2227
1108000 25.2226
1109000 25.2223
1110000 25.2222
1111000 25.2224
1112000 25.2222
1113000 25.2218
1114000 25.222
1115000 25.2218
1116000 25.2221
1117000 25.2223
1118000 25.2229
1119000 25.2231
1120000 25.223
1121000 25.2233
1122000 25.2233
1123000 25.2232
1124000 25.2232
1125000 25.2231
1126000 25.2234
1127000 25.2236
1128000 25.2235
1129000 25.2239
1130000 25.2241
1131000 25.2244
1132000 25.2243
1133000 25.2246
1134000 25.2249
1135000 25.2251
1136000 25.2254
1137000 25.2258
1138000 25.2259
1139000 25.2264
1140000 25.2268
1141000 25.2269
1142000 25.2277
1143000 25.2285
1144000 25.2288
1145000 25.2294
1146000 25.23
1147000 25.2303
1148000 25.2299
1149000 25.2297
1150000 25.2294
1151000 25.2287
1152000 25.2287
1153000 25.2285
1154000 25.2283
1155000 25.2288
1156000 25.2285
1157000 25.2283
1158000 25.2281
1159000 25.2284
1160000 25.2284
1161000 25.2279
1162000 25.2279
1163000 25.2278
1164000 25.2279
1165000 25.2279
1166000 25.2284
1167000 25.2287
1168000 25.2294
1169000 25.2297
1170000 25.2298
1171000 25.2295
1172000 25.2294
1173000 25.2294
1174000 25.2291
1175000 25.229
1176000 25.2292
1177000 25.2302
1178000 25.2311
1179000 25.2315
1180000 25.232
1181000 25.2322
1182000 25.2324
1183000 25.2327
1184000 25.2332
1185000 25.2335
1186000 25.2334
1187000 25.2332
1188000 25.2335
1189000 25.2346
1190000 25.2356
1191000 25.2363
1192000 25.2375
1193000 25.2381
1194000 25.2388
1195000 25.2395
1196000 25.2395
1197000 25.2397
1198000 25.2404
1199000 25.2409
1200000 25.2407
1201000 25.2407
1202000 25.2408
1203000 25.2407
1204000 25.2406
1205000 25.2404
1206000 25.2396
1207000 25.2388
1208000 25.2383
1209000 25.2379
1210000 25.2372
1211000 25.2372
1212000 25.2373
1213000 25.2378
1214000 25.2379
1215000 25.2377
1216000 25.2375
1217000 25.2377
1218000 25.2379
1219000 25.2379
1220000 25.2382
1221000 25.238
1222000 25.238
1223000 25.2376
1224000 25.2375
1225000 25.2369
1226000 25.2366
1227000 25.2361
1228000 25.2363
1229000 25.2366
1230000 25.2366
1231000 25.2366
1232000 25.2364
1233000 25.2358
1234000 25.2354
1235000 25.2351
1236000 25.2348
1237000 25.2349
1238000 25.2349
1239000 25.2346
1240000 25.2348
1241000 25.2351
1242000 25.2354
1243000 25.2351
1244000 25.2348
1245000 25.2348
1246000 25.2345
1247000 25.2342
1248000 25.2346
1249000 25.2349
1250000 25.2352
1251000 25.2354
1252000 25.2356
1253000 25.2357
1254000 25.2359
1255000 25.2363
1256000 25.2371
1257000 25.2373
1258000 25.2379
1259000 25.2384
1260000 25.2386
1261000 25.2386
1262000 25.238
1263000 25.2387
1264000 25.2393
1265000 25.2399
1266000 25.2404
1267000 25.2407
1268000 25.241
1269000 25.2413
1270000 25.2412
1271000 25.2417
1272000 25.2415
1273000 25.241
1274000 25.2404
1275000 25.2402
1276000 25.2397
1277000 25.2396
1278000 25.2395
1279000 25.2397
1280000 25.2396
1281000 25.2396
1282000 25.2394
1283000 25.2396
1284000 25.2397
1285000 25.2399
1286000 25.2398
1287000 25.2395
1288000 25.2392
1289000 25.2394
1290000 25.2391
1291000 25.2389
1292000 25.2384
1293000 25.2388
1294000 25.239
1295000 25.2396
1296000 25.2401
1297000 25.2403
1298000 25.2399
1299000 25.2395
1300000 25.2392
1301000 25.2386
1302000 25.2386
1303000 25.2383
1304000 25.2378
1305000 25.2378
1306000 25.2372
1307000 25.2368
1308000 25.2367
1309000 25.2367
1310000 25.2367
1311000 25.2368
1312000 25.237
1313000 25.2372
1314000 25.2372
1315000 25.2378
1316000 25.2379
1317000 25.2382
1318000 25.2388
1319000 25.2389
1320000 25.2397
1321000 25.2402
1322000 25.2405
1323000 25.2404
1324000 25.2404
1325000 25.2406
1326000 25.2405
1327000 25.2405
1328000 25.2396
1329000 25.2397
1330000 25.239
1331000 25.2388
1332000 25.2389
1333000 25.2387
1334000 25.2381
1335000 25.2379
1336000 25.2379
1337000 25.2378
1338000 25.2376
1339000 25.237
1340000 25.2371
1341000 25.237
1342000 25.2368
1343000 25.2372
1344000 25.237
1345000 25.2369
1346000 25.2363
1347000 25.2363
1348000 25.2365
1349000 25.2367
1350000 25.2368
1351000 25.2369
1352000 25.2369
1353000 25.2374
1354000 25.2376
1355000 25.2375
1356000 25.238
1357000 25.2382
1358000 25.238
1359000 25.2377
1360000 25.2378
1361000 25.2376
1362000 25.2377
1363000 25.2375
1364000 25.2371
1365000 25.2366
1366000 25.2362
1367000 25.236
1368000 25.2362
1369000 25.2361
1370000 25.2357
1371000 25.2356
1372000 25.2354
1373000 25.2358
1374000 25.2358
1375000 25.2352
1376000 25.2353
1377000 25.2348
1378000 25.2348
1379000 25.2346
1380000 25.2348
1381000 25.2352
1382000 25.2353
1383000 25.2354
1384000 25.2353
1385000 25.2355
1386000 25.2355
1387000 25.2357
1388000 25.2352
1389000 25.2351
1390000 25.2349
1391000 25.2348
1392000 25.2346
1393000 25.2351
1394000 25.2357
1395000 25.2363
1396000 25.2366
1397000 25.237
1398000 25.2375
1399000 25.2377
1400000 25.2384
1401000 25.2387
1402000 25.2392
1403000 25.2396
1404000 25.2402
1405000 25.2401
1406000 25.2408
1407000 25.2413
1408000 25.242
1409000 25.2427
1410000 25.2427
1411000 25.2431
1412000 25.2434
1413000 25.2433
1414000 25.2435
1415000 25.2438
1416000 25.244
1417000 25.2439
1418000 25.2439
1419000 25.2441
1420000 25.2438
1421000 25.2435
1422000 25.2435
1423000 25.244
1424000 25.2444
1425000 25.245
1426000 25.2452
1427000 25.2455
1428000 25.246
1429000 25.2468
1430000 25.2472
1431000 25.2478
1432000 25.2478
1433000 25.2479
1434000 25.2473
1435000 25.2469
1436000 25.2464
1437000 25.246
1438000 25.2453
1439000 25.2446
1440000 25.244
1441000 25.2436
1442000 25.2429
1443000 25.2422
1444000 25.2418
1445000 25.2421
1446000 25.2421
1447000 25.2418
1448000 25.2419
1449000 25.2416
1450000 25.2415
1451000 25.2412
1452000 25.2406
1453000 25.24
1454000 25.2395
1455000 25.2388
1456000 25.2384
1457000 25.2379
1458000 25.2373
1459000 25.2368
1460000 25.2366
1461000 25.236
1462000 25.2354
1463000 25.2348
1464000 25.2346
1465000 25.2337
1466000 25.2332
1467000 25.2328
1468000 25.2327
1469000 25.2329
1470000 25.2329
1471000 25.2335
1472000 25.2337
1473000 25.2341
1474000 25.2345
1475000 25.2346
1476000 25.2347
1477000 25.235
1478000 25.2353
1479000 25.2357
1480000 25.2365
1481000 25.2374
1482000 25.238
1483000 25.2387
1484000 25.2398
1485000 25.2401
1486000 25.2401
1487000 25.2407
1488000 25.241
1489000 25.2412
1490000 25.2419
1491000 25.2423
1492000 25.2425
1493000 25.2428
1494000 25.2429
1495000 25.2435
1496000 25.2435
1497000 25.2436
1498000 25.2439
1499000 25.2443
1500000 25.2446
1501000 25.245
1502000 25.2451
1503000 25.2451
1504000 25.2448
1505000 25.2447
1506000 25.2445
1507000 25.2442
1508000 25.2441
1509000 25.2438
1510000 25.2433
1511000 25.243
1512000 25.2431
1513000 25.2431
1514000 25.2433
1515000 25.243
1516000 25.2429
1517000 25.2426
1518000 25.2422
1519000 25.2422
1520000 25.2422
1521000 25.2422
1522000 25.2419
1523000 25.242
1524000 25.2422
1525000 25.2423
1526000 25.2426
1527000 25.2427
1528000 25.2427
1529000 25.2431
1530000 25.2433
1531000 25.2433
1532000 25.2438
1533000 25.2438
1534000 25.2436
1535000 25.2437
1536000 25.244
1537000 25.2438
1538000 25.2441
1539000 25.2443
1540000 25.2449
1541000 25.2452
1542000 25.2452
1543000 25.2451
1544000 25.2455
1545000 25.246
1546000 25.246
1547000 25.246
1548000 25.2459
1549000 25.246
1550000 25.2464
1551000 25.2461
1552000 25.2462
1553000 25.2465
1554000 25.2464
1555000 25.2465
1556000 25.2468
1557000 25.2468
1558000 25.247
1559000 25.247
1560000 25.2472
1561000 25.2472
1562000 25.2467
1563000 25.2463
1564000 25.2461
1565000 25.2462
1566000 25.2461
1567000 25.246
1568000 25.2458
1569000 25.246
1570000 25.2465
1571000 25.2464
1572000 25.2462
1573000 25.2461
1574000 25.2458
1575000 25.2458
1576000 25.2455
1577000 25.245
1578000 25.2447
1579000 25.2443
1580000 25.2433
1581000 25.243
1582000 25.2432
1583000 25.243
1584000 25.2427
1585000 25.2426
1586000 25.2426
1587000 25.2423
1588000 25.2418
1589000 25.2416
1590000 25.2416
1591000 25.2413
1592000 25.241
1593000 25.2406
1594000 25.2407
1595000 25.2408
1596000 25.241
1597000 25.241
1598000 25.2411
1599000 25.2412
1600000 25.2415
1601000 25.2412
1602000 25.2413
1603000 25.2415
1604000 25.2414
1605000 25.2418
1606000 25.242
1607000 25.242
1608000 25.2424
1609000 25.2422
1610000 25.242
1611000 25.2421
1612000 25.2422
1613000 25.2423
1614000 25.2425
1615000 25.2425
1616000 25.2428
1617000 25.2429
1618000 25.2425
1619000 25.2421
1620000 25.2417
1621000 25.2416
1622000 25.2412
1623000 25.2411
1624000 25.2411
1625000 25.2407
1626000 25.2408
1627000 25.2404
1628000 25.2405
1629000 25.2405
1630000 25.2404
1631000 25.24
1632000 25.2397
1633000 25.2396
1634000 25.2393
1635000 25.239
1636000 25.2389
1637000 25.2388
1638000 25.2391
1639000 25.239
1640000 25.2389
1641000 25.2387
1642000 25.2384
1643000 25.2384
1644000 25.2382
1645000 25.2383
1646000 25.2384
1647000 25.2381
1648000 25.2382
1649000 25.2382
1650000 25.2383
1651000 25.2383
1652000 25.2385
1653000 25.239
1654000 25.2391
1655000 25.2391
1656000 25.2389
1657000 25.239
1658000 25.2391
1659000 25.2389
1660000 25.2391
1661000 25.2392
1662000 25.2391
1663000 25.2394
1664000 25.2394
1665000 25.2395
1666000 25.2399
1667000 25.2399
1668000 25.24
1669000 25.2403
1670000 25.2404
1671000 25.2406
1672000 25.2405
1673000 25.2407
1674000 25.2407
1675000 25.2406
1676000 25.2404
1677000 25.2404
1678000 25.2402
1679000 25.2398
1680000 25.2397
1681000 25.2395
1682000 25.2394
1683000 25.2395
1684000 25.2393
1685000 25.2396
1686000 25.2395
1687000 25.2398
1688000 25.2401
1689000 25.2404
1690000 25.2406
1691000 25.2408
1692000 25.2409
1693000 25.2414
1694000 25.2414
1695000 25.2417
1696000 25.2415
1697000 25.2416
1698000 25.2412
1699000 25.2408
1700000 25.2408
1701000 25.241
1702000 25.2408
1703000 25.2408
1704000 25.2407
1705000 25.2408
1706000 25.2409
1707000 25.2405
1708000 25.2402
1709000 25.2397
1710000 25.2392
1711000 25.2387
1712000 25.2388
1713000 25.2383
1714000 25.238
1715000 25.2374
1716000 25.2374
1717000 25.2372
1718000 25.2373
1719000 25.2376
1720000 25.2379
1721000 25.2383
1722000 25.2386
1723000 25.2392
1724000 25.2394
1725000 25.2398
1726000 25.2404
1727000 25.2406
1728000 25.2406
1729000 25.2405
1730000 25.2407
1731000 25.2405
1732000 25.2408
1733000 25.2413
1734000 25.2418
1735000 25.2424
1736000 25.2427
1737000 25.2432
1738000 25.2432
1739000 25.2433
1740000 25.2433
1741000 25.2431
1742000 25.2432
1743000 25.2431
1744000 25.243
1745000 25.243
1746000 25.2431
1747000 25.2434
1748000 25.2441
1749000 25.2448
1750000 25.2455
1751000 25.246
1752000 25.2467
1753000 25.247
1754000 25.2476
1755000 25.2479
1756000 25.2486
1757000 25.2489
1758000 25.2495
1759000 25.25
1760000 25.2506
1761000 25.2509
1762000 25.2512
1763000 25.2516
1764000 25.2516
1765000 25.2516
1766000 25.2516
1767000 25.2518
1768000 25.2519
1769000 25.2518
1770000 25.2518
1771000 25.2519
1772000 25.2519
1773000 25.2516
1774000 25.2516
1775000 25.2513
1776000 25.251
1777000 25.2511
1778000 25.2509
1779000 25.2508
1780000 25.2505
1781000 25.2503
1782000 25.25
1783000 25.2498
1784000 25.2496
1785000 25.2492
1786000 25.2492
1787000 25.2493
1788000 25.2488
1789000 25.2484
1790000 25.2479
1791000 25.2477
1792000 25.2476
1793000 25.247
1794000 25.2465
1795000 25.2462
1796000 25.2461
1797000 25.2462
1798000 25.2464
1799000 25.2466
1800000 25.2468
1801000 25.2468
1802000 25.2465
1803000 25.2461
1804000 25.2457
1805000 25.2456
1806000 25.2456
1807000 25.2456
1808000 25.2456
1809000 25.2456
1810000 25.2459
1811000 25.2461
1812000 25.2462
1813000 25.2464
1814000 25.2466
1815000 25.2465
1816000 25.2471
1817000 25.2471
1818000 25.2469
1819000 25.2468
1820000 25.2466
1821000 25.2463
1822000 25.2459
1823000 25.2458
1824000 25.2455
1825000 25.2453
1826000 25.2452
1827000 25.2449
1828000 25.2447
1829000 25.2448
1830000 25.2452
1831000 25.2453
1832000 25.2455
1833000 25.2454
1834000 25.2452
1835000 25.245
1836000 25.245
1837000 25.2451
1838000 25.2454
1839000 25.2454
1840000 25.2454
1841000 25.2451
1842000 25.245
1843000 25.245
1844000 25.2452
1845000 25.2455
1846000 25.2455
1847000 25.2456
1848000 25.2452
1849000 25.2448
1850000 25.2448
1851000 25.2447
1852000 25.2447
1853000 25.2447
1854000 25.2444
1855000 25.2442
1856000 25.2442
1857000 25.2442
1858000 25.244
1859000 25.2439
1860000 25.2438
1861000 25.2438
1862000 25.2441
1863000 25.2444
1864000 25.2448
1865000 25.2448
1866000 25.2452
1867000 25.2455
1868000 25.2458
1869000 25.246
1870000 25.2462
1871000 25.2465
1872000 25.2464
1873000 25.2465
1874000 25.2465
1875000 25.2466
1876000 25.2467
1877000 25.2467
1878000 25.2467
1879000 25.2465
1880000 25.2465
1881000 25.2461
1882000 25.246
1883000 25.2459
1884000 25.246
1885000 25.2462
1886000 25.2464
1887000 25.2466
1888000 25.2466
1889000 25.2468
1890000 25.2468
1891000 25.2471
1892000 25.2475
1893000 25.2476
1894000 25.2473
1895000 25.2476
1896000 25.2478
1897000 25.248
1898000 25.2478
1899000 25.2479
1900000 25.2483
1901000 25.2486
1902000 25.249
1903000 25.2497
1904000 25.2502
1905000 25.2507
1906000 25.2512
1907000 25.2516
1908000 25.2519
1909000 25.2522
1910000 25.2522
1911000 25.252
1912000 25.2519
1913000 25.2523
1914000 25.2523
1915000 25.2525
1916000 25.2524
1917000 25.2526
1918000 25.253
1919000 25.2529
1920000 25.2527
1921000 25.2524
1922000 25.2521
1923000 25.2516
1924000 25.2512
1925000 25.2505
1926000 25.2499
1927000 25.2495
1928000 25.2491
1929000 25.2484
1930000 25.2482
1931000 25.248
1932000 25.2482
1933000 25.2482
1934000 25.2481
1935000 25.2482
1936000 25.2482
1937000 25.2479
1938000 25.2478
1939000 25.248
1940000 25.248
1941000 25.2481
1942000 25.2479
1943000 25.248
1944000 25.2477
1945000 25.2475
1946000 25.2473
1947000 25.2472
1948000 25.2469
1949000 25.2465
1950000 25.2464
1951000 25.2463
1952000 25.2461
1953000 25.246
1954000 25.2461
1955000 25.2464
1956000 25.2467
1957000 25.247
1958000 25.247
1959000 25.247
1960000 25.2471
1961000 25.247
1962000 25.2471
1963000 25.2472
1964000 25.2473
1965000 25.2472
1966000 25.247
1967000 25.2472
1968000 25.247
1969000 25.2467
1970000 25.2466
1971000 25.2467
1972000 25.2467
1973000 25.2466
1974000 25.2462
1975000 25.2458
1976000 25.2453
1977000 25.245
1978000 25.2448
1979000 25.2447
1980000 25.2442
1981000 25.2437
1982000 25.2436
1983000 25.2436
1984000 25.2434
1985000 25.243
1986000 25.2427
1987000 25.2426
1988000 25.2421
1989000 25.2417
1990000 25.2413
1991000 25.2409
1992000 25.2406
1993000 25.2403
1994000 25.2401
1995000 25.2401
1996000 25.2399
1997000 25.2398
1998000 25.2397
1999000 25.2397
2000000 25.2393
2001000 25.239
2002000 25.2389
2003000 25.2389
2004000 25.2386
2005000 25.2378
2006000 25.2375
2007000 25.2371
2008000 25.237
2009000 25.2364
2010000 25.2359
2011000 25.2355
2012000 25.2345
2013000 25.2341
2014000 25.2336
2015000 25.233
2016000 25.2326
2017000 25.2323
2018000 25.2323
2019000 25.2322
2020000 25.2325
2021000 25.2322
2022000 25.2321
2023000 25.2321
2024000 25.2319
2025000 25.2317
2026000 25.2318
2027000 25.2316
2028000 25.2316
2029000 25.2314
2030000 25.2311
2031000 25.2309
2032000 25.2309
2033000 25.2306
2034000 25.2305
2035000 25.2303
2036000 25.2304
2037000 25.2301
2038000 25.23
2039000 25.2296
2040000 25.2293
2041000 25.2292
2042000 25.2293
2043000 25.2292
2044000 25.229
2045000 25.2288
2046000 25.2288
2047000 25.2286
2048000 25.2287
2049000 25.2288
2050000 25.229
2051000 25.2289
2052000 25.229
2053000 25.229
2054000 25.2287
2055000 25.2284
2056000 25.2285
2057000 25.2285
2058000 25.2287
2059000 25.2287
2060000 25.2289
2061000 25.2287
2062000 25.2288
2063000 25.2288
2064000 25.2289
2065000 25.2288
2066000 25.2291
2067000 25.229
2068000 25.229
2069000 25.2291
2070000 25.2293
2071000 25.2292
2072000 25.2293
2073000 25.2294
2074000 25.2295
2075000 25.2295
2076000 25.2295
2077000 25.2295
2078000 25.2294
2079000 25.2297
2080000 25.2299
2081000 25.2302
2082000 25.2305
2083000 25.2306
2084000 25.2303
2085000 25.2302
2086000 25.2301
2087000 25.23
2088000 25.2298
2089000 25.23
2090000 25.2302
2091000 25.2301
2092000 25.2299
2093000 25.2297
2094000 25.2295
2095000 25.2293
2096000 25.2292
2097000 25.2292
2098000 25.2292
2099000 25.2289
2100000 25.229
2101000 25.2289
2102000 25.2291
2103000 25.2293
2104000 25.2294
2105000 25.2295
2106000 25.2293
2107000 25.2292
2108000 25.2295
2109000 25.2295
2110000 25.2297
2111000 25.2298
2112000 25.2297
2113000 25.2298
2114000 25.2298
2115000 25.23
2116000 25.2299
2117000 25.2299
2118000 25.2297
2119000 25.2292
2120000 25.229
2121000 25.2289
2122000 25.229
2123000 25.229
2124000 25.2292
2125000 25.2293
2126000 25.2294
2127000 25.2297
2128000 25.2297
2129000 25.2297
2130000 25.23
2131000 25.2302
2132000 25.2306
2133000 25.2305
2134000 25.2309
2135000 25.2309
2136000 25.2308
2137000 25.231
2138000 25.2311
2139000 25.2311
2140000 25.2309
2141000 25.2309
2142000 25.2309
2143000 25.2305
2144000 25.23
2145000 25.2297
2146000 25.2294
2147000 25.2293
2148000 25.2291
2149000 25.2288
2150000 25.2288
2151000 25.2289
2152000 25.2288
2153000 25.2288
2154000 25.2285
2155000 25.2284
2156000 25.228
2157000 25.2277
2158000 25.2276
2159000 25.2272
2160000 25.2271
2161000 25.2269
2162000 25.2268
2163000 25.2266
2164000 25.2264
2165000 25.2263
2166000 25.2263
2167000 25.2263
2168000 25.2264
2169000 25.2263
2170000 25.2265
2171000 25.2267
2172000 25.2271
2173000 25.2272
2174000 25.2274
2175000 25.2274
2176000 25.2274
2177000 25.2275
2178000 25.2274
2179000 25.2275
2180000 25.2274
2181000 25.2277
2182000 25.2278
2183000 25.228
2184000 25.2282
2185000 25.2284
2186000 25.2282
2187000 25.2282
2188000 25.2282
2189000 25.2282
2190000 25.228
2191000 25.2278
2192000 25.2274
2193000 25.2274
2194000 25.2272
2195000 25.2273
2196000 25.2277
2197000 25.228
2198000 25.2279
2199000 25.228
2200000 25.2282
2201000 25.228
