# Time-averaged data for fix pressrun
# TimeStep v_P
252000 927.278
253000 943.928
254000 940.647
255000 941.024
256000 936.711
257000 933.339
258000 932.739
259000 932.538
260000 930.105
261000 930.585
262000 929.806
263000 929.574
264000 930.322
265000 931.232
266000 930.982
267000 931.218
268000 931.454
269000 931.487
270000 931.966
271000 932.036
272000 933.025
273000 933.925
274000 933.559
275000 933.398
276000 932.557
277000 932.825
278000 932.822
279000 933.392
280000 933.105
281000 933.444
282000 933.364
283000 933.022
284000 933.135
285000 933.084
286000 933.406
287000 933.224
288000 932.797
289000 932.797
290000 932.754
291000 932.866
292000 932.696
293000 932.427
294000 932.603
295000 932.538
296000 932.359
297000 932.51
298000 932.525
299000 932.505
300000 932.522
301000 932.395
302000 932.412
303000 932.315
304000 932.341
305000 932.432
306000 932.581
307000 932.52
308000 932.934
309000 933.14
310000 933.137
311000 933.003
312000 932.816
313000 932.797
314000 932.572
315000 932.726
316000 932.84
317000 932.897
318000 932.774
319000 932.527
320000 932.501
321000 932.557
322000 932.563
323000 932.467
324000 932.656
325000 932.756
326000 932.788
327000 932.665
328000 932.67
329000 932.894
330000 932.871
331000 932.83
332000 932.651
333000 932.647
334000 932.653
335000 932.721
336000 932.633
337000 932.544
338000 932.668
339000 932.658
340000 932.613
341000 932.401
342000 932.317
343000 932.292
344000 932.359
345000 932.197
346000 932.228
347000 932.216
348000 932.225
349000 932.211
350000 932.106
351000 931.916
352000 931.902
353000 931.982
354000 931.984
355000 931.859
356000 931.75
357000 931.756
358000 931.492
359000 931.421
360000 931.517
361000 931.573
362000 931.624
363000 931.557
364000 931.654
365000 931.607
366000 931.776
367000 931.738
368000 931.684
369000 931.541
370000 931.63
371000 931.628
372000 931.729
373000 931.668
374000 931.664
375000 931.741
376000 931.828
377000 931.769
378000 931.899
379000 931.89
380000 931.848
381000 931.78
382000 931.843
383000 931.815
384000 931.789
385000 931.746
386000 931.873
387000 931.927
388000 932.071
389000 931.994
390000 932.059
391000 932.113
392000 932.097
393000 932.118
394000 932.11
395000 932.116
396000 932.067
397000 932.085
398000 932.124
399000 932.263
400000 932.298
401000 932.34
402000 932.32
403000 932.418
404000 932.323
405000 932.312
406000 932.372
407000 932.418
408000 932.438
409000 932.498
410000 932.507
411000 932.416
412000 932.378
413000 932.258
414000 932.243
415000 932.251
416000 932.305
417000 932.3
418000 932.312
419000 932.258
420000 932.241
421000 932.292
422000 932.295
423000 932.293
424000 932.303
425000 932.264
426000 932.258
427000 932.203
428000 932.188
429000 932.267
430000 932.245
431000 932.317
432000 932.321
433000 932.405
434000 932.424
435000 932.377
436000 932.285
437000 932.311
438000 932.318
439000 932.234
440000 932.144
441000 932.105
442000 932.072
443000 932.04
444000 932.036
445000 932.048
446000 932.046
447000 932.062
448000 932.091
449000 932.046
450000 932.078
451000 932.084
452000 932.1
453000 932.147
454000 932.233
455000 932.207
456000 932.206
457000 932.288
458000 932.257
459000 932.217
460000 932.188
461000 932.168
462000 932.13
463000 932.099
464000 932.15
465000 932.138
466000 932.153
467000 932.157
468000 932.208
469000 932.222
470000 932.253
471000 932.255
472000 932.205
473000 932.209
474000 932.246
475000 932.186
476000 932.209
477000 932.279
478000 932.233
479000 932.232
480000 932.238
481000 932.229
482000 932.198
483000 932.187
484000 932.157
485000 932.133
486000 932.107
487000 932.09
488000 932.085
489000 932.053
490000 932.041
491000 932.069
492000 932.107
493000 932.13
494000 932.095
495000 932.086
496000 932.133
497000 932.088
498000 932.062
499000 932.053
500000 932.089
501000 932.045
502000 932.102
503000 932.105
504000 932.207
505000 932.247
506000 932.312
507000 932.32
508000 932.321
509000 932.303
510000 932.277
511000 932.276
512000 932.307
513000 932.27
514000 932.256
515000 932.266
516000 932.275
517000 932.272
518000 932.235
519000 932.239
520000 932.205
521000 932.179
522000 932.237
523000 932.196
524000 932.124
525000 932.118
526000 932.129
527000 932.097
528000 932.054
529000 931.979
530000 931.949
531000 931.953
532000 931.944
533000 932.004
534000 931.976
535000 931.964
536000 931.922
537000 931.915
538000 931.899
539000 931.898
540000 931.858
541000 931.9
542000 931.857
543000 931.863
544000 931.868
545000 931.883
546000 931.968
547000 931.929
548000 931.957
549000 932.008
550000 931.991
551000 931.986
552000 932.031
553000 932.073
554000 932.097
555000 932.097
556000 932.069
557000 932.082
558000 932.038
559000 932.027
560000 932.009
561000 932.004
562000 931.995
563000 931.996
564000 931.959
565000 931.893
566000 931.914
567000 931.928
568000 931.885
569000 931.89
570000 931.894
571000 931.899
572000 931.869
573000 931.868
574000 931.876
575000 931.87
576000 931.832
577000 931.863
578000 931.914
579000 931.956
580000 931.896
581000 931.929
582000 931.912
583000 931.89
584000 931.859
585000 931.877
586000 931.904
587000 931.968
588000 931.959
589000 931.973
590000 931.987
591000 931.984
592000 932
593000 932.004
594000 932.008
595000 932.006
596000 931.943
597000 931.96
598000 931.934
599000 931.957
600000 931.927
601000 931.893
602000 931.904
603000 931.872
604000 931.876
605000 931.891
606000 931.899
607000 931.968
608000 931.94
609000 931.906
610000 931.943
611000 931.926
612000 931.968
613000 931.956
614000 931.934
615000 931.926
616000 931.909
617000 931.903
618000 931.955
619000 931.946
620000 931.942
621000 931.906
622000 931.901
623000 931.829
624000 931.838
625000 931.842
626000 931.825
627000 931.831
628000 931.806
629000 931.811
630000 931.797
631000 931.782
632000 931.779
633000 931.783
634000 931.781
635000 931.78
636000 931.785
637000 931.761
638000 931.752
639000 931.722
640000 931.709
641000 931.719
642000 931.73
643000 931.715
644000 931.698
645000 931.691
646000 931.68
647000 931.699
648000 931.696
649000 931.691
650000 931.706
651000 931.698
652000 931.728
653000 931.729
654000 931.723
655000 931.753
656000 931.758
657000 931.762
658000 931.772
659000 931.797
660000 931.832
661000 931.846
662000 931.906
663000 931.935
664000 931.954
665000 931.938
666000 931.901
667000 931.884
668000 931.874
669000 931.879
670000 931.894
671000 931.913
672000 931.933
673000 931.9
674000 931.903
675000 931.941
676000 931.934
677000 931.927
678000 931.946
679000 931.977
680000 932.005
681000 932.007
682000 931.995
683000 932.013
684000 932.038
685000 932.038
686000 932.055
687000 932.05
688000 932.021
689000 931.988
690000 931.985
691000 932.024
692000 932.078
693000 932.1
694000 932.134
695000 932.119
696000 932.093
697000 932.096
698000 932.115
699000 932.105
700000 932.105
701000 932.071
702000 932.085
703000 932.048
704000 932.041
705000 932.025
706000 932.051
707000 932.026
708000 932.037
709000 932.057
710000 932.051
711000 932.073
712000 932.075
713000 932.059
714000 932.08
715000 932.073
716000 932.05
717000 932.053
718000 932.073
719000 932.064
720000 932.036
721000 932.044
722000 932.009
723000 932.022
724000 931.979
725000 931.988
726000 931.995
727000 931.982
728000 931.985
729000 932.018
730000 932.021
731000 932.006
732000 932.016
733000 931.995
734000 931.984
735000 931.972
736000 931.966
737000 931.955
738000 931.947
739000 931.915
740000 931.938
741000 931.943
742000 931.95
743000 931.95
744000 931.964
745000 931.959
746000 931.96
747000 931.928
748000 931.947
749000 931.958
750000 931.943
751000 931.945
752000 931.955
753000 931.953
754000 932.002
755000 931.986
756000 931.989
757000 931.995
758000 931.991
759000 931.994
760000 931.994
761000 931.996
762000 932.004
763000 931.988
764000 931.978
765000 931.969
766000 931.963
767000 931.964
768000 931.977
769000 931.974
770000 931.974
771000 932.008
772000 932.046
773000 932.067
774000 932.036
775000 932.044
776000 932.015
777000 932.024
778000 932.048
779000 932.035
780000 932.023
781000 932.015
782000 932.024
783000 932.036
784000 932.05
785000 932.051
786000 932.032
787000 932.028
788000 932.02
789000 932.021
790000 932.002
791000 931.994
792000 931.983
793000 931.966
794000 931.951
795000 931.96
796000 931.953
797000 931.948
798000 931.974
799000 932.011
800000 932.02
801000 932.022
802000 932.026
803000 932.024
804000 932.018
805000 932.01
806000 932.007
807000 932.006
808000 932.039
809000 932.015
810000 932.037
811000 932.031
812000 932.028
813000 932.008
814000 932.003
815000 932.009
816000 932.035
817000 932.049
818000 932.065
819000 932.096
820000 932.117
821000 932.118
822000 932.149
823000 932.144
824000 932.149
825000 932.162
826000 932.162
827000 932.188
828000 932.179
829000 932.213
830000 932.197
831000 932.193
832000 932.189
833000 932.191
834000 932.214
835000 932.247
836000 932.255
837000 932.225
838000 932.235
839000 932.224
840000 932.243
841000 932.243
842000 932.218
843000 932.214
844000 932.244
845000 932.235
846000 932.237
847000 932.24
848000 932.241
849000 932.261
850000 932.266
851000 932.278
852000 932.271
853000 932.27
854000 932.268
855000 932.255
856000 932.255
857000 932.275
858000 932.316
859000 932.32
860000 932.296
861000 932.261
862000 932.226
863000 932.243
864000 932.233
865000 932.263
866000 932.268
867000 932.271
868000 932.277
869000 932.269
870000 932.253
871000 932.258
872000 932.296
873000 932.291
874000 932.305
875000 932.31
876000 932.299
877000 932.282
878000 932.304
879000 932.295
880000 932.296
881000 932.299
882000 932.324
883000 932.331
884000 932.326
885000 932.344
886000 932.336
887000 932.332
888000 932.33
889000 932.33
890000 932.293
891000 932.308
892000 932.322
893000 932.332
894000 932.327
895000 932.316
896000 932.315
897000 932.312
898000 932.314
899000 932.332
900000 932.329
901000 932.314
902000 932.331
903000 932.319
904000 932.336
905000 932.347
906000 932.366
907000 932.362
908000 932.356
909000 932.35
910000 932.358
911000 932.36
912000 932.355
913000 932.369
914000 932.372
915000 932.352
916000 932.324
917000 932.333
918000 932.32
919000 932.317
920000 932.334
921000 932.365
922000 932.363
923000 932.342
924000 932.335
925000 932.327
926000 932.333
927000 932.322
928000 932.317
929000 932.315
930000 932.314
931000 932.312
932000 932.315
933000 932.319
934000 932.314
935000 932.294
936000 932.295
937000 932.293
938000 932.289
939000 932.267
940000 932.27
941000 932.271
942000 932.275
943000 932.276
944000 932.266
945000 932.263
946000 932.262
947000 932.256
948000 932.252
949000 932.263
950000 932.258
951000 932.262
952000 932.268
953000 932.274
954000 932.25
955000 932.255
956000 932.283
957000 932.255
958000 932.264
959000 932.273
960000 932.26
961000 932.265
962000 932.271
963000 932.259
964000 932.238
965000 932.204
966000 932.182
967000 932.164
968000 932.163
969000 932.146
970000 932.153
971000 932.146
972000 932.154
973000 932.146
974000 932.137
975000 932.138
976000 932.155
977000 932.166
978000 932.148
979000 932.14
980000 932.165
981000 932.151
982000 932.138
983000 932.147
984000 932.151
985000 932.158
986000 932.147
987000 932.146
988000 932.131
989000 932.142
990000 932.153
991000 932.167
992000 932.185
993000 932.19
994000 932.197
995000 932.185
996000 932.182
997000 932.188
998000 932.189
999000 932.181
1000000 932.195
1001000 932.206
1002000 932.205
1003000 932.227
1004000 932.215
1005000 932.223
1006000 932.24
1007000 932.248
1008000 932.245
1009000 932.234
1010000 932.216
1011000 932.213
1012000 932.207
1013000 932.233
1014000 932.225
1015000 932.226
1016000 932.218
1017000 932.212
1018000 932.216
1019000 932.215
1020000 932.233
1021000 932.241
1022000 932.206
1023000 932.202
1024000 932.222
1025000 932.225
1026000 932.226
1027000 932.22
1028000 932.213
1029000 932.203
1030000 932.213
1031000 932.202
1032000 932.211
1033000 932.209
1034000 932.188
1035000 932.181
1036000 932.179
1037000 932.185
1038000 932.183
1039000 932.176
1040000 932.159
1041000 932.153
1042000 932.152
1043000 932.16
1044000 932.166
1045000 932.176
1046000 932.18
1047000 932.163
1048000 932.159
1049000 932.164
1050000 932.178
1051000 932.18
1052000 932.202
1053000 932.195
1054000 932.212
1055000 932.196
1056000 932.203
1057000 932.191
1058000 932.201
1059000 932.222
1060000 932.226
1061000 932.215
1062000 932.207
1063000 932.201
1064000 932.196
1065000 932.18
1066000 932.188
1067000 932.192
1068000 932.181
1069000 932.194
1070000 932.192
1071000 932.185
1072000 932.146
1073000 932.137
1074000 932.13
1075000 932.128
1076000 932.11
1077000 932.11
1078000 932.118
1079000 932.134
1080000 932.13
1081000 932.125
1082000 932.134
1083000 932.135
1084000 932.14
1085000 932.151
1086000 932.156
1087000 932.161
1088000 932.159
1089000 932.155
1090000 932.153
1091000 932.143
1092000 932.128
1093000 932.138
1094000 932.141
1095000 932.144
1096000 932.144
1097000 932.156
1098000 932.167
1099000 932.164
1100000 932.181
1101000 932.19
1102000 932.194
1103000 932.217
1104000 932.219
1105000 932.213
1106000 932.216
1107000 932.212
1108000 932.23
1109000 932.206
1110000 932.217
1111000 932.214
1112000 932.21
1113000 932.21
1114000 932.217
1115000 932.206
1116000 932.18
1117000 932.187
1118000 932.169
1119000 932.168
1120000 932.163
1121000 932.178
1122000 932.177
1123000 932.168
1124000 932.17
1125000 932.181
1126000 932.186
1127000 932.189
1128000 932.186
1129000 932.177
1130000 932.174
1131000 932.145
1132000 932.154
1133000 932.149
1134000 932.132
1135000 932.123
1136000 932.122
1137000 932.113
1138000 932.104
1139000 932.111
1140000 932.106
1141000 932.126
1142000 932.114
1143000 932.132
1144000 932.129
1145000 932.124
1146000 932.121
1147000 932.141
1148000 932.151
1149000 932.159
1150000 932.153
1151000 932.132
1152000 932.126
1153000 932.139
1154000 932.151
1155000 932.154
1156000 932.156
1157000 932.148
1158000 932.141
1159000 932.141
1160000 932.134
1161000 932.134
1162000 932.131
1163000 932.123
1164000 932.118
1165000 932.111
1166000 932.125
1167000 932.112
1168000 932.091
1169000 932.098
1170000 932.117
1171000 932.124
1172000 932.134
1173000 932.133
1174000 932.133
1175000 932.122
1176000 932.132
1177000 932.147
1178000 932.152
1179000 932.157
1180000 932.163
1181000 932.162
1182000 932.159
1183000 932.182
1184000 932.205
1185000 932.204
1186000 932.207
1187000 932.22
1188000 932.221
1189000 932.208
1190000 932.232
1191000 932.222
1192000 932.195
1193000 932.188
1194000 932.192
1195000 932.192
1196000 932.189
1197000 932.184
1198000 932.181
1199000 932.193
1200000 932.19
1201000 932.192
1202000 932.197
1203000 932.191
1204000 932.184
1205000 932.198
1206000 932.189
1207000 932.184
1208000 932.175
1209000 932.197
1210000 932.205
1211000 932.212
1212000 932.216
1213000 932.215
1214000 932.219
1215000 932.203
1216000 932.202
1217000 932.2
1218000 932.199
1219000 932.193
1220000 932.191
1221000 932.187
1222000 932.169
1223000 932.153
1224000 932.166
1225000 932.166
1226000 932.171
1227000 932.178
1228000 932.184
1229000 932.172
1230000 932.202
1231000 932.205
1232000 932.224
1233000 932.222
1234000 932.223
1235000 932.226
1236000 932.225
1237000 932.22
1238000 932.227
1239000 932.239
1240000 932.233
1241000 932.218
1242000 932.216
1243000 932.21
1244000 932.204
1245000 932.19
1246000 932.192
1247000 932.199
1248000 932.215
1249000 932.22
1250000 932.208
1251000 932.202
1252000 932.204
1253000 932.202
1254000 932.197
1255000 932.212
1256000 932.2
1257000 932.205
1258000 932.216
1259000 932.223
1260000 932.22
1261000 932.234
1262000 932.233
1263000 932.21
1264000 932.224
1265000 932.221
1266000 932.215
1267000 932.203
1268000 932.211
1269000 932.204
1270000 932.199
1271000 932.206
1272000 932.208
1273000 932.227
1274000 932.227
1275000 932.225
1276000 932.219
1277000 932.198
1278000 932.205
1279000 932.231
1280000 932.244
1281000 932.238
1282000 932.236
1283000 932.241
1284000 932.237
1285000 932.243
1286000 932.23
1287000 932.235
1288000 932.239
1289000 932.255
1290000 932.265
1291000 932.273
1292000 932.279
1293000 932.264
1294000 932.262
1295000 932.258
1296000 932.253
1297000 932.239
1298000 932.226
1299000 932.22
1300000 932.227
1301000 932.23
1302000 932.234
1303000 932.237
1304000 932.241
1305000 932.243
1306000 932.255
1307000 932.255
1308000 932.249
1309000 932.247
1310000 932.242
1311000 932.227
1312000 932.218
1313000 932.215
1314000 932.207
1315000 932.197
1316000 932.204
1317000 932.212
1318000 932.206
1319000 932.203
1320000 932.193
1321000 932.198
1322000 932.202
1323000 932.209
1324000 932.209
1325000 932.211
1326000 932.211
1327000 932.202
1328000 932.204
1329000 932.193
1330000 932.192
1331000 932.198
1332000 932.214
1333000 932.208
1334000 932.207
1335000 932.21
1336000 932.206
1337000 932.199
1338000 932.207
1339000 932.205
1340000 932.206
1341000 932.201
1342000 932.201
1343000 932.193
1344000 932.188
1345000 932.196
1346000 932.204
1347000 932.206
1348000 932.191
1349000 932.195
1350000 932.194
1351000 932.18
1352000 932.173
1353000 932.18
1354000 932.174
1355000 932.177
1356000 932.17
1357000 932.165
1358000 932.174
1359000 932.186
1360000 932.179
1361000 932.172
1362000 932.166
1363000 932.141
1364000 932.143
1365000 932.139
1366000 932.14
1367000 932.146
1368000 932.17
1369000 932.176
1370000 932.161
1371000 932.177
1372000 932.186
1373000 932.165
1374000 932.161
1375000 932.169
1376000 932.178
1377000 932.184
1378000 932.183
1379000 932.191
1380000 932.193
1381000 932.179
1382000 932.171
1383000 932.168
1384000 932.163
1385000 932.16
1386000 932.167
1387000 932.161
1388000 932.16
1389000 932.144
1390000 932.148
1391000 932.14
1392000 932.135
1393000 932.13
1394000 932.11
1395000 932.096
1396000 932.086
1397000 932.087
1398000 932.094
1399000 932.093
1400000 932.101
1401000 932.099
1402000 932.099
1403000 932.098
1404000 932.101
1405000 932.095
1406000 932.106
1407000 932.119
1408000 932.124
1409000 932.111
1410000 932.096
1411000 932.106
1412000 932.106
1413000 932.086
1414000 932.068
1415000 932.077
1416000 932.066
1417000 932.052
1418000 932.055
1419000 932.056
1420000 932.06
1421000 932.062
1422000 932.065
1423000 932.067
1424000 932.062
1425000 932.059
1426000 932.071
1427000 932.073
1428000 932.087
1429000 932.091
1430000 932.086
1431000 932.088
1432000 932.08
1433000 932.078
1434000 932.074
1435000 932.067
1436000 932.086
1437000 932.102
1438000 932.1
1439000 932.104
1440000 932.104
1441000 932.107
1442000 932.1
1443000 932.091
1444000 932.105
1445000 932.111
1446000 932.108
1447000 932.105
1448000 932.1
1449000 932.104
1450000 932.101
1451000 932.102
1452000 932.106
1453000 932.109
1454000 932.121
1455000 932.12
1456000 932.141
1457000 932.141
1458000 932.134
1459000 932.142
1460000 932.143
1461000 932.145
1462000 932.142
1463000 932.136
1464000 932.139
1465000 932.141
1466000 932.154
1467000 932.157
1468000 932.153
1469000 932.154
1470000 932.143
1471000 932.151
1472000 932.155
1473000 932.153
1474000 932.141
1475000 932.153
1476000 932.15
1477000 932.152
1478000 932.152
1479000 932.152
1480000 932.143
1481000 932.158
1482000 932.149
1483000 932.14
1484000 932.138
1485000 932.118
1486000 932.112
1487000 932.134
1488000 932.136
1489000 932.137
1490000 932.124
1491000 932.135
1492000 932.141
1493000 932.137
1494000 932.139
1495000 932.15
1496000 932.159
1497000 932.153
1498000 932.153
1499000 932.142
1500000 932.14
1501000 932.141
1502000 932.156
1503000 932.161
1504000 932.163
1505000 932.184
1506000 932.175
1507000 932.173
1508000 932.171
1509000 932.172
1510000 932.184
1511000 932.173
1512000 932.163
1513000 932.164
1514000 932.165
1515000 932.172
1516000 932.163
1517000 932.164
1518000 932.16
1519000 932.153
1520000 932.144
1521000 932.137
1522000 932.137
1523000 932.142
1524000 932.148
1525000 932.151
1526000 932.154
1527000 932.137
1528000 932.138
1529000 932.143
1530000 932.158
1531000 932.168
1532000 932.157
1533000 932.165
1534000 932.155
1535000 932.149
1536000 932.15
1537000 932.142
1538000 932.147
1539000 932.14
1540000 932.141
1541000 932.139
1542000 932.147
1543000 932.161
1544000 932.168
1545000 932.17
1546000 932.177
1547000 932.177
1548000 932.17
1549000 932.173
1550000 932.187
1551000 932.196
1552000 932.194
1553000 932.206
1554000 932.211
1555000 932.198
1556000 932.204
1557000 932.21
1558000 932.213
1559000 932.215
1560000 932.221
1561000 932.222
1562000 932.213
1563000 932.207
1564000 932.22
1565000 932.225
1566000 932.223
1567000 932.213
1568000 932.218
1569000 932.225
1570000 932.219
1571000 932.221
1572000 932.218
1573000 932.225
1574000 932.227
1575000 932.23
1576000 932.222
1577000 932.234
1578000 932.23
1579000 932.217
1580000 932.211
1581000 932.206
1582000 932.203
1583000 932.215
1584000 932.213
1585000 932.221
1586000 932.227
1587000 932.229
1588000 932.222
1589000 932.222
1590000 932.218
1591000 932.216
1592000 932.21
1593000 932.216
1594000 932.226
1595000 932.229
1596000 932.24
1597000 932.241
1598000 932.234
1599000 932.243
1600000 932.247
1601000 932.252
1602000 932.263
1603000 932.251
1604000 932.245
1605000 932.239
1606000 932.248
1607000 932.253
1608000 932.238
1609000 932.243
1610000 932.253
1611000 932.257
1612000 932.268
1613000 932.265
1614000 932.271
1615000 932.274
1616000 932.28
1617000 932.283
1618000 932.285
1619000 932.284
1620000 932.278
1621000 932.28
1622000 932.281
1623000 932.286
1624000 932.284
1625000 932.273
1626000 932.265
1627000 932.261
1628000 932.253
1629000 932.243
1630000 932.246
1631000 932.251
1632000 932.254
1633000 932.246
1634000 932.245
1635000 932.247
1636000 932.247
1637000 932.244
1638000 932.247
1639000 932.244
1640000 932.243
1641000 932.243
1642000 932.244
1643000 932.24
1644000 932.241
1645000 932.241
1646000 932.25
1647000 932.25
1648000 932.244
1649000 932.242
1650000 932.251
1651000 932.24
1652000 932.231
1653000 932.229
1654000 932.229
1655000 932.232
1656000 932.241
1657000 932.227
1658000 932.222
1659000 932.226
1660000 932.233
1661000 932.25
1662000 932.243
1663000 932.244
1664000 932.253
1665000 932.252
1666000 932.248
1667000 932.25
1668000 932.253
1669000 932.266
1670000 932.272
1671000 932.264
1672000 932.264
1673000 932.276
1674000 932.279
1675000 932.278
1676000 932.286
1677000 932.279
1678000 932.28
1679000 932.28
1680000 932.278
1681000 932.265
1682000 932.257
1683000 932.261
1684000 932.278
1685000 932.274
1686000 932.281
1687000 932.276
1688000 932.275
1689000 932.281
1690000 932.28
1691000 932.282
1692000 932.282
1693000 932.281
1694000 932.284
1695000 932.278
1696000 932.263
1697000 932.265
1698000 932.263
1699000 932.263
1700000 932.266
1701000 932.26
1702000 932.265
1703000 932.257
1704000 932.251
1705000 932.258
1706000 932.251
1707000 932.259
1708000 932.267
1709000 932.261
1710000 932.26
1711000 932.271
1712000 932.28
1713000 932.283
1714000 932.292
1715000 932.288
1716000 932.293
1717000 932.294
1718000 932.293
1719000 932.298
1720000 932.3
1721000 932.301
1722000 932.305
1723000 932.304
1724000 932.304
1725000 932.309
1726000 932.308
1727000 932.315
1728000 932.317
1729000 932.319
1730000 932.331
1731000 932.331
1732000 932.332
1733000 932.333
1734000 932.324
1735000 932.335
1736000 932.339
1737000 932.346
1738000 932.338
1739000 932.329
1740000 932.325
1741000 932.323
1742000 932.324
1743000 932.322
1744000 932.332
1745000 932.337
1746000 932.345
1747000 932.348
1748000 932.345
1749000 932.334
1750000 932.347
1751000 932.347
1752000 932.341
1753000 932.34
1754000 932.341
1755000 932.35
1756000 932.347
1757000 932.341
1758000 932.341
1759000 932.344
1760000 932.345
1761000 932.346
1762000 932.339
1763000 932.342
1764000 932.353
1765000 932.351
1766000 932.359
1767000 932.366
1768000 932.357
1769000 932.362
1770000 932.373
1771000 932.383
1772000 932.389
1773000 932.399
1774000 932.403
1775000 932.412
1776000 932.419
1777000 932.414
1778000 932.41
1779000 932.417
1780000 932.408
1781000 932.41
1782000 932.41
1783000 932.409
1784000 932.416
1785000 932.415
1786000 932.415
1787000 932.415
1788000 932.405
1789000 932.413
1790000 932.42
1791000 932.416
1792000 932.417
1793000 932.427
1794000 932.43
1795000 932.431
1796000 932.432
1797000 932.434
1798000 932.432
1799000 932.44
1800000 932.441
1801000 932.438
1802000 932.421
1803000 932.414
1804000 932.425
1805000 932.426
1806000 932.431
1807000 932.426
1808000 932.423
1809000 932.424
1810000 932.426
1811000 932.428
1812000 932.42
1813000 932.422
1814000 932.417
1815000 932.422
1816000 932.422
1817000 932.426
1818000 932.424
1819000 932.422
1820000 932.424
1821000 932.425
1822000 932.425
1823000 932.42
1824000 932.422
1825000 932.418
1826000 932.416
1827000 932.412
1828000 932.426
1829000 932.419
1830000 932.415
1831000 932.419
1832000 932.414
1833000 932.421
1834000 932.418
1835000 932.43
1836000 932.433
1837000 932.434
1838000 932.428
1839000 932.429
1840000 932.433
1841000 932.436
1842000 932.432
1843000 932.43
1844000 932.428
1845000 932.423
1846000 932.429
1847000 932.434
1848000 932.436
1849000 932.432
1850000 932.432
1851000 932.442
1852000 932.457
1853000 932.453
1854000 932.454
1855000 932.455
1856000 932.456
1857000 932.458
1858000 932.457
1859000 932.448
1860000 932.448
1861000 932.449
1862000 932.441
1863000 932.439
1864000 932.439
1865000 932.442
1866000 932.431
1867000 932.437
1868000 932.419
1869000 932.429
1870000 932.43
1871000 932.431
1872000 932.427
1873000 932.415
1874000 932.417
1875000 932.421
1876000 932.419
1877000 932.418
1878000 932.416
1879000 932.41
1880000 932.406
1881000 932.413
1882000 932.413
1883000 932.409
1884000 932.411
1885000 932.413
1886000 932.402
1887000 932.405
1888000 932.406
1889000 932.416
1890000 932.415
1891000 932.413
1892000 932.417
1893000 932.421
1894000 932.418
1895000 932.419
1896000 932.426
1897000 932.431
1898000 932.437
1899000 932.432
1900000 932.441
1901000 932.445
1902000 932.447
1903000 932.45
1904000 932.456
1905000 932.466
1906000 932.462
1907000 932.453
1908000 932.449
1909000 932.454
1910000 932.45
1911000 932.451
1912000 932.447
1913000 932.446
1914000 932.444
1915000 932.45
1916000 932.437
1917000 932.443
1918000 932.445
1919000 932.445
1920000 932.448
1921000 932.436
1922000 932.439
1923000 932.447
1924000 932.449
1925000 932.459
1926000 932.457
1927000 932.457
1928000 932.449
1929000 932.443
1930000 932.435
1931000 932.423
1932000 932.424
1933000 932.407
1934000 932.393
1935000 932.396
1936000 932.397
1937000 932.387
1938000 932.382
1939000 932.376
1940000 932.37
1941000 932.372
1942000 932.365
1943000 932.364
1944000 932.372
1945000 932.371
1946000 932.381
1947000 932.383
1948000 932.388
1949000 932.375
1950000 932.378
1951000 932.378
1952000 932.381
1953000 932.385
1954000 932.394
1955000 932.393
1956000 932.395
1957000 932.391
1958000 932.403
1959000 932.406
1960000 932.401
1961000 932.399
1962000 932.405
1963000 932.399
1964000 932.398
1965000 932.399
1966000 932.404
1967000 932.398
1968000 932.398
1969000 932.404
1970000 932.414
1971000 932.416
1972000 932.418
1973000 932.408
1974000 932.405
1975000 932.397
1976000 932.396
1977000 932.402
1978000 932.401
1979000 932.402
1980000 932.405
1981000 932.408
1982000 932.405
1983000 932.398
1984000 932.414
1985000 932.414
1986000 932.409
1987000 932.426
1988000 932.425
1989000 932.43
1990000 932.437
1991000 932.438
1992000 932.447
1993000 932.451
1994000 932.449
1995000 932.437
1996000 932.433
1997000 932.43
1998000 932.431
1999000 932.434
2000000 932.434
2001000 932.431
2002000 932.422
2003000 932.425
2004000 932.432
2005000 932.423
2006000 932.426
2007000 932.431
2008000 932.428
2009000 932.428
2010000 932.43
2011000 932.421
2012000 932.424
2013000 932.434
2014000 932.431
2015000 932.433
2016000 932.433
2017000 932.436
2018000 932.44
2019000 932.437
2020000 932.432
2021000 932.434
2022000 932.439
2023000 932.437
2024000 932.438
2025000 932.441
2026000 932.429
2027000 932.437
2028000 932.437
2029000 932.433
2030000 932.437
2031000 932.432
2032000 932.427
2033000 932.433
2034000 932.434
2035000 932.443
2036000 932.438
2037000 932.444
2038000 932.451
2039000 932.45
2040000 932.45
2041000 932.454
2042000 932.454
2043000 932.456
2044000 932.458
2045000 932.458
2046000 932.447
2047000 932.441
2048000 932.435
2049000 932.434
2050000 932.426
2051000 932.423
2052000 932.422
2053000 932.425
2054000 932.422
2055000 932.421
2056000 932.416
2057000 932.421
2058000 932.413
2059000 932.406
2060000 932.409
2061000 932.407
2062000 932.403
2063000 932.398
2064000 932.397
2065000 932.395
2066000 932.392
2067000 932.394
2068000 932.395
2069000 932.389
2070000 932.385
2071000 932.386
2072000 932.397
2073000 932.401
2074000 932.397
2075000 932.396
2076000 932.395
2077000 932.396
2078000 932.404
2079000 932.405
2080000 932.403
2081000 932.401
2082000 932.401
2083000 932.401
2084000 932.404
2085000 932.404
2086000 932.407
2087000 932.42
2088000 932.418
2089000 932.429
2090000 932.435
2091000 932.441
2092000 932.437
2093000 932.446
2094000 932.452
2095000 932.451
2096000 932.462
2097000 932.461
2098000 932.457
2099000 932.466
2100000 932.467
2101000 932.469
2102000 932.463
2103000 932.466
2104000 932.463
2105000 932.457
2106000 932.458
2107000 932.463
2108000 932.472
2109000 932.467
2110000 932.46
2111000 932.461
2112000 932.462
2113000 932.467
2114000 932.467
2115000 932.461
2116000 932.459
2117000 932.454
2118000 932.458
2119000 932.455
2120000 932.451
2121000 932.452
2122000 932.45
2123000 932.449
2124000 932.444
2125000 932.444
2126000 932.445
2127000 932.437
2128000 932.427
2129000 932.43
2130000 932.428
2131000 932.423
2132000 932.426
2133000 932.42
2134000 932.423
2135000 932.43
2136000 932.437
2137000 932.443
2138000 932.44
2139000 932.436
2140000 932.436
2141000 932.43
2142000 932.429
2143000 932.427
2144000 932.424
2145000 932.427
2146000 932.429
2147000 932.438
2148000 932.432
2149000 932.434
2150000 932.436
2151000 932.427
2152000 932.426
2153000 932.426
2154000 932.418
2155000 932.415
2156000 932.415
2157000 932.411
2158000 932.415
2159000 932.412
2160000 932.411
2161000 932.41
2162000 932.405
2163000 932.404
2164000 932.406
2165000 932.404
2166000 932.405
2167000 932.415
2168000 932.418
2169000 932.425
2170000 932.43
2171000 932.426
2172000 932.418
2173000 932.418
2174000 932.418
2175000 932.418
2176000 932.423
2177000 932.429
2178000 932.425
2179000 932.428
2180000 932.433
2181000 932.434
2182000 932.435
2183000 932.428
2184000 932.424
2185000 932.428
2186000 932.429
2187000 932.432
2188000 932.43
2189000 932.439
2190000 932.45
2191000 932.457
2192000 932.46
2193000 932.46
2194000 932.456
2195000 932.455
2196000 932.446
2197000 932.442
2198000 932.447
2199000 932.446
2200000 932.455
2201000 932.453
2202000 932.451
2203000 932.46
2204000 932.47
2205000 932.472
2206000 932.47
2207000 932.469
2208000 932.465
2209000 932.465
2210000 932.471
2211000 932.472
2212000 932.469
2213000 932.467
2214000 932.463
2215000 932.469
2216000 932.479
2217000 932.465
2218000 932.467
2219000 932.469
2220000 932.472
2221000 932.479
2222000 932.476
2223000 932.478
2224000 932.479
2225000 932.48
2226000 932.48
2227000 932.484
2228000 932.49
2229000 932.495
2230000 932.498
2231000 932.496
2232000 932.488
2233000 932.495
2234000 932.489
2235000 932.485
2236000 932.481
2237000 932.48
2238000 932.482
2239000 932.478
2240000 932.481
2241000 932.482
2242000 932.486
2243000 932.484
2244000 932.48
2245000 932.483
2246000 932.487
2247000 932.495
2248000 932.493
2249000 932.491
2250000 932.488
