# Time-averaged data for fix pressrun
# TimeStep v_P
202000 15.5677
203000 15.497
204000 15.5273
205000 15.4881
206000 15.5234
207000 15.4689
208000 15.4784
209000 15.4585
210000 15.4726
211000 15.5129
212000 15.5077
213000 15.5204
214000 15.5472
215000 15.5396
216000 15.557
217000 15.5887
218000 15.575
219000 15.5809
220000 15.5959
221000 15.6102
222000 15.6108
223000 15.6096
224000 15.625
225000 15.6144
226000 15.6242
227000 15.6245
228000 15.6259
229000 15.6399
230000 15.6466
231000 15.6452
232000 15.6504
233000 15.6429
234000 15.6506
235000 15.6511
236000 15.6384
237000 15.6352
238000 15.6457
239000 15.6404
240000 15.6456
241000 15.6472
242000 15.6446
243000 15.6468
244000 15.6458
245000 15.6502
246000 15.6505
247000 15.6514
248000 15.653
249000 15.6636
250000 15.669
251000 15.6762
252000 15.6725
253000 15.6758
254000 15.6755
255000 15.677
256000 15.6796
257000 15.6798
258000 15.6917
259000 15.6963
260000 15.6972
261000 15.6978
262000 15.6995
263000 15.7062
264000 15.7063
265000 15.7033
266000 15.7044
267000 15.7085
268000 15.7059
269000 15.7052
270000 15.711
271000 15.7087
272000 15.7042
273000 15.7018
274000 15.7029
275000 15.6983
276000 15.7027
277000 15.6995
278000 15.7016
279000 15.6992
280000 15.7052
281000 15.7037
282000 15.7068
283000 15.7077
284000 15.7108
285000 15.7089
286000 15.7089
287000 15.7081
288000 15.7078
289000 15.7123
290000 15.71
291000 15.7098
292000 15.7132
293000 15.7171
294000 15.7198
295000 15.722
296000 15.7227
297000 15.7272
298000 15.7288
299000 15.7277
300000 15.7269
301000 15.7272
302000 15.7292
303000 15.7307
304000 15.7343
305000 15.7361
306000 15.7376
307000 15.7416
308000 15.7443
309000 15.7463
310000 15.7501
311000 15.7511
312000 15.7536
313000 15.7549
314000 15.7544
315000 15.7541
316000 15.7552
317000 15.7558
318000 15.7559
319000 15.7562
320000 15.7571
321000 15.759
322000 15.7591
323000 15.7584
324000 15.7601
325000 15.7617
326000 15.7632
327000 15.7656
328000 15.7661
329000 15.7693
330000 15.7723
331000 15.7722
332000 15.7729
333000 15.7745
334000 15.7728
335000 15.7721
336000 15.7722
337000 15.7712
338000 15.771
339000 15.7705
340000 15.7695
341000 15.7723
342000 15.7724
343000 15.7713
344000 15.773
345000 15.7732
346000 15.7757
347000 15.7782
348000 15.7757
349000 15.7783
350000 15.7815
351000 15.7813
352000 15.7814
353000 15.782
354000 15.7823
355000 15.7826
356000 15.7839
357000 15.787
358000 15.7873
359000 15.788
360000 15.7868
361000 15.788
362000 15.7884
363000 15.7872
364000 15.7891
365000 15.7889
366000 15.7883
367000 15.7923
368000 15.7919
369000 15.7928
370000 15.7923
371000 15.7925
372000 15.793
373000 15.7921
374000 15.7935
375000 15.7925
376000 15.793
377000 15.7932
378000 15.7933
379000 15.7943
380000 15.7945
381000 15.7963
382000 15.7967
383000 15.7963
384000 15.7971
385000 15.7972
386000 15.7973
387000 15.7989
388000 15.8002
389000 15.7995
390000 15.7991
391000 15.8005
392000 15.8018
393000 15.8028
394000 15.8034
395000 15.8038
396000 15.8048
397000 15.8068
398000 15.8067
399000 15.8063
400000 15.8066
401000 15.8083
402000 15.8099
403000 15.8102
404000 15.8096
405000 15.8103
406000 15.8113
407000 15.8115
408000 15.81
409000 15.8116
410000 15.8116
411000 15.8125
412000 15.8131
413000 15.8136
414000 15.8142
415000 15.8146
416000 15.8132
417000 15.8146
418000 15.8158
419000 15.8152
420000 15.8159
421000 15.8164
422000 15.8162
423000 15.8175
424000 15.8194
425000 15.8201
426000 15.8206
427000 15.8201
428000 15.8206
429000 15.8223
430000 15.8225
431000 15.8244
432000 15.8241
433000 15.8239
434000 15.8228
435000 15.8227
436000 15.8247
437000 15.8255
438000 15.8266
439000 15.8281
440000 15.8289
441000 15.8283
442000 15.8291
443000 15.8284
444000 15.8285
445000 15.8292
446000 15.8292
447000 15.8309
448000 15.8321
449000 15.8322
450000 15.8318
451000 15.8338
452000 15.8331
453000 15.8342
454000 15.8347
455000 15.8366
456000 15.8374
457000 15.8382
458000 15.8382
459000 15.8391
460000 15.839
461000 15.8409
462000 15.8404
463000 15.8407
464000 15.841
465000 15.8406
466000 15.8412
467000 15.8421
468000 15.842
469000 15.8424
470000 15.8422
471000 15.8429
472000 15.8441
473000 15.844
474000 15.8431
475000 15.8425
476000 15.8438
477000 15.8443
478000 15.8442
479000 15.8447
480000 15.8455
481000 15.8463
482000 15.8477
483000 15.8481
484000 15.8487
485000 15.8498
486000 15.8509
487000 15.8498
488000 15.8503
489000 15.8501
490000 15.8521
491000 15.8514
492000 15.8526
493000 15.8525
494000 15.8539
495000 15.8532
496000 15.8531
497000 15.8527
498000 15.8536
499000 15.8542
500000 15.8545
501000 15.8545
502000 15.8541
503000 15.8549
504000 15.8547
505000 15.8554
506000 15.8561
507000 15.8566
508000 15.8561
509000 15.8568
510000 15.8561
511000 15.8563
512000 15.8566
513000 15.8563
514000 15.8567
515000 15.8573
516000 15.8584
517000 15.8587
518000 15.8597
519000 15.8597
520000 15.8602
521000 15.8595
522000 15.8603
523000 15.8613
524000 15.8625
525000 15.8636
526000 15.8639
527000 15.8643
528000 15.8636
529000 15.8641
530000 15.8647
531000 15.8648
532000 15.8648
533000 15.8646
534000 15.8648
535000 15.8652
536000 15.8653
537000 15.8656
538000 15.8648
539000 15.8658
540000 15.8659
541000 15.8663
542000 15.8662
543000 15.8664
544000 15.8665
545000 15.8668
546000 15.8673
547000 15.8679
548000 15.8674
549000 15.8674
550000 15.8683
551000 15.8675
552000 15.8682
553000 15.8679
554000 15.8681
555000 15.8676
556000 15.8681
557000 15.8671
558000 15.867
559000 15.8672
560000 15.8666
561000 15.8663
562000 15.8671
563000 15.8669
564000 15.8676
565000 15.8676
566000 15.8669
567000 15.8674
568000 15.867
569000 15.8666
570000 15.8659
571000 15.8653
572000 15.8657
573000 15.8654
574000 15.8655
575000 15.8651
576000 15.8653
577000 15.8651
578000 15.8657
579000 15.8661
580000 15.8658
581000 15.8661
582000 15.8665
583000 15.8663
584000 15.8663
585000 15.8663
586000 15.8667
587000 15.8659
588000 15.8667
589000 15.8659
590000 15.8657
591000 15.8646
592000 15.865
593000 15.8633
594000 15.8626
595000 15.8622
596000 15.8626
597000 15.862
598000 15.8617
599000 15.8616
600000 15.8617
601000 15.8622
602000 15.8612
603000 15.862
604000 15.8619
605000 15.8617
606000 15.8609
607000 15.8611
608000 15.8613
609000 15.8613
610000 15.8616
611000 15.8619
612000 15.8614
613000 15.8616
614000 15.8608
615000 15.8606
616000 15.8608
617000 15.8603
618000 15.8605
619000 15.8604
620000 15.8597
621000 15.8596
622000 15.8596
623000 15.8596
624000 15.8605
625000 15.8603
626000 15.8604
627000 15.8596
628000 15.8598
629000 15.8596
630000 15.8597
631000 15.8592
632000 15.859
633000 15.8597
634000 15.8597
635000 15.8598
636000 15.86
637000 15.8593
638000 15.8596
639000 15.8591
640000 15.8585
641000 15.8583
642000 15.8587
643000 15.8587
644000 15.8587
645000 15.8589
646000 15.8594
647000 15.8598
648000 15.8599
649000 15.8603
650000 15.8606
651000 15.8608
652000 15.8612
653000 15.8612
654000 15.8616
655000 15.8614
656000 15.862
657000 15.8611
658000 15.8615
659000 15.8615
660000 15.8615
661000 15.8613
662000 15.8612
663000 15.8618
664000 15.8616
665000 15.8618
666000 15.8619
667000 15.8622
668000 15.8619
669000 15.8623
670000 15.8628
671000 15.8637
672000 15.8638
673000 15.8633
674000 15.8634
675000 15.8633
676000 15.8638
677000 15.864
678000 15.8639
679000 15.864
680000 15.8644
681000 15.8649
682000 15.865
683000 15.8654
684000 15.8657
685000 15.8656
686000 15.866
687000 15.8662
688000 15.8665
689000 15.8665
690000 15.8661
691000 15.8665
692000 15.8665
693000 15.8662
694000 15.8668
695000 15.866
696000 15.8665
697000 15.8666
698000 15.8663
699000 15.8662
700000 15.8656
701000 15.8662
702000 15.8669
703000 15.8673
704000 15.8674
705000 15.8674
706000 15.8675
707000 15.8677
708000 15.8676
709000 15.8681
710000 15.8687
711000 15.869
712000 15.8687
713000 15.8692
714000 15.8693
715000 15.8693
716000 15.8695
717000 15.8694
718000 15.8695
719000 15.8702
720000 15.8702
721000 15.8703
722000 15.8706
723000 15.8701
724000 15.8707
725000 15.871
726000 15.8709
727000 15.8718
728000 15.8719
729000 15.8724
730000 15.8724
731000 15.8724
732000 15.8725
733000 15.8725
734000 15.872
735000 15.8717
736000 15.8716
737000 15.8717
738000 15.8717
739000 15.872
740000 15.8717
741000 15.8718
742000 15.872
743000 15.872
744000 15.8723
745000 15.873
746000 15.8733
747000 15.8736
748000 15.8733
749000 15.8736
750000 15.8735
751000 15.8733
752000 15.8735
753000 15.8737
754000 15.8742
755000 15.8741
756000 15.874
757000 15.8743
758000 15.8747
759000 15.8746
760000 15.8752
761000 15.876
762000 15.8763
763000 15.8761
764000 15.8761
765000 15.8763
766000 15.8765
767000 15.8769
768000 15.8771
769000 15.8778
770000 15.8777
771000 15.8776
772000 15.8775
773000 15.8777
774000 15.8779
775000 15.8777
776000 15.8784
777000 15.8788
778000 15.879
779000 15.8797
780000 15.8799
781000 15.8802
782000 15.8798
783000 15.8803
784000 15.8806
785000 15.8803
786000 15.8809
787000 15.8805
788000 15.8806
789000 15.8804
790000 15.8805
791000 15.8801
792000 15.8806
793000 15.8804
794000 15.8804
795000 15.8812
796000 15.8809
797000 15.8812
798000 15.8808
799000 15.8809
800000 15.8809
801000 15.8806
802000 15.881
803000 15.8811
804000 15.8809
805000 15.881
806000 15.8812
807000 15.8815
808000 15.8819
809000 15.8819
810000 15.8818
811000 15.8821
812000 15.8824
813000 15.8828
814000 15.8833
815000 15.8831
816000 15.8832
817000 15.8831
818000 15.8831
819000 15.883
820000 15.8833
821000 15.8832
822000 15.8836
823000 15.8839
824000 15.8844
825000 15.8848
826000 15.8853
827000 15.8854
828000 15.8853
829000 15.8855
830000 15.8859
831000 15.8862
832000 15.8865
833000 15.8863
834000 15.8866
835000 15.8868
836000 15.8865
837000 15.8866
838000 15.8867
839000 15.8869
840000 15.8871
841000 15.8871
842000 15.8873
843000 15.8872
844000 15.887
845000 15.8873
846000 15.8873
847000 15.8879
848000 15.8884
849000 15.8889
850000 15.8891
851000 15.8893
852000 15.8892
853000 15.889
854000 15.889
855000 15.8893
856000 15.8891
857000 15.8889
858000 15.8889
859000 15.8889
860000 15.8887
861000 15.8884
862000 15.8882
863000 15.8885
864000 15.8885
865000 15.889
866000 15.8889
867000 15.8893
868000 15.8896
869000 15.8898
870000 15.8899
871000 15.8896
872000 15.8899
873000 15.8899
874000 15.8905
875000 15.8906
876000 15.8902
877000 15.8903
878000 15.8906
879000 15.8906
880000 15.8906
881000 15.8904
882000 15.8904
883000 15.8905
884000 15.8904
885000 15.8908
886000 15.8904
887000 15.8902
888000 15.8904
889000 15.8905
890000 15.8902
891000 15.8902
892000 15.89
893000 15.8904
894000 15.8901
895000 15.89
896000 15.8898
897000 15.8891
898000 15.8895
899000 15.8895
900000 15.8895
901000 15.8894
902000 15.8895
903000 15.8895
904000 15.8896
905000 15.8897
906000 15.8903
907000 15.8906
908000 15.8907
909000 15.8909
910000 15.8907
911000 15.8906
912000 15.8904
913000 15.8904
914000 15.8907
915000 15.8906
916000 15.8908
917000 15.8907
918000 15.8912
919000 15.891
920000 15.8918
921000 15.8915
922000 15.8921
923000 15.8921
924000 15.8921
925000 15.8927
926000 15.8929
927000 15.8931
928000 15.8929
929000 15.8931
930000 15.8931
931000 15.8932
932000 15.8936
933000 15.8935
934000 15.8942
935000 15.8943
936000 15.8944
937000 15.8948
938000 15.8956
939000 15.8961
940000 15.8963
941000 15.8969
942000 15.8969
943000 15.8971
944000 15.8978
945000 15.8979
946000 15.8978
947000 15.8977
948000 15.8975
949000 15.8976
950000 15.898
951000 15.8981
952000 15.898
953000 15.8982
954000 15.8986
955000 15.8981
956000 15.8984
957000 15.8987
958000 15.899
959000 15.8989
960000 15.8988
961000 15.8988
962000 15.899
963000 15.8987
964000 15.8988
965000 15.8988
966000 15.8987
967000 15.8986
968000 15.8986
969000 15.8989
970000 15.8988
971000 15.8988
972000 15.8988
973000 15.8989
974000 15.8989
975000 15.899
976000 15.8987
977000 15.899
978000 15.8991
979000 15.8991
980000 15.8997
981000 15.8998
982000 15.8999
983000 15.9003
984000 15.9
985000 15.9001
986000 15.9002
987000 15.9002
988000 15.9002
989000 15.9002
990000 15.9002
991000 15.9001
992000 15.8998
993000 15.9005
994000 15.9005
995000 15.9009
996000 15.901
997000 15.9013
998000 15.9016
999000 15.9021
1000000 15.902
1001000 15.9016
1002000 15.9017
1003000 15.9016
1004000 15.9014
1005000 15.9015
1006000 15.9015
1007000 15.9016
1008000 15.9012
1009000 15.9017
1010000 15.9017
1011000 15.9018
1012000 15.9019
1013000 15.9018
1014000 15.902
1015000 15.9022
1016000 15.9022
1017000 15.9024
1018000 15.9025
1019000 15.9022
1020000 15.9024
1021000 15.9022
1022000 15.9026
1023000 15.9029
1024000 15.9031
1025000 15.9033
1026000 15.9034
1027000 15.9035
1028000 15.9036
1029000 15.9033
1030000 15.9032
1031000 15.903
1032000 15.9031
1033000 15.9029
1034000 15.9032
1035000 15.9029
1036000 15.9027
1037000 15.9027
1038000 15.9027
1039000 15.9026
1040000 15.9025
1041000 15.9025
1042000 15.9028
1043000 15.9026
1044000 15.9031
1045000 15.9032
1046000 15.9031
1047000 15.9031
1048000 15.9029
1049000 15.9029
1050000 15.9028
1051000 15.9029
1052000 15.9029
1053000 15.903
1054000 15.9029
1055000 15.9031
1056000 15.9028
1057000 15.9029
1058000 15.9027
1059000 15.9024
1060000 15.902
1061000 15.902
1062000 15.902
1063000 15.9025
1064000 15.903
1065000 15.9029
1066000 15.9032
1067000 15.9034
1068000 15.9035
1069000 15.9032
1070000 15.9034
1071000 15.9032
1072000 15.9034
1073000 15.9038
1074000 15.9039
1075000 15.9041
1076000 15.9039
1077000 15.904
1078000 15.9042
1079000 15.9041
1080000 15.9046
1081000 15.9046
1082000 15.9043
1083000 15.9045
1084000 15.9046
1085000 15.9045
1086000 15.9045
1087000 15.9047
1088000 15.9045
1089000 15.9041
1090000 15.9038
1091000 15.9039
1092000 15.9042
1093000 15.9039
1094000 15.9034
1095000 15.9033
1096000 15.9029
1097000 15.9029
1098000 15.9027
1099000 15.9027
1100000 15.9027
1101000 15.9028
1102000 15.9027
1103000 15.9027
1104000 15.9024
1105000 15.9023
1106000 15.9024
1107000 15.9025
1108000 15.9026
1109000 15.9026
1110000 15.9028
1111000 15.9026
1112000 15.9028
1113000 15.903
1114000 15.903
1115000 15.9032
1116000 15.9032
1117000 15.9033
1118000 15.9034
1119000 15.9033
1120000 15.9033
1121000 15.903
1122000 15.9031
1123000 15.9031
1124000 15.9033
1125000 15.9031
1126000 15.9029
1127000 15.9029
1128000 15.903
1129000 15.9028
1130000 15.9027
1131000 15.9028
1132000 15.9028
1133000 15.9031
1134000 15.9029
1135000 15.9031
1136000 15.9031
1137000 15.9032
1138000 15.9033
1139000 15.9034
1140000 15.9037
1141000 15.9037
1142000 15.9038
1143000 15.9037
1144000 15.9037
1145000 15.9037
1146000 15.9032
1147000 15.9036
1148000 15.9037
1149000 15.9036
1150000 15.904
1151000 15.904
1152000 15.9041
1153000 15.9037
1154000 15.9035
1155000 15.9033
1156000 15.903
1157000 15.9031
1158000 15.9029
1159000 15.9031
1160000 15.903
1161000 15.9029
1162000 15.9032
1163000 15.9035
1164000 15.9036
1165000 15.9034
1166000 15.9034
1167000 15.9033
1168000 15.9033
1169000 15.903
1170000 15.9031
1171000 15.9031
1172000 15.9031
1173000 15.9032
1174000 15.9033
1175000 15.9034
1176000 15.9034
1177000 15.9035
1178000 15.9035
1179000 15.9033
1180000 15.9032
1181000 15.9033
1182000 15.9032
1183000 15.9031
1184000 15.9029
1185000 15.9028
1186000 15.9029
1187000 15.903
1188000 15.9028
1189000 15.903
1190000 15.9032
1191000 15.9036
1192000 15.9035
1193000 15.9035
1194000 15.9036
1195000 15.9036
1196000 15.9035
1197000 15.9037
1198000 15.9037
1199000 15.9039
1200000 15.904
1201000 15.9042
1202000 15.9044
1203000 15.9046
1204000 15.9048
1205000 15.9048
1206000 15.9049
1207000 15.9051
1208000 15.9051
1209000 15.905
1210000 15.9053
1211000 15.9051
1212000 15.9053
1213000 15.9054
1214000 15.9057
1215000 15.9056
1216000 15.9062
1217000 15.9061
1218000 15.906
1219000 15.9058
1220000 15.9062
1221000 15.9063
1222000 15.9063
1223000 15.9066
1224000 15.9064
1225000 15.9062
1226000 15.9062
1227000 15.906
1228000 15.906
1229000 15.9058
1230000 15.9061
1231000 15.9061
1232000 15.9064
1233000 15.9065
1234000 15.9065
1235000 15.9065
1236000 15.9067
1237000 15.9067
1238000 15.9066
1239000 15.9066
1240000 15.9066
1241000 15.9067
1242000 15.9068
1243000 15.9067
1244000 15.9069
1245000 15.9068
1246000 15.9068
1247000 15.9066
1248000 15.9066
1249000 15.9066
1250000 15.9065
1251000 15.9067
1252000 15.9068
1253000 15.907
1254000 15.907
1255000 15.9075
1256000 15.9077
1257000 15.9078
1258000 15.9076
1259000 15.908
1260000 15.9082
1261000 15.9082
1262000 15.9085
1263000 15.9087
1264000 15.9087
1265000 15.9089
1266000 15.9088
1267000 15.9087
1268000 15.9087
1269000 15.9087
1270000 15.9089
1271000 15.9089
1272000 15.9092
1273000 15.9094
1274000 15.9092
1275000 15.9091
1276000 15.9093
1277000 15.9093
1278000 15.9094
1279000 15.9094
1280000 15.9094
1281000 15.9098
1282000 15.9097
1283000 15.9099
1284000 15.91
1285000 15.9102
1286000 15.9102
1287000 15.9103
1288000 15.9103
1289000 15.9104
1290000 15.9101
1291000 15.91
1292000 15.9101
1293000 15.91
1294000 15.9103
1295000 15.9102
1296000 15.9103
1297000 15.9101
1298000 15.9103
1299000 15.9104
1300000 15.9105
1301000 15.9108
1302000 15.9109
1303000 15.9107
1304000 15.911
1305000 15.9113
1306000 15.9114
1307000 15.9114
1308000 15.9115
1309000 15.9117
1310000 15.9116
1311000 15.9117
1312000 15.9116
1313000 15.9114
1314000 15.9115
1315000 15.9116
1316000 15.9118
1317000 15.9115
1318000 15.9117
1319000 15.9116
1320000 15.9119
1321000 15.912
1322000 15.9118
1323000 15.912
1324000 15.9119
1325000 15.9121
1326000 15.9122
1327000 15.9123
1328000 15.9124
1329000 15.9123
1330000 15.9123
1331000 15.9124
1332000 15.9124
1333000 15.9123
1334000 15.9125
1335000 15.9121
1336000 15.9121
1337000 15.9122
1338000 15.9122
1339000 15.9124
1340000 15.9124
1341000 15.9122
1342000 15.9124
1343000 15.9123
1344000 15.9123
1345000 15.9123
1346000 15.9123
1347000 15.9125
1348000 15.9125
1349000 15.9128
1350000 15.913
1351000 15.913
1352000 15.9132
1353000 15.9132
1354000 15.9129
1355000 15.913
1356000 15.9129
1357000 15.9131
1358000 15.913
1359000 15.9133
1360000 15.9133
1361000 15.9133
1362000 15.9131
1363000 15.9132
1364000 15.9132
1365000 15.913
1366000 15.913
1367000 15.9132
1368000 15.9133
1369000 15.9132
1370000 15.9131
1371000 15.913
1372000 15.913
1373000 15.913
1374000 15.913
1375000 15.913
1376000 15.9131
1377000 15.913
1378000 15.9133
1379000 15.9135
1380000 15.9136
1381000 15.9136
1382000 15.9137
1383000 15.9139
1384000 15.9139
1385000 15.9139
1386000 15.9138
1387000 15.9138
1388000 15.914
1389000 15.9142
1390000 15.9141
1391000 15.9142
1392000 15.9142
1393000 15.9143
1394000 15.9143
1395000 15.9145
1396000 15.9145
1397000 15.9143
1398000 15.9145
1399000 15.9144
1400000 15.9146
1401000 15.9147
1402000 15.9148
1403000 15.9149
1404000 15.9151
1405000 15.9155
1406000 15.9153
1407000 15.9152
1408000 15.9156
1409000 15.9154
1410000 15.9154
1411000 15.9155
1412000 15.9157
1413000 15.9156
1414000 15.9155
1415000 15.9154
1416000 15.9153
1417000 15.9154
1418000 15.9153
1419000 15.915
1420000 15.9151
1421000 15.9149
1422000 15.9149
1423000 15.915
1424000 15.915
1425000 15.9151
1426000 15.9149
1427000 15.9151
1428000 15.9152
1429000 15.915
1430000 15.9149
1431000 15.9148
1432000 15.9147
1433000 15.9147
1434000 15.9145
1435000 15.9143
1436000 15.9141
1437000 15.9138
1438000 15.9139
1439000 15.914
1440000 15.9139
1441000 15.914
1442000 15.9139
1443000 15.9139
1444000 15.914
1445000 15.9141
1446000 15.9141
1447000 15.9144
1448000 15.9143
1449000 15.9143
1450000 15.9146
1451000 15.9146
1452000 15.9145
1453000 15.9146
1454000 15.9147
1455000 15.9145
1456000 15.9148
1457000 15.9148
1458000 15.9147
1459000 15.9149
1460000 15.9151
1461000 15.9151
1462000 15.9151
1463000 15.9151
1464000 15.9152
1465000 15.9152
1466000 15.915
1467000 15.915
1468000 15.915
1469000 15.9152
1470000 15.9152
1471000 15.9155
1472000 15.9154
1473000 15.9155
1474000 15.9153
1475000 15.9156
1476000 15.9157
1477000 15.9156
1478000 15.9155
1479000 15.9157
1480000 15.9157
1481000 15.9158
1482000 15.9158
1483000 15.916
1484000 15.9163
1485000 15.9165
1486000 15.9166
1487000 15.9169
1488000 15.9167
1489000 15.9172
1490000 15.9174
1491000 15.9174
1492000 15.9174
1493000 15.9175
1494000 15.9178
1495000 15.918
1496000 15.9181
1497000 15.9178
1498000 15.918
1499000 15.9181
1500000 15.918
1501000 15.9178
1502000 15.9179
1503000 15.9179
1504000 15.9182
1505000 15.9183
1506000 15.9182
1507000 15.9182
1508000 15.918
1509000 15.9182
1510000 15.918
1511000 15.9181
1512000 15.9178
1513000 15.918
1514000 15.9181
1515000 15.9182
1516000 15.9184
1517000 15.9186
1518000 15.9189
1519000 15.9187
1520000 15.919
1521000 15.919
1522000 15.9191
1523000 15.9192
1524000 15.919
1525000 15.9193
1526000 15.9191
1527000 15.9191
1528000 15.9191
1529000 15.9191
1530000 15.9189
1531000 15.919
1532000 15.9191
1533000 15.9192
1534000 15.9193
1535000 15.9197
1536000 15.9198
1537000 15.92
1538000 15.9199
1539000 15.92
1540000 15.9201
1541000 15.9201
1542000 15.9203
1543000 15.92
1544000 15.9201
1545000 15.9201
1546000 15.92
1547000 15.9204
1548000 15.9204
1549000 15.9206
1550000 15.9207
1551000 15.9206
1552000 15.9207
1553000 15.9209
1554000 15.9207
1555000 15.9206
1556000 15.9207
1557000 15.9208
1558000 15.9206
1559000 15.9206
1560000 15.9206
1561000 15.9208
1562000 15.9209
1563000 15.9211
1564000 15.9212
1565000 15.9214
1566000 15.9217
1567000 15.9218
1568000 15.9217
1569000 15.9216
1570000 15.9217
1571000 15.9218
1572000 15.922
1573000 15.9221
1574000 15.922
1575000 15.9222
1576000 15.9222
1577000 15.9218
1578000 15.9219
1579000 15.922
1580000 15.9219
1581000 15.9222
1582000 15.9221
1583000 15.9221
1584000 15.9224
1585000 15.9223
1586000 15.9225
1587000 15.9227
1588000 15.9229
1589000 15.9231
1590000 15.9232
1591000 15.9233
1592000 15.9233
1593000 15.9235
1594000 15.9236
1595000 15.9237
1596000 15.9238
1597000 15.9239
1598000 15.9239
1599000 15.9243
1600000 15.9243
1601000 15.9243
1602000 15.9244
1603000 15.9244
1604000 15.9244
1605000 15.9247
1606000 15.9246
1607000 15.9247
1608000 15.9248
1609000 15.9249
1610000 15.9251
1611000 15.9251
1612000 15.9251
1613000 15.9252
1614000 15.9252
1615000 15.9255
1616000 15.9258
1617000 15.9258
1618000 15.9259
1619000 15.926
1620000 15.9261
1621000 15.9258
1622000 15.9259
1623000 15.9257
1624000 15.9257
1625000 15.9258
1626000 15.9259
1627000 15.9259
1628000 15.9261
1629000 15.9261
1630000 15.9263
1631000 15.9264
1632000 15.9262
1633000 15.9263
1634000 15.9265
1635000 15.9264
1636000 15.9265
1637000 15.9267
1638000 15.9266
1639000 15.9267
1640000 15.9268
1641000 15.9265
1642000 15.9266
1643000 15.9264
1644000 15.9265
1645000 15.9265
1646000 15.9265
1647000 15.9265
1648000 15.9264
1649000 15.9263
1650000 15.9263
1651000 15.9263
1652000 15.9261
1653000 15.9261
1654000 15.9261
1655000 15.926
1656000 15.9258
1657000 15.9258
1658000 15.9258
1659000 15.926
1660000 15.9261
1661000 15.9261
1662000 15.926
1663000 15.926
1664000 15.9259
1665000 15.926
1666000 15.9258
1667000 15.9259
1668000 15.9259
1669000 15.926
1670000 15.9261
1671000 15.9261
1672000 15.926
1673000 15.9261
1674000 15.9262
1675000 15.9263
1676000 15.9265
1677000 15.9265
1678000 15.9264
1679000 15.9265
1680000 15.9265
1681000 15.9266
1682000 15.9269
1683000 15.9268
1684000 15.927
1685000 15.9269
1686000 15.9269
1687000 15.9269
1688000 15.9268
1689000 15.9267
1690000 15.9267
1691000 15.9268
1692000 15.9268
1693000 15.9268
1694000 15.9267
1695000 15.9267
1696000 15.9269
1697000 15.9269
1698000 15.9269
1699000 15.9268
1700000 15.9268
1701000 15.9265
1702000 15.9265
1703000 15.9265
1704000 15.9265
1705000 15.9264
1706000 15.9263
1707000 15.9261
1708000 15.9261
1709000 15.9263
1710000 15.9261
1711000 15.9259
1712000 15.9258
1713000 15.9257
1714000 15.9259
1715000 15.9259
1716000 15.9261
1717000 15.9259
1718000 15.9259
1719000 15.926
1720000 15.9261
1721000 15.926
1722000 15.9262
1723000 15.9261
1724000 15.9262
1725000 15.9262
1726000 15.9263
1727000 15.9262
1728000 15.9263
1729000 15.9264
1730000 15.9266
1731000 15.9265
1732000 15.9265
1733000 15.9268
1734000 15.9268
1735000 15.9269
1736000 15.927
1737000 15.927
1738000 15.9269
1739000 15.9271
1740000 15.9271
1741000 15.9269
1742000 15.9269
1743000 15.927
1744000 15.9271
1745000 15.9273
1746000 15.9274
1747000 15.9275
1748000 15.9276
1749000 15.9276
1750000 15.9277
1751000 15.9277
1752000 15.9277
1753000 15.9277
1754000 15.9277
1755000 15.9277
1756000 15.9277
1757000 15.9275
1758000 15.9275
1759000 15.9276
1760000 15.9275
1761000 15.9275
1762000 15.9278
1763000 15.9278
1764000 15.9279
1765000 15.928
1766000 15.9279
1767000 15.9281
1768000 15.9282
1769000 15.9284
1770000 15.9285
1771000 15.9285
1772000 15.9285
1773000 15.9286
1774000 15.9286
1775000 15.9286
1776000 15.9285
1777000 15.9285
1778000 15.9285
1779000 15.9285
1780000 15.9285
1781000 15.9285
1782000 15.9285
1783000 15.9286
1784000 15.9283
1785000 15.9283
1786000 15.9283
1787000 15.9282
1788000 15.9282
1789000 15.9283
1790000 15.9283
1791000 15.9283
1792000 15.9284
1793000 15.9285
1794000 15.9284
1795000 15.9282
1796000 15.9283
1797000 15.9283
1798000 15.9283
1799000 15.9285
1800000 15.9286
1801000 15.9286
1802000 15.9286
1803000 15.9285
1804000 15.9285
1805000 15.9284
1806000 15.9284
1807000 15.9286
1808000 15.9287
1809000 15.9286
1810000 15.9285
1811000 15.9286
1812000 15.9284
1813000 15.9283
1814000 15.9281
1815000 15.9281
1816000 15.9281
1817000 15.9283
1818000 15.9286
1819000 15.9286
1820000 15.9288
1821000 15.9288
1822000 15.9286
1823000 15.9287
1824000 15.9286
1825000 15.9287
1826000 15.9284
1827000 15.9284
1828000 15.9282
1829000 15.9282
1830000 15.9282
1831000 15.9282
1832000 15.9281
1833000 15.928
1834000 15.928
1835000 15.9281
1836000 15.928
1837000 15.928
1838000 15.9282
1839000 15.9282
1840000 15.9283
1841000 15.9281
1842000 15.928
1843000 15.928
1844000 15.9278
1845000 15.928
1846000 15.928
1847000 15.9281
1848000 15.9282
1849000 15.9283
1850000 15.9283
1851000 15.9283
1852000 15.9283
1853000 15.9283
1854000 15.9284
1855000 15.9284
1856000 15.9285
1857000 15.9285
1858000 15.9284
1859000 15.9283
1860000 15.9283
1861000 15.9284
1862000 15.9284
1863000 15.9284
1864000 15.9284
1865000 15.9284
1866000 15.9283
1867000 15.9282
1868000 15.9282
1869000 15.9283
1870000 15.9286
1871000 15.9286
1872000 15.9284
1873000 15.9283
1874000 15.9285
1875000 15.9287
1876000 15.9287
1877000 15.9286
1878000 15.9289
1879000 15.929
1880000 15.9291
1881000 15.9292
1882000 15.9292
1883000 15.9293
1884000 15.9294
1885000 15.9293
1886000 15.9292
1887000 15.9291
1888000 15.9291
1889000 15.9292
1890000 15.9294
1891000 15.9294
1892000 15.9294
1893000 15.9293
1894000 15.9295
1895000 15.9296
1896000 15.9297
1897000 15.9299
1898000 15.93
1899000 15.93
1900000 15.93
1901000 15.93
1902000 15.9301
1903000 15.9302
1904000 15.9302
1905000 15.9304
1906000 15.9302
1907000 15.9303
1908000 15.9303
1909000 15.9303
1910000 15.9304
1911000 15.9304
1912000 15.9304
1913000 15.9304
1914000 15.9306
1915000 15.9306
1916000 15.9304
1917000 15.9306
1918000 15.9305
1919000 15.9305
1920000 15.9306
1921000 15.9306
1922000 15.9307
1923000 15.9308
1924000 15.9309
1925000 15.9311
1926000 15.9311
1927000 15.9311
1928000 15.9312
1929000 15.9313
1930000 15.9314
1931000 15.9313
1932000 15.9314
1933000 15.9312
1934000 15.9312
1935000 15.9311
1936000 15.9312
1937000 15.9311
1938000 15.9313
1939000 15.9313
1940000 15.9314
1941000 15.9315
1942000 15.9316
1943000 15.9318
1944000 15.9318
1945000 15.9319
1946000 15.932
1947000 15.9318
1948000 15.9318
1949000 15.9319
1950000 15.9318
1951000 15.9317
1952000 15.9316
1953000 15.9316
1954000 15.9317
1955000 15.9317
1956000 15.9317
1957000 15.9318
1958000 15.9317
1959000 15.9318
1960000 15.9319
1961000 15.9319
1962000 15.9318
1963000 15.9318
1964000 15.932
1965000 15.9317
1966000 15.9316
1967000 15.9316
1968000 15.9316
1969000 15.9316
1970000 15.9317
1971000 15.9317
1972000 15.9318
1973000 15.9319
1974000 15.9318
1975000 15.9317
1976000 15.9317
1977000 15.9318
1978000 15.9317
1979000 15.9318
1980000 15.932
1981000 15.932
1982000 15.932
1983000 15.9321
1984000 15.9322
1985000 15.9322
1986000 15.9323
1987000 15.9322
1988000 15.9321
1989000 15.9322
1990000 15.9321
1991000 15.9323
1992000 15.9322
1993000 15.9323
1994000 15.9323
1995000 15.9324
1996000 15.9325
1997000 15.9325
1998000 15.9325
1999000 15.9324
2000000 15.9323
2001000 15.9323
2002000 15.9323
2003000 15.9323
2004000 15.9324
2005000 15.9324
2006000 15.9325
2007000 15.9326
2008000 15.9326
2009000 15.9327
2010000 15.9325
2011000 15.9325
2012000 15.9326
2013000 15.9326
2014000 15.9326
2015000 15.9325
2016000 15.9325
2017000 15.9324
2018000 15.9324
2019000 15.9325
2020000 15.9323
2021000 15.9325
2022000 15.9326
2023000 15.9326
2024000 15.9325
2025000 15.9326
2026000 15.9327
2027000 15.9326
2028000 15.9327
2029000 15.9329
2030000 15.9329
2031000 15.9329
2032000 15.9329
2033000 15.9328
2034000 15.9327
2035000 15.9328
2036000 15.9328
2037000 15.9328
2038000 15.933
2039000 15.9331
2040000 15.933
2041000 15.9332
2042000 15.933
2043000 15.9331
2044000 15.9332
2045000 15.933
2046000 15.9328
2047000 15.9328
2048000 15.9329
2049000 15.933
2050000 15.9328
2051000 15.933
2052000 15.933
2053000 15.9328
2054000 15.9329
2055000 15.9327
2056000 15.9327
2057000 15.9327
2058000 15.9328
2059000 15.9328
2060000 15.9327
2061000 15.9328
2062000 15.9329
2063000 15.9329
2064000 15.9328
2065000 15.9328
2066000 15.9328
2067000 15.9328
2068000 15.9328
2069000 15.9329
2070000 15.9328
2071000 15.9329
2072000 15.9329
2073000 15.9328
2074000 15.9329
2075000 15.9328
2076000 15.9329
2077000 15.9328
2078000 15.9329
2079000 15.933
2080000 15.9328
2081000 15.9329
2082000 15.9328
2083000 15.9326
2084000 15.9326
2085000 15.9325
2086000 15.9323
2087000 15.9323
2088000 15.9322
2089000 15.932
2090000 15.932
2091000 15.932
2092000 15.932
2093000 15.932
2094000 15.9319
2095000 15.9319
2096000 15.9319
2097000 15.9319
2098000 15.9319
2099000 15.932
2100000 15.932
2101000 15.9319
2102000 15.9319
2103000 15.9319
2104000 15.9319
2105000 15.932
2106000 15.932
2107000 15.932
2108000 15.9321
2109000 15.9321
2110000 15.9321
2111000 15.9322
2112000 15.9322
2113000 15.9321
2114000 15.9324
2115000 15.9324
2116000 15.9326
2117000 15.9325
2118000 15.9326
2119000 15.9327
2120000 15.9328
2121000 15.9329
2122000 15.9329
2123000 15.9327
2124000 15.9326
2125000 15.9325
2126000 15.9325
2127000 15.9325
2128000 15.9324
2129000 15.9323
2130000 15.9323
2131000 15.9324
2132000 15.9323
2133000 15.9324
2134000 15.9325
2135000 15.9326
2136000 15.9326
2137000 15.9325
2138000 15.9326
2139000 15.9327
2140000 15.9326
2141000 15.9326
2142000 15.9326
2143000 15.9326
2144000 15.9326
2145000 15.9326
2146000 15.9327
2147000 15.9327
2148000 15.9327
2149000 15.9328
2150000 15.9329
2151000 15.9328
2152000 15.933
2153000 15.9331
2154000 15.9331
2155000 15.9329
2156000 15.933
2157000 15.933
2158000 15.933
2159000 15.9331
2160000 15.9331
2161000 15.9332
2162000 15.9332
2163000 15.9331
2164000 15.9331
2165000 15.933
2166000 15.933
2167000 15.9331
2168000 15.933
2169000 15.9329
2170000 15.9331
2171000 15.9333
2172000 15.9333
2173000 15.9333
2174000 15.9333
2175000 15.9334
2176000 15.9334
2177000 15.9334
2178000 15.9333
2179000 15.9333
2180000 15.9334
2181000 15.9335
2182000 15.9336
2183000 15.9337
2184000 15.9337
2185000 15.9335
2186000 15.9335
2187000 15.9336
2188000 15.9336
2189000 15.9338
2190000 15.9339
2191000 15.9337
2192000 15.9339
2193000 15.9338
2194000 15.9338
2195000 15.9341
2196000 15.9341
2197000 15.9341
2198000 15.9342
2199000 15.9343
2200000 15.9344
2201000 15.9343
