# Time-averaged data for fix energyrun
# TimeStep v_U
202000 -5.27915
203000 -5.18535
204000 -5.16945
205000 -5.17311
206000 -5.29772
207000 -5.44503
208000 -5.48906
209000 -5.39474
210000 -5.34695
211000 -5.25966
212000 -5.18803
213000 -5.13165
214000 -5.12046
215000 -5.10447
216000 -5.06922
217000 -5.06049
218000 -5.07663
219000 -5.07924
220000 -5.08376
221000 -5.08173
222000 -5.05359
223000 -5.05183
224000 -5.05863
225000 -5.03395
226000 -5.02663
227000 -5.02712
228000 -5.03169
229000 -5.03557
230000 -5.05584
231000 -5.0587
232000 -5.06644
233000 -5.09764
234000 -5.11242
235000 -5.11313
236000 -5.13412
237000 -5.13704
238000 -5.13432
239000 -5.1268
240000 -5.12566
241000 -5.11914
242000 -5.12069
243000 -5.13007
244000 -5.14392
245000 -5.15046
246000 -5.15251
247000 -5.16682
248000 -5.17044
249000 -5.17084
250000 -5.17163
251000 -5.17461
252000 -5.17929
253000 -5.18937
254000 -5.18717
255000 -5.18265
256000 -5.16854
257000 -5.15499
258000 -5.13349
259000 -5.10639
260000 -5.08507
261000 -5.05869
262000 -5.05013
263000 -5.04108
264000 -5.02983
265000 -5.02899
266000 -5.03379
267000 -5.03013
268000 -5.01767
269000 -5.01429
270000 -5.00504
271000 -4.9997
272000 -4.9902
273000 -4.98423
274000 -4.97619
275000 -4.96789
276000 -4.96188
277000 -4.95682
278000 -4.94752
279000 -4.93528
280000 -4.92731
281000 -4.92184
282000 -4.9173
283000 -4.9066
284000 -4.89737
285000 -4.89004
286000 -4.88562
287000 -4.87456
288000 -4.86512
289000 -4.85957
290000 -4.85149
291000 -4.84438
292000 -4.84132
293000 -4.84489
294000 -4.84041
295000 -4.84765
296000 -4.85729
297000 -4.8637
298000 -4.8661
299000 -4.86924
300000 -4.86967
301000 -4.87162
302000 -4.87989
303000 -4.88575
304000 -4.88768
305000 -4.89297
306000 -4.89046
307000 -4.899
308000 -4.90334
309000 -4.90701
310000 -4.91248
311000 -4.92388
312000 -4.93755
313000 -4.94602
314000 -4.95127
315000 -4.96402
316000 -4.97961
317000 -4.98907
318000 -4.99637
319000 -5.00084
320000 -5.01233
321000 -5.02612
322000 -5.039
323000 -5.04476
324000 -5.05045
325000 -5.05246
326000 -5.05384
327000 -5.0568
328000 -5.05885
329000 -5.06431
330000 -5.06745
331000 -5.06757
332000 -5.06408
333000 -5.06165
334000 -5.0564
335000 -5.05389
336000 -5.05186
337000 -5.04283
338000 -5.03188
339000 -5.02561
340000 -5.02038
341000 -5.01381
342000 -5.01147
343000 -5.00675
344000 -5.00432
345000 -5.00208
346000 -5.00514
347000 -5.00576
348000 -5.00487
349000 -5.00572
350000 -5.0063
351000 -5.01531
352000 -5.01995
353000 -5.02882
354000 -5.03439
355000 -5.03794
356000 -5.04114
357000 -5.04326
358000 -5.04508
359000 -5.05056
360000 -5.05266
361000 -5.05521
362000 -5.05458
363000 -5.05487
364000 -5.05821
365000 -5.06188
366000 -5.06673
367000 -5.07359
368000 -5.07876
369000 -5.08341
370000 -5.08542
371000 -5.08498
372000 -5.08396
373000 -5.08125
374000 -5.07894
375000 -5.07737
376000 -5.07658
377000 -5.07591
378000 -5.07181
379000 -5.0695
380000 -5.06683
381000 -5.05859
382000 -5.05581
383000 -5.05176
384000 -5.04891
385000 -5.04518
386000 -5.04276
387000 -5.0393
388000 -5.03644
389000 -5.03126
390000 -5.02927
391000 -5.02843
392000 -5.02415
393000 -5.02107
394000 -5.01766
395000 -5.01892
396000 -5.01481
397000 -5.01368
398000 -5.01117
399000 -5.00661
400000 -5.00198
401000 -5.00062
402000 -4.99894
403000 -4.99967
404000 -5.00005
405000 -5.00109
406000 -5.00561
407000 -5.01092
408000 -5.01823
409000 -5.02528
410000 -5.03032
411000 -5.03184
412000 -5.03116
413000 -5.03055
414000 -5.03185
415000 -5.03333
416000 -5.03077
417000 -5.02969
418000 -5.02859
419000 -5.02282
420000 -5.01844
421000 -5.01414
422000 -5.01356
423000 -5.01222
424000 -5.00919
425000 -5.00672
426000 -5.00697
427000 -5.00934
428000 -5.01187
429000 -5.0137
430000 -5.0125
431000 -5.01139
432000 -5.00928
433000 -5.00979
434000 -5.01066
435000 -5.00879
436000 -5.00631
437000 -5.00517
438000 -5.00406
439000 -5.00031
440000 -4.99822
441000 -4.99895
442000 -5.00105
443000 -5.0029
444000 -5.00579
445000 -5.00677
446000 -5.01051
447000 -5.01282
448000 -5.01617
449000 -5.02004
450000 -5.01967
451000 -5.02053
452000 -5.01689
453000 -5.01398
454000 -5.01073
455000 -5.0079
456000 -5.00931
457000 -5.01265
458000 -5.01461
459000 -5.01691
460000 -5.02077
461000 -5.0252
462000 -5.03105
463000 -5.03515
464000 -5.03928
465000 -5.04489
466000 -5.04914
467000 -5.0523
468000 -5.05144
469000 -5.05218
470000 -5.05323
471000 -5.05383
472000 -5.05613
473000 -5.05795
474000 -5.05997
475000 -5.06233
476000 -5.06239
477000 -5.05812
478000 -5.05619
479000 -5.05543
480000 -5.05185
481000 -5.04972
482000 -5.04864
483000 -5.04738
484000 -5.04694
485000 -5.04891
486000 -5.04841
487000 -5.04556
488000 -5.04404
489000 -5.0424
490000 -5.03923
491000 -5.03802
492000 -5.0348
493000 -5.03242
494000 -5.02841
495000 -5.02552
496000 -5.02493
497000 -5.02368
498000 -5.02169
499000 -5.02054
500000 -5.01571
501000 -5.01264
502000 -5.01052
503000 -5.01008
504000 -5.00966
505000 -5.0096
506000 -5.00895
507000 -5.01105
508000 -5.01212
509000 -5.01226
510000 -5.0131
511000 -5.01319
512000 -5.01054
513000 -5.00969
514000 -5.01288
515000 -5.01362
516000 -5.01559
517000 -5.01662
518000 -5.01914
519000 -5.0215
520000 -5.02303
521000 -5.02474
522000 -5.02637
523000 -5.02723
524000 -5.02804
525000 -5.02996
526000 -5.02926
527000 -5.02953
528000 -5.03142
529000 -5.03437
530000 -5.03675
531000 -5.03953
532000 -5.0417
533000 -5.0432
534000 -5.04324
535000 -5.04335
536000 -5.04524
537000 -5.04869
538000 -5.05199
539000 -5.05655
540000 -5.05965
541000 -5.06202
542000 -5.06656
543000 -5.07246
544000 -5.0765
545000 -5.07729
546000 -5.0791
547000 -5.07977
548000 -5.08091
549000 -5.08407
550000 -5.08611
551000 -5.08921
552000 -5.08948
553000 -5.0904
554000 -5.0906
555000 -5.09133
556000 -5.09201
557000 -5.09216
558000 -5.09255
559000 -5.09303
560000 -5.09276
561000 -5.09255
562000 -5.09257
563000 -5.09028
564000 -5.08686
565000 -5.08451
566000 -5.08282
567000 -5.08269
568000 -5.08274
569000 -5.08163
570000 -5.08168
571000 -5.08047
572000 -5.08012
573000 -5.08297
574000 -5.08575
575000 -5.08845
576000 -5.09108
577000 -5.09136
578000 -5.09113
579000 -5.09159
580000 -5.0912
581000 -5.09233
582000 -5.09457
583000 -5.09579
584000 -5.0982
585000 -5.10071
586000 -5.10373
587000 -5.10678
588000 -5.11013
589000 -5.11232
590000 -5.11564
591000 -5.11716
592000 -5.11953
593000 -5.12209
594000 -5.12407
595000 -5.12555
596000 -5.12547
597000 -5.1255
598000 -5.12798
599000 -5.13044
600000 -5.13217
601000 -5.13422
602000 -5.13623
603000 -5.1391
604000 -5.14123
605000 -5.14408
606000 -5.14587
607000 -5.14779
608000 -5.15145
609000 -5.15572
610000 -5.15898
611000 -5.16134
612000 -5.16457
613000 -5.16713
614000 -5.16848
615000 -5.17005
616000 -5.17268
617000 -5.17624
618000 -5.18086
619000 -5.18528
620000 -5.18827
621000 -5.19211
622000 -5.19588
623000 -5.19709
624000 -5.19783
625000 -5.19941
626000 -5.19892
627000 -5.19903
628000 -5.20078
629000 -5.20209
630000 -5.20475
631000 -5.20626
632000 -5.20746
633000 -5.20877
634000 -5.21013
635000 -5.21264
636000 -5.214
637000 -5.21487
638000 -5.21608
639000 -5.21688
640000 -5.21705
641000 -5.21587
642000 -5.21808
643000 -5.2208
644000 -5.22448
645000 -5.22787
646000 -5.23073
647000 -5.23395
648000 -5.23681
649000 -5.23966
650000 -5.2414
651000 -5.24255
652000 -5.24266
653000 -5.24379
654000 -5.24614
655000 -5.24697
656000 -5.2479
657000 -5.2493
658000 -5.25189
659000 -5.25212
660000 -5.25206
661000 -5.25134
662000 -5.25213
663000 -5.25169
664000 -5.25018
665000 -5.24909
666000 -5.24913
667000 -5.24942
668000 -5.24834
669000 -5.24682
670000 -5.2444
671000 -5.24117
672000 -5.2394
673000 -5.23716
674000 -5.2346
675000 -5.23193
676000 -5.23003
677000 -5.22721
678000 -5.22585
679000 -5.22294
680000 -5.22182
681000 -5.22057
682000 -5.21913
683000 -5.21828
684000 -5.21733
685000 -5.21717
686000 -5.21793
687000 -5.21919
688000 -5.22065
689000 -5.22205
690000 -5.22264
691000 -5.2228
692000 -5.22265
693000 -5.22198
694000 -5.22081
695000 -5.22028
696000 -5.22009
697000 -5.21931
698000 -5.219
699000 -5.2187
700000 -5.218
701000 -5.21725
702000 -5.21695
703000 -5.21669
704000 -5.21574
705000 -5.21535
706000 -5.2134
707000 -5.21258
708000 -5.21231
709000 -5.21298
710000 -5.21326
711000 -5.21377
712000 -5.21401
713000 -5.21343
714000 -5.21245
715000 -5.2108
716000 -5.20893
717000 -5.20908
718000 -5.20927
719000 -5.20941
720000 -5.20944
721000 -5.2091
722000 -5.20857
723000 -5.20885
724000 -5.20818
725000 -5.20644
726000 -5.20458
727000 -5.20124
728000 -5.19961
729000 -5.19961
730000 -5.19859
731000 -5.19727
732000 -5.19685
733000 -5.19675
734000 -5.19568
735000 -5.19467
736000 -5.194
737000 -5.19326
738000 -5.19256
739000 -5.19166
740000 -5.18974
741000 -5.18941
742000 -5.18876
743000 -5.1873
744000 -5.18643
745000 -5.18475
746000 -5.18232
747000 -5.18134
748000 -5.18008
749000 -5.17934
750000 -5.17808
751000 -5.1758
752000 -5.17216
753000 -5.16987
754000 -5.16871
755000 -5.16721
756000 -5.16649
757000 -5.16591
758000 -5.16582
759000 -5.16532
760000 -5.16501
761000 -5.16469
762000 -5.16311
763000 -5.16122
764000 -5.15875
765000 -5.15628
766000 -5.15469
767000 -5.15266
768000 -5.15195
769000 -5.15048
770000 -5.14801
771000 -5.1451
772000 -5.14374
773000 -5.1401
774000 -5.13646
775000 -5.13362
776000 -5.13047
777000 -5.12629
778000 -5.12245
779000 -5.12031
780000 -5.11889
781000 -5.11807
782000 -5.11832
783000 -5.1194
784000 -5.11886
785000 -5.1183
786000 -5.11739
787000 -5.11819
788000 -5.11836
789000 -5.11748
790000 -5.1159
791000 -5.11358
792000 -5.11174
793000 -5.11037
794000 -5.10958
795000 -5.10797
796000 -5.10732
797000 -5.10692
798000 -5.1051
799000 -5.10543
800000 -5.10562
801000 -5.10635
802000 -5.10735
803000 -5.10874
804000 -5.11038
805000 -5.11233
806000 -5.11322
807000 -5.11339
808000 -5.11362
809000 -5.11326
810000 -5.11381
811000 -5.11355
812000 -5.11258
813000 -5.11207
814000 -5.11139
815000 -5.11039
816000 -5.11
817000 -5.11152
818000 -5.11218
819000 -5.11157
820000 -5.11254
821000 -5.11265
822000 -5.11382
823000 -5.11497
824000 -5.11499
825000 -5.11448
826000 -5.1134
827000 -5.11245
828000 -5.1118
829000 -5.11084
830000 -5.10961
831000 -5.10731
832000 -5.10567
833000 -5.10412
834000 -5.10172
835000 -5.10003
836000 -5.09973
837000 -5.09893
838000 -5.09841
839000 -5.09791
840000 -5.09781
841000 -5.09801
842000 -5.09822
843000 -5.09733
844000 -5.09707
845000 -5.09666
846000 -5.09566
847000 -5.09367
848000 -5.09185
849000 -5.09083
850000 -5.0892
851000 -5.0871
852000 -5.08437
853000 -5.08114
854000 -5.07764
855000 -5.07523
856000 -5.07313
857000 -5.07111
858000 -5.0686
859000 -5.06681
860000 -5.06547
861000 -5.06437
862000 -5.06414
863000 -5.06372
864000 -5.06289
865000 -5.06197
866000 -5.06137
867000 -5.06107
868000 -5.06096
869000 -5.06057
870000 -5.05981
871000 -5.05948
872000 -5.05926
873000 -5.05956
874000 -5.05904
875000 -5.05934
876000 -5.05928
877000 -5.05918
878000 -5.05845
879000 -5.05775
880000 -5.05747
881000 -5.0569
882000 -5.0561
883000 -5.05503
884000 -5.05394
885000 -5.05282
886000 -5.05189
887000 -5.05165
888000 -5.05164
889000 -5.05069
890000 -5.04998
891000 -5.04971
892000 -5.04935
893000 -5.04819
894000 -5.04661
895000 -5.04633
896000 -5.04669
897000 -5.0469
898000 -5.04747
899000 -5.04715
900000 -5.04729
901000 -5.04747
902000 -5.04677
903000 -5.04669
904000 -5.04651
905000 -5.04603
906000 -5.04513
907000 -5.04519
908000 -5.0469
909000 -5.04848
910000 -5.05059
911000 -5.0525
912000 -5.05343
913000 -5.05394
914000 -5.05414
915000 -5.05423
916000 -5.05359
917000 -5.05383
918000 -5.05435
919000 -5.05485
920000 -5.0558
921000 -5.05628
922000 -5.05664
923000 -5.05697
924000 -5.05777
925000 -5.05796
926000 -5.05882
927000 -5.05914
928000 -5.06018
929000 -5.0611
930000 -5.06213
931000 -5.06292
932000 -5.06354
933000 -5.06378
934000 -5.06313
935000 -5.06281
936000 -5.0621
937000 -5.06106
938000 -5.05967
939000 -5.05882
940000 -5.05794
941000 -5.05646
942000 -5.05579
943000 -5.05487
944000 -5.05325
945000 -5.05166
946000 -5.05082
947000 -5.04914
948000 -5.04763
949000 -5.04715
950000 -5.04675
951000 -5.04561
952000 -5.04423
953000 -5.04307
954000 -5.04184
955000 -5.04196
956000 -5.04207
957000 -5.04079
958000 -5.03994
959000 -5.03889
960000 -5.03794
961000 -5.037
962000 -5.03627
963000 -5.0353
964000 -5.03509
965000 -5.03542
966000 -5.03668
967000 -5.03663
968000 -5.03666
969000 -5.03708
970000 -5.03791
971000 -5.03808
972000 -5.03838
973000 -5.03797
974000 -5.03764
975000 -5.03886
976000 -5.0398
977000 -5.04124
978000 -5.04163
979000 -5.04231
980000 -5.04359
981000 -5.04457
982000 -5.04499
983000 -5.04514
984000 -5.04595
985000 -5.04689
986000 -5.04784
987000 -5.04872
988000 -5.04939
989000 -5.05043
990000 -5.05122
991000 -5.05227
992000 -5.05326
993000 -5.05398
994000 -5.05552
995000 -5.05813
996000 -5.06017
997000 -5.06142
998000 -5.06204
999000 -5.06308
1000000 -5.06368
1001000 -5.0634
1002000 -5.06236
1003000 -5.06171
1004000 -5.06047
1005000 -5.06022
1006000 -5.0603
1007000 -5.06106
1008000 -5.06103
1009000 -5.06015
1010000 -5.05917
1011000 -5.05862
1012000 -5.0573
1013000 -5.05626
1014000 -5.05527
1015000 -5.05499
1016000 -5.05449
1017000 -5.05405
1018000 -5.05319
1019000 -5.05276
1020000 -5.05244
1021000 -5.05182
1022000 -5.05158
1023000 -5.05162
1024000 -5.05179
1025000 -5.05269
1026000 -5.05335
1027000 -5.05275
1028000 -5.05179
1029000 -5.05026
1030000 -5.04893
1031000 -5.04813
1032000 -5.04741
1033000 -5.04774
1034000 -5.04825
1035000 -5.04827
1036000 -5.04824
1037000 -5.04884
1038000 -5.04889
1039000 -5.04942
1040000 -5.0495
1041000 -5.04923
1042000 -5.04915
1043000 -5.04994
1044000 -5.05016
1045000 -5.05038
1046000 -5.05142
1047000 -5.05168
1048000 -5.05212
1049000 -5.05221
1050000 -5.05184
1051000 -5.05217
1052000 -5.05243
1053000 -5.05237
1054000 -5.05239
1055000 -5.05279
1056000 -5.05286
1057000 -5.05238
1058000 -5.05184
1059000 -5.05204
1060000 -5.0518
1061000 -5.05178
1062000 -5.05138
1063000 -5.05144
1064000 -5.05145
1065000 -5.05159
1066000 -5.05145
1067000 -5.0513
1068000 -5.05049
1069000 -5.05077
1070000 -5.05206
1071000 -5.05362
1072000 -5.05476
1073000 -5.05688
1074000 -5.05899
1075000 -5.0613
1076000 -5.06264
1077000 -5.06287
1078000 -5.06315
1079000 -5.06334
1080000 -5.06376
1081000 -5.06483
1082000 -5.0649
1083000 -5.06516
1084000 -5.06595
1085000 -5.06676
1086000 -5.0672
1087000 -5.06755
1088000 -5.06771
1089000 -5.06733
1090000 -5.0672
1091000 -5.06741
1092000 -5.0673
1093000 -5.06704
1094000 -5.06633
1095000 -5.06679
1096000 -5.06727
1097000 -5.06833
1098000 -5.06875
1099000 -5.06933
1100000 -5.07011
1101000 -5.07119
1102000 -5.07222
1103000 -5.0722
1104000 -5.07274
1105000 -5.07285
1106000 -5.0732
1107000 -5.07334
1108000 -5.07338
1109000 -5.07353
1110000 -5.07409
1111000 -5.07489
1112000 -5.07509
1113000 -5.07591
1114000 -5.07646
1115000 -5.07725
1116000 -5.07699
1117000 -5.07721
1118000 -5.0781
1119000 -5.07885
1120000 -5.07933
1121000 -5.07983
1122000 -5.08075
1123000 -5.08134
1124000 -5.08147
1125000 -5.08238
1126000 -5.08257
1127000 -5.08309
1128000 -5.08309
1129000 -5.0841
1130000 -5.08518
1131000 -5.08664
1132000 -5.08786
1133000 -5.08877
1134000 -5.08968
1135000 -5.08956
1136000 -5.08938
1137000 -5.08805
1138000 -5.0879
1139000 -5.08766
1140000 -5.08768
1141000 -5.08795
1142000 -5.0878
1143000 -5.08748
1144000 -5.08774
1145000 -5.08749
1146000 -5.08735
1147000 -5.08701
1148000 -5.0876
1149000 -5.08841
1150000 -5.0889
1151000 -5.08875
1152000 -5.08917
1153000 -5.08966
1154000 -5.09055
1155000 -5.09147
1156000 -5.09201
1157000 -5.09212
1158000 -5.09254
1159000 -5.09297
1160000 -5.09208
1161000 -5.09195
1162000 -5.09161
1163000 -5.09115
1164000 -5.09028
1165000 -5.08964
1166000 -5.08951
1167000 -5.08802
1168000 -5.08718
1169000 -5.0862
1170000 -5.0859
1171000 -5.08551
1172000 -5.08507
1173000 -5.08372
1174000 -5.08286
1175000 -5.08166
1176000 -5.08047
1177000 -5.07918
1178000 -5.07836
1179000 -5.07742
1180000 -5.07738
1181000 -5.07724
1182000 -5.07661
1183000 -5.07576
1184000 -5.07453
1185000 -5.07295
1186000 -5.07254
1187000 -5.07263
1188000 -5.07309
1189000 -5.07381
1190000 -5.07457
1191000 -5.07422
1192000 -5.07373
1193000 -5.0738
1194000 -5.07371
1195000 -5.07364
1196000 -5.07378
1197000 -5.07398
1198000 -5.074
1199000 -5.07455
1200000 -5.07481
1201000 -5.07492
1202000 -5.07519
1203000 -5.07506
1204000 -5.07484
1205000 -5.07404
1206000 -5.07321
1207000 -5.07299
1208000 -5.07278
1209000 -5.07261
1210000 -5.0726
1211000 -5.07207
1212000 -5.07176
1213000 -5.07077
1214000 -5.0692
1215000 -5.06825
1216000 -5.0671
1217000 -5.06681
1218000 -5.06635
1219000 -5.06631
1220000 -5.06591
1221000 -5.06505
1222000 -5.06388
1223000 -5.06237
1224000 -5.06081
1225000 -5.06026
1226000 -5.05968
1227000 -5.05883
1228000 -5.05829
1229000 -5.05793
1230000 -5.0577
1231000 -5.05713
1232000 -5.05666
1233000 -5.05611
1234000 -5.05515
1235000 -5.05394
1236000 -5.05309
1237000 -5.05167
1238000 -5.05082
1239000 -5.05012
1240000 -5.04938
1241000 -5.04823
1242000 -5.04758
1243000 -5.04616
1244000 -5.04412
1245000 -5.04194
1246000 -5.03984
1247000 -5.03814
1248000 -5.03681
1249000 -5.03647
1250000 -5.03514
1251000 -5.03417
1252000 -5.03368
1253000 -5.03326
1254000 -5.03249
1255000 -5.03172
1256000 -5.03069
1257000 -5.03005
1258000 -5.02944
1259000 -5.02861
1260000 -5.02808
1261000 -5.02799
1262000 -5.02804
1263000 -5.02807
1264000 -5.0278
1265000 -5.02734
1266000 -5.02681
1267000 -5.02619
1268000 -5.02563
1269000 -5.02493
1270000 -5.02485
1271000 -5.02445
1272000 -5.02427
1273000 -5.02484
1274000 -5.02592
1275000 -5.02645
1276000 -5.02625
1277000 -5.02652
1278000 -5.02586
1279000 -5.02565
1280000 -5.02567
1281000 -5.02575
1282000 -5.02586
1283000 -5.02597
1284000 -5.02572
1285000 -5.02566
1286000 -5.02622
1287000 -5.02687
1288000 -5.02712
1289000 -5.0273
1290000 -5.02759
1291000 -5.02838
1292000 -5.02893
1293000 -5.0286
1294000 -5.02915
1295000 -5.02975
1296000 -5.03007
1297000 -5.02954
1298000 -5.02913
1299000 -5.02891
1300000 -5.02821
1301000 -5.02752
1302000 -5.02758
1303000 -5.02767
1304000 -5.02794
1305000 -5.02858
1306000 -5.02887
1307000 -5.02926
1308000 -5.02903
1309000 -5.02878
1310000 -5.02837
1311000 -5.02826
1312000 -5.02874
1313000 -5.02918
1314000 -5.02898
1315000 -5.02913
1316000 -5.02959
1317000 -5.03084
1318000 -5.03228
1319000 -5.03398
1320000 -5.03546
1321000 -5.03689
1322000 -5.03852
1323000 -5.04017
1324000 -5.04159
1325000 -5.04301
1326000 -5.0442
1327000 -5.04629
1328000 -5.04899
1329000 -5.05069
1330000 -5.05197
1331000 -5.05297
1332000 -5.05402
1333000 -5.05435
1334000 -5.05424
1335000 -5.05446
1336000 -5.05446
1337000 -5.0549
1338000 -5.05551
1339000 -5.05593
1340000 -5.05657
1341000 -5.05736
1342000 -5.05749
1343000 -5.05817
1344000 -5.05868
1345000 -5.05853
1346000 -5.05828
1347000 -5.05772
1348000 -5.05686
1349000 -5.05639
1350000 -5.05606
1351000 -5.05549
1352000 -5.05454
1353000 -5.05341
1354000 -5.05241
1355000 -5.0512
1356000 -5.05004
1357000 -5.04937
1358000 -5.04901
1359000 -5.04858
1360000 -5.04796
1361000 -5.04714
1362000 -5.04713
1363000 -5.04759
1364000 -5.04817
1365000 -5.04884
1366000 -5.04786
1367000 -5.04627
1368000 -5.04507
1369000 -5.04385
1370000 -5.0436
1371000 -5.04354
1372000 -5.0436
1373000 -5.04375
1374000 -5.04371
1375000 -5.04407
1376000 -5.04426
1377000 -5.0439
1378000 -5.04371
1379000 -5.04308
1380000 -5.04225
1381000 -5.04169
1382000 -5.04005
1383000 -5.03872
1384000 -5.03686
1385000 -5.03535
1386000 -5.03435
1387000 -5.0337
1388000 -5.03349
1389000 -5.03282
1390000 -5.03246
1391000 -5.03173
1392000 -5.03094
1393000 -5.03035
1394000 -5.02937
1395000 -5.02883
1396000 -5.02788
1397000 -5.02764
1398000 -5.02791
1399000 -5.02767
1400000 -5.02709
1401000 -5.02697
1402000 -5.02714
1403000 -5.02728
1404000 -5.02797
1405000 -5.02832
1406000 -5.0279
1407000 -5.02773
1408000 -5.0274
1409000 -5.02689
1410000 -5.02655
1411000 -5.02673
1412000 -5.02736
1413000 -5.02717
1414000 -5.02696
1415000 -5.02736
1416000 -5.02648
1417000 -5.02618
1418000 -5.02584
1419000 -5.02577
1420000 -5.02598
1421000 -5.02678
1422000 -5.02762
1423000 -5.02883
1424000 -5.02993
1425000 -5.03093
1426000 -5.03177
1427000 -5.03237
1428000 -5.0326
1429000 -5.03277
1430000 -5.03334
1431000 -5.03375
1432000 -5.03385
1433000 -5.03403
1434000 -5.0344
1435000 -5.03449
1436000 -5.03477
1437000 -5.03522
1438000 -5.03508
1439000 -5.03482
1440000 -5.03447
1441000 -5.03409
1442000 -5.03441
1443000 -5.03521
1444000 -5.03593
1445000 -5.03665
1446000 -5.03763
1447000 -5.03819
1448000 -5.0384
1449000 -5.03877
1450000 -5.03906
1451000 -5.03931
1452000 -5.03968
1453000 -5.03955
1454000 -5.04019
1455000 -5.04079
1456000 -5.04145
1457000 -5.04187
1458000 -5.04238
1459000 -5.0431
1460000 -5.04443
1461000 -5.0453
1462000 -5.0464
1463000 -5.04742
1464000 -5.04793
1465000 -5.04863
1466000 -5.04925
1467000 -5.04982
1468000 -5.05063
1469000 -5.05117
1470000 -5.05161
1471000 -5.05149
1472000 -5.05135
1473000 -5.05188
1474000 -5.05205
1475000 -5.05214
1476000 -5.05241
1477000 -5.0519
1478000 -5.05119
1479000 -5.05088
1480000 -5.05057
1481000 -5.04987
1482000 -5.04897
1483000 -5.04777
1484000 -5.04702
1485000 -5.04677
1486000 -5.04654
1487000 -5.04616
1488000 -5.04527
1489000 -5.04479
1490000 -5.04409
1491000 -5.04341
1492000 -5.04322
1493000 -5.04332
1494000 -5.04363
1495000 -5.04407
1496000 -5.04499
1497000 -5.04554
1498000 -5.04602
1499000 -5.04646
1500000 -5.0463
1501000 -5.04626
1502000 -5.04668
1503000 -5.04642
1504000 -5.04604
1505000 -5.04572
1506000 -5.04596
1507000 -5.04543
1508000 -5.04451
1509000 -5.04381
1510000 -5.0429
1511000 -5.04249
1512000 -5.04246
1513000 -5.04236
1514000 -5.04216
1515000 -5.0423
1516000 -5.04188
1517000 -5.04175
1518000 -5.0415
1519000 -5.04169
1520000 -5.04202
1521000 -5.04203
1522000 -5.04235
1523000 -5.04343
1524000 -5.04398
1525000 -5.04466
1526000 -5.04484
1527000 -5.04527
1528000 -5.04605
1529000 -5.04655
1530000 -5.04707
1531000 -5.04765
1532000 -5.04813
1533000 -5.04887
1534000 -5.04984
1535000 -5.05033
1536000 -5.05046
1537000 -5.05066
1538000 -5.05067
1539000 -5.05051
1540000 -5.0503
1541000 -5.0503
1542000 -5.0508
1543000 -5.05106
1544000 -5.05091
1545000 -5.05124
1546000 -5.05131
1547000 -5.05072
1548000 -5.0504
1549000 -5.04991
1550000 -5.04907
1551000 -5.04832
1552000 -5.04764
1553000 -5.04723
1554000 -5.04659
1555000 -5.04563
1556000 -5.04525
1557000 -5.04464
1558000 -5.04336
1559000 -5.04253
1560000 -5.04182
1561000 -5.04176
1562000 -5.04158
1563000 -5.0409
1564000 -5.04083
1565000 -5.04077
1566000 -5.04109
1567000 -5.04135
1568000 -5.04117
1569000 -5.04097
1570000 -5.04111
1571000 -5.04139
1572000 -5.04174
1573000 -5.04222
1574000 -5.04241
1575000 -5.04277
1576000 -5.04277
1577000 -5.04294
1578000 -5.04248
1579000 -5.04261
1580000 -5.043
1581000 -5.04323
1582000 -5.04355
1583000 -5.0438
1584000 -5.04388
1585000 -5.04447
1586000 -5.04482
1587000 -5.0451
1588000 -5.04489
1589000 -5.0451
1590000 -5.0451
1591000 -5.04476
1592000 -5.04482
1593000 -5.04475
1594000 -5.04517
1595000 -5.04572
1596000 -5.0459
1597000 -5.04618
1598000 -5.0466
1599000 -5.04667
1600000 -5.04688
1601000 -5.0466
1602000 -5.04645
1603000 -5.04567
1604000 -5.0452
1605000 -5.04517
1606000 -5.0448
1607000 -5.04402
1608000 -5.04343
1609000 -5.04297
1610000 -5.04304
1611000 -5.04307
1612000 -5.04343
1613000 -5.04344
1614000 -5.04324
1615000 -5.04279
1616000 -5.04249
1617000 -5.04249
1618000 -5.04193
1619000 -5.04138
1620000 -5.0407
1621000 -5.04058
1622000 -5.04017
1623000 -5.0394
1624000 -5.03882
1625000 -5.03794
1626000 -5.0379
1627000 -5.0377
1628000 -5.03741
1629000 -5.03768
1630000 -5.03763
1631000 -5.03773
1632000 -5.03788
1633000 -5.03784
1634000 -5.03751
1635000 -5.03703
1636000 -5.03676
1637000 -5.03686
1638000 -5.03712
1639000 -5.03707
1640000 -5.03697
1641000 -5.03685
1642000 -5.03695
1643000 -5.03687
1644000 -5.03663
1645000 -5.03677
1646000 -5.03702
1647000 -5.03689
1648000 -5.03704
1649000 -5.03713
1650000 -5.03669
1651000 -5.03633
1652000 -5.03574
1653000 -5.03487
1654000 -5.0345
1655000 -5.03463
1656000 -5.03467
1657000 -5.03447
1658000 -5.03416
1659000 -5.03413
1660000 -5.03385
1661000 -5.03352
1662000 -5.03298
1663000 -5.03228
1664000 -5.0319
1665000 -5.03207
1666000 -5.03215
1667000 -5.03216
1668000 -5.03225
1669000 -5.03205
1670000 -5.03182
1671000 -5.03126
1672000 -5.0306
1673000 -5.0301
1674000 -5.03005
1675000 -5.03013
1676000 -5.03018
1677000 -5.03012
1678000 -5.02989
1679000 -5.02985
1680000 -5.02922
1681000 -5.029
1682000 -5.02835
1683000 -5.02847
1684000 -5.02858
1685000 -5.02881
1686000 -5.02951
1687000 -5.03002
1688000 -5.03037
1689000 -5.03108
1690000 -5.03147
1691000 -5.03203
1692000 -5.03196
1693000 -5.03217
1694000 -5.03238
1695000 -5.03287
1696000 -5.03302
1697000 -5.0327
1698000 -5.03245
1699000 -5.03234
1700000 -5.03274
1701000 -5.03261
1702000 -5.03199
1703000 -5.03143
1704000 -5.03094
1705000 -5.03081
1706000 -5.03034
1707000 -5.0297
1708000 -5.02956
1709000 -5.02963
1710000 -5.0295
1711000 -5.02955
1712000 -5.02967
1713000 -5.03037
1714000 -5.03111
1715000 -5.03197
1716000 -5.03287
1717000 -5.03319
1718000 -5.0335
1719000 -5.03334
1720000 -5.03352
1721000 -5.0335
1722000 -5.03322
1723000 -5.03298
1724000 -5.0328
1725000 -5.03286
1726000 -5.03299
1727000 -5.03349
1728000 -5.03424
1729000 -5.03506
1730000 -5.03597
1731000 -5.03649
1732000 -5.03705
1733000 -5.03751
1734000 -5.03793
1735000 -5.03825
1736000 -5.03882
1737000 -5.03929
1738000 -5.03965
1739000 -5.03998
1740000 -5.04043
1741000 -5.04023
1742000 -5.03984
1743000 -5.03973
1744000 -5.04005
1745000 -5.03986
1746000 -5.03984
1747000 -5.0399
1748000 -5.04022
1749000 -5.04062
1750000 -5.04124
1751000 -5.04216
1752000 -5.04265
1753000 -5.04317
1754000 -5.04406
1755000 -5.04455
1756000 -5.04482
1757000 -5.04564
1758000 -5.0466
1759000 -5.04732
1760000 -5.04818
1761000 -5.04873
1762000 -5.04921
1763000 -5.0497
1764000 -5.05023
1765000 -5.05101
1766000 -5.0518
1767000 -5.05242
1768000 -5.05317
1769000 -5.05432
1770000 -5.0552
1771000 -5.05567
1772000 -5.05594
1773000 -5.05629
1774000 -5.05672
1775000 -5.05732
1776000 -5.05798
1777000 -5.0585
1778000 -5.05867
1779000 -5.05892
1780000 -5.05925
1781000 -5.06003
1782000 -5.06122
1783000 -5.062
1784000 -5.06292
1785000 -5.06364
1786000 -5.0643
1787000 -5.06506
1788000 -5.06632
1789000 -5.06753
1790000 -5.06838
1791000 -5.06942
1792000 -5.07018
1793000 -5.07107
1794000 -5.07211
1795000 -5.0728
1796000 -5.07363
1797000 -5.07412
1798000 -5.07489
1799000 -5.07546
1800000 -5.07596
1801000 -5.07598
1802000 -5.07623
1803000 -5.07745
1804000 -5.07815
1805000 -5.0783
1806000 -5.07842
1807000 -5.07855
1808000 -5.07895
1809000 -5.07972
1810000 -5.0803
1811000 -5.08063
1812000 -5.08137
1813000 -5.08196
1814000 -5.08278
1815000 -5.08334
1816000 -5.0842
1817000 -5.08465
1818000 -5.08519
1819000 -5.08569
1820000 -5.08604
1821000 -5.08617
1822000 -5.08669
1823000 -5.08696
1824000 -5.08685
1825000 -5.08666
1826000 -5.0866
1827000 -5.08638
1828000 -5.0864
1829000 -5.0864
1830000 -5.08624
1831000 -5.08614
1832000 -5.08639
1833000 -5.08694
1834000 -5.08727
1835000 -5.0869
1836000 -5.08646
1837000 -5.08665
1838000 -5.08689
1839000 -5.08687
1840000 -5.08689
1841000 -5.08672
1842000 -5.08676
1843000 -5.08678
1844000 -5.08668
1845000 -5.08642
1846000 -5.08605
1847000 -5.08549
1848000 -5.08523
1849000 -5.08527
1850000 -5.08522
1851000 -5.0849
1852000 -5.08497
1853000 -5.08503
1854000 -5.08451
1855000 -5.08456
1856000 -5.08483
1857000 -5.08517
1858000 -5.08541
1859000 -5.08566
1860000 -5.08555
1861000 -5.08555
1862000 -5.08596
1863000 -5.08659
1864000 -5.08696
1865000 -5.08723
1866000 -5.08741
1867000 -5.08784
1868000 -5.08827
1869000 -5.08853
1870000 -5.08864
1871000 -5.08886
1872000 -5.08882
1873000 -5.08904
1874000 -5.08907
1875000 -5.08881
1876000 -5.08895
1877000 -5.08933
1878000 -5.08933
1879000 -5.08932
1880000 -5.08928
1881000 -5.08969
1882000 -5.0898
1883000 -5.0894
1884000 -5.08884
1885000 -5.08876
1886000 -5.08879
1887000 -5.08891
1888000 -5.08878
1889000 -5.08885
1890000 -5.08871
1891000 -5.0889
1892000 -5.08907
1893000 -5.08868
1894000 -5.08854
1895000 -5.08852
1896000 -5.08861
1897000 -5.08877
1898000 -5.08892
1899000 -5.08923
1900000 -5.08906
1901000 -5.08894
1902000 -5.08924
1903000 -5.08933
1904000 -5.08948
1905000 -5.08907
1906000 -5.08917
1907000 -5.08962
1908000 -5.08993
1909000 -5.09007
1910000 -5.09018
1911000 -5.0896
1912000 -5.08916
1913000 -5.08926
1914000 -5.08884
1915000 -5.08791
1916000 -5.08731
1917000 -5.08714
1918000 -5.08656
1919000 -5.08553
1920000 -5.08454
1921000 -5.08373
1922000 -5.08256
1923000 -5.08185
1924000 -5.08089
1925000 -5.08033
1926000 -5.07988
1927000 -5.07947
1928000 -5.07907
1929000 -5.0789
1930000 -5.07846
1931000 -5.07797
1932000 -5.0777
1933000 -5.07725
1934000 -5.07701
1935000 -5.07655
1936000 -5.07613
1937000 -5.07577
1938000 -5.07567
1939000 -5.0755
1940000 -5.07529
1941000 -5.07501
1942000 -5.07472
1943000 -5.07451
1944000 -5.07385
1945000 -5.07335
1946000 -5.0729
1947000 -5.07253
1948000 -5.07203
1949000 -5.07114
1950000 -5.07011
1951000 -5.06926
1952000 -5.06843
1953000 -5.06764
1954000 -5.06736
1955000 -5.06745
1956000 -5.06731
1957000 -5.06729
1958000 -5.06723
1959000 -5.06719
1960000 -5.06714
1961000 -5.06736
1962000 -5.06775
1963000 -5.06762
1964000 -5.06794
1965000 -5.06805
1966000 -5.06796
1967000 -5.06804
1968000 -5.0677
1969000 -5.0678
1970000 -5.0679
1971000 -5.06785
1972000 -5.06816
1973000 -5.06786
1974000 -5.06777
1975000 -5.06755
1976000 -5.06688
1977000 -5.06634
1978000 -5.06598
1979000 -5.06593
1980000 -5.0659
1981000 -5.06584
1982000 -5.0659
1983000 -5.06583
1984000 -5.06608
1985000 -5.0666
1986000 -5.06695
1987000 -5.06716
1988000 -5.06719
1989000 -5.06735
1990000 -5.06746
1991000 -5.06746
1992000 -5.06756
1993000 -5.06781
1994000 -5.06796
1995000 -5.06813
1996000 -5.06773
1997000 -5.06696
1998000 -5.06677
1999000 -5.06692
2000000 -5.06732
2001000 -5.06764
2002000 -5.06793
2003000 -5.06827
2004000 -5.06848
2005000 -5.06833
2006000 -5.06802
2007000 -5.06819
2008000 -5.06847
2009000 -5.06864
2010000 -5.06835
2011000 -5.0678
2012000 -5.06725
2013000 -5.06666
2014000 -5.06615
2015000 -5.06577
2016000 -5.06572
2017000 -5.06568
2018000 -5.06568
2019000 -5.06583
2020000 -5.06552
2021000 -5.06517
2022000 -5.0646
2023000 -5.0643
2024000 -5.06433
2025000 -5.06421
2026000 -5.06404
2027000 -5.06413
2028000 -5.06423
2029000 -5.06447
2030000 -5.06447
2031000 -5.06484
2032000 -5.06546
2033000 -5.06554
2034000 -5.06551
2035000 -5.06554
2036000 -5.06541
2037000 -5.06509
2038000 -5.06485
2039000 -5.06432
2040000 -5.06418
2041000 -5.06424
2042000 -5.06411
2043000 -5.06392
2044000 -5.06382
2045000 -5.06378
2046000 -5.06384
2047000 -5.06418
2048000 -5.06495
2049000 -5.06556
2050000 -5.06634
2051000 -5.06712
2052000 -5.06791
2053000 -5.06861
2054000 -5.06936
2055000 -5.07024
2056000 -5.07084
2057000 -5.0711
2058000 -5.07169
2059000 -5.07219
2060000 -5.07242
2061000 -5.07255
2062000 -5.07257
2063000 -5.07252
2064000 -5.07265
2065000 -5.07281
2066000 -5.07311
2067000 -5.07323
2068000 -5.07353
2069000 -5.0739
2070000 -5.07373
2071000 -5.07365
2072000 -5.07336
2073000 -5.07335
2074000 -5.07308
2075000 -5.07281
2076000 -5.07234
2077000 -5.07192
2078000 -5.0717
2079000 -5.07151
2080000 -5.07191
2081000 -5.0722
2082000 -5.07219
2083000 -5.07225
2084000 -5.07225
2085000 -5.07223
2086000 -5.07203
2087000 -5.07205
2088000 -5.07209
2089000 -5.07251
2090000 -5.07286
2091000 -5.0731
2092000 -5.07356
2093000 -5.07399
2094000 -5.07417
2095000 -5.07413
2096000 -5.07384
2097000 -5.07347
2098000 -5.07262
2099000 -5.07176
2100000 -5.07085
2101000 -5.06979
2102000 -5.06847
2103000 -5.06768
2104000 -5.06696
2105000 -5.06678
2106000 -5.06641
2107000 -5.06598
2108000 -5.06592
2109000 -5.06556
2110000 -5.06531
2111000 -5.0655
2112000 -5.06564
2113000 -5.06582
2114000 -5.0661
2115000 -5.06644
2116000 -5.06665
2117000 -5.06695
2118000 -5.06729
2119000 -5.06759
2120000 -5.06786
2121000 -5.068
2122000 -5.06818
2123000 -5.06843
2124000 -5.06882
2125000 -5.06863
2126000 -5.06843
2127000 -5.06803
2128000 -5.0676
2129000 -5.06776
2130000 -5.06807
2131000 -5.06815
2132000 -5.06799
2133000 -5.06783
2134000 -5.06776
2135000 -5.06755
2136000 -5.06765
2137000 -5.06764
2138000 -5.06825
2139000 -5.06899
2140000 -5.06941
2141000 -5.06984
2142000 -5.06999
2143000 -5.06985
2144000 -5.07013
2145000 -5.07034
2146000 -5.07057
2147000 -5.07113
2148000 -5.07129
2149000 -5.07165
2150000 -5.07193
2151000 -5.07187
2152000 -5.07199
2153000 -5.0722
2154000 -5.07228
2155000 -5.0723
2156000 -5.07244
2157000 -5.07226
2158000 -5.0719
2159000 -5.07186
2160000 -5.07183
2161000 -5.07189
2162000 -5.07193
2163000 -5.07188
2164000 -5.07187
2165000 -5.07209
2166000 -5.07248
2167000 -5.07278
2168000 -5.07316
2169000 -5.07336
2170000 -5.07353
2171000 -5.07379
2172000 -5.07427
2173000 -5.07452
2174000 -5.07512
2175000 -5.07546
2176000 -5.0754
2177000 -5.07536
2178000 -5.07512
2179000 -5.0755
2180000 -5.07591
2181000 -5.07602
2182000 -5.07599
2183000 -5.07636
2184000 -5.07652
2185000 -5.07628
2186000 -5.07603
2187000 -5.07584
2188000 -5.07564
2189000 -5.07553
2190000 -5.07548
2191000 -5.07565
2192000 -5.07576
2193000 -5.0766
2194000 -5.07693
2195000 -5.077
2196000 -5.0771
2197000 -5.07716
2198000 -5.07695
2199000 -5.07682
2200000 -5.07678
2201000 -5.07679
