# Time-averaged data for fix energyrun
# TimeStep v_U
202000 -16.9429
203000 -16.8397
204000 -16.8308
205000 -16.8913
206000 -16.8347
207000 -16.861
208000 -16.889
209000 -16.9904
210000 -16.984
211000 -16.9379
212000 -16.9251
213000 -16.9125
214000 -16.8484
215000 -16.8463
216000 -16.8508
217000 -16.8639
218000 -16.9031
219000 -16.9176
220000 -16.969
221000 -16.979
222000 -16.9946
223000 -17.0223
224000 -17.0351
225000 -17.0646
226000 -17.0896
227000 -17.0947
228000 -17.078
229000 -17.0586
230000 -17.071
231000 -17.0829
232000 -17.0899
233000 -17.1174
234000 -17.1491
235000 -17.1564
236000 -17.1624
237000 -17.1616
238000 -17.1633
239000 -17.1494
240000 -17.1628
241000 -17.1624
242000 -17.1534
243000 -17.1533
244000 -17.1764
245000 -17.1783
246000 -17.1855
247000 -17.2103
248000 -17.2203
249000 -17.2416
250000 -17.2593
251000 -17.2604
252000 -17.2654
253000 -17.2618
254000 -17.2642
255000 -17.274
256000 -17.2664
257000 -17.2565
258000 -17.2443
259000 -17.2236
260000 -17.2078
261000 -17.1964
262000 -17.1855
263000 -17.1724
264000 -17.1634
265000 -17.1546
266000 -17.1543
267000 -17.1531
268000 -17.1554
269000 -17.1589
270000 -17.1616
271000 -17.1826
272000 -17.2015
273000 -17.2119
274000 -17.2206
275000 -17.2173
276000 -17.2153
277000 -17.2135
278000 -17.2116
279000 -17.2017
280000 -17.1975
281000 -17.1838
282000 -17.1739
283000 -17.1673
284000 -17.1687
285000 -17.1673
286000 -17.1683
287000 -17.1731
288000 -17.1832
289000 -17.1942
290000 -17.2014
291000 -17.2045
292000 -17.1999
293000 -17.1991
294000 -17.1942
295000 -17.194
296000 -17.1937
297000 -17.1985
298000 -17.2086
299000 -17.2172
300000 -17.2204
301000 -17.2244
302000 -17.2308
303000 -17.2316
304000 -17.2345
305000 -17.243
306000 -17.2474
307000 -17.2524
308000 -17.2522
309000 -17.2586
310000 -17.2609
311000 -17.2652
312000 -17.2665
313000 -17.2716
314000 -17.2778
315000 -17.2797
316000 -17.2789
317000 -17.2787
318000 -17.2769
319000 -17.2739
320000 -17.2687
321000 -17.2675
322000 -17.2652
323000 -17.2653
324000 -17.2564
325000 -17.2461
326000 -17.2401
327000 -17.2428
328000 -17.2383
329000 -17.2309
330000 -17.2288
331000 -17.2258
332000 -17.2236
333000 -17.2277
334000 -17.2292
335000 -17.2276
336000 -17.2214
337000 -17.2206
338000 -17.2194
339000 -17.2181
340000 -17.2179
341000 -17.2181
342000 -17.2147
343000 -17.2083
344000 -17.205
345000 -17.2043
346000 -17.2068
347000 -17.2033
348000 -17.1934
349000 -17.1861
350000 -17.1773
351000 -17.1724
352000 -17.1644
353000 -17.1557
354000 -17.1463
355000 -17.1378
356000 -17.1286
357000 -17.1228
358000 -17.1172
359000 -17.1155
360000 -17.115
361000 -17.1116
362000 -17.1104
363000 -17.1101
364000 -17.1078
365000 -17.1037
366000 -17.1042
367000 -17.1034
368000 -17.1028
369000 -17.0979
370000 -17.0935
371000 -17.0892
372000 -17.0824
373000 -17.0787
374000 -17.0761
375000 -17.0726
376000 -17.0689
377000 -17.0656
378000 -17.0644
379000 -17.0651
380000 -17.0668
381000 -17.0704
382000 -17.0715
383000 -17.0717
384000 -17.0713
385000 -17.0737
386000 -17.0741
387000 -17.0724
388000 -17.0735
389000 -17.0732
390000 -17.0747
391000 -17.0776
392000 -17.0769
393000 -17.0779
394000 -17.0798
395000 -17.0817
396000 -17.0798
397000 -17.0786
398000 -17.0775
399000 -17.0768
400000 -17.0745
401000 -17.0744
402000 -17.074
403000 -17.0722
404000 -17.0709
405000 -17.0682
406000 -17.0671
407000 -17.0657
408000 -17.0648
409000 -17.0663
410000 -17.0688
411000 -17.0702
412000 -17.0728
413000 -17.0762
414000 -17.0828
415000 -17.0901
416000 -17.0926
417000 -17.0927
418000 -17.0946
419000 -17.0977
420000 -17.0973
421000 -17.0993
422000 -17.1032
423000 -17.1067
424000 -17.1098
425000 -17.1119
426000 -17.1123
427000 -17.112
428000 -17.1101
429000 -17.1115
430000 -17.113
431000 -17.113
432000 -17.1114
433000 -17.112
434000 -17.1136
435000 -17.1153
436000 -17.1167
437000 -17.1195
438000 -17.1231
439000 -17.1254
440000 -17.1254
441000 -17.1233
442000 -17.119
443000 -17.114
444000 -17.1112
445000 -17.1086
446000 -17.1046
447000 -17.0998
448000 -17.0915
449000 -17.0859
450000 -17.081
451000 -17.0778
452000 -17.0768
453000 -17.0781
454000 -17.0775
455000 -17.08
456000 -17.0803
457000 -17.0774
458000 -17.0739
459000 -17.0699
460000 -17.0667
461000 -17.0616
462000 -17.0559
463000 -17.0491
464000 -17.0437
465000 -17.0374
466000 -17.0333
467000 -17.029
468000 -17.028
469000 -17.026
470000 -17.0246
471000 -17.0256
472000 -17.0234
473000 -17.0206
474000 -17.0182
475000 -17.0153
476000 -17.0129
477000 -17.0112
478000 -17.0091
479000 -17.0063
480000 -17.0057
481000 -17.0036
482000 -17.0024
483000 -17.0005
484000 -16.9999
485000 -17.0012
486000 -17.0042
487000 -17.0045
488000 -17.0044
489000 -17.0033
490000 -17.0009
491000 -16.9998
492000 -16.9992
493000 -17.0002
494000 -16.9991
495000 -16.998
496000 -16.9967
497000 -16.996
498000 -16.9962
499000 -16.9986
500000 -17.0011
501000 -17.0013
502000 -17.0009
503000 -16.9997
504000 -17.0005
505000 -17.003
506000 -17.0062
507000 -17.0084
508000 -17.0117
509000 -17.0126
510000 -17.0129
511000 -17.0104
512000 -17.0071
513000 -17.0054
514000 -17.0013
515000 -16.9994
516000 -16.9973
517000 -16.9951
518000 -16.9924
519000 -16.9899
520000 -16.9866
521000 -16.9825
522000 -16.9805
523000 -16.9777
524000 -16.9745
525000 -16.9736
526000 -16.9729
527000 -16.9738
528000 -16.9739
529000 -16.974
530000 -16.9729
531000 -16.9713
532000 -16.9671
533000 -16.9638
534000 -16.9611
535000 -16.9586
536000 -16.9554
537000 -16.9528
538000 -16.9512
539000 -16.95
540000 -16.946
541000 -16.9421
542000 -16.9383
543000 -16.9354
544000 -16.9321
545000 -16.9302
546000 -16.9284
547000 -16.9268
548000 -16.925
549000 -16.9224
550000 -16.9207
551000 -16.9211
552000 -16.9199
553000 -16.9214
554000 -16.9214
555000 -16.9212
556000 -16.9229
557000 -16.9244
558000 -16.9255
559000 -16.9254
560000 -16.9235
561000 -16.921
562000 -16.9169
563000 -16.9146
564000 -16.9105
565000 -16.9086
566000 -16.9075
567000 -16.9069
568000 -16.9082
569000 -16.9093
570000 -16.9096
571000 -16.91
572000 -16.9105
573000 -16.91
574000 -16.9081
575000 -16.907
576000 -16.9063
577000 -16.9052
578000 -16.9035
579000 -16.9019
580000 -16.8992
581000 -16.8979
582000 -16.898
583000 -16.899
584000 -16.8982
585000 -16.8981
586000 -16.8985
587000 -16.8995
588000 -16.9026
589000 -16.9042
590000 -16.9053
591000 -16.9061
592000 -16.9076
593000 -16.9074
594000 -16.906
595000 -16.9048
596000 -16.9036
597000 -16.901
598000 -16.9004
599000 -16.9009
600000 -16.9015
601000 -16.9024
602000 -16.9012
603000 -16.8994
604000 -16.8979
605000 -16.895
606000 -16.8932
607000 -16.8932
608000 -16.8928
609000 -16.8923
610000 -16.8904
611000 -16.8894
612000 -16.8883
613000 -16.8893
614000 -16.888
615000 -16.8873
616000 -16.8883
617000 -16.8884
618000 -16.8892
619000 -16.8907
620000 -16.8905
621000 -16.8894
622000 -16.8898
623000 -16.8886
624000 -16.8873
625000 -16.8864
626000 -16.8878
627000 -16.888
628000 -16.8866
629000 -16.8845
630000 -16.8826
631000 -16.8818
632000 -16.8807
633000 -16.8782
634000 -16.8768
635000 -16.8768
636000 -16.8786
637000 -16.8794
638000 -16.8802
639000 -16.8785
640000 -16.8778
641000 -16.8771
642000 -16.8739
643000 -16.8733
644000 -16.8731
645000 -16.8727
646000 -16.8731
647000 -16.8746
648000 -16.8768
649000 -16.8792
650000 -16.8814
651000 -16.8808
652000 -16.8811
653000 -16.8803
654000 -16.8806
655000 -16.8799
656000 -16.8806
657000 -16.8816
658000 -16.8824
659000 -16.8851
660000 -16.8851
661000 -16.8848
662000 -16.8854
663000 -16.8868
664000 -16.8878
665000 -16.8886
666000 -16.889
667000 -16.8905
668000 -16.8933
669000 -16.8941
670000 -16.8963
671000 -16.8975
672000 -16.899
673000 -16.8999
674000 -16.8998
675000 -16.8982
676000 -16.8986
677000 -16.8988
678000 -16.8988
679000 -16.8976
680000 -16.8973
681000 -16.8967
682000 -16.8951
683000 -16.893
684000 -16.8912
685000 -16.8902
686000 -16.8905
687000 -16.8904
688000 -16.8898
689000 -16.8893
690000 -16.8885
691000 -16.8879
692000 -16.8891
693000 -16.8892
694000 -16.8897
695000 -16.89
696000 -16.8909
697000 -16.8939
698000 -16.8972
699000 -16.9008
700000 -16.9047
701000 -16.9078
702000 -16.9108
703000 -16.9136
704000 -16.9155
705000 -16.9169
706000 -16.9186
707000 -16.9193
708000 -16.9198
709000 -16.9206
710000 -16.9202
711000 -16.9197
712000 -16.9203
713000 -16.9198
714000 -16.9201
715000 -16.9212
716000 -16.922
717000 -16.923
718000 -16.9231
719000 -16.9248
720000 -16.927
721000 -16.9282
722000 -16.9289
723000 -16.9302
724000 -16.9319
725000 -16.9338
726000 -16.9368
727000 -16.9392
728000 -16.9411
729000 -16.9429
730000 -16.9425
731000 -16.9426
732000 -16.9425
733000 -16.9432
734000 -16.9435
735000 -16.9431
736000 -16.9429
737000 -16.9421
738000 -16.9425
739000 -16.942
740000 -16.942
741000 -16.9427
742000 -16.9437
743000 -16.9453
744000 -16.9457
745000 -16.9458
746000 -16.9464
747000 -16.9486
748000 -16.9484
749000 -16.9489
750000 -16.9501
751000 -16.9503
752000 -16.9511
753000 -16.9524
754000 -16.9539
755000 -16.9534
756000 -16.9526
757000 -16.953
758000 -16.9532
759000 -16.9531
760000 -16.9534
761000 -16.9535
762000 -16.9539
763000 -16.9546
764000 -16.9549
765000 -16.9547
766000 -16.9554
767000 -16.9563
768000 -16.957
769000 -16.9567
770000 -16.9572
771000 -16.9577
772000 -16.9567
773000 -16.9557
774000 -16.9543
775000 -16.953
776000 -16.9526
777000 -16.953
778000 -16.9535
779000 -16.9523
780000 -16.9521
781000 -16.9528
782000 -16.9532
783000 -16.9524
784000 -16.9518
785000 -16.9514
786000 -16.9506
787000 -16.95
788000 -16.9482
789000 -16.9456
790000 -16.9448
791000 -16.9441
792000 -16.9436
793000 -16.9428
794000 -16.9424
795000 -16.942
796000 -16.9416
797000 -16.9419
798000 -16.9422
799000 -16.942
800000 -16.9421
801000 -16.942
802000 -16.9414
803000 -16.9421
804000 -16.9428
805000 -16.943
806000 -16.9428
807000 -16.9434
808000 -16.9428
809000 -16.9424
810000 -16.9421
811000 -16.9423
812000 -16.9416
813000 -16.9413
814000 -16.9403
815000 -16.9398
816000 -16.9379
817000 -16.9352
818000 -16.9328
819000 -16.9312
820000 -16.9289
821000 -16.9268
822000 -16.9254
823000 -16.9247
824000 -16.9246
825000 -16.9245
826000 -16.925
827000 -16.9257
828000 -16.926
829000 -16.9253
830000 -16.9255
831000 -16.9264
832000 -16.9273
833000 -16.9285
834000 -16.93
835000 -16.9311
836000 -16.9323
837000 -16.933
838000 -16.9342
839000 -16.9355
840000 -16.9368
841000 -16.939
842000 -16.9394
843000 -16.9387
844000 -16.9387
845000 -16.9372
846000 -16.9351
847000 -16.9336
848000 -16.9329
849000 -16.9309
850000 -16.93
851000 -16.9297
852000 -16.9287
853000 -16.9294
854000 -16.93
855000 -16.9306
856000 -16.9311
857000 -16.931
858000 -16.9307
859000 -16.9299
860000 -16.9295
861000 -16.9306
862000 -16.9313
863000 -16.9303
864000 -16.93
865000 -16.9301
866000 -16.9295
867000 -16.93
868000 -16.9312
869000 -16.9322
870000 -16.9332
871000 -16.9336
872000 -16.9346
873000 -16.9357
874000 -16.9362
875000 -16.9371
876000 -16.9372
877000 -16.9373
878000 -16.9374
879000 -16.9374
880000 -16.9369
881000 -16.9363
882000 -16.936
883000 -16.9354
884000 -16.9352
885000 -16.935
886000 -16.9358
887000 -16.9371
888000 -16.9378
889000 -16.9382
890000 -16.9381
891000 -16.9385
892000 -16.9385
893000 -16.9387
894000 -16.9385
895000 -16.939
896000 -16.9389
897000 -16.9385
898000 -16.9382
899000 -16.9382
900000 -16.9385
901000 -16.9384
902000 -16.9392
903000 -16.9402
904000 -16.9407
905000 -16.9425
906000 -16.9443
907000 -16.9451
908000 -16.9453
909000 -16.9453
910000 -16.9446
911000 -16.944
912000 -16.9434
913000 -16.9429
914000 -16.9431
915000 -16.9434
916000 -16.9443
917000 -16.9449
918000 -16.946
919000 -16.9468
920000 -16.9477
921000 -16.9472
922000 -16.9477
923000 -16.9483
924000 -16.9482
925000 -16.9473
926000 -16.9461
927000 -16.946
928000 -16.9456
929000 -16.9452
930000 -16.945
931000 -16.9449
932000 -16.944
933000 -16.9434
934000 -16.9425
935000 -16.9417
936000 -16.9403
937000 -16.9389
938000 -16.9376
939000 -16.9368
940000 -16.9367
941000 -16.9373
942000 -16.9368
943000 -16.9373
944000 -16.9368
945000 -16.9364
946000 -16.9354
947000 -16.9346
948000 -16.9351
949000 -16.9354
950000 -16.9362
951000 -16.9375
952000 -16.9386
953000 -16.9396
954000 -16.9395
955000 -16.9394
956000 -16.9399
957000 -16.9388
958000 -16.9383
959000 -16.9377
960000 -16.9372
961000 -16.9374
962000 -16.9367
963000 -16.9359
964000 -16.9357
965000 -16.9352
966000 -16.9357
967000 -16.9365
968000 -16.9363
969000 -16.9363
970000 -16.9368
971000 -16.9368
972000 -16.9374
973000 -16.9369
974000 -16.9372
975000 -16.9376
976000 -16.9372
977000 -16.9372
978000 -16.9378
979000 -16.9386
980000 -16.9392
981000 -16.9397
982000 -16.9395
983000 -16.9399
984000 -16.9398
985000 -16.9392
986000 -16.9382
987000 -16.9382
988000 -16.9384
989000 -16.9384
990000 -16.938
991000 -16.9385
992000 -16.9389
993000 -16.9392
994000 -16.9404
995000 -16.9418
996000 -16.9426
997000 -16.9437
998000 -16.9442
999000 -16.9449
1000000 -16.946
1001000 -16.9469
1002000 -16.9474
1003000 -16.9483
1004000 -16.949
1005000 -16.9494
1006000 -16.9498
1007000 -16.9507
1008000 -16.9524
1009000 -16.9536
1010000 -16.9545
1011000 -16.9561
1012000 -16.9566
1013000 -16.9569
1014000 -16.9569
1015000 -16.9575
1016000 -16.9584
1017000 -16.9582
1018000 -16.9582
1019000 -16.9586
1020000 -16.9594
1021000 -16.9603
1022000 -16.9622
1023000 -16.9633
1024000 -16.9643
1025000 -16.965
1026000 -16.9663
1027000 -16.9674
1028000 -16.9687
1029000 -16.9697
1030000 -16.971
1031000 -16.9716
1032000 -16.9721
1033000 -16.9721
1034000 -16.9724
1035000 -16.9725
1036000 -16.9729
1037000 -16.9735
1038000 -16.9742
1039000 -16.9749
1040000 -16.9755
1041000 -16.976
1042000 -16.9764
1043000 -16.9771
1044000 -16.9777
1045000 -16.9793
1046000 -16.981
1047000 -16.9826
1048000 -16.9844
1049000 -16.9851
1050000 -16.9853
1051000 -16.9866
1052000 -16.9877
1053000 -16.9894
1054000 -16.9906
1055000 -16.9917
1056000 -16.9934
1057000 -16.9949
1058000 -16.9961
1059000 -16.9976
1060000 -16.9985
1061000 -17.0001
1062000 -17.0014
1063000 -17.0035
1064000 -17.0054
1065000 -17.0066
1066000 -17.007
1067000 -17.008
1068000 -17.0092
1069000 -17.0103
1070000 -17.0102
1071000 -17.0109
1072000 -17.0117
1073000 -17.0127
1074000 -17.0142
1075000 -17.0156
1076000 -17.0167
1077000 -17.0175
1078000 -17.0182
1079000 -17.0197
1080000 -17.0211
1081000 -17.0216
1082000 -17.0222
1083000 -17.0237
1084000 -17.0249
1085000 -17.0269
1086000 -17.0284
1087000 -17.0297
1088000 -17.0307
1089000 -17.0314
1090000 -17.0316
1091000 -17.0326
1092000 -17.0329
1093000 -17.0335
1094000 -17.0342
1095000 -17.0345
1096000 -17.0354
1097000 -17.0366
1098000 -17.0384
1099000 -17.0402
1100000 -17.0416
1101000 -17.043
1102000 -17.0438
1103000 -17.0444
1104000 -17.0452
1105000 -17.0462
1106000 -17.0466
1107000 -17.047
1108000 -17.0468
1109000 -17.0472
1110000 -17.0482
1111000 -17.0487
1112000 -17.0489
1113000 -17.049
1114000 -17.0493
1115000 -17.049
1116000 -17.0486
1117000 -17.0482
1118000 -17.0478
1119000 -17.0474
1120000 -17.0474
1121000 -17.0466
1122000 -17.0458
1123000 -17.0448
1124000 -17.0445
1125000 -17.0444
1126000 -17.0447
1127000 -17.0437
1128000 -17.0426
1129000 -17.0414
1130000 -17.0406
1131000 -17.0402
1132000 -17.0396
1133000 -17.0389
1134000 -17.0389
1135000 -17.0396
1136000 -17.0405
1137000 -17.0413
1138000 -17.0413
1139000 -17.0411
1140000 -17.0412
1141000 -17.0409
1142000 -17.0411
1143000 -17.0411
1144000 -17.0415
1145000 -17.0415
1146000 -17.042
1147000 -17.0424
1148000 -17.043
1149000 -17.0431
1150000 -17.0435
1151000 -17.0443
1152000 -17.046
1153000 -17.0468
1154000 -17.0474
1155000 -17.0482
1156000 -17.0497
1157000 -17.0508
1158000 -17.0515
1159000 -17.0525
1160000 -17.0532
1161000 -17.0539
1162000 -17.0538
1163000 -17.0537
1164000 -17.0537
1165000 -17.0534
1166000 -17.0535
1167000 -17.0527
1168000 -17.0522
1169000 -17.0518
1170000 -17.0515
1171000 -17.0516
1172000 -17.0524
1173000 -17.0529
1174000 -17.0536
1175000 -17.0537
1176000 -17.0528
1177000 -17.0524
1178000 -17.0528
1179000 -17.0529
1180000 -17.0534
1181000 -17.0541
1182000 -17.0546
1183000 -17.0552
1184000 -17.0552
1185000 -17.0554
1186000 -17.0555
1187000 -17.0559
1188000 -17.0563
1189000 -17.0569
1190000 -17.0573
1191000 -17.0581
1192000 -17.0587
1193000 -17.0591
1194000 -17.0594
1195000 -17.0605
1196000 -17.0621
1197000 -17.0635
1198000 -17.0648
1199000 -17.0659
1200000 -17.067
1201000 -17.0681
1202000 -17.0692
1203000 -17.0704
1204000 -17.0716
1205000 -17.0722
1206000 -17.0728
1207000 -17.073
1208000 -17.0738
1209000 -17.0746
1210000 -17.0753
1211000 -17.076
1212000 -17.0763
1213000 -17.0766
1214000 -17.0773
1215000 -17.0774
1216000 -17.077
1217000 -17.0766
1218000 -17.0765
1219000 -17.0763
1220000 -17.0766
1221000 -17.0766
1222000 -17.0766
1223000 -17.0766
1224000 -17.0762
1225000 -17.0754
1226000 -17.0753
1227000 -17.0751
1228000 -17.0752
1229000 -17.0746
1230000 -17.0741
1231000 -17.0734
1232000 -17.0729
1233000 -17.0722
1234000 -17.0718
1235000 -17.0716
1236000 -17.0708
1237000 -17.0699
1238000 -17.0692
1239000 -17.0691
1240000 -17.0689
1241000 -17.0698
1242000 -17.0705
1243000 -17.0709
1244000 -17.071
1245000 -17.0706
1246000 -17.0707
1247000 -17.0704
1248000 -17.0707
1249000 -17.071
1250000 -17.0712
1251000 -17.0713
1252000 -17.0718
1253000 -17.0721
1254000 -17.0731
1255000 -17.0733
1256000 -17.0734
1257000 -17.074
1258000 -17.0743
1259000 -17.0745
1260000 -17.0744
1261000 -17.0743
1262000 -17.0747
1263000 -17.0746
1264000 -17.0751
1265000 -17.0755
1266000 -17.0749
1267000 -17.0752
1268000 -17.076
1269000 -17.0766
1270000 -17.077
1271000 -17.0778
1272000 -17.079
1273000 -17.0792
1274000 -17.0802
1275000 -17.0811
1276000 -17.0825
1277000 -17.0841
1278000 -17.0861
1279000 -17.0874
1280000 -17.0889
1281000 -17.0906
1282000 -17.0921
1283000 -17.0935
1284000 -17.0947
1285000 -17.0954
1286000 -17.0962
1287000 -17.0968
1288000 -17.097
1289000 -17.0972
1290000 -17.0978
1291000 -17.0985
1292000 -17.0988
1293000 -17.0989
1294000 -17.0988
1295000 -17.0981
1296000 -17.0983
1297000 -17.0989
1298000 -17.0991
1299000 -17.0994
1300000 -17.1001
1301000 -17.1
1302000 -17.0989
1303000 -17.0975
1304000 -17.0971
1305000 -17.0972
1306000 -17.0982
1307000 -17.0989
1308000 -17.0995
1309000 -17.1007
1310000 -17.1016
1311000 -17.1023
1312000 -17.1026
1313000 -17.1029
1314000 -17.1032
1315000 -17.1035
1316000 -17.1036
1317000 -17.1037
1318000 -17.1036
1319000 -17.1037
1320000 -17.1041
1321000 -17.1048
1322000 -17.1053
1323000 -17.1053
1324000 -17.1059
1325000 -17.1064
1326000 -17.1071
1327000 -17.1081
1328000 -17.1088
1329000 -17.11
1330000 -17.1107
1331000 -17.1115
1332000 -17.1125
1333000 -17.1135
1334000 -17.1146
1335000 -17.1155
1336000 -17.1163
1337000 -17.1168
1338000 -17.1177
1339000 -17.118
1340000 -17.1176
1341000 -17.1169
1342000 -17.1167
1343000 -17.1169
1344000 -17.1171
1345000 -17.1167
1346000 -17.1165
1347000 -17.1157
1348000 -17.1154
1349000 -17.1155
1350000 -17.115
1351000 -17.1144
1352000 -17.1135
1353000 -17.1126
1354000 -17.1118
1355000 -17.1106
1356000 -17.1102
1357000 -17.1094
1358000 -17.1089
1359000 -17.109
1360000 -17.1089
1361000 -17.1085
1362000 -17.108
1363000 -17.1071
1364000 -17.1066
1365000 -17.106
1366000 -17.1061
1367000 -17.1059
1368000 -17.1056
1369000 -17.1058
1370000 -17.1062
1371000 -17.1067
1372000 -17.1069
1373000 -17.1072
1374000 -17.1076
1375000 -17.1073
1376000 -17.1078
1377000 -17.1078
1378000 -17.1085
1379000 -17.1086
1380000 -17.109
1381000 -17.1098
1382000 -17.1105
1383000 -17.1109
1384000 -17.1114
1385000 -17.112
1386000 -17.1128
1387000 -17.1142
1388000 -17.1158
1389000 -17.1172
1390000 -17.1183
1391000 -17.1192
1392000 -17.1198
1393000 -17.1203
1394000 -17.1207
1395000 -17.1211
1396000 -17.122
1397000 -17.123
1398000 -17.1239
1399000 -17.124
1400000 -17.1242
1401000 -17.1242
1402000 -17.1238
1403000 -17.1243
1404000 -17.1251
1405000 -17.1249
1406000 -17.1249
1407000 -17.1251
1408000 -17.1248
1409000 -17.1249
1410000 -17.1251
1411000 -17.1252
1412000 -17.1257
1413000 -17.1266
1414000 -17.1273
1415000 -17.1275
1416000 -17.1272
1417000 -17.1267
1418000 -17.126
1419000 -17.1262
1420000 -17.1259
1421000 -17.1257
1422000 -17.1253
1423000 -17.1254
1424000 -17.1253
1425000 -17.1251
1426000 -17.1246
1427000 -17.1247
1428000 -17.1247
1429000 -17.125
1430000 -17.1253
1431000 -17.1259
1432000 -17.1261
1433000 -17.1264
1434000 -17.1269
1435000 -17.1275
1436000 -17.1277
1437000 -17.1284
1438000 -17.1295
1439000 -17.1305
1440000 -17.1316
1441000 -17.1325
1442000 -17.1335
1443000 -17.1345
1444000 -17.1349
1445000 -17.1352
1446000 -17.1358
1447000 -17.1355
1448000 -17.1354
1449000 -17.1351
1450000 -17.1351
1451000 -17.1347
1452000 -17.1346
1453000 -17.1343
1454000 -17.1337
1455000 -17.1332
1456000 -17.1327
1457000 -17.1329
1458000 -17.1328
1459000 -17.1328
1460000 -17.1327
1461000 -17.1327
1462000 -17.1321
1463000 -17.131
1464000 -17.1299
1465000 -17.1292
1466000 -17.1284
1467000 -17.1276
1468000 -17.1269
1469000 -17.1269
1470000 -17.1265
1471000 -17.1261
1472000 -17.125
1473000 -17.1241
1474000 -17.1234
1475000 -17.1225
1476000 -17.1218
1477000 -17.1213
1478000 -17.1213
1479000 -17.1213
1480000 -17.1212
1481000 -17.1211
1482000 -17.1207
1483000 -17.1209
1484000 -17.1208
1485000 -17.1203
1486000 -17.1198
1487000 -17.1194
1488000 -17.1195
1489000 -17.1194
1490000 -17.1194
1491000 -17.1204
1492000 -17.1222
1493000 -17.123
1494000 -17.1232
1495000 -17.1241
1496000 -17.1252
1497000 -17.1261
1498000 -17.127
1499000 -17.128
1500000 -17.1295
1501000 -17.1302
1502000 -17.1311
1503000 -17.1316
1504000 -17.132
1505000 -17.1327
1506000 -17.1327
1507000 -17.1332
1508000 -17.1335
1509000 -17.1337
1510000 -17.1336
1511000 -17.1335
1512000 -17.1335
1513000 -17.1337
1514000 -17.1343
1515000 -17.1348
1516000 -17.1354
1517000 -17.1358
1518000 -17.1363
1519000 -17.1368
1520000 -17.1371
1521000 -17.1377
1522000 -17.138
1523000 -17.1384
1524000 -17.1388
1525000 -17.1397
1526000 -17.1401
1527000 -17.1408
1528000 -17.1415
1529000 -17.1417
1530000 -17.1413
1531000 -17.1412
1532000 -17.1407
1533000 -17.1403
1534000 -17.1399
1535000 -17.1393
1536000 -17.1388
1537000 -17.1384
1538000 -17.1379
1539000 -17.1374
1540000 -17.1362
1541000 -17.1354
1542000 -17.1345
1543000 -17.1339
1544000 -17.1337
1545000 -17.1335
1546000 -17.1336
1547000 -17.1333
1548000 -17.1331
1549000 -17.1331
1550000 -17.1328
1551000 -17.1328
1552000 -17.1326
1553000 -17.132
1554000 -17.1312
1555000 -17.1308
1556000 -17.1311
1557000 -17.1315
1558000 -17.1321
1559000 -17.133
1560000 -17.1341
1561000 -17.1348
1562000 -17.135
1563000 -17.1352
1564000 -17.1352
1565000 -17.1355
1566000 -17.1361
1567000 -17.1363
1568000 -17.1368
1569000 -17.1372
1570000 -17.1369
1571000 -17.1371
1572000 -17.1373
1573000 -17.1377
1574000 -17.1378
1575000 -17.1379
1576000 -17.138
1577000 -17.1384
1578000 -17.1389
1579000 -17.1395
1580000 -17.14
1581000 -17.1401
1582000 -17.1405
1583000 -17.1408
1584000 -17.1411
1585000 -17.1414
1586000 -17.1417
1587000 -17.1422
1588000 -17.1428
1589000 -17.1438
1590000 -17.1444
1591000 -17.1451
1592000 -17.1452
1593000 -17.1461
1594000 -17.1465
1595000 -17.1463
1596000 -17.1464
1597000 -17.1461
1598000 -17.1462
1599000 -17.1464
1600000 -17.1464
1601000 -17.1465
1602000 -17.1463
1603000 -17.1462
1604000 -17.1456
1605000 -17.1454
1606000 -17.1455
1607000 -17.1456
1608000 -17.1456
1609000 -17.1459
1610000 -17.1461
1611000 -17.146
1612000 -17.1464
1613000 -17.1469
1614000 -17.1473
1615000 -17.1478
1616000 -17.1485
1617000 -17.1495
1618000 -17.1502
1619000 -17.1506
1620000 -17.1512
1621000 -17.1518
1622000 -17.1528
1623000 -17.1535
1624000 -17.1539
1625000 -17.1543
1626000 -17.155
1627000 -17.1557
1628000 -17.1561
1629000 -17.1567
1630000 -17.1571
1631000 -17.1579
1632000 -17.1587
1633000 -17.159
1634000 -17.159
1635000 -17.159
1636000 -17.1587
1637000 -17.1585
1638000 -17.1582
1639000 -17.1582
1640000 -17.1582
1641000 -17.1584
1642000 -17.1588
1643000 -17.1596
1644000 -17.1598
1645000 -17.1596
1646000 -17.1593
1647000 -17.1591
1648000 -17.1588
1649000 -17.1584
1650000 -17.1582
1651000 -17.158
1652000 -17.158
1653000 -17.1585
1654000 -17.1585
1655000 -17.1581
1656000 -17.1581
1657000 -17.1582
1658000 -17.1583
1659000 -17.1585
1660000 -17.1587
1661000 -17.1587
1662000 -17.1588
1663000 -17.1588
1664000 -17.1587
1665000 -17.1581
1666000 -17.1578
1667000 -17.1578
1668000 -17.1579
1669000 -17.1584
1670000 -17.1587
1671000 -17.1587
1672000 -17.1593
1673000 -17.1597
1674000 -17.1597
1675000 -17.1602
1676000 -17.1606
1677000 -17.161
1678000 -17.1615
1679000 -17.1616
1680000 -17.1613
1681000 -17.161
1682000 -17.1604
1683000 -17.1598
1684000 -17.1599
1685000 -17.1601
1686000 -17.1608
1687000 -17.1611
1688000 -17.1612
1689000 -17.1609
1690000 -17.1603
1691000 -17.1599
1692000 -17.1598
1693000 -17.1592
1694000 -17.1588
1695000 -17.1588
1696000 -17.1585
1697000 -17.1584
1698000 -17.1583
1699000 -17.1581
1700000 -17.1581
1701000 -17.1581
1702000 -17.1579
1703000 -17.1579
1704000 -17.1574
1705000 -17.1571
1706000 -17.1567
1707000 -17.1562
1708000 -17.1557
1709000 -17.1554
1710000 -17.1548
1711000 -17.1539
1712000 -17.1533
1713000 -17.1529
1714000 -17.1525
1715000 -17.1523
1716000 -17.1517
1717000 -17.1517
1718000 -17.1513
1719000 -17.1507
1720000 -17.15
1721000 -17.1497
1722000 -17.1493
1723000 -17.1494
1724000 -17.1494
1725000 -17.1492
1726000 -17.1496
1727000 -17.1501
1728000 -17.1499
1729000 -17.1494
1730000 -17.1489
1731000 -17.149
1732000 -17.1489
1733000 -17.149
1734000 -17.149
1735000 -17.1492
1736000 -17.1494
1737000 -17.1493
1738000 -17.1494
1739000 -17.1492
1740000 -17.1486
1741000 -17.1481
1742000 -17.1476
1743000 -17.1474
1744000 -17.1472
1745000 -17.1467
1746000 -17.1466
1747000 -17.1464
1748000 -17.146
1749000 -17.1455
1750000 -17.1454
1751000 -17.1453
1752000 -17.1455
1753000 -17.1458
1754000 -17.1464
1755000 -17.1474
1756000 -17.1483
1757000 -17.1496
1758000 -17.151
1759000 -17.1524
1760000 -17.1536
1761000 -17.1546
1762000 -17.1554
1763000 -17.1557
1764000 -17.1563
1765000 -17.1572
1766000 -17.1578
1767000 -17.1581
1768000 -17.158
1769000 -17.1577
1770000 -17.1576
1771000 -17.1578
1772000 -17.1579
1773000 -17.1576
1774000 -17.1575
1775000 -17.1569
1776000 -17.1565
1777000 -17.156
1778000 -17.1555
1779000 -17.1554
1780000 -17.1551
1781000 -17.1551
1782000 -17.1552
1783000 -17.1558
1784000 -17.1565
1785000 -17.1564
1786000 -17.1562
1787000 -17.1559
1788000 -17.1553
1789000 -17.1549
1790000 -17.1548
1791000 -17.1551
1792000 -17.155
1793000 -17.1551
1794000 -17.1551
1795000 -17.1553
1796000 -17.1559
1797000 -17.1569
1798000 -17.1572
1799000 -17.1571
1800000 -17.1572
1801000 -17.1572
1802000 -17.1576
1803000 -17.158
1804000 -17.1585
1805000 -17.1595
1806000 -17.1599
1807000 -17.1604
1808000 -17.1607
1809000 -17.1611
1810000 -17.162
1811000 -17.1627
1812000 -17.1632
1813000 -17.164
1814000 -17.1646
1815000 -17.165
1816000 -17.1649
1817000 -17.1645
1818000 -17.1641
1819000 -17.1643
1820000 -17.1639
1821000 -17.1638
1822000 -17.1635
1823000 -17.1634
1824000 -17.1634
1825000 -17.163
1826000 -17.1628
1827000 -17.163
1828000 -17.1627
1829000 -17.1626
1830000 -17.1626
1831000 -17.1626
1832000 -17.1629
1833000 -17.163
1834000 -17.1634
1835000 -17.1642
1836000 -17.1648
1837000 -17.1658
1838000 -17.1666
1839000 -17.1669
1840000 -17.167
1841000 -17.1669
1842000 -17.1669
1843000 -17.1663
1844000 -17.166
1845000 -17.1657
1846000 -17.1653
1847000 -17.1652
1848000 -17.1657
1849000 -17.1658
1850000 -17.1655
1851000 -17.1654
1852000 -17.1657
1853000 -17.1658
1854000 -17.1659
1855000 -17.1658
1856000 -17.1654
1857000 -17.1654
1858000 -17.1652
1859000 -17.1653
1860000 -17.1654
1861000 -17.1652
1862000 -17.1653
1863000 -17.1654
1864000 -17.166
1865000 -17.1662
1866000 -17.1663
1867000 -17.1667
1868000 -17.1673
1869000 -17.1681
1870000 -17.1691
1871000 -17.1696
1872000 -17.17
1873000 -17.1704
1874000 -17.1707
1875000 -17.1708
1876000 -17.1713
1877000 -17.1715
1878000 -17.1712
1879000 -17.1705
1880000 -17.17
1881000 -17.1695
1882000 -17.169
1883000 -17.1688
1884000 -17.1682
1885000 -17.1678
1886000 -17.1676
1887000 -17.1669
1888000 -17.166
1889000 -17.1655
1890000 -17.1658
1891000 -17.1659
1892000 -17.1661
1893000 -17.1661
1894000 -17.1656
1895000 -17.1649
1896000 -17.164
1897000 -17.1632
1898000 -17.1624
1899000 -17.162
1900000 -17.1614
1901000 -17.161
1902000 -17.1607
1903000 -17.1611
1904000 -17.1616
1905000 -17.1619
1906000 -17.1619
1907000 -17.1617
1908000 -17.1617
1909000 -17.1617
1910000 -17.1616
1911000 -17.1617
1912000 -17.1619
1913000 -17.1618
1914000 -17.1618
1915000 -17.1616
1916000 -17.1611
1917000 -17.1608
1918000 -17.1605
1919000 -17.1604
1920000 -17.1605
1921000 -17.1608
1922000 -17.1615
1923000 -17.1618
1924000 -17.1621
1925000 -17.1623
1926000 -17.1625
1927000 -17.1626
1928000 -17.1628
1929000 -17.1627
1930000 -17.1626
1931000 -17.1628
1932000 -17.163
1933000 -17.1626
1934000 -17.1619
1935000 -17.1621
1936000 -17.1619
1937000 -17.162
1938000 -17.1621
1939000 -17.162
1940000 -17.162
1941000 -17.1619
1942000 -17.1615
1943000 -17.1613
1944000 -17.1609
1945000 -17.1607
1946000 -17.1605
1947000 -17.16
1948000 -17.1599
1949000 -17.1596
1950000 -17.1593
1951000 -17.159
1952000 -17.1588
1953000 -17.1583
1954000 -17.1578
1955000 -17.1579
1956000 -17.158
1957000 -17.1579
1958000 -17.1584
1959000 -17.1588
1960000 -17.1593
1961000 -17.1597
1962000 -17.1598
1963000 -17.1599
1964000 -17.1601
1965000 -17.1604
1966000 -17.1606
1967000 -17.1608
1968000 -17.1611
1969000 -17.1616
1970000 -17.162
1971000 -17.1624
1972000 -17.1628
1973000 -17.1629
1974000 -17.1627
1975000 -17.1624
1976000 -17.1622
1977000 -17.1617
1978000 -17.1617
1979000 -17.162
1980000 -17.1615
1981000 -17.161
1982000 -17.161
1983000 -17.161
1984000 -17.1612
1985000 -17.161
1986000 -17.1613
1987000 -17.1614
1988000 -17.1615
1989000 -17.1618
1990000 -17.1621
1991000 -17.1626
1992000 -17.163
1993000 -17.1637
1994000 -17.164
1995000 -17.1638
1996000 -17.1639
1997000 -17.1644
1998000 -17.1648
1999000 -17.1653
2000000 -17.166
2001000 -17.1666
2002000 -17.1668
2003000 -17.1674
2004000 -17.1676
2005000 -17.1679
2006000 -17.1684
2007000 -17.1689
2008000 -17.1696
2009000 -17.1699
2010000 -17.1703
2011000 -17.1705
2012000 -17.1706
2013000 -17.1708
2014000 -17.171
2015000 -17.171
2016000 -17.1705
2017000 -17.1699
2018000 -17.1698
2019000 -17.1697
2020000 -17.1698
2021000 -17.1695
2022000 -17.1698
2023000 -17.1697
2024000 -17.1697
2025000 -17.1695
2026000 -17.1695
2027000 -17.1697
2028000 -17.1701
2029000 -17.1706
2030000 -17.1706
2031000 -17.1708
2032000 -17.1711
2033000 -17.1712
2034000 -17.1715
2035000 -17.1716
2036000 -17.1718
2037000 -17.1716
2038000 -17.1718
2039000 -17.172
2040000 -17.1721
2041000 -17.1725
2042000 -17.1728
2043000 -17.1734
2044000 -17.1739
2045000 -17.1743
2046000 -17.1748
2047000 -17.1753
2048000 -17.1756
2049000 -17.1759
2050000 -17.1765
2051000 -17.1769
2052000 -17.177
2053000 -17.1771
2054000 -17.1771
2055000 -17.177
2056000 -17.1771
2057000 -17.1772
2058000 -17.1776
2059000 -17.1782
2060000 -17.1788
2061000 -17.1793
2062000 -17.1798
2063000 -17.1803
2064000 -17.1806
2065000 -17.1815
2066000 -17.182
2067000 -17.1827
2068000 -17.1832
2069000 -17.1832
2070000 -17.1834
2071000 -17.1837
2072000 -17.1835
2073000 -17.1833
2074000 -17.1837
2075000 -17.184
2076000 -17.1844
2077000 -17.1849
2078000 -17.1853
2079000 -17.1857
2080000 -17.1861
2081000 -17.1867
2082000 -17.1871
2083000 -17.1879
2084000 -17.1886
2085000 -17.1893
2086000 -17.1901
2087000 -17.1909
2088000 -17.1915
2089000 -17.1918
2090000 -17.1919
2091000 -17.1919
2092000 -17.1917
2093000 -17.1916
2094000 -17.1917
2095000 -17.192
2096000 -17.1922
2097000 -17.1927
2098000 -17.193
2099000 -17.1935
2100000 -17.1941
2101000 -17.1948
2102000 -17.1954
2103000 -17.1956
2104000 -17.1958
2105000 -17.1963
2106000 -17.1966
2107000 -17.1968
2108000 -17.1972
2109000 -17.1979
2110000 -17.1983
2111000 -17.1985
2112000 -17.1984
2113000 -17.1984
2114000 -17.1988
2115000 -17.1994
2116000 -17.1998
2117000 -17.2004
2118000 -17.2008
2119000 -17.201
2120000 -17.2014
2121000 -17.2018
2122000 -17.2022
2123000 -17.2025
2124000 -17.2028
2125000 -17.203
2126000 -17.2034
2127000 -17.204
2128000 -17.2044
2129000 -17.2051
2130000 -17.2057
2131000 -17.2064
2132000 -17.2072
2133000 -17.2077
2134000 -17.208
2135000 -17.2082
2136000 -17.2084
2137000 -17.2085
2138000 -17.2088
2139000 -17.2091
2140000 -17.2094
2141000 -17.2094
2142000 -17.2092
2143000 -17.2092
2144000 -17.209
2145000 -17.209
2146000 -17.209
2147000 -17.2086
2148000 -17.2087
2149000 -17.2087
2150000 -17.2089
2151000 -17.2088
2152000 -17.2085
2153000 -17.2078
2154000 -17.2075
2155000 -17.2074
2156000 -17.2075
2157000 -17.2072
2158000 -17.2068
2159000 -17.2064
2160000 -17.206
2161000 -17.2058
2162000 -17.2055
2163000 -17.2057
2164000 -17.2058
2165000 -17.2061
2166000 -17.2064
2167000 -17.2067
2168000 -17.207
2169000 -17.2071
2170000 -17.2069
2171000 -17.2065
2172000 -17.2058
2173000 -17.2051
2174000 -17.2046
2175000 -17.2042
2176000 -17.2041
2177000 -17.2041
2178000 -17.2039
2179000 -17.2036
2180000 -17.2035
2181000 -17.2034
2182000 -17.2036
2183000 -17.2037
2184000 -17.2039
2185000 -17.2042
2186000 -17.2044
2187000 -17.2048
2188000 -17.205
2189000 -17.2052
2190000 -17.2051
2191000 -17.2051
2192000 -17.2053
2193000 -17.2055
2194000 -17.2059
2195000 -17.2062
2196000 -17.2066
2197000 -17.2068
2198000 -17.2069
2199000 -17.207
2200000 -17.207
2201000 -17.2069
