# Time-averaged data for fix pressrun
# TimeStep v_P
202000 64.6751
203000 65.1752
204000 65.0041
205000 64.8125
206000 64.7622
207000 64.7257
208000 64.656
209000 64.7506
210000 64.7682
211000 64.8326
212000 64.8622
213000 64.8551
214000 64.8394
215000 64.808
216000 64.8564
217000 64.9034
218000 64.9459
219000 64.9519
220000 64.9377
221000 64.9803
222000 65.004
223000 65.0109
224000 65.0273
225000 65.0164
226000 65.0194
227000 65.0517
228000 65.0408
229000 65.0405
230000 65.0484
231000 65.0736
232000 65.0672
233000 65.077
234000 65.0564
235000 65.0523
236000 65.0293
237000 65.0147
238000 65.0322
239000 65.0379
240000 65.0569
241000 65.0442
242000 65.0735
243000 65.085
244000 65.0866
245000 65.0864
246000 65.069
247000 65.0551
248000 65.0767
249000 65.1086
250000 65.0865
251000 65.0654
252000 65.0781
253000 65.0917
254000 65.0868
255000 65.0684
256000 65.0739
257000 65.0811
258000 65.0808
259000 65.0691
260000 65.0576
261000 65.0551
262000 65.0488
263000 65.048
264000 65.0431
265000 65.0471
266000 65.0468
267000 65.0543
268000 65.0571
269000 65.0643
270000 65.0647
271000 65.0742
272000 65.0902
273000 65.0973
274000 65.0932
275000 65.0994
276000 65.0912
277000 65.0986
278000 65.1141
279000 65.111
280000 65.1139
281000 65.118
282000 65.1253
283000 65.1234
284000 65.1242
285000 65.125
286000 65.1178
287000 65.1231
288000 65.1182
289000 65.1182
290000 65.1176
291000 65.1069
292000 65.1106
293000 65.088
294000 65.0854
295000 65.0768
296000 65.0814
297000 65.0881
298000 65.096
299000 65.0987
300000 65.0892
301000 65.0868
302000 65.084
303000 65.0809
304000 65.0697
305000 65.0595
306000 65.0568
307000 65.0623
308000 65.0699
309000 65.0715
310000 65.0743
311000 65.0799
312000 65.0739
313000 65.0771
314000 65.0834
315000 65.0818
316000 65.0807
317000 65.0872
318000 65.093
319000 65.0896
320000 65.0891
321000 65.0897
322000 65.0814
323000 65.0855
324000 65.082
325000 65.0799
326000 65.0801
327000 65.0806
328000 65.0914
329000 65.098
330000 65.1031
331000 65.1022
332000 65.0995
333000 65.1002
334000 65.104
335000 65.1069
336000 65.1129
337000 65.1187
338000 65.1201
339000 65.1177
340000 65.1248
341000 65.1213
342000 65.128
343000 65.1334
344000 65.1351
345000 65.14
346000 65.135
347000 65.1379
348000 65.137
349000 65.143
350000 65.1436
351000 65.1514
352000 65.1499
353000 65.1513
354000 65.1551
355000 65.1536
356000 65.1561
357000 65.1674
358000 65.163
359000 65.1656
360000 65.163
361000 65.1652
362000 65.1649
363000 65.1651
364000 65.1545
365000 65.1564
366000 65.1544
367000 65.1519
368000 65.1531
369000 65.1507
370000 65.1536
371000 65.1508
372000 65.1526
373000 65.1525
374000 65.1574
375000 65.1605
376000 65.1628
377000 65.1543
378000 65.1556
379000 65.1536
380000 65.1468
381000 65.1462
382000 65.1415
383000 65.144
384000 65.1415
385000 65.1353
386000 65.1373
387000 65.1323
388000 65.1362
389000 65.1362
390000 65.1374
391000 65.1388
392000 65.1384
393000 65.1381
394000 65.1421
395000 65.1413
396000 65.1426
397000 65.1438
398000 65.147
399000 65.1498
400000 65.1475
401000 65.1475
402000 65.1459
403000 65.1457
404000 65.1412
405000 65.1407
406000 65.1379
407000 65.1356
408000 65.1348
409000 65.1388
410000 65.1347
411000 65.1321
412000 65.1361
413000 65.1345
414000 65.1349
415000 65.1322
416000 65.1353
417000 65.1352
418000 65.1367
419000 65.1379
420000 65.1414
421000 65.1415
422000 65.1404
423000 65.1401
424000 65.138
425000 65.1379
426000 65.1336
427000 65.1397
428000 65.1397
429000 65.143
430000 65.1451
431000 65.1515
432000 65.1547
433000 65.1516
434000 65.1529
435000 65.1511
436000 65.1482
437000 65.1448
438000 65.1388
439000 65.1378
440000 65.135
441000 65.1337
442000 65.1332
443000 65.1279
444000 65.1298
445000 65.1271
446000 65.1251
447000 65.1204
448000 65.117
449000 65.1165
450000 65.1182
451000 65.1139
452000 65.1151
453000 65.1157
454000 65.1167
455000 65.1152
456000 65.1132
457000 65.1107
458000 65.1121
459000 65.1111
460000 65.1095
461000 65.1084
462000 65.1085
463000 65.1047
464000 65.1072
465000 65.1077
466000 65.1027
467000 65.1047
468000 65.1056
469000 65.1011
470000 65.1028
471000 65.1042
472000 65.1049
473000 65.1035
474000 65.1051
475000 65.1049
476000 65.1013
477000 65.1026
478000 65.1043
479000 65.1023
480000 65.1019
481000 65.101
482000 65.1028
483000 65.1009
484000 65.1042
485000 65.1026
486000 65.1002
487000 65.0928
488000 65.0921
489000 65.0902
490000 65.0922
491000 65.0924
492000 65.0907
493000 65.0898
494000 65.0889
495000 65.0886
496000 65.0858
497000 65.0849
498000 65.0846
499000 65.0836
500000 65.0825
501000 65.0837
502000 65.0837
503000 65.088
504000 65.0868
505000 65.0907
506000 65.0927
507000 65.0941
508000 65.0908
509000 65.09
510000 65.0868
511000 65.0837
512000 65.0847
513000 65.0842
514000 65.083
515000 65.0814
516000 65.0857
517000 65.0887
518000 65.0891
519000 65.0915
520000 65.0945
521000 65.0969
522000 65.0972
523000 65.0937
524000 65.0908
525000 65.0936
526000 65.092
527000 65.0903
528000 65.0911
529000 65.0875
530000 65.0874
531000 65.0902
532000 65.088
533000 65.0886
534000 65.0899
535000 65.0885
536000 65.0894
537000 65.0911
538000 65.0913
539000 65.093
540000 65.0913
541000 65.0935
542000 65.0932
543000 65.0897
544000 65.0872
545000 65.0878
546000 65.0884
547000 65.0878
548000 65.085
549000 65.0856
550000 65.0854
551000 65.0827
552000 65.0831
553000 65.0829
554000 65.0823
555000 65.0826
556000 65.0811
557000 65.0792
558000 65.0803
559000 65.0808
560000 65.082
561000 65.0813
562000 65.0808
563000 65.0813
564000 65.0821
565000 65.0821
566000 65.0818
567000 65.0826
568000 65.0813
569000 65.079
570000 65.0797
571000 65.08
572000 65.0797
573000 65.0796
574000 65.0818
575000 65.0833
576000 65.0831
577000 65.0813
578000 65.0838
579000 65.0875
580000 65.0889
581000 65.0871
582000 65.0876
583000 65.086
584000 65.0865
585000 65.0851
586000 65.0879
587000 65.0883
588000 65.0908
589000 65.0915
590000 65.0874
591000 65.0906
592000 65.0932
593000 65.0916
594000 65.0918
595000 65.0933
596000 65.0947
597000 65.0951
598000 65.0979
599000 65.099
600000 65.1003
601000 65.1018
602000 65.1021
603000 65.1
604000 65.101
605000 65.1015
606000 65.1021
607000 65.1021
608000 65.103
609000 65.1008
610000 65.1024
611000 65.1027
612000 65.1043
613000 65.1019
614000 65.1028
615000 65.1022
616000 65.1006
617000 65.1018
618000 65.1031
619000 65.1017
620000 65.1002
621000 65.1062
622000 65.1059
623000 65.1063
624000 65.106
625000 65.1096
626000 65.1091
627000 65.1077
628000 65.1101
629000 65.1114
630000 65.1094
631000 65.1098
632000 65.1117
633000 65.1115
634000 65.1114
635000 65.1093
636000 65.1071
637000 65.1082
638000 65.1057
639000 65.1043
640000 65.1033
641000 65.1034
642000 65.102
643000 65.1024
644000 65.1022
645000 65.1016
646000 65.1015
647000 65.1016
648000 65.1005
649000 65.0983
650000 65.0984
651000 65.096
652000 65.0969
653000 65.0961
654000 65.0958
655000 65.0985
656000 65.0974
657000 65.0963
658000 65.0987
659000 65.1003
660000 65.1013
661000 65.0996
662000 65.1001
663000 65.0975
664000 65.0977
665000 65.0988
666000 65.0972
667000 65.0961
668000 65.0973
669000 65.097
670000 65.0986
671000 65.0991
672000 65.0982
673000 65.1006
674000 65.0999
675000 65.1001
676000 65.0988
677000 65.1
678000 65.1
679000 65.1006
680000 65.1025
681000 65.1019
682000 65.1017
683000 65.098
684000 65.0981
685000 65.1002
686000 65.0992
687000 65.0982
688000 65.0987
689000 65.0979
690000 65.0974
691000 65.0944
692000 65.0957
693000 65.0968
694000 65.0988
695000 65.0973
696000 65.0961
697000 65.0972
698000 65.0962
699000 65.0981
700000 65.0998
701000 65.1005
702000 65.1
703000 65.1003
704000 65.1003
705000 65.0997
706000 65.0997
707000 65.0999
708000 65.1005
709000 65.1018
710000 65.1023
711000 65.1038
712000 65.105
713000 65.1039
714000 65.1035
715000 65.101
716000 65.1007
717000 65.1006
718000 65.1004
719000 65.1021
720000 65.1012
721000 65.0993
722000 65.0995
723000 65.0995
724000 65.1
725000 65.1005
726000 65.1009
727000 65.1
728000 65.0993
729000 65.1002
730000 65.0986
731000 65.0987
732000 65.0954
733000 65.0959
734000 65.097
735000 65.0968
736000 65.0971
737000 65.0975
738000 65.0969
739000 65.0956
740000 65.0958
741000 65.0974
742000 65.0979
743000 65.0969
744000 65.0961
745000 65.0963
746000 65.097
747000 65.0978
748000 65.0969
749000 65.0968
750000 65.0944
751000 65.0938
752000 65.0957
753000 65.0946
754000 65.096
755000 65.0973
756000 65.096
757000 65.0964
758000 65.098
759000 65.0983
760000 65.0991
761000 65.0999
762000 65.0996
763000 65.0996
764000 65.1009
765000 65.1021
766000 65.1014
767000 65.1011
768000 65.0998
769000 65.0992
770000 65.099
771000 65.0983
772000 65.0978
773000 65.0967
774000 65.0989
775000 65.1007
776000 65.1004
777000 65.1019
778000 65.1023
779000 65.1018
780000 65.1021
781000 65.1028
782000 65.1023
783000 65.1022
784000 65.1032
785000 65.1049
786000 65.1057
787000 65.1048
788000 65.1035
789000 65.1056
790000 65.106
791000 65.1055
792000 65.1046
793000 65.1037
794000 65.1019
795000 65.1022
796000 65.1019
797000 65.1022
798000 65.1019
799000 65.1017
800000 65.102
801000 65.1005
802000 65.0992
803000 65.0984
804000 65.0998
805000 65.1001
806000 65.0987
807000 65.0965
808000 65.0961
809000 65.0963
810000 65.0924
811000 65.0916
812000 65.0893
813000 65.091
814000 65.0898
815000 65.0907
816000 65.0909
817000 65.0909
818000 65.0902
819000 65.0913
820000 65.0917
821000 65.0914
822000 65.092
823000 65.0905
824000 65.0892
825000 65.0889
826000 65.0891
827000 65.0881
828000 65.0883
829000 65.0876
830000 65.0882
831000 65.0872
832000 65.087
833000 65.088
834000 65.0888
835000 65.0874
836000 65.0869
837000 65.0863
838000 65.0873
839000 65.0878
840000 65.0872
841000 65.087
842000 65.0869
843000 65.0864
844000 65.0868
845000 65.0867
846000 65.0855
847000 65.0864
848000 65.0879
849000 65.0886
850000 65.0881
851000 65.0878
852000 65.0879
853000 65.0884
854000 65.0881
855000 65.0895
856000 65.0896
857000 65.0905
858000 65.0888
859000 65.0896
860000 65.0908
861000 65.0906
862000 65.0911
863000 65.0914
864000 65.0909
865000 65.0904
866000 65.0885
867000 65.0877
868000 65.0868
869000 65.086
870000 65.0847
871000 65.0844
872000 65.0851
873000 65.0844
874000 65.0846
875000 65.0846
876000 65.0832
877000 65.0832
878000 65.082
879000 65.0808
880000 65.0805
881000 65.0814
882000 65.0825
883000 65.0824
884000 65.0846
885000 65.0852
886000 65.0853
887000 65.085
888000 65.0858
889000 65.0866
890000 65.0877
891000 65.088
892000 65.089
893000 65.0881
894000 65.0899
895000 65.0893
896000 65.0881
897000 65.0865
898000 65.0853
899000 65.087
900000 65.087
901000 65.0866
902000 65.0876
903000 65.0879
904000 65.0886
905000 65.0872
906000 65.0862
907000 65.0878
908000 65.0882
909000 65.0859
910000 65.0864
911000 65.0839
912000 65.083
913000 65.0827
914000 65.0834
915000 65.0849
916000 65.0853
917000 65.0845
918000 65.085
919000 65.0842
920000 65.083
921000 65.0828
922000 65.0839
923000 65.0836
924000 65.0843
925000 65.0853
926000 65.0837
927000 65.0848
928000 65.0835
929000 65.0835
930000 65.0828
931000 65.0815
932000 65.0811
933000 65.0815
934000 65.0828
935000 65.083
936000 65.0828
937000 65.0842
938000 65.0851
939000 65.0859
940000 65.0865
941000 65.0866
942000 65.0878
943000 65.0867
944000 65.0869
945000 65.0873
946000 65.0865
947000 65.0866
948000 65.0864
949000 65.0863
950000 65.0868
951000 65.0889
952000 65.0893
953000 65.0911
954000 65.0915
955000 65.092
956000 65.0922
957000 65.0904
958000 65.0895
959000 65.0898
960000 65.0908
961000 65.0908
962000 65.0908
963000 65.0901
964000 65.0893
965000 65.0881
966000 65.0888
967000 65.0891
968000 65.0884
969000 65.0876
970000 65.0867
971000 65.0854
972000 65.0854
973000 65.085
974000 65.0853
975000 65.0852
976000 65.0844
977000 65.0846
978000 65.0853
979000 65.0853
980000 65.0857
981000 65.0847
982000 65.0851
983000 65.0846
984000 65.0863
985000 65.0868
986000 65.0872
987000 65.0867
988000 65.0861
989000 65.0864
990000 65.0868
991000 65.0857
992000 65.0861
993000 65.0841
994000 65.0826
995000 65.0826
996000 65.0833
997000 65.0843
998000 65.0837
999000 65.0819
1000000 65.0811
1001000 65.0795
1002000 65.0806
1003000 65.0801
1004000 65.0792
1005000 65.078
1006000 65.0787
1007000 65.0775
1008000 65.0759
1009000 65.0759
1010000 65.0752
1011000 65.0753
1012000 65.0736
1013000 65.0728
1014000 65.0727
1015000 65.0729
1016000 65.0744
1017000 65.0738
1018000 65.0749
1019000 65.0748
1020000 65.0734
1021000 65.0728
1022000 65.0729
1023000 65.0734
1024000 65.0736
1025000 65.0737
1026000 65.0736
1027000 65.0756
1028000 65.0752
1029000 65.0753
1030000 65.0767
1031000 65.0769
1032000 65.0767
1033000 65.0766
1034000 65.0762
1035000 65.0762
1036000 65.0763
1037000 65.0767
1038000 65.077
1039000 65.0768
1040000 65.0778
1041000 65.0771
1042000 65.0775
1043000 65.0776
1044000 65.0764
1045000 65.0757
1046000 65.075
1047000 65.0755
1048000 65.0763
1049000 65.0757
1050000 65.0767
1051000 65.0768
1052000 65.077
1053000 65.0783
1054000 65.0794
1055000 65.0784
1056000 65.0796
1057000 65.0793
1058000 65.0808
1059000 65.0798
1060000 65.0788
1061000 65.0785
1062000 65.0783
1063000 65.0786
1064000 65.0785
1065000 65.0792
1066000 65.0798
1067000 65.0802
1068000 65.0816
1069000 65.081
1070000 65.0807
1071000 65.0809
1072000 65.0808
1073000 65.08
1074000 65.0805
1075000 65.0801
1076000 65.0806
1077000 65.0809
1078000 65.081
1079000 65.08
1080000 65.0814
1081000 65.0823
1082000 65.0821
1083000 65.0813
1084000 65.0809
1085000 65.0826
1086000 65.0828
1087000 65.0839
1088000 65.0845
1089000 65.0839
1090000 65.0839
1091000 65.0835
1092000 65.0843
1093000 65.0841
1094000 65.0846
1095000 65.0848
1096000 65.0842
1097000 65.0837
1098000 65.0836
1099000 65.0829
1100000 65.0818
1101000 65.082
1102000 65.0827
1103000 65.0824
1104000 65.0837
1105000 65.0836
1106000 65.0843
1107000 65.0843
1108000 65.0846
1109000 65.0858
1110000 65.0846
1111000 65.0855
1112000 65.0844
1113000 65.0846
1114000 65.084
1115000 65.0848
1116000 65.0857
1117000 65.0864
1118000 65.0868
1119000 65.0861
1120000 65.0858
1121000 65.0857
1122000 65.0849
1123000 65.0839
1124000 65.0843
1125000 65.0842
1126000 65.0834
1127000 65.0825
1128000 65.0822
1129000 65.0809
1130000 65.0808
1131000 65.0814
1132000 65.0821
1133000 65.0815
1134000 65.0823
1135000 65.0833
1136000 65.0818
1137000 65.0825
1138000 65.0827
1139000 65.0837
1140000 65.0839
1141000 65.0831
1142000 65.0831
1143000 65.0831
1144000 65.0838
1145000 65.0837
1146000 65.0835
1147000 65.0829
1148000 65.0833
1149000 65.0836
1150000 65.0844
1151000 65.0848
1152000 65.0857
1153000 65.0847
1154000 65.0849
1155000 65.0839
1156000 65.0847
1157000 65.0835
1158000 65.0831
1159000 65.0824
1160000 65.0824
1161000 65.0829
1162000 65.0828
1163000 65.0826
1164000 65.0822
1165000 65.0835
1166000 65.0844
1167000 65.0838
1168000 65.0834
1169000 65.0834
1170000 65.0834
1171000 65.0829
1172000 65.0832
1173000 65.0832
1174000 65.0826
1175000 65.0835
1176000 65.0839
1177000 65.0836
1178000 65.0839
1179000 65.0848
1180000 65.0845
1181000 65.0841
1182000 65.0842
1183000 65.0844
1184000 65.0849
1185000 65.0849
1186000 65.0848
1187000 65.0846
1188000 65.0846
1189000 65.0841
1190000 65.0842
1191000 65.0833
1192000 65.0831
1193000 65.0826
1194000 65.0824
1195000 65.082
1196000 65.0814
1197000 65.0809
1198000 65.0814
1199000 65.0811
1200000 65.0808
1201000 65.0817
1202000 65.0809
1203000 65.081
1204000 65.0802
1205000 65.0806
1206000 65.0808
1207000 65.0816
1208000 65.0818
1209000 65.0814
1210000 65.0808
1211000 65.0811
1212000 65.0803
1213000 65.0806
1214000 65.0795
1215000 65.0791
1216000 65.0792
1217000 65.0785
1218000 65.0783
1219000 65.0785
1220000 65.0792
1221000 65.0792
1222000 65.0797
1223000 65.081
1224000 65.0816
1225000 65.0811
1226000 65.0807
1227000 65.0817
1228000 65.0819
1229000 65.08
1230000 65.0797
1231000 65.0793
1232000 65.0782
1233000 65.0783
1234000 65.0774
1235000 65.0774
1236000 65.077
1237000 65.0775
1238000 65.0767
1239000 65.0768
1240000 65.0768
1241000 65.0772
1242000 65.0784
1243000 65.0786
1244000 65.0775
1245000 65.0781
1246000 65.0792
1247000 65.0782
1248000 65.0789
1249000 65.0777
1250000 65.0782
1251000 65.0773
1252000 65.0771
1253000 65.0773
1254000 65.0782
1255000 65.0789
1256000 65.0796
1257000 65.0792
1258000 65.0801
1259000 65.0803
1260000 65.0817
1261000 65.0823
1262000 65.0829
1263000 65.0819
1264000 65.0821
1265000 65.083
1266000 65.084
1267000 65.0832
1268000 65.0828
1269000 65.0832
1270000 65.0838
1271000 65.0845
1272000 65.0845
1273000 65.0842
1274000 65.0838
1275000 65.0829
1276000 65.0828
1277000 65.0823
1278000 65.0825
1279000 65.0828
1280000 65.0826
1281000 65.0816
1282000 65.082
1283000 65.0828
1284000 65.082
1285000 65.0816
1286000 65.0827
1287000 65.0842
1288000 65.0853
1289000 65.0857
1290000 65.0862
1291000 65.0865
1292000 65.0872
1293000 65.0872
1294000 65.0877
1295000 65.0874
1296000 65.0874
1297000 65.089
1298000 65.0876
1299000 65.0876
1300000 65.0868
1301000 65.0863
1302000 65.0867
1303000 65.0861
1304000 65.0862
1305000 65.0862
1306000 65.0852
1307000 65.0837
1308000 65.0837
1309000 65.0835
1310000 65.0829
1311000 65.0837
1312000 65.0829
1313000 65.0828
1314000 65.0834
1315000 65.0835
1316000 65.0824
1317000 65.0833
1318000 65.0836
1319000 65.0833
1320000 65.0836
1321000 65.0835
1322000 65.0844
1323000 65.0839
1324000 65.0842
1325000 65.0834
1326000 65.0841
1327000 65.084
1328000 65.0844
1329000 65.0853
1330000 65.0852
1331000 65.0848
1332000 65.0853
1333000 65.0853
1334000 65.0862
1335000 65.0858
1336000 65.0863
1337000 65.0865
1338000 65.0862
1339000 65.0856
1340000 65.0848
1341000 65.085
1342000 65.0851
1343000 65.0845
1344000 65.0848
1345000 65.0843
1346000 65.0833
1347000 65.0823
1348000 65.0823
1349000 65.0824
1350000 65.0831
1351000 65.0825
1352000 65.0828
1353000 65.0828
1354000 65.0831
1355000 65.0831
1356000 65.0832
1357000 65.0826
1358000 65.0821
1359000 65.0825
1360000 65.0823
1361000 65.0825
1362000 65.0819
1363000 65.0826
1364000 65.0821
1365000 65.0817
1366000 65.0813
1367000 65.0815
1368000 65.0814
1369000 65.0807
1370000 65.0806
1371000 65.0805
1372000 65.0805
1373000 65.0813
1374000 65.0815
1375000 65.0818
1376000 65.0819
1377000 65.0817
1378000 65.0824
1379000 65.082
1380000 65.0816
1381000 65.0806
1382000 65.0803
1383000 65.0815
1384000 65.0815
1385000 65.0813
1386000 65.0815
1387000 65.0808
1388000 65.081
1389000 65.0806
1390000 65.0817
1391000 65.0822
1392000 65.0829
1393000 65.0829
1394000 65.0821
1395000 65.082
1396000 65.0814
1397000 65.0811
1398000 65.0807
1399000 65.0805
1400000 65.0808
1401000 65.0806
1402000 65.0802
1403000 65.0805
1404000 65.0803
1405000 65.0801
1406000 65.079
1407000 65.0797
1408000 65.0791
1409000 65.0798
1410000 65.0794
1411000 65.0788
1412000 65.0798
1413000 65.0793
1414000 65.0796
1415000 65.0798
1416000 65.0793
1417000 65.0786
1418000 65.0786
1419000 65.0782
1420000 65.0778
1421000 65.0779
1422000 65.0776
1423000 65.0777
1424000 65.0775
1425000 65.0781
1426000 65.0791
1427000 65.08
1428000 65.0799
1429000 65.0792
1430000 65.0788
1431000 65.0791
1432000 65.0789
1433000 65.0784
1434000 65.0784
1435000 65.0782
1436000 65.0781
1437000 65.0771
1438000 65.0772
1439000 65.0771
1440000 65.0774
1441000 65.0773
1442000 65.0757
1443000 65.0751
1444000 65.0757
1445000 65.0746
1446000 65.074
1447000 65.0738
1448000 65.0739
1449000 65.074
1450000 65.0743
1451000 65.0753
1452000 65.0747
1453000 65.0747
1454000 65.0739
1455000 65.0741
1456000 65.0737
1457000 65.0731
1458000 65.0737
1459000 65.0727
1460000 65.0729
1461000 65.0729
1462000 65.0728
1463000 65.0735
1464000 65.0733
1465000 65.0743
1466000 65.0745
1467000 65.0742
1468000 65.0743
1469000 65.0734
1470000 65.0733
1471000 65.0738
1472000 65.073
1473000 65.0735
1474000 65.0735
1475000 65.0741
1476000 65.0736
1477000 65.0732
1478000 65.0742
1479000 65.0746
1480000 65.0746
1481000 65.0743
1482000 65.0743
1483000 65.0744
1484000 65.0745
1485000 65.075
1486000 65.075
1487000 65.0743
1488000 65.0747
1489000 65.075
1490000 65.075
1491000 65.0749
1492000 65.0745
1493000 65.0745
1494000 65.0747
1495000 65.0749
1496000 65.075
1497000 65.0756
1498000 65.0761
1499000 65.0763
1500000 65.0769
1501000 65.0771
1502000 65.0766
1503000 65.0762
1504000 65.0754
1505000 65.0762
1506000 65.0758
1507000 65.0761
1508000 65.0758
1509000 65.0764
1510000 65.0757
1511000 65.0757
1512000 65.0757
1513000 65.0754
1514000 65.0756
1515000 65.075
1516000 65.0759
1517000 65.075
1518000 65.074
1519000 65.0743
1520000 65.0741
1521000 65.0736
1522000 65.0732
1523000 65.0727
1524000 65.0731
1525000 65.0743
1526000 65.074
1527000 65.0741
1528000 65.0749
1529000 65.075
1530000 65.0761
1531000 65.0752
1532000 65.0759
1533000 65.0768
1534000 65.0762
1535000 65.0759
1536000 65.0768
1537000 65.0778
1538000 65.0775
1539000 65.0777
1540000 65.0781
1541000 65.0777
1542000 65.0776
1543000 65.0772
1544000 65.0769
1545000 65.0771
1546000 65.0776
1547000 65.0775
1548000 65.0782
1549000 65.0786
1550000 65.0785
1551000 65.0782
1552000 65.0788
1553000 65.0781
1554000 65.078
1555000 65.0789
1556000 65.0781
1557000 65.0783
1558000 65.0777
1559000 65.0778
1560000 65.0773
1561000 65.0763
1562000 65.0757
1563000 65.0751
1564000 65.0756
1565000 65.0758
1566000 65.0771
1567000 65.0774
1568000 65.0777
1569000 65.0785
1570000 65.0782
1571000 65.0783
1572000 65.079
1573000 65.0783
1574000 65.0785
1575000 65.0781
1576000 65.0777
1577000 65.0783
1578000 65.0785
1579000 65.0782
1580000 65.0779
1581000 65.0777
1582000 65.0782
1583000 65.0782
1584000 65.079
1585000 65.0787
1586000 65.0789
1587000 65.0787
1588000 65.0781
1589000 65.0779
1590000 65.0779
1591000 65.0776
1592000 65.0786
1593000 65.0787
1594000 65.079
1595000 65.0799
1596000 65.0797
1597000 65.0799
1598000 65.0807
1599000 65.0803
1600000 65.0808
1601000 65.0806
1602000 65.0801
1603000 65.0802
1604000 65.0804
1605000 65.0796
1606000 65.0782
1607000 65.078
1608000 65.0776
1609000 65.0775
1610000 65.0766
1611000 65.0769
1612000 65.077
1613000 65.077
1614000 65.0768
1615000 65.0768
1616000 65.0768
1617000 65.0768
1618000 65.077
1619000 65.0774
1620000 65.0769
1621000 65.0775
1622000 65.0772
1623000 65.0775
1624000 65.0778
1625000 65.0783
1626000 65.0781
1627000 65.0779
1628000 65.0776
1629000 65.0778
1630000 65.078
1631000 65.0783
1632000 65.0787
1633000 65.0786
1634000 65.0794
1635000 65.0789
1636000 65.0794
1637000 65.0794
1638000 65.079
1639000 65.0797
1640000 65.0798
1641000 65.0792
1642000 65.0797
1643000 65.0801
1644000 65.0801
1645000 65.0801
1646000 65.0811
1647000 65.0808
1648000 65.0815
1649000 65.0815
1650000 65.0817
1651000 65.0812
1652000 65.0805
1653000 65.08
1654000 65.081
1655000 65.0807
1656000 65.0809
1657000 65.081
1658000 65.0814
1659000 65.0811
1660000 65.0813
1661000 65.0819
1662000 65.0812
1663000 65.0805
1664000 65.0809
1665000 65.0816
1666000 65.0818
1667000 65.0815
1668000 65.0815
1669000 65.0817
1670000 65.0818
1671000 65.0812
1672000 65.0816
1673000 65.0814
1674000 65.0819
1675000 65.0822
1676000 65.0826
1677000 65.0829
1678000 65.0836
1679000 65.0838
1680000 65.0842
1681000 65.0837
1682000 65.0834
1683000 65.0838
1684000 65.0824
1685000 65.0829
1686000 65.0829
1687000 65.0825
1688000 65.0827
1689000 65.0821
1690000 65.0821
1691000 65.0823
1692000 65.0825
1693000 65.0829
1694000 65.0833
1695000 65.0829
1696000 65.0831
1697000 65.083
1698000 65.0835
1699000 65.083
1700000 65.0829
1701000 65.0828
1702000 65.0832
1703000 65.0827
1704000 65.0833
1705000 65.0824
1706000 65.0825
1707000 65.0818
1708000 65.0822
1709000 65.0828
1710000 65.0829
1711000 65.0829
1712000 65.0829
1713000 65.0833
1714000 65.0832
1715000 65.0825
1716000 65.0831
1717000 65.0823
1718000 65.0819
1719000 65.0819
1720000 65.0818
1721000 65.0816
1722000 65.0814
1723000 65.0813
1724000 65.0819
1725000 65.0821
1726000 65.0826
1727000 65.0827
1728000 65.0829
1729000 65.0826
1730000 65.0822
1731000 65.0824
1732000 65.082
1733000 65.0815
1734000 65.0809
1735000 65.0809
1736000 65.0803
1737000 65.0796
1738000 65.0793
1739000 65.0789
1740000 65.079
1741000 65.0782
1742000 65.0775
1743000 65.0772
1744000 65.077
1745000 65.0773
1746000 65.0772
1747000 65.0772
1748000 65.0767
1749000 65.0764
1750000 65.0768
1751000 65.0765
1752000 65.0772
1753000 65.0772
1754000 65.0777
1755000 65.0777
1756000 65.0777
1757000 65.0777
1758000 65.078
1759000 65.078
1760000 65.0782
1761000 65.0778
1762000 65.0773
1763000 65.0781
1764000 65.0789
1765000 65.0786
1766000 65.0784
1767000 65.0785
1768000 65.0786
1769000 65.0784
1770000 65.0785
1771000 65.078
1772000 65.0783
1773000 65.0787
1774000 65.0782
1775000 65.0788
1776000 65.0795
1777000 65.0797
1778000 65.0791
1779000 65.0791
1780000 65.0798
1781000 65.0796
1782000 65.0799
1783000 65.08
1784000 65.0802
1785000 65.0798
1786000 65.0793
1787000 65.0789
1788000 65.0792
1789000 65.0793
1790000 65.0794
1791000 65.0799
1792000 65.0803
1793000 65.0804
1794000 65.0813
1795000 65.0817
1796000 65.0818
1797000 65.0815
1798000 65.0813
1799000 65.0816
1800000 65.0812
1801000 65.0813
1802000 65.0811
1803000 65.0811
1804000 65.0813
1805000 65.0812
1806000 65.0804
1807000 65.0801
1808000 65.0801
1809000 65.08
1810000 65.0805
1811000 65.0807
1812000 65.081
1813000 65.0808
1814000 65.0808
1815000 65.0811
1816000 65.0812
1817000 65.0807
1818000 65.0811
1819000 65.0814
1820000 65.0822
1821000 65.0819
1822000 65.0817
1823000 65.082
1824000 65.0821
1825000 65.0818
1826000 65.0817
1827000 65.0818
1828000 65.0816
1829000 65.0821
1830000 65.0826
1831000 65.0834
1832000 65.0841
1833000 65.084
1834000 65.0842
1835000 65.0836
1836000 65.0838
1837000 65.0838
1838000 65.0839
1839000 65.0835
1840000 65.0827
1841000 65.0824
1842000 65.0816
1843000 65.0819
1844000 65.0822
1845000 65.0817
1846000 65.0822
1847000 65.082
1848000 65.0819
1849000 65.0814
1850000 65.0821
1851000 65.0819
1852000 65.0818
1853000 65.0812
1854000 65.0813
1855000 65.0813
1856000 65.081
1857000 65.0813
1858000 65.0815
1859000 65.0819
1860000 65.0823
1861000 65.0821
1862000 65.0816
1863000 65.0815
1864000 65.0815
1865000 65.0812
1866000 65.0811
1867000 65.0809
1868000 65.081
1869000 65.081
1870000 65.081
1871000 65.0807
1872000 65.0802
1873000 65.0804
1874000 65.0814
1875000 65.0808
1876000 65.0807
1877000 65.0807
1878000 65.0809
1879000 65.0812
1880000 65.0815
1881000 65.0815
1882000 65.0813
1883000 65.0817
1884000 65.0815
1885000 65.0812
1886000 65.0812
1887000 65.0806
1888000 65.08
1889000 65.0805
1890000 65.0806
1891000 65.0808
1892000 65.0811
1893000 65.0809
1894000 65.0807
1895000 65.0805
1896000 65.0801
1897000 65.0802
1898000 65.0803
1899000 65.0803
1900000 65.0806
1901000 65.0809
1902000 65.0809
1903000 65.0811
1904000 65.0806
1905000 65.0805
1906000 65.0801
1907000 65.0801
1908000 65.0796
1909000 65.0798
1910000 65.0801
1911000 65.0799
1912000 65.0798
1913000 65.0799
1914000 65.0796
1915000 65.0794
1916000 65.0794
1917000 65.0794
1918000 65.0782
1919000 65.0786
1920000 65.0784
1921000 65.078
1922000 65.0782
1923000 65.0783
1924000 65.0782
1925000 65.078
1926000 65.0779
1927000 65.0775
1928000 65.0779
1929000 65.0784
1930000 65.0782
1931000 65.0777
1932000 65.0773
1933000 65.077
1934000 65.0771
1935000 65.0768
1936000 65.0767
1937000 65.0765
1938000 65.0765
1939000 65.0764
1940000 65.0764
1941000 65.0763
1942000 65.0759
1943000 65.0764
1944000 65.0765
1945000 65.0761
1946000 65.0761
1947000 65.0757
1948000 65.0749
1949000 65.0748
1950000 65.0747
1951000 65.0745
1952000 65.0745
1953000 65.074
1954000 65.0743
1955000 65.0742
1956000 65.0735
1957000 65.0739
1958000 65.0742
1959000 65.0742
1960000 65.0746
1961000 65.074
1962000 65.0735
1963000 65.0733
1964000 65.0738
1965000 65.0733
1966000 65.0734
1967000 65.0739
1968000 65.0733
1969000 65.0733
1970000 65.073
1971000 65.0725
1972000 65.0729
1973000 65.073
1974000 65.0723
1975000 65.0728
1976000 65.0723
1977000 65.0721
1978000 65.072
1979000 65.0717
1980000 65.0719
1981000 65.0714
1982000 65.0721
1983000 65.0721
1984000 65.072
1985000 65.0725
1986000 65.0721
1987000 65.0721
1988000 65.0721
1989000 65.0721
1990000 65.0726
1991000 65.0721
1992000 65.0716
1993000 65.071
1994000 65.0708
1995000 65.0702
1996000 65.0707
1997000 65.0705
1998000 65.071
1999000 65.0717
2000000 65.0712
2001000 65.0712
2002000 65.071
2003000 65.071
2004000 65.0708
2005000 65.0703
2006000 65.0704
2007000 65.0704
2008000 65.0707
2009000 65.0704
2010000 65.0703
2011000 65.0704
2012000 65.0703
2013000 65.0694
2014000 65.0696
2015000 65.0692
2016000 65.0695
2017000 65.0702
2018000 65.0701
2019000 65.0699
2020000 65.0703
2021000 65.0701
2022000 65.0702
2023000 65.0711
2024000 65.0718
2025000 65.0719
2026000 65.0724
2027000 65.0721
2028000 65.0723
2029000 65.0727
2030000 65.0726
2031000 65.0726
2032000 65.0728
2033000 65.0731
2034000 65.0731
2035000 65.0729
2036000 65.0731
2037000 65.0726
2038000 65.0723
2039000 65.0721
2040000 65.0718
2041000 65.0719
2042000 65.0714
2043000 65.0718
2044000 65.0721
2045000 65.0723
2046000 65.0723
2047000 65.0717
2048000 65.0721
2049000 65.0717
2050000 65.0718
2051000 65.0719
2052000 65.072
2053000 65.0718
2054000 65.0717
2055000 65.072
2056000 65.0716
2057000 65.0721
2058000 65.0717
2059000 65.0717
2060000 65.0718
2061000 65.0711
2062000 65.0715
2063000 65.0724
2064000 65.0723
2065000 65.0728
2066000 65.0728
2067000 65.0726
2068000 65.0728
2069000 65.0729
2070000 65.0724
2071000 65.0721
2072000 65.0723
2073000 65.0719
2074000 65.0721
2075000 65.0716
2076000 65.0718
2077000 65.0725
2078000 65.0724
2079000 65.0718
2080000 65.0718
2081000 65.0723
2082000 65.0721
2083000 65.0718
2084000 65.0715
2085000 65.0716
2086000 65.0719
2087000 65.072
2088000 65.0714
2089000 65.0712
2090000 65.0712
2091000 65.072
2092000 65.072
2093000 65.0717
2094000 65.0712
2095000 65.0707
2096000 65.0709
2097000 65.0708
2098000 65.0708
2099000 65.071
2100000 65.0707
2101000 65.0703
2102000 65.0709
2103000 65.0708
2104000 65.0705
2105000 65.0702
2106000 65.0703
2107000 65.0705
2108000 65.0704
2109000 65.0704
2110000 65.0702
2111000 65.0704
2112000 65.0704
2113000 65.071
2114000 65.0711
2115000 65.0707
2116000 65.0711
2117000 65.0712
2118000 65.0716
2119000 65.0713
2120000 65.0714
2121000 65.0714
2122000 65.0715
2123000 65.0715
2124000 65.0714
2125000 65.0714
2126000 65.0721
2127000 65.0724
2128000 65.0728
2129000 65.0728
2130000 65.0729
2131000 65.0726
2132000 65.0726
2133000 65.0723
2134000 65.0721
2135000 65.072
2136000 65.0716
2137000 65.0719
2138000 65.0722
2139000 65.0721
2140000 65.0725
2141000 65.0723
2142000 65.0724
2143000 65.072
2144000 65.0726
2145000 65.0721
2146000 65.0727
2147000 65.0728
2148000 65.0731
2149000 65.0729
2150000 65.0731
2151000 65.0728
2152000 65.073
2153000 65.0728
2154000 65.0725
2155000 65.0719
2156000 65.072
2157000 65.0725
2158000 65.0719
2159000 65.0724
2160000 65.072
2161000 65.0718
2162000 65.072
2163000 65.0723
2164000 65.0722
2165000 65.0726
2166000 65.0724
2167000 65.0719
2168000 65.0714
2169000 65.0714
2170000 65.0716
2171000 65.0719
2172000 65.0721
2173000 65.0724
2174000 65.0725
2175000 65.0721
2176000 65.0715
2177000 65.0713
2178000 65.0717
2179000 65.0719
2180000 65.0716
2181000 65.0719
2182000 65.0718
2183000 65.072
2184000 65.0719
2185000 65.0717
2186000 65.0714
2187000 65.0714
2188000 65.0716
2189000 65.0721
2190000 65.0717
2191000 65.072
2192000 65.0719
2193000 65.0717
2194000 65.0714
2195000 65.0711
2196000 65.0714
2197000 65.0717
2198000 65.0716
2199000 65.0717
2200000 65.0716
